<?xml version="1.0" encoding="utf-8"?>
<TestRun id="7b039ffd-56d6-4e66-baa9-4cef54e72a8e" name="koosh@KOOSHAPARI-DESK 2026-03-31 18:36:07" runUser="KOOSHAPARI-DESK\koosh" xmlns="http://microsoft.com/schemas/VisualStudio/TeamTest/2010">
  <Times creation="2026-03-31T18:36:07.6751827-07:00" queuing="2026-03-31T18:36:07.6751830-07:00" start="2026-03-31T18:36:05.3186662-07:00" finish="2026-03-31T18:36:12.0611883-07:00" />
  <TestSettings name="default" id="281fe1d2-8ebc-47a3-baed-2c0c44091542">
    <Deployment runDeploymentRoot="koosh_KOOSHAPARI-DESK_2026-03-31_18_36_07" />
  </TestSettings>
  <Results>
    <UnitTestResult executionId="3a90cb80-9aec-49ec-a4f3-5af88f034b9d" testId="4f2fc430-4238-429d-8ec0-878dbf36f92c" testName="DINOForge.Tests.Integration.Tests.CatalogTests.Catalog_HasBuildings" computerName="KOOSHAPARI-DESK" duration="00:00:00.0010000" startTime="2026-03-31T18:36:11.9328410-07:00" endTime="2026-03-31T18:36:11.9328413-07:00" testType="13cdc9d9-ddb5-4fa4-a97d-d965ccfc6d4b" outcome="NotExecuted" testListId="8c84fa94-04c1-424b-9868-57a2d4851a1d" relativeResultsDirectory="3a90cb80-9aec-49ec-a4f3-5af88f034b9d">
      <Output>
        <ErrorInfo>
          <Message>Catalog tests require the game to be running and fully initialized. Requires GameAvailable=true and VanillaCatalog.IsBuilt=true. Run manually with a live game instance.</Message>
        </ErrorInfo>
      </Output>
    </UnitTestResult>
    <UnitTestResult executionId="d4ee2ee7-a80e-4b73-b39a-543175e4593f" testId="c9aef331-548a-c204-2a98-de6b1f89ac72" testName="DINOForge.Tests.Integration.Tests.PackLoadingTests.ReloadPacks_LoadedPacksNonEmpty" computerName="KOOSHAPARI-DESK" duration="00:00:00.0008062" startTime="2026-03-31T18:36:11.9341069-07:00" endTime="2026-03-31T18:36:11.9341071-07:00" testType="13cdc9d9-ddb5-4fa4-a97d-d965ccfc6d4b" outcome="Passed" testListId="8c84fa94-04c1-424b-9868-57a2d4851a1d" relativeResultsDirectory="d4ee2ee7-a80e-4b73-b39a-543175e4593f" />
    <UnitTestResult executionId="8b1387c3-8263-4c19-805e-72fdf1fb695f" testId="dbb06720-baa0-bf33-636e-eeeab61c5681" testName="DINOForge.Tests.Integration.Tests.BridgeRoundTripTests.BridgeRoundTrip_FullSequence_PackLoadStatReadOverrideApplyVerifyReload" computerName="KOOSHAPARI-DESK" duration="00:00:00.0011415" startTime="2026-03-31T18:36:06.8198348-07:00" endTime="2026-03-31T18:36:06.8198351-07:00" testType="13cdc9d9-ddb5-4fa4-a97d-d965ccfc6d4b" outcome="Passed" testListId="8c84fa94-04c1-424b-9868-57a2d4851a1d" relativeResultsDirectory="8b1387c3-8263-4c19-805e-72fdf1fb695f" />
    <UnitTestResult executionId="8e20232e-6f00-4dcf-92bb-3a27f9ad4fba" testId="7b349877-9bb1-f776-568c-109e79c06fe6" testName="DINOForge.Tests.Integration.Tests.BridgeLatencyTests.BridgeStatusQuery_Latency_Under200Ms" computerName="KOOSHAPARI-DESK" duration="00:00:00.0011095" startTime="2026-03-31T18:36:06.8034252-07:00" endTime="2026-03-31T18:36:06.8034254-07:00" testType="13cdc9d9-ddb5-4fa4-a97d-d965ccfc6d4b" outcome="Passed" testListId="8c84fa94-04c1-424b-9868-57a2d4851a1d" relativeResultsDirectory="8e20232e-6f00-4dcf-92bb-3a27f9ad4fba" />
    <UnitTestResult executionId="dd4f6d1d-be53-4be6-9c14-63882066f1e4" testId="5d842650-fb3d-567b-2703-11be7c117a0e" testName="DINOForge.Tests.Integration.Tests.PingTests.Ping_VersionIsNotEmpty" computerName="KOOSHAPARI-DESK" duration="00:00:00.0012142" startTime="2026-03-31T18:36:11.9375741-07:00" endTime="2026-03-31T18:36:11.9375744-07:00" testType="13cdc9d9-ddb5-4fa4-a97d-d965ccfc6d4b" outcome="Passed" testListId="8c84fa94-04c1-424b-9868-57a2d4851a1d" relativeResultsDirectory="dd4f6d1d-be53-4be6-9c14-63882066f1e4" />
    <UnitTestResult executionId="f68291a2-8877-4905-b49d-0d708905ea38" testId="03213677-5744-60db-f168-206c79d69e75" testName="DINOForge.Tests.Integration.Tests.PackLoadingTests.ReloadPacks_Succeeds" computerName="KOOSHAPARI-DESK" duration="00:00:00.0007959" startTime="2026-03-31T18:36:11.9350120-07:00" endTime="2026-03-31T18:36:11.9350121-07:00" testType="13cdc9d9-ddb5-4fa4-a97d-d965ccfc6d4b" outcome="Passed" testListId="8c84fa94-04c1-424b-9868-57a2d4851a1d" relativeResultsDirectory="f68291a2-8877-4905-b49d-0d708905ea38" />
    <UnitTestResult executionId="76e14075-686c-40bd-a26c-5d723c870a2a" testId="1aa3c0c7-4d60-32aa-1129-299273d6c971" testName="DINOForge.Tests.Integration.Tests.StatTests.ApplyOverride_ChangesStatValue" computerName="KOOSHAPARI-DESK" duration="00:00:00.0084335" startTime="2026-03-31T18:36:11.9501988-07:00" endTime="2026-03-31T18:36:11.9501991-07:00" testType="13cdc9d9-ddb5-4fa4-a97d-d965ccfc6d4b" outcome="Passed" testListId="8c84fa94-04c1-424b-9868-57a2d4851a1d" relativeResultsDirectory="76e14075-686c-40bd-a26c-5d723c870a2a" />
    <UnitTestResult executionId="a5a24105-50c8-4786-b589-3b76e870a476" testId="69d603d2-899c-d602-a11c-654d40a2f066" testName="DINOForge.Tests.Integration.Tests.ComponentMapTests.ComponentMap_CanFilterBySdkPath" computerName="KOOSHAPARI-DESK" duration="00:00:00.0012883" startTime="2026-03-31T18:36:11.9332431-07:00" endTime="2026-03-31T18:36:11.9332432-07:00" testType="13cdc9d9-ddb5-4fa4-a97d-d965ccfc6d4b" outcome="Passed" testListId="8c84fa94-04c1-424b-9868-57a2d4851a1d" relativeResultsDirectory="a5a24105-50c8-4786-b589-3b76e870a476" />
    <UnitTestResult executionId="5f00349b-d516-4c9d-a105-7c629fbf5352" testId="42ce084f-61b4-d96c-bee9-e3afa3e60318" testName="DINOForge.Tests.Integration.Tests.CatalogTests.Catalog_HasUnits" computerName="KOOSHAPARI-DESK" duration="00:00:00.0010000" startTime="2026-03-31T18:36:11.9331400-07:00" endTime="2026-03-31T18:36:11.9331401-07:00" testType="13cdc9d9-ddb5-4fa4-a97d-d965ccfc6d4b" outcome="NotExecuted" testListId="8c84fa94-04c1-424b-9868-57a2d4851a1d" relativeResultsDirectory="5f00349b-d516-4c9d-a105-7c629fbf5352">
      <Output>
        <ErrorInfo>
          <Message>Catalog tests require the game to be running and fully initialized. Requires GameAvailable=true and VanillaCatalog.IsBuilt=true. Run manually with a live game instance.</Message>
        </ErrorInfo>
      </Output>
    </UnitTestResult>
    <UnitTestResult executionId="f8dd96a6-1cc2-458e-96c9-087afb23badc" testId="579ab134-f4d8-5337-c6f8-2b216b4d55d4" testName="DINOForge.Tests.Integration.Tests.StatTests.GetStat_UnitSpeed_ReturnsValue" computerName="KOOSHAPARI-DESK" duration="00:00:00.0008318" startTime="2026-03-31T18:36:11.9521273-07:00" endTime="2026-03-31T18:36:11.9521276-07:00" testType="13cdc9d9-ddb5-4fa4-a97d-d965ccfc6d4b" outcome="Passed" testListId="8c84fa94-04c1-424b-9868-57a2d4851a1d" relativeResultsDirectory="f8dd96a6-1cc2-458e-96c9-087afb23badc" />
    <UnitTestResult executionId="9be8a7a2-bd0a-40e5-9b52-f9d87631060f" testId="a67f0122-3cd1-4c08-ca34-e3dd21d299a5" testName="DINOForge.Tests.Integration.Tests.ResourceTests.GetResources_ReturnsAllTypes" computerName="KOOSHAPARI-DESK" duration="00:00:00.0014952" startTime="2026-03-31T18:36:11.9456486-07:00" endTime="2026-03-31T18:36:11.9456487-07:00" testType="13cdc9d9-ddb5-4fa4-a97d-d965ccfc6d4b" outcome="Passed" testListId="8c84fa94-04c1-424b-9868-57a2d4851a1d" relativeResultsDirectory="9be8a7a2-bd0a-40e5-9b52-f9d87631060f" />
    <UnitTestResult executionId="82bfca86-f7ae-4107-8185-f408fdd8c423" testId="393d21a8-0b6a-6bb5-2c9c-394fd9341c07" testName="DINOForge.Tests.Integration.Tests.StatTests.GetStat_UnitHp_ReturnsValue" computerName="KOOSHAPARI-DESK" duration="00:00:00.0006484" startTime="2026-03-31T18:36:11.9458173-07:00" endTime="2026-03-31T18:36:11.9458174-07:00" testType="13cdc9d9-ddb5-4fa4-a97d-d965ccfc6d4b" outcome="Passed" testListId="8c84fa94-04c1-424b-9868-57a2d4851a1d" relativeResultsDirectory="82bfca86-f7ae-4107-8185-f408fdd8c423" />
    <UnitTestResult executionId="60fa9e6a-047f-4d25-9529-9006c49299ee" testId="5ab5d7cf-0775-1cde-d55a-85ca24692915" testName="DINOForge.Tests.Integration.Tests.BridgeRoundTripTests.BridgeRoundTrip_Step3_QueryUnits_RepCloneTrooperIsInCatalog" computerName="KOOSHAPARI-DESK" duration="00:00:00.0005519" startTime="2026-03-31T18:36:06.8128786-07:00" endTime="2026-03-31T18:36:06.8128787-07:00" testType="13cdc9d9-ddb5-4fa4-a97d-d965ccfc6d4b" outcome="Passed" testListId="8c84fa94-04c1-424b-9868-57a2d4851a1d" relativeResultsDirectory="60fa9e6a-047f-4d25-9529-9006c49299ee" />
    <UnitTestResult executionId="0db78dc5-511c-453b-8805-eebb09c9ec0d" testId="6b9461fa-9ca2-09ae-b708-7d6ff15105ec" testName="DINOForge.Tests.Integration.Tests.BridgeRoundTripTests.BridgeRoundTrip_Step2_GetStatus_ReportsReadyWorldWithEntities" computerName="KOOSHAPARI-DESK" duration="00:00:00.0260029" startTime="2026-03-31T18:36:06.8018370-07:00" endTime="2026-03-31T18:36:06.8018372-07:00" testType="13cdc9d9-ddb5-4fa4-a97d-d965ccfc6d4b" outcome="Passed" testListId="8c84fa94-04c1-424b-9868-57a2d4851a1d" relativeResultsDirectory="0db78dc5-511c-453b-8805-eebb09c9ec0d" />
    <UnitTestResult executionId="eb99e3ee-a468-48bb-9744-8d0eeaaf9a5f" testId="2d96738b-5d5c-97bd-bfd4-0053b276a11a" testName="DINOForge.Tests.Integration.Tests.ComponentMapTests.ComponentMap_HasEntries" computerName="KOOSHAPARI-DESK" duration="00:00:00.0016512" startTime="2026-03-31T18:36:11.9333262-07:00" endTime="2026-03-31T18:36:11.9333263-07:00" testType="13cdc9d9-ddb5-4fa4-a97d-d965ccfc6d4b" outcome="Passed" testListId="8c84fa94-04c1-424b-9868-57a2d4851a1d" relativeResultsDirectory="eb99e3ee-a468-48bb-9744-8d0eeaaf9a5f" />
    <UnitTestResult executionId="c9855169-60f7-4733-a07a-032168dfa7d7" testId="3d0cc04f-cac3-575c-7726-dd9bf58bf016" testName="DINOForge.Tests.Integration.Tests.ResourceTests.GetResources_AllNonNegative" computerName="KOOSHAPARI-DESK" duration="00:00:00.0010966" startTime="2026-03-31T18:36:11.9457328-07:00" endTime="2026-03-31T18:36:11.9457329-07:00" testType="13cdc9d9-ddb5-4fa4-a97d-d965ccfc6d4b" outcome="Passed" testListId="8c84fa94-04c1-424b-9868-57a2d4851a1d" relativeResultsDirectory="c9855169-60f7-4733-a07a-032168dfa7d7" />
    <UnitTestResult executionId="a180a111-2963-4d6f-9b6c-6bc29d12d966" testId="4e1e3722-db20-7677-0c50-d544f8e23e0f" testName="DINOForge.Tests.Integration.Tests.BridgeRoundTripTests.BridgeRoundTrip_Step5_ReadStat_HpReturns999AfterOverride" computerName="KOOSHAPARI-DESK" duration="00:00:00.0003345" startTime="2026-03-31T18:36:06.8186261-07:00" endTime="2026-03-31T18:36:06.8186264-07:00" testType="13cdc9d9-ddb5-4fa4-a97d-d965ccfc6d4b" outcome="Passed" testListId="8c84fa94-04c1-424b-9868-57a2d4851a1d" relativeResultsDirectory="a180a111-2963-4d6f-9b6c-6bc29d12d966" />
    <UnitTestResult executionId="7af46b61-d84f-4ecc-8551-f93672a6d4ce" testId="b8da728c-7bd1-eaef-2511-92dab84701a1" testName="DINOForge.Tests.Integration.Tests.BridgeRoundTripTests.BridgeRoundTrip_Step1_LoadPacks_WarfareStarwarsLoadsWithTwentyEightUnits" computerName="KOOSHAPARI-DESK" duration="00:00:00.0052312" startTime="2026-03-31T18:36:06.8182120-07:00" endTime="2026-03-31T18:36:06.8182127-07:00" testType="13cdc9d9-ddb5-4fa4-a97d-d965ccfc6d4b" outcome="Passed" testListId="8c84fa94-04c1-424b-9868-57a2d4851a1d" relativeResultsDirectory="7af46b61-d84f-4ecc-8551-f93672a6d4ce" />
    <UnitTestResult executionId="8716da7a-06bb-476e-8aac-ef901447be6e" testId="e3636ebf-bc6d-e75e-1cb3-3de233b8b17a" testName="DINOForge.Tests.Integration.Tests.BridgeLatencyTests.BridgePing_Latency_Under100Ms" computerName="KOOSHAPARI-DESK" duration="00:00:00.0253503" startTime="2026-03-31T18:36:06.7965156-07:00" endTime="2026-03-31T18:36:06.7965424-07:00" testType="13cdc9d9-ddb5-4fa4-a97d-d965ccfc6d4b" outcome="Passed" testListId="8c84fa94-04c1-424b-9868-57a2d4851a1d" relativeResultsDirectory="8716da7a-06bb-476e-8aac-ef901447be6e" />
    <UnitTestResult executionId="69bdca88-cb7e-4ea2-b74f-704afba8c36a" testId="302123aa-4f89-e9bc-802b-a5a9f24d9fb5" testName="DINOForge.Tests.Integration.Tests.BridgeRoundTripTests.BridgeRoundTrip_Step4_ApplyOverride_RepCloneTrooperHpSetTo999" computerName="KOOSHAPARI-DESK" duration="00:00:00.0100461" startTime="2026-03-31T18:36:06.8060176-07:00" endTime="2026-03-31T18:36:06.8060179-07:00" testType="13cdc9d9-ddb5-4fa4-a97d-d965ccfc6d4b" outcome="Passed" testListId="8c84fa94-04c1-424b-9868-57a2d4851a1d" relativeResultsDirectory="69bdca88-cb7e-4ea2-b74f-704afba8c36a" />
    <UnitTestResult executionId="a9e74bc1-20d4-4227-a8ca-c7adefb4c9af" testId="de564ef1-e23c-f072-4890-9de2e114fea9" testName="DINOForge.Tests.Integration.Tests.BridgeRoundTripTests.BridgeRoundTrip_Step6_ReloadPacks_SucceedsAndOverridePersists" computerName="KOOSHAPARI-DESK" duration="00:00:00.0059125" startTime="2026-03-31T18:36:06.8120719-07:00" endTime="2026-03-31T18:36:06.8120723-07:00" testType="13cdc9d9-ddb5-4fa4-a97d-d965ccfc6d4b" outcome="Passed" testListId="8c84fa94-04c1-424b-9868-57a2d4851a1d" relativeResultsDirectory="a9e74bc1-20d4-4227-a8ca-c7adefb4c9af" />
    <UnitTestResult executionId="1aeccb1d-25e8-4816-ae7c-1bc7aa0b0612" testId="3d41fe45-13dd-75ee-1a2e-ab898d4104ef" testName="DINOForge.Tests.Integration.Tests.PingTests.Ping_ReturnsPong" computerName="KOOSHAPARI-DESK" duration="00:00:00.0008296" startTime="2026-03-31T18:36:11.9362360-07:00" endTime="2026-03-31T18:36:11.9362361-07:00" testType="13cdc9d9-ddb5-4fa4-a97d-d965ccfc6d4b" outcome="Passed" testListId="8c84fa94-04c1-424b-9868-57a2d4851a1d" relativeResultsDirectory="1aeccb1d-25e8-4816-ae7c-1bc7aa0b0612" />
    <UnitTestResult executionId="a86dfefc-edfc-4bd4-a04d-8b026c0c8e6b" testId="fd298df0-7c97-bc6b-5543-4511333c5f6f" testName="DINOForge.Tests.Integration.Tests.CatalogTests.Catalog_HasProjectiles" computerName="KOOSHAPARI-DESK" duration="00:00:00.0010000" startTime="2026-03-31T18:36:11.9314597-07:00" endTime="2026-03-31T18:36:11.9314600-07:00" testType="13cdc9d9-ddb5-4fa4-a97d-d965ccfc6d4b" outcome="NotExecuted" testListId="8c84fa94-04c1-424b-9868-57a2d4851a1d" relativeResultsDirectory="a86dfefc-edfc-4bd4-a04d-8b026c0c8e6b">
      <Output>
        <ErrorInfo>
          <Message>Catalog tests require the game to be running and fully initialized. Requires GameAvailable=true and VanillaCatalog.IsBuilt=true. Run manually with a live game instance.</Message>
        </ErrorInfo>
      </Output>
    </UnitTestResult>
  </Results>
  <TestDefinitions>
    <UnitTest name="DINOForge.Tests.Integration.Tests.StatTests.ApplyOverride_ChangesStatValue" storage="c:\users\koosh\dino\src\tests\integration\bin\release\net8.0\dinoforge.tests.integration.dll" id="1aa3c0c7-4d60-32aa-1129-299273d6c971">
      <Execution id="76e14075-686c-40bd-a26c-5d723c870a2a" />
      <TestMethod codeBase="C:\Users\koosh\Dino\src\Tests\Integration\bin\Release\net8.0\DINOForge.Tests.Integration.dll" adapterTypeName="executor://xunit/VsTestRunner2/netcoreapp" className="DINOForge.Tests.Integration.Tests.StatTests" name="ApplyOverride_ChangesStatValue" />
    </UnitTest>
    <UnitTest name="DINOForge.Tests.Integration.Tests.BridgeRoundTripTests.BridgeRoundTrip_Step5_ReadStat_HpReturns999AfterOverride" storage="c:\users\koosh\dino\src\tests\integration\bin\release\net8.0\dinoforge.tests.integration.dll" id="4e1e3722-db20-7677-0c50-d544f8e23e0f">
      <Execution id="a180a111-2963-4d6f-9b6c-6bc29d12d966" />
      <TestMethod codeBase="C:\Users\koosh\Dino\src\Tests\Integration\bin\Release\net8.0\DINOForge.Tests.Integration.dll" adapterTypeName="executor://xunit/VsTestRunner2/netcoreapp" className="DINOForge.Tests.Integration.Tests.BridgeRoundTripTests" name="BridgeRoundTrip_Step5_ReadStat_HpReturns999AfterOverride" />
    </UnitTest>
    <UnitTest name="DINOForge.Tests.Integration.Tests.PingTests.Ping_ReturnsPong" storage="c:\users\koosh\dino\src\tests\integration\bin\release\net8.0\dinoforge.tests.integration.dll" id="3d41fe45-13dd-75ee-1a2e-ab898d4104ef">
      <Execution id="1aeccb1d-25e8-4816-ae7c-1bc7aa0b0612" />
      <TestMethod codeBase="C:\Users\koosh\Dino\src\Tests\Integration\bin\Release\net8.0\DINOForge.Tests.Integration.dll" adapterTypeName="executor://xunit/VsTestRunner2/netcoreapp" className="DINOForge.Tests.Integration.Tests.PingTests" name="Ping_ReturnsPong" />
    </UnitTest>
    <UnitTest name="DINOForge.Tests.Integration.Tests.BridgeRoundTripTests.BridgeRoundTrip_FullSequence_PackLoadStatReadOverrideApplyVerifyReload" storage="c:\users\koosh\dino\src\tests\integration\bin\release\net8.0\dinoforge.tests.integration.dll" id="dbb06720-baa0-bf33-636e-eeeab61c5681">
      <Execution id="8b1387c3-8263-4c19-805e-72fdf1fb695f" />
      <TestMethod codeBase="C:\Users\koosh\Dino\src\Tests\Integration\bin\Release\net8.0\DINOForge.Tests.Integration.dll" adapterTypeName="executor://xunit/VsTestRunner2/netcoreapp" className="DINOForge.Tests.Integration.Tests.BridgeRoundTripTests" name="BridgeRoundTrip_FullSequence_PackLoadStatReadOverrideApplyVerifyReload" />
    </UnitTest>
    <UnitTest name="DINOForge.Tests.Integration.Tests.BridgeRoundTripTests.BridgeRoundTrip_Step3_QueryUnits_RepCloneTrooperIsInCatalog" storage="c:\users\koosh\dino\src\tests\integration\bin\release\net8.0\dinoforge.tests.integration.dll" id="5ab5d7cf-0775-1cde-d55a-85ca24692915">
      <Execution id="60fa9e6a-047f-4d25-9529-9006c49299ee" />
      <TestMethod codeBase="C:\Users\koosh\Dino\src\Tests\Integration\bin\Release\net8.0\DINOForge.Tests.Integration.dll" adapterTypeName="executor://xunit/VsTestRunner2/netcoreapp" className="DINOForge.Tests.Integration.Tests.BridgeRoundTripTests" name="BridgeRoundTrip_Step3_QueryUnits_RepCloneTrooperIsInCatalog" />
    </UnitTest>
    <UnitTest name="DINOForge.Tests.Integration.Tests.BridgeRoundTripTests.BridgeRoundTrip_Step6_ReloadPacks_SucceedsAndOverridePersists" storage="c:\users\koosh\dino\src\tests\integration\bin\release\net8.0\dinoforge.tests.integration.dll" id="de564ef1-e23c-f072-4890-9de2e114fea9">
      <Execution id="a9e74bc1-20d4-4227-a8ca-c7adefb4c9af" />
      <TestMethod codeBase="C:\Users\koosh\Dino\src\Tests\Integration\bin\Release\net8.0\DINOForge.Tests.Integration.dll" adapterTypeName="executor://xunit/VsTestRunner2/netcoreapp" className="DINOForge.Tests.Integration.Tests.BridgeRoundTripTests" name="BridgeRoundTrip_Step6_ReloadPacks_SucceedsAndOverridePersists" />
    </UnitTest>
    <UnitTest name="DINOForge.Tests.Integration.Tests.ResourceTests.GetResources_ReturnsAllTypes" storage="c:\users\koosh\dino\src\tests\integration\bin\release\net8.0\dinoforge.tests.integration.dll" id="a67f0122-3cd1-4c08-ca34-e3dd21d299a5">
      <Execution id="9be8a7a2-bd0a-40e5-9b52-f9d87631060f" />
      <TestMethod codeBase="C:\Users\koosh\Dino\src\Tests\Integration\bin\Release\net8.0\DINOForge.Tests.Integration.dll" adapterTypeName="executor://xunit/VsTestRunner2/netcoreapp" className="DINOForge.Tests.Integration.Tests.ResourceTests" name="GetResources_ReturnsAllTypes" />
    </UnitTest>
    <UnitTest name="DINOForge.Tests.Integration.Tests.PackLoadingTests.ReloadPacks_Succeeds" storage="c:\users\koosh\dino\src\tests\integration\bin\release\net8.0\dinoforge.tests.integration.dll" id="03213677-5744-60db-f168-206c79d69e75">
      <Execution id="f68291a2-8877-4905-b49d-0d708905ea38" />
      <TestMethod codeBase="C:\Users\koosh\Dino\src\Tests\Integration\bin\Release\net8.0\DINOForge.Tests.Integration.dll" adapterTypeName="executor://xunit/VsTestRunner2/netcoreapp" className="DINOForge.Tests.Integration.Tests.PackLoadingTests" name="ReloadPacks_Succeeds" />
    </UnitTest>
    <UnitTest name="DINOForge.Tests.Integration.Tests.ComponentMapTests.ComponentMap_CanFilterBySdkPath" storage="c:\users\koosh\dino\src\tests\integration\bin\release\net8.0\dinoforge.tests.integration.dll" id="69d603d2-899c-d602-a11c-654d40a2f066">
      <Execution id="a5a24105-50c8-4786-b589-3b76e870a476" />
      <TestMethod codeBase="C:\Users\koosh\Dino\src\Tests\Integration\bin\Release\net8.0\DINOForge.Tests.Integration.dll" adapterTypeName="executor://xunit/VsTestRunner2/netcoreapp" className="DINOForge.Tests.Integration.Tests.ComponentMapTests" name="ComponentMap_CanFilterBySdkPath" />
    </UnitTest>
    <UnitTest name="DINOForge.Tests.Integration.Tests.PackLoadingTests.ReloadPacks_LoadedPacksNonEmpty" storage="c:\users\koosh\dino\src\tests\integration\bin\release\net8.0\dinoforge.tests.integration.dll" id="c9aef331-548a-c204-2a98-de6b1f89ac72">
      <Execution id="d4ee2ee7-a80e-4b73-b39a-543175e4593f" />
      <TestMethod codeBase="C:\Users\koosh\Dino\src\Tests\Integration\bin\Release\net8.0\DINOForge.Tests.Integration.dll" adapterTypeName="executor://xunit/VsTestRunner2/netcoreapp" className="DINOForge.Tests.Integration.Tests.PackLoadingTests" name="ReloadPacks_LoadedPacksNonEmpty" />
    </UnitTest>
    <UnitTest name="DINOForge.Tests.Integration.Tests.BridgeRoundTripTests.BridgeRoundTrip_Step4_ApplyOverride_RepCloneTrooperHpSetTo999" storage="c:\users\koosh\dino\src\tests\integration\bin\release\net8.0\dinoforge.tests.integration.dll" id="302123aa-4f89-e9bc-802b-a5a9f24d9fb5">
      <Execution id="69bdca88-cb7e-4ea2-b74f-704afba8c36a" />
      <TestMethod codeBase="C:\Users\koosh\Dino\src\Tests\Integration\bin\Release\net8.0\DINOForge.Tests.Integration.dll" adapterTypeName="executor://xunit/VsTestRunner2/netcoreapp" className="DINOForge.Tests.Integration.Tests.BridgeRoundTripTests" name="BridgeRoundTrip_Step4_ApplyOverride_RepCloneTrooperHpSetTo999" />
    </UnitTest>
    <UnitTest name="DINOForge.Tests.Integration.Tests.PingTests.Ping_VersionIsNotEmpty" storage="c:\users\koosh\dino\src\tests\integration\bin\release\net8.0\dinoforge.tests.integration.dll" id="5d842650-fb3d-567b-2703-11be7c117a0e">
      <Execution id="dd4f6d1d-be53-4be6-9c14-63882066f1e4" />
      <TestMethod codeBase="C:\Users\koosh\Dino\src\Tests\Integration\bin\Release\net8.0\DINOForge.Tests.Integration.dll" adapterTypeName="executor://xunit/VsTestRunner2/netcoreapp" className="DINOForge.Tests.Integration.Tests.PingTests" name="Ping_VersionIsNotEmpty" />
    </UnitTest>
    <UnitTest name="DINOForge.Tests.Integration.Tests.BridgeLatencyTests.BridgePing_Latency_Under100Ms" storage="c:\users\koosh\dino\src\tests\integration\bin\release\net8.0\dinoforge.tests.integration.dll" id="e3636ebf-bc6d-e75e-1cb3-3de233b8b17a">
      <Execution id="8716da7a-06bb-476e-8aac-ef901447be6e" />
      <TestMethod codeBase="C:\Users\koosh\Dino\src\Tests\Integration\bin\Release\net8.0\DINOForge.Tests.Integration.dll" adapterTypeName="executor://xunit/VsTestRunner2/netcoreapp" className="DINOForge.Tests.Integration.Tests.BridgeLatencyTests" name="BridgePing_Latency_Under100Ms" />
    </UnitTest>
    <UnitTest name="DINOForge.Tests.Integration.Tests.ComponentMapTests.ComponentMap_HasEntries" storage="c:\users\koosh\dino\src\tests\integration\bin\release\net8.0\dinoforge.tests.integration.dll" id="2d96738b-5d5c-97bd-bfd4-0053b276a11a">
      <Execution id="eb99e3ee-a468-48bb-9744-8d0eeaaf9a5f" />
      <TestMethod codeBase="C:\Users\koosh\Dino\src\Tests\Integration\bin\Release\net8.0\DINOForge.Tests.Integration.dll" adapterTypeName="executor://xunit/VsTestRunner2/netcoreapp" className="DINOForge.Tests.Integration.Tests.ComponentMapTests" name="ComponentMap_HasEntries" />
    </UnitTest>
    <UnitTest name="DINOForge.Tests.Integration.Tests.CatalogTests.Catalog_HasUnits" storage="c:\users\koosh\dino\src\tests\integration\bin\release\net8.0\dinoforge.tests.integration.dll" id="42ce084f-61b4-d96c-bee9-e3afa3e60318">
      <Execution id="5f00349b-d516-4c9d-a105-7c629fbf5352" />
      <TestMethod codeBase="C:\Users\koosh\Dino\src\Tests\Integration\bin\Release\net8.0\DINOForge.Tests.Integration.dll" adapterTypeName="executor://xunit/VsTestRunner2/netcoreapp" className="DINOForge.Tests.Integration.Tests.CatalogTests" name="Catalog_HasUnits" />
    </UnitTest>
    <UnitTest name="DINOForge.Tests.Integration.Tests.BridgeLatencyTests.BridgeStatusQuery_Latency_Under200Ms" storage="c:\users\koosh\dino\src\tests\integration\bin\release\net8.0\dinoforge.tests.integration.dll" id="7b349877-9bb1-f776-568c-109e79c06fe6">
      <Execution id="8e20232e-6f00-4dcf-92bb-3a27f9ad4fba" />
      <TestMethod codeBase="C:\Users\koosh\Dino\src\Tests\Integration\bin\Release\net8.0\DINOForge.Tests.Integration.dll" adapterTypeName="executor://xunit/VsTestRunner2/netcoreapp" className="DINOForge.Tests.Integration.Tests.BridgeLatencyTests" name="BridgeStatusQuery_Latency_Under200Ms" />
    </UnitTest>
    <UnitTest name="DINOForge.Tests.Integration.Tests.StatTests.GetStat_UnitSpeed_ReturnsValue" storage="c:\users\koosh\dino\src\tests\integration\bin\release\net8.0\dinoforge.tests.integration.dll" id="579ab134-f4d8-5337-c6f8-2b216b4d55d4">
      <Execution id="f8dd96a6-1cc2-458e-96c9-087afb23badc" />
      <TestMethod codeBase="C:\Users\koosh\Dino\src\Tests\Integration\bin\Release\net8.0\DINOForge.Tests.Integration.dll" adapterTypeName="executor://xunit/VsTestRunner2/netcoreapp" className="DINOForge.Tests.Integration.Tests.StatTests" name="GetStat_UnitSpeed_ReturnsValue" />
    </UnitTest>
    <UnitTest name="DINOForge.Tests.Integration.Tests.ResourceTests.GetResources_AllNonNegative" storage="c:\users\koosh\dino\src\tests\integration\bin\release\net8.0\dinoforge.tests.integration.dll" id="3d0cc04f-cac3-575c-7726-dd9bf58bf016">
      <Execution id="c9855169-60f7-4733-a07a-032168dfa7d7" />
      <TestMethod codeBase="C:\Users\koosh\Dino\src\Tests\Integration\bin\Release\net8.0\DINOForge.Tests.Integration.dll" adapterTypeName="executor://xunit/VsTestRunner2/netcoreapp" className="DINOForge.Tests.Integration.Tests.ResourceTests" name="GetResources_AllNonNegative" />
    </UnitTest>
    <UnitTest name="DINOForge.Tests.Integration.Tests.CatalogTests.Catalog_HasBuildings" storage="c:\users\koosh\dino\src\tests\integration\bin\release\net8.0\dinoforge.tests.integration.dll" id="4f2fc430-4238-429d-8ec0-878dbf36f92c">
      <Execution id="3a90cb80-9aec-49ec-a4f3-5af88f034b9d" />
      <TestMethod codeBase="C:\Users\koosh\Dino\src\Tests\Integration\bin\Release\net8.0\DINOForge.Tests.Integration.dll" adapterTypeName="executor://xunit/VsTestRunner2/netcoreapp" className="DINOForge.Tests.Integration.Tests.CatalogTests" name="Catalog_HasBuildings" />
    </UnitTest>
    <UnitTest name="DINOForge.Tests.Integration.Tests.BridgeRoundTripTests.BridgeRoundTrip_Step2_GetStatus_ReportsReadyWorldWithEntities" storage="c:\users\koosh\dino\src\tests\integration\bin\release\net8.0\dinoforge.tests.integration.dll" id="6b9461fa-9ca2-09ae-b708-7d6ff15105ec">
      <Execution id="0db78dc5-511c-453b-8805-eebb09c9ec0d" />
      <TestMethod codeBase="C:\Users\koosh\Dino\src\Tests\Integration\bin\Release\net8.0\DINOForge.Tests.Integration.dll" adapterTypeName="executor://xunit/VsTestRunner2/netcoreapp" className="DINOForge.Tests.Integration.Tests.BridgeRoundTripTests" name="BridgeRoundTrip_Step2_GetStatus_ReportsReadyWorldWithEntities" />
    </UnitTest>
    <UnitTest name="DINOForge.Tests.Integration.Tests.StatTests.GetStat_UnitHp_ReturnsValue" storage="c:\users\koosh\dino\src\tests\integration\bin\release\net8.0\dinoforge.tests.integration.dll" id="393d21a8-0b6a-6bb5-2c9c-394fd9341c07">
      <Execution id="82bfca86-f7ae-4107-8185-f408fdd8c423" />
      <TestMethod codeBase="C:\Users\koosh\Dino\src\Tests\Integration\bin\Release\net8.0\DINOForge.Tests.Integration.dll" adapterTypeName="executor://xunit/VsTestRunner2/netcoreapp" className="DINOForge.Tests.Integration.Tests.StatTests" name="GetStat_UnitHp_ReturnsValue" />
    </UnitTest>
    <UnitTest name="DINOForge.Tests.Integration.Tests.CatalogTests.Catalog_HasProjectiles" storage="c:\users\koosh\dino\src\tests\integration\bin\release\net8.0\dinoforge.tests.integration.dll" id="fd298df0-7c97-bc6b-5543-4511333c5f6f">
      <Execution id="a86dfefc-edfc-4bd4-a04d-8b026c0c8e6b" />
      <TestMethod codeBase="C:\Users\koosh\Dino\src\Tests\Integration\bin\Release\net8.0\DINOForge.Tests.Integration.dll" adapterTypeName="executor://xunit/VsTestRunner2/netcoreapp" className="DINOForge.Tests.Integration.Tests.CatalogTests" name="Catalog_HasProjectiles" />
    </UnitTest>
    <UnitTest name="DINOForge.Tests.Integration.Tests.BridgeRoundTripTests.BridgeRoundTrip_Step1_LoadPacks_WarfareStarwarsLoadsWithTwentyEightUnits" storage="c:\users\koosh\dino\src\tests\integration\bin\release\net8.0\dinoforge.tests.integration.dll" id="b8da728c-7bd1-eaef-2511-92dab84701a1">
      <Execution id="7af46b61-d84f-4ecc-8551-f93672a6d4ce" />
      <TestMethod codeBase="C:\Users\koosh\Dino\src\Tests\Integration\bin\Release\net8.0\DINOForge.Tests.Integration.dll" adapterTypeName="executor://xunit/VsTestRunner2/netcoreapp" className="DINOForge.Tests.Integration.Tests.BridgeRoundTripTests" name="BridgeRoundTrip_Step1_LoadPacks_WarfareStarwarsLoadsWithTwentyEightUnits" />
    </UnitTest>
  </TestDefinitions>
  <TestEntries>
    <TestEntry testId="4f2fc430-4238-429d-8ec0-878dbf36f92c" executionId="3a90cb80-9aec-49ec-a4f3-5af88f034b9d" testListId="8c84fa94-04c1-424b-9868-57a2d4851a1d" />
    <TestEntry testId="c9aef331-548a-c204-2a98-de6b1f89ac72" executionId="d4ee2ee7-a80e-4b73-b39a-543175e4593f" testListId="8c84fa94-04c1-424b-9868-57a2d4851a1d" />
    <TestEntry testId="dbb06720-baa0-bf33-636e-eeeab61c5681" executionId="8b1387c3-8263-4c19-805e-72fdf1fb695f" testListId="8c84fa94-04c1-424b-9868-57a2d4851a1d" />
    <TestEntry testId="7b349877-9bb1-f776-568c-109e79c06fe6" executionId="8e20232e-6f00-4dcf-92bb-3a27f9ad4fba" testListId="8c84fa94-04c1-424b-9868-57a2d4851a1d" />
    <TestEntry testId="5d842650-fb3d-567b-2703-11be7c117a0e" executionId="dd4f6d1d-be53-4be6-9c14-63882066f1e4" testListId="8c84fa94-04c1-424b-9868-57a2d4851a1d" />
    <TestEntry testId="03213677-5744-60db-f168-206c79d69e75" executionId="f68291a2-8877-4905-b49d-0d708905ea38" testListId="8c84fa94-04c1-424b-9868-57a2d4851a1d" />
    <TestEntry testId="1aa3c0c7-4d60-32aa-1129-299273d6c971" executionId="76e14075-686c-40bd-a26c-5d723c870a2a" testListId="8c84fa94-04c1-424b-9868-57a2d4851a1d" />
    <TestEntry testId="69d603d2-899c-d602-a11c-654d40a2f066" executionId="a5a24105-50c8-4786-b589-3b76e870a476" testListId="8c84fa94-04c1-424b-9868-57a2d4851a1d" />
    <TestEntry testId="42ce084f-61b4-d96c-bee9-e3afa3e60318" executionId="5f00349b-d516-4c9d-a105-7c629fbf5352" testListId="8c84fa94-04c1-424b-9868-57a2d4851a1d" />
    <TestEntry testId="579ab134-f4d8-5337-c6f8-2b216b4d55d4" executionId="f8dd96a6-1cc2-458e-96c9-087afb23badc" testListId="8c84fa94-04c1-424b-9868-57a2d4851a1d" />
    <TestEntry testId="a67f0122-3cd1-4c08-ca34-e3dd21d299a5" executionId="9be8a7a2-bd0a-40e5-9b52-f9d87631060f" testListId="8c84fa94-04c1-424b-9868-57a2d4851a1d" />
    <TestEntry testId="393d21a8-0b6a-6bb5-2c9c-394fd9341c07" executionId="82bfca86-f7ae-4107-8185-f408fdd8c423" testListId="8c84fa94-04c1-424b-9868-57a2d4851a1d" />
    <TestEntry testId="5ab5d7cf-0775-1cde-d55a-85ca24692915" executionId="60fa9e6a-047f-4d25-9529-9006c49299ee" testListId="8c84fa94-04c1-424b-9868-57a2d4851a1d" />
    <TestEntry testId="6b9461fa-9ca2-09ae-b708-7d6ff15105ec" executionId="0db78dc5-511c-453b-8805-eebb09c9ec0d" testListId="8c84fa94-04c1-424b-9868-57a2d4851a1d" />
    <TestEntry testId="2d96738b-5d5c-97bd-bfd4-0053b276a11a" executionId="eb99e3ee-a468-48bb-9744-8d0eeaaf9a5f" testListId="8c84fa94-04c1-424b-9868-57a2d4851a1d" />
    <TestEntry testId="3d0cc04f-cac3-575c-7726-dd9bf58bf016" executionId="c9855169-60f7-4733-a07a-032168dfa7d7" testListId="8c84fa94-04c1-424b-9868-57a2d4851a1d" />
    <TestEntry testId="4e1e3722-db20-7677-0c50-d544f8e23e0f" executionId="a180a111-2963-4d6f-9b6c-6bc29d12d966" testListId="8c84fa94-04c1-424b-9868-57a2d4851a1d" />
    <TestEntry testId="b8da728c-7bd1-eaef-2511-92dab84701a1" executionId="7af46b61-d84f-4ecc-8551-f93672a6d4ce" testListId="8c84fa94-04c1-424b-9868-57a2d4851a1d" />
    <TestEntry testId="e3636ebf-bc6d-e75e-1cb3-3de233b8b17a" executionId="8716da7a-06bb-476e-8aac-ef901447be6e" testListId="8c84fa94-04c1-424b-9868-57a2d4851a1d" />
    <TestEntry testId="302123aa-4f89-e9bc-802b-a5a9f24d9fb5" executionId="69bdca88-cb7e-4ea2-b74f-704afba8c36a" testListId="8c84fa94-04c1-424b-9868-57a2d4851a1d" />
    <TestEntry testId="de564ef1-e23c-f072-4890-9de2e114fea9" executionId="a9e74bc1-20d4-4227-a8ca-c7adefb4c9af" testListId="8c84fa94-04c1-424b-9868-57a2d4851a1d" />
    <TestEntry testId="3d41fe45-13dd-75ee-1a2e-ab898d4104ef" executionId="1aeccb1d-25e8-4816-ae7c-1bc7aa0b0612" testListId="8c84fa94-04c1-424b-9868-57a2d4851a1d" />
    <TestEntry testId="fd298df0-7c97-bc6b-5543-4511333c5f6f" executionId="a86dfefc-edfc-4bd4-a04d-8b026c0c8e6b" testListId="8c84fa94-04c1-424b-9868-57a2d4851a1d" />
  </TestEntries>
  <TestLists>
    <TestList name="Results Not in a List" id="8c84fa94-04c1-424b-9868-57a2d4851a1d" />
    <TestList name="All Loaded Results" id="19431567-8539-422a-85d7-44ee4e166bda" />
  </TestLists>
  <ResultSummary outcome="Completed">
    <Counters total="23" executed="20" passed="20" failed="0" error="0" timeout="0" aborted="0" inconclusive="0" passedButRunAborted="0" notRunnable="0" notExecuted="0" disconnected="0" warning="0" completed="0" inProgress="0" pending="0" />
    <Output>
      <StdOut>[xUnit.net 00:00:00.00] xUnit.net VSTest Adapter v2.8.2+699d445a1a (64-bit .NET 8.0.25)&#xD;
[xUnit.net 00:00:00.15]   Discovering: DINOForge.Tests.Integration&#xD;
[xUnit.net 00:00:00.24]   Discovered:  DINOForge.Tests.Integration&#xD;
[xUnit.net 00:00:00.24]   Starting:    DINOForge.Tests.Integration&#xD;
[xUnit.net 00:00:05.49]       Catalog tests require the game to be running and fully initialized. Requires GameAvailable=true and VanillaCatalog.IsBuilt=true. Run manually with a live game instance.&#xD;
[xUnit.net 00:00:05.49]       Catalog tests require the game to be running and fully initialized. Requires GameAvailable=true and VanillaCatalog.IsBuilt=true. Run manually with a live game instance.&#xD;
[xUnit.net 00:00:05.49]       Catalog tests require the game to be running and fully initialized. Requires GameAvailable=true and VanillaCatalog.IsBuilt=true. Run manually with a live game instance.&#xD;
Test 'DINOForge.Tests.Integration.Tests.CatalogTests.Catalog_HasProjectiles' was skipped in the test run.&#xD;
Test 'DINOForge.Tests.Integration.Tests.CatalogTests.Catalog_HasBuildings' was skipped in the test run.&#xD;
Test 'DINOForge.Tests.Integration.Tests.CatalogTests.Catalog_HasUnits' was skipped in the test run.&#xD;
[xUnit.net 00:00:05.51]   Finished:    DINOForge.Tests.Integration&#xD;
</StdOut>
    </Output>
    <RunInfos>
      <RunInfo computerName="KOOSHAPARI-DESK" outcome="Warning" timestamp="2026-03-31T18:36:11.9316521-07:00">
        <Text>[xUnit.net 00:00:05.49]     DINOForge.Tests.Integration.Tests.CatalogTests.Catalog_HasProjectiles [SKIP]</Text>
      </RunInfo>
      <RunInfo computerName="KOOSHAPARI-DESK" outcome="Warning" timestamp="2026-03-31T18:36:11.9320391-07:00">
        <Text>[xUnit.net 00:00:05.49]     DINOForge.Tests.Integration.Tests.CatalogTests.Catalog_HasBuildings [SKIP]</Text>
      </RunInfo>
      <RunInfo computerName="KOOSHAPARI-DESK" outcome="Warning" timestamp="2026-03-31T18:36:11.9330992-07:00">
        <Text>[xUnit.net 00:00:05.49]     DINOForge.Tests.Integration.Tests.CatalogTests.Catalog_HasUnits [SKIP]</Text>
      </RunInfo>
    </RunInfos>
  </ResultSummary>
</TestRun>