<?xml version="1.0" encoding="utf-8"?>
<TestRun id="4e9e6faf-f0b4-4a6b-bd68-55f4a60f0df5" name="koosh@KOOSHAPARI-DESK 2026-03-10 03:00:55" runUser="KOOSHAPARI-DESK\koosh" xmlns="http://microsoft.com/schemas/VisualStudio/TeamTest/2010">
  <Times creation="2026-03-10T03:00:55.3589488-07:00" queuing="2026-03-10T03:00:55.3589489-07:00" start="2026-03-10T03:00:54.7522003-07:00" finish="2026-03-10T03:00:55.6192549-07:00" />
  <TestSettings name="default" id="a68fa35d-5107-43e2-a181-dd127a3fc3a2">
    <Deployment runDeploymentRoot="koosh_KOOSHAPARI-DESK_2026-03-10_03_00_55" />
  </TestSettings>
  <Results>
    <UnitTestResult executionId="818a2425-6b29-451e-a916-53da3b13d97c" testId="7b813358-ab09-2310-623c-41d58469a21e" testName="DINOForge.Tests.SchemaValidationTests.ValidSquad_PassesValidation" computerName="KOOSHAPARI-DESK" duration="00:00:00.0059453" startTime="2026-03-10T03:00:55.4709231-07:00" endTime="2026-03-10T03:00:55.4709233-07:00" testType="13cdc9d9-ddb5-4fa4-a97d-d965ccfc6d4b" outcome="Passed" testListId="8c84fa94-04c1-424b-9868-57a2d4851a1d" relativeResultsDirectory="818a2425-6b29-451e-a916-53da3b13d97c" />
    <UnitTestResult executionId="5e0f524e-39c9-47b7-add2-a8801b0a0bf7" testId="4384aa7b-bb9c-dea1-3e70-dfe3d19b548e" testName="DINOForge.Tests.RoleValidatorComprehensiveTests.ValidateRoster_RoleToUnitMap_ContainsCorrectMappings" computerName="KOOSHAPARI-DESK" duration="00:00:00.0044209" startTime="2026-03-10T03:00:55.3489658-07:00" endTime="2026-03-10T03:00:55.3489658-07:00" testType="13cdc9d9-ddb5-4fa4-a97d-d965ccfc6d4b" outcome="Passed" testListId="8c84fa94-04c1-424b-9868-57a2d4851a1d" relativeResultsDirectory="5e0f524e-39c9-47b7-add2-a8801b0a0bf7" />
    <UnitTestResult executionId="4441ecc5-6a41-49a5-84e5-40514eada8a6" testId="316ba16c-8c59-6169-7291-d26e9138260c" testName="DINOForge.Tests.SkillWaveSquadTests.Squad_Override_HigherPriority_ReplacesExisting" computerName="KOOSHAPARI-DESK" duration="00:00:00.0005529" startTime="2026-03-10T03:00:55.3483801-07:00" endTime="2026-03-10T03:00:55.3483802-07:00" testType="13cdc9d9-ddb5-4fa4-a97d-d965ccfc6d4b" outcome="Passed" testListId="8c84fa94-04c1-424b-9868-57a2d4851a1d" relativeResultsDirectory="4441ecc5-6a41-49a5-84e5-40514eada8a6" />
    <UnitTestResult executionId="43d1c111-bbae-4c1a-ba46-1ce37eb5eec8" testId="7ba190fe-0d82-4a80-e6c8-769297d6e678" testName="DINOForge.Tests.AssetServiceTests.Constructor_NonExistentDir_DoesNotThrow" computerName="KOOSHAPARI-DESK" duration="00:00:00.0001325" startTime="2026-03-10T03:00:55.3623723-07:00" endTime="2026-03-10T03:00:55.3623723-07:00" testType="13cdc9d9-ddb5-4fa4-a97d-d965ccfc6d4b" outcome="Passed" testListId="8c84fa94-04c1-424b-9868-57a2d4851a1d" relativeResultsDirectory="43d1c111-bbae-4c1a-ba46-1ce37eb5eec8" />
    <UnitTestResult executionId="184202fb-cbcc-4fd3-b963-cd8b20b3156b" testId="8e14be81-bf18-074a-488d-5f57e2628ce7" testName="DINOForge.Tests.SchemaValidationTests.ValidSkill_PassesValidation" computerName="KOOSHAPARI-DESK" duration="00:00:00.0053337" startTime="2026-03-10T03:00:55.5141940-07:00" endTime="2026-03-10T03:00:55.5141944-07:00" testType="13cdc9d9-ddb5-4fa4-a97d-d965ccfc6d4b" outcome="Passed" testListId="8c84fa94-04c1-424b-9868-57a2d4851a1d" relativeResultsDirectory="184202fb-cbcc-4fd3-b963-cd8b20b3156b" />
    <UnitTestResult executionId="bb548a44-3d1d-4172-b8e1-d2500c2ff82f" testId="75bc78d4-1663-a132-4066-90d740759f93" testName="DINOForge.Tests.DependencyResolverTests.ResolveDeps_MissingDependency_Fails" computerName="KOOSHAPARI-DESK" duration="00:00:00.0017181" startTime="2026-03-10T03:00:55.3687615-07:00" endTime="2026-03-10T03:00:55.3687616-07:00" testType="13cdc9d9-ddb5-4fa4-a97d-d965ccfc6d4b" outcome="Passed" testListId="8c84fa94-04c1-424b-9868-57a2d4851a1d" relativeResultsDirectory="bb548a44-3d1d-4172-b8e1-d2500c2ff82f" />
    <UnitTestResult executionId="c6bd7956-e5d7-4e2f-a8bd-a5e586f9ee5d" testId="42f48812-d536-2513-4b3e-93b52ee58f3f" testName="DINOForge.Tests.DoctrineComprehensiveTests.ApplyAll_ArchetypePlusDoctrine_AllCombinationsProduceValidStats(archetypeId: &quot;order&quot;, doctrineIndex: 0)" computerName="KOOSHAPARI-DESK" duration="00:00:00.0000280" startTime="2026-03-10T03:00:55.3512486-07:00" endTime="2026-03-10T03:00:55.3512487-07:00" testType="13cdc9d9-ddb5-4fa4-a97d-d965ccfc6d4b" outcome="Passed" testListId="8c84fa94-04c1-424b-9868-57a2d4851a1d" relativeResultsDirectory="c6bd7956-e5d7-4e2f-a8bd-a5e586f9ee5d" />
    <UnitTestResult executionId="6c669866-7bef-482d-bf4d-94ba9d4c1e40" testId="372c31f0-a701-de82-b60e-67aa6e923ff5" testName="DINOForge.Tests.RoleValidatorTests.RequiredRoles_HasCorrectCount" computerName="KOOSHAPARI-DESK" duration="00:00:00.0001127" startTime="2026-03-10T03:00:55.3479373-07:00" endTime="2026-03-10T03:00:55.3479374-07:00" testType="13cdc9d9-ddb5-4fa4-a97d-d965ccfc6d4b" outcome="Passed" testListId="8c84fa94-04c1-424b-9868-57a2d4851a1d" relativeResultsDirectory="6c669866-7bef-482d-bf4d-94ba9d4c1e40" />
    <UnitTestResult executionId="4b6fe834-91f9-4a77-a05d-e5f613ed898a" testId="47481f09-d6fb-df61-6a65-299a97b56e14" testName="DINOForge.Tests.SchemaValidationTests.ValidWeapon_PassesValidation" computerName="KOOSHAPARI-DESK" duration="00:00:00.0042055" startTime="2026-03-10T03:00:55.5184821-07:00" endTime="2026-03-10T03:00:55.5184823-07:00" testType="13cdc9d9-ddb5-4fa4-a97d-d965ccfc6d4b" outcome="Passed" testListId="8c84fa94-04c1-424b-9868-57a2d4851a1d" relativeResultsDirectory="4b6fe834-91f9-4a77-a05d-e5f613ed898a" />
    <UnitTestResult executionId="93f60f7c-09a1-431f-aa3b-0262061001b6" testId="a42bbe3b-8376-5504-5c8f-26944b6322c3" testName="DINOForge.Tests.BalanceComprehensiveTests.CompareFactions_SlightAdvantage_Detected" computerName="KOOSHAPARI-DESK" duration="00:00:00.0002186" startTime="2026-03-10T03:00:55.3478264-07:00" endTime="2026-03-10T03:00:55.3478266-07:00" testType="13cdc9d9-ddb5-4fa4-a97d-d965ccfc6d4b" outcome="Passed" testListId="8c84fa94-04c1-424b-9868-57a2d4851a1d" relativeResultsDirectory="93f60f7c-09a1-431f-aa3b-0262061001b6" />
    <UnitTestResult executionId="bc104d25-5e06-48d3-9c57-75bfdd7e5690" testId="c69fa772-1c3b-8055-9264-51c4d011771f" testName="DINOForge.Tests.WaveComposerTests.ComposeWaves_DifficultyMultiplierAffectsSpawnCounts" computerName="KOOSHAPARI-DESK" duration="00:00:00.0134460" startTime="2026-03-10T03:00:55.3340927-07:00" endTime="2026-03-10T03:00:55.3340927-07:00" testType="13cdc9d9-ddb5-4fa4-a97d-d965ccfc6d4b" outcome="Passed" testListId="8c84fa94-04c1-424b-9868-57a2d4851a1d" relativeResultsDirectory="bc104d25-5e06-48d3-9c57-75bfdd7e5690" />
    <UnitTestResult executionId="57bdab7a-ca04-472a-987a-5a31bae283f3" testId="1a049ae7-6cfd-eb97-bd7e-f6e6810f28c5" testName="DINOForge.Tests.DoctrineTests.ValidateDoctrine_ReportsExtremeValues" computerName="KOOSHAPARI-DESK" duration="00:00:00.0014700" startTime="2026-03-10T03:00:55.3519651-07:00" endTime="2026-03-10T03:00:55.3519652-07:00" testType="13cdc9d9-ddb5-4fa4-a97d-d965ccfc6d4b" outcome="Passed" testListId="8c84fa94-04c1-424b-9868-57a2d4851a1d" relativeResultsDirectory="57bdab7a-ca04-472a-987a-5a31bae283f3" />
    <UnitTestResult executionId="5a44e427-e432-4805-b754-04cf703ee2b6" testId="398650ac-57e8-4a79-237e-95aca4a6ac9c" testName="DINOForge.Tests.DoctrineTests.ValidateDoctrine_ReportsNegativeModifiers" computerName="KOOSHAPARI-DESK" duration="00:00:00.0004433" startTime="2026-03-10T03:00:55.3533709-07:00" endTime="2026-03-10T03:00:55.3533710-07:00" testType="13cdc9d9-ddb5-4fa4-a97d-d965ccfc6d4b" outcome="Passed" testListId="8c84fa94-04c1-424b-9868-57a2d4851a1d" relativeResultsDirectory="5a44e427-e432-4805-b754-04cf703ee2b6" />
    <UnitTestResult executionId="79e3c197-3ab0-4261-9e9b-8903932e1c7c" testId="ed87717d-6296-302a-069d-cca34ba83af3" testName="DINOForge.Tests.RegistryStressTests.OverrideChain_DomainPlugin_BeatsFramework" computerName="KOOSHAPARI-DESK" duration="00:00:00.0003099" startTime="2026-03-10T03:00:55.3453413-07:00" endTime="2026-03-10T03:00:55.3453414-07:00" testType="13cdc9d9-ddb5-4fa4-a97d-d965ccfc6d4b" outcome="Passed" testListId="8c84fa94-04c1-424b-9868-57a2d4851a1d" relativeResultsDirectory="79e3c197-3ab0-4261-9e9b-8903932e1c7c" />
    <UnitTestResult executionId="6be2e2fb-a6bf-4bf7-9a01-90bdef5ea5e7" testId="8e42af19-d9bc-70d4-6ce4-fea84f304b59" testName="DINOForge.Tests.WaveComposerTests.ComposeWaves_FinalWaveMarkedCorrectly" computerName="KOOSHAPARI-DESK" duration="00:00:00.0003976" startTime="2026-03-10T03:00:55.3452710-07:00" endTime="2026-03-10T03:00:55.3452711-07:00" testType="13cdc9d9-ddb5-4fa4-a97d-d965ccfc6d4b" outcome="Passed" testListId="8c84fa94-04c1-424b-9868-57a2d4851a1d" relativeResultsDirectory="6be2e2fb-a6bf-4bf7-9a01-90bdef5ea5e7" />
    <UnitTestResult executionId="2076afa3-c69e-4d22-8cba-92cab86648bd" testId="741ae2d3-24b7-e5f1-cdbb-6b722136bcbd" testName="DINOForge.Tests.ModelSerializationTests.SkillDefinition_RoundTrip" computerName="KOOSHAPARI-DESK" duration="00:00:00.0051895" startTime="2026-03-10T03:00:55.3882538-07:00" endTime="2026-03-10T03:00:55.3882539-07:00" testType="13cdc9d9-ddb5-4fa4-a97d-d965ccfc6d4b" outcome="Passed" testListId="8c84fa94-04c1-424b-9868-57a2d4851a1d" relativeResultsDirectory="2076afa3-c69e-4d22-8cba-92cab86648bd" />
    <UnitTestResult executionId="fa1597f5-8656-41ca-943b-66114abf5616" testId="2734af1a-7e2a-d3ee-8906-26e80ef02363" testName="DINOForge.Tests.DependencyResolverTests.ComputeLoadOrder_LongChainDependency_Resolves" computerName="KOOSHAPARI-DESK" duration="00:00:00.0067116" startTime="2026-03-10T03:00:55.4023862-07:00" endTime="2026-03-10T03:00:55.4023862-07:00" testType="13cdc9d9-ddb5-4fa4-a97d-d965ccfc6d4b" outcome="Passed" testListId="8c84fa94-04c1-424b-9868-57a2d4851a1d" relativeResultsDirectory="fa1597f5-8656-41ca-943b-66114abf5616" />
    <UnitTestResult executionId="f59b7e5e-8cec-45d9-981d-775eae738706" testId="5825a669-efed-cfbf-c947-d6f9aec10f47" testName="DINOForge.Tests.WaveComposerComprehensiveTests.ComposeWaves_50Waves_MonotonicDifficultyIncrease" computerName="KOOSHAPARI-DESK" duration="00:00:00.0011409" startTime="2026-03-10T03:00:55.3505728-07:00" endTime="2026-03-10T03:00:55.3505728-07:00" testType="13cdc9d9-ddb5-4fa4-a97d-d965ccfc6d4b" outcome="Passed" testListId="8c84fa94-04c1-424b-9868-57a2d4851a1d" relativeResultsDirectory="f59b7e5e-8cec-45d9-981d-775eae738706" />
    <UnitTestResult executionId="37f43b00-08a0-4f30-8311-8e7e80308926" testId="653e9d83-ca01-1440-a9cb-dfa7466a71d2" testName="DINOForge.Tests.DoctrineComprehensiveTests.ApplyAll_ArchetypePlusDoctrine_AllCombinationsProduceValidStats(archetypeId: &quot;industrial_swarm&quot;, doctrineIndex: 0)" computerName="KOOSHAPARI-DESK" duration="00:00:00.0000706" startTime="2026-03-10T03:00:55.3518251-07:00" endTime="2026-03-10T03:00:55.3518252-07:00" testType="13cdc9d9-ddb5-4fa4-a97d-d965ccfc6d4b" outcome="Passed" testListId="8c84fa94-04c1-424b-9868-57a2d4851a1d" relativeResultsDirectory="37f43b00-08a0-4f30-8311-8e7e80308926" />
    <UnitTestResult executionId="085f909a-7a6b-47c5-9f26-f6c61a0fac17" testId="a87dd3bf-8ca8-0b36-ceed-491bd1b670e9" testName="DINOForge.Tests.SchemaValidationTests.InvalidWeapon_MissingId_Fails" computerName="KOOSHAPARI-DESK" duration="00:00:00.0026071" startTime="2026-03-10T03:00:55.5087970-07:00" endTime="2026-03-10T03:00:55.5087972-07:00" testType="13cdc9d9-ddb5-4fa4-a97d-d965ccfc6d4b" outcome="Passed" testListId="8c84fa94-04c1-424b-9868-57a2d4851a1d" relativeResultsDirectory="085f909a-7a6b-47c5-9f26-f6c61a0fac17" />
    <UnitTestResult executionId="ea3dff20-5f02-46e4-943e-4dcd9bf8b1b4" testId="9fb6395a-d783-cc06-5524-e8a9917e3c86" testName="DINOForge.Tests.AssetServiceTests.BundleInfo_NullName_Throws" computerName="KOOSHAPARI-DESK" duration="00:00:00.0005388" startTime="2026-03-10T03:00:55.3640195-07:00" endTime="2026-03-10T03:00:55.3640195-07:00" testType="13cdc9d9-ddb5-4fa4-a97d-d965ccfc6d4b" outcome="Passed" testListId="8c84fa94-04c1-424b-9868-57a2d4851a1d" relativeResultsDirectory="ea3dff20-5f02-46e4-943e-4dcd9bf8b1b4" />
    <UnitTestResult executionId="607fd8a4-f9a7-4ae2-b95f-c4e93d4ead25" testId="7f8aa2aa-436a-c586-756c-ea6a230b32fc" testName="DINOForge.Tests.RoleValidatorTests.ValidateRoster_MissingRoles_Detected" computerName="KOOSHAPARI-DESK" duration="00:00:00.0024962" startTime="2026-03-10T03:00:55.3465248-07:00" endTime="2026-03-10T03:00:55.3465249-07:00" testType="13cdc9d9-ddb5-4fa4-a97d-d965ccfc6d4b" outcome="Passed" testListId="8c84fa94-04c1-424b-9868-57a2d4851a1d" relativeResultsDirectory="607fd8a4-f9a7-4ae2-b95f-c4e93d4ead25" />
    <UnitTestResult executionId="3e864a43-6ec9-4598-8d26-a83a6aee8f43" testId="8f65a6db-98bb-5230-e428-8907141a44c7" testName="DINOForge.Tests.AssetServiceTests.AssetValidationResult_Failure_HasErrorsAndNoAssets" computerName="KOOSHAPARI-DESK" duration="00:00:00.0018878" startTime="2026-03-10T03:00:55.3492888-07:00" endTime="2026-03-10T03:00:55.3492889-07:00" testType="13cdc9d9-ddb5-4fa4-a97d-d965ccfc6d4b" outcome="Passed" testListId="8c84fa94-04c1-424b-9868-57a2d4851a1d" relativeResultsDirectory="3e864a43-6ec9-4598-8d26-a83a6aee8f43" />
    <UnitTestResult executionId="c735f16f-f437-4053-8d5c-0b4cec4be78e" testId="0c44c5bb-ebfa-0144-f817-c2e925362e38" testName="DINOForge.Tests.ArchetypeTests.Order_HasCorrectModifiers" computerName="KOOSHAPARI-DESK" duration="00:00:00.0003417" startTime="2026-03-10T03:00:55.3480094-07:00" endTime="2026-03-10T03:00:55.3480094-07:00" testType="13cdc9d9-ddb5-4fa4-a97d-d965ccfc6d4b" outcome="Passed" testListId="8c84fa94-04c1-424b-9868-57a2d4851a1d" relativeResultsDirectory="c735f16f-f437-4053-8d5c-0b4cec4be78e" />
    <UnitTestResult executionId="a64ebba7-4e5d-4a56-87d4-79da17d07a6d" testId="d2dceb9c-46c9-6681-1fce-eb0f573ebcdf" testName="DINOForge.Tests.AssetServiceTests.ReadCatalog_NonExistentDir_ReturnsEmpty" computerName="KOOSHAPARI-DESK" duration="00:00:00.0062423" startTime="2026-03-10T03:00:55.3622738-07:00" endTime="2026-03-10T03:00:55.3622738-07:00" testType="13cdc9d9-ddb5-4fa4-a97d-d965ccfc6d4b" outcome="Passed" testListId="8c84fa94-04c1-424b-9868-57a2d4851a1d" relativeResultsDirectory="a64ebba7-4e5d-4a56-87d4-79da17d07a6d" />
    <UnitTestResult executionId="1e8c2f79-b4b9-488b-b4f4-0e24d914aed4" testId="ef976f84-b390-919a-2cb4-c161830a981c" testName="DINOForge.Tests.SkillWaveSquadTests.Squad_SamePriority_CreatesConflict" computerName="KOOSHAPARI-DESK" duration="00:00:00.0112173" startTime="2026-03-10T03:00:55.3340610-07:00" endTime="2026-03-10T03:00:55.3340611-07:00" testType="13cdc9d9-ddb5-4fa4-a97d-d965ccfc6d4b" outcome="Passed" testListId="8c84fa94-04c1-424b-9868-57a2d4851a1d" relativeResultsDirectory="1e8c2f79-b4b9-488b-b4f4-0e24d914aed4" />
    <UnitTestResult executionId="6d183270-6446-4072-a8c5-5a4ebf88a278" testId="9551f750-6130-c656-16ab-c5433747a9e7" testName="DINOForge.Tests.AssetServiceTests.ResolveBundlePath_ReplacesPlaceholder" computerName="KOOSHAPARI-DESK" duration="00:00:00.0004729" startTime="2026-03-10T03:00:55.3630010-07:00" endTime="2026-03-10T03:00:55.3630010-07:00" testType="13cdc9d9-ddb5-4fa4-a97d-d965ccfc6d4b" outcome="Passed" testListId="8c84fa94-04c1-424b-9868-57a2d4851a1d" relativeResultsDirectory="6d183270-6446-4072-a8c5-5a4ebf88a278" />
    <UnitTestResult executionId="ed00c8f2-e3e5-44f2-9091-7456829f9f9e" testId="b1cc2d36-f469-1a92-1b5c-7e6274c58246" testName="DINOForge.Tests.RegistryStressTests.MultiplePacks_SameLoadOrder_CreatesConflicts" computerName="KOOSHAPARI-DESK" duration="00:00:00.0002973" startTime="2026-03-10T03:00:55.3621481-07:00" endTime="2026-03-10T03:00:55.3621481-07:00" testType="13cdc9d9-ddb5-4fa4-a97d-d965ccfc6d4b" outcome="Passed" testListId="8c84fa94-04c1-424b-9868-57a2d4851a1d" relativeResultsDirectory="ed00c8f2-e3e5-44f2-9091-7456829f9f9e" />
    <UnitTestResult executionId="bb72d967-9a48-4827-84aa-6549a599c003" testId="cca0b365-e830-7fba-3073-1cccc7674764" testName="DINOForge.Tests.DoctrineComprehensiveTests.ApplyAll_ArchetypePlusDoctrine_AllCombinationsProduceValidStats(archetypeId: &quot;industrial_swarm&quot;, doctrineIndex: 1)" computerName="KOOSHAPARI-DESK" duration="00:00:00.0002514" startTime="2026-03-10T03:00:55.3506184-07:00" endTime="2026-03-10T03:00:55.3506185-07:00" testType="13cdc9d9-ddb5-4fa4-a97d-d965ccfc6d4b" outcome="Passed" testListId="8c84fa94-04c1-424b-9868-57a2d4851a1d" relativeResultsDirectory="bb72d967-9a48-4827-84aa-6549a599c003" />
    <UnitTestResult executionId="568718d4-3c0c-4191-8d90-c2a3288f56d8" testId="641d8c24-9e91-82ba-99b6-519998566d32" testName="DINOForge.Tests.SkillWaveSquadTests.Wave_Register_And_Get_ReturnsEntry" computerName="KOOSHAPARI-DESK" duration="00:00:00.0004489" startTime="2026-03-10T03:00:55.3498224-07:00" endTime="2026-03-10T03:00:55.3498225-07:00" testType="13cdc9d9-ddb5-4fa4-a97d-d965ccfc6d4b" outcome="Passed" testListId="8c84fa94-04c1-424b-9868-57a2d4851a1d" relativeResultsDirectory="568718d4-3c0c-4191-8d90-c2a3288f56d8" />
    <UnitTestResult executionId="eeffcb42-422a-4530-9ff7-1f20df8a97c4" testId="7e57c6a4-3f4b-2c50-ef59-89509de31526" testName="DINOForge.Tests.RegistryTests.Override_HigherPriority_ReplacesExisting" computerName="KOOSHAPARI-DESK" duration="00:00:00.0002285" startTime="2026-03-10T03:00:55.3459244-07:00" endTime="2026-03-10T03:00:55.3459245-07:00" testType="13cdc9d9-ddb5-4fa4-a97d-d965ccfc6d4b" outcome="Passed" testListId="8c84fa94-04c1-424b-9868-57a2d4851a1d" relativeResultsDirectory="eeffcb42-422a-4530-9ff7-1f20df8a97c4" />
    <UnitTestResult executionId="9897db64-88bc-49d8-a203-16c4d7cc8d10" testId="76cbf0bb-8c6f-8776-a031-cc1a6ca98312" testName="DINOForge.Tests.SkillWaveSquadTests.Skill_Register_And_Get_ReturnsEntry" computerName="KOOSHAPARI-DESK" duration="00:00:00.0017262" startTime="2026-03-10T03:00:55.3464451-07:00" endTime="2026-03-10T03:00:55.3464452-07:00" testType="13cdc9d9-ddb5-4fa4-a97d-d965ccfc6d4b" outcome="Passed" testListId="8c84fa94-04c1-424b-9868-57a2d4851a1d" relativeResultsDirectory="9897db64-88bc-49d8-a203-16c4d7cc8d10" />
    <UnitTestResult executionId="b87a3b28-40e8-4e29-93d8-aeeefa93bbba" testId="18e964e6-f19e-cd89-b760-f95e9d7ec7d6" testName="DINOForge.Tests.ContentLoaderIntegrationTests.LoadPacks_NonexistentDirectory_Fails" computerName="KOOSHAPARI-DESK" duration="00:00:00.0015816" startTime="2026-03-10T03:00:55.4023351-07:00" endTime="2026-03-10T03:00:55.4023353-07:00" testType="13cdc9d9-ddb5-4fa4-a97d-d965ccfc6d4b" outcome="Passed" testListId="8c84fa94-04c1-424b-9868-57a2d4851a1d" relativeResultsDirectory="b87a3b28-40e8-4e29-93d8-aeeefa93bbba" />
    <UnitTestResult executionId="4b480b88-3045-4b82-8e2a-b619168d5fc8" testId="9c6fd209-60d7-a29b-59b9-80f0a5bdc3dd" testName="DINOForge.Tests.RegistryTests.All_ReturnsHighestPriorityEntries" computerName="KOOSHAPARI-DESK" duration="00:00:00.0009151" startTime="2026-03-10T03:00:55.3489356-07:00" endTime="2026-03-10T03:00:55.3489357-07:00" testType="13cdc9d9-ddb5-4fa4-a97d-d965ccfc6d4b" outcome="Passed" testListId="8c84fa94-04c1-424b-9868-57a2d4851a1d" relativeResultsDirectory="4b480b88-3045-4b82-8e2a-b619168d5fc8" />
    <UnitTestResult executionId="55353136-af04-4474-9efb-584f925d475c" testId="a8274b1c-1349-6adf-68e2-e37148579561" testName="DINOForge.Tests.DependencyResolverTests.DetectConflicts_ConflictingPacks_ReturnsConflicts" computerName="KOOSHAPARI-DESK" duration="00:00:00.0008797" startTime="2026-03-10T03:00:55.3911663-07:00" endTime="2026-03-10T03:00:55.3911664-07:00" testType="13cdc9d9-ddb5-4fa4-a97d-d965ccfc6d4b" outcome="Passed" testListId="8c84fa94-04c1-424b-9868-57a2d4851a1d" relativeResultsDirectory="55353136-af04-4474-9efb-584f925d475c" />
    <UnitTestResult executionId="1a51a648-c8e5-4b74-a371-8aac79625f9e" testId="ac5759e9-5359-60dd-3c20-cd438f4ba7c5" testName="DINOForge.Tests.DoctrineComprehensiveTests.ApplyAll_ArchetypePlusDoctrine_AllCombinationsProduceValidStats(archetypeId: &quot;order&quot;, doctrineIndex: 2)" computerName="KOOSHAPARI-DESK" duration="00:00:00.0000384" startTime="2026-03-10T03:00:55.3510820-07:00" endTime="2026-03-10T03:00:55.3510821-07:00" testType="13cdc9d9-ddb5-4fa4-a97d-d965ccfc6d4b" outcome="Passed" testListId="8c84fa94-04c1-424b-9868-57a2d4851a1d" relativeResultsDirectory="1a51a648-c8e5-4b74-a371-8aac79625f9e" />
    <UnitTestResult executionId="4e1e5573-dde2-4ae7-8899-6ce7e2cf0b3c" testId="bd7a3249-cfb9-ca7f-67da-6a8df8f2cab6" testName="DINOForge.Tests.ModelSerializationTests.WeaponDefinition_RoundTrip" computerName="KOOSHAPARI-DESK" duration="00:00:00.0026687" startTime="2026-03-10T03:00:55.3986877-07:00" endTime="2026-03-10T03:00:55.3986879-07:00" testType="13cdc9d9-ddb5-4fa4-a97d-d965ccfc6d4b" outcome="Passed" testListId="8c84fa94-04c1-424b-9868-57a2d4851a1d" relativeResultsDirectory="4e1e5573-dde2-4ae7-8899-6ce7e2cf0b3c" />
    <UnitTestResult executionId="eec74b04-361b-4874-8875-c3b033b4665c" testId="4095f644-a3c2-1a43-09ae-9000afb6f844" testName="DINOForge.Tests.DoctrineTests.ValidateDoctrine_AcceptsValidModifiers" computerName="KOOSHAPARI-DESK" duration="00:00:00.0001756" startTime="2026-03-10T03:00:55.3504776-07:00" endTime="2026-03-10T03:00:55.3504777-07:00" testType="13cdc9d9-ddb5-4fa4-a97d-d965ccfc6d4b" outcome="Passed" testListId="8c84fa94-04c1-424b-9868-57a2d4851a1d" relativeResultsDirectory="eec74b04-361b-4874-8875-c3b033b4665c" />
    <UnitTestResult executionId="b30827cd-002d-42da-bec6-1fca9317e68a" testId="7925d49e-a2a2-dd9c-160f-f21024397304" testName="DINOForge.Tests.ContentLoaderIntegrationTests.LoadPacks_MultiplePacksWithDependencies_LoadsInOrder" computerName="KOOSHAPARI-DESK" duration="00:00:00.0115620" startTime="2026-03-10T03:00:55.4312094-07:00" endTime="2026-03-10T03:00:55.4312096-07:00" testType="13cdc9d9-ddb5-4fa4-a97d-d965ccfc6d4b" outcome="Passed" testListId="8c84fa94-04c1-424b-9868-57a2d4851a1d" relativeResultsDirectory="b30827cd-002d-42da-bec6-1fca9317e68a" />
    <UnitTestResult executionId="4853f9e9-ae74-4f13-9cea-d03af8cd5aa1" testId="de2b4a44-7fe7-d9f6-0512-568d1766a2e6" testName="DINOForge.Tests.PackLoaderTests.LoadFromString_MissingVersion_Throws" computerName="KOOSHAPARI-DESK" duration="00:00:00.0020063" startTime="2026-03-10T03:00:55.3718860-07:00" endTime="2026-03-10T03:00:55.3718861-07:00" testType="13cdc9d9-ddb5-4fa4-a97d-d965ccfc6d4b" outcome="Passed" testListId="8c84fa94-04c1-424b-9868-57a2d4851a1d" relativeResultsDirectory="4853f9e9-ae74-4f13-9cea-d03af8cd5aa1" />
    <UnitTestResult executionId="0c18e5e7-919f-4604-bb69-d2e6e0e5ae2f" testId="805d68a4-93a5-8d36-affc-977da39bbc9d" testName="DINOForge.Tests.AssetServiceTests.BundleInfo_StoresAllProperties" computerName="KOOSHAPARI-DESK" duration="00:00:00.0003526" startTime="2026-03-10T03:00:55.3634340-07:00" endTime="2026-03-10T03:00:55.3634340-07:00" testType="13cdc9d9-ddb5-4fa4-a97d-d965ccfc6d4b" outcome="Passed" testListId="8c84fa94-04c1-424b-9868-57a2d4851a1d" relativeResultsDirectory="0c18e5e7-919f-4604-bb69-d2e6e0e5ae2f" />
    <UnitTestResult executionId="971e9d39-4d9d-4cd2-bfc1-4e7044b573dd" testId="0dce41f2-162f-681f-a031-40a68a893c33" testName="DINOForge.Tests.DependencyResolverTests.ComputeLoadOrder_CircularDeps_Fails" computerName="KOOSHAPARI-DESK" duration="00:00:00.0074910" startTime="2026-03-10T03:00:55.3762825-07:00" endTime="2026-03-10T03:00:55.3762826-07:00" testType="13cdc9d9-ddb5-4fa4-a97d-d965ccfc6d4b" outcome="Passed" testListId="8c84fa94-04c1-424b-9868-57a2d4851a1d" relativeResultsDirectory="971e9d39-4d9d-4cd2-bfc1-4e7044b573dd" />
    <UnitTestResult executionId="293585cf-9d14-454d-a7cd-36a104eca94f" testId="027264dc-f79b-0e07-5183-2408edd313be" testName="DINOForge.Tests.RegistryStressTests.Register_1000Entries_AllRetrievable" computerName="KOOSHAPARI-DESK" duration="00:00:00.0096700" startTime="2026-03-10T03:00:55.3534578-07:00" endTime="2026-03-10T03:00:55.3534578-07:00" testType="13cdc9d9-ddb5-4fa4-a97d-d965ccfc6d4b" outcome="Passed" testListId="8c84fa94-04c1-424b-9868-57a2d4851a1d" relativeResultsDirectory="293585cf-9d14-454d-a7cd-36a104eca94f" />
    <UnitTestResult executionId="369c9e91-3d0f-4260-9d9a-64f66da8de2e" testId="62b2233d-51f2-148d-1eb6-377b77f9259a" testName="DINOForge.Tests.DoctrineTests.ApplyAll_WithNullDoctrine_OnlyAppliesArchetype" computerName="KOOSHAPARI-DESK" duration="00:00:00.0001769" startTime="2026-03-10T03:00:55.3504231-07:00" endTime="2026-03-10T03:00:55.3504232-07:00" testType="13cdc9d9-ddb5-4fa4-a97d-d965ccfc6d4b" outcome="Passed" testListId="8c84fa94-04c1-424b-9868-57a2d4851a1d" relativeResultsDirectory="369c9e91-3d0f-4260-9d9a-64f66da8de2e" />
    <UnitTestResult executionId="a637e1ee-02a0-4e9f-acdb-cd1665730a22" testId="7a62cd4c-b049-1992-acbe-ccf93b40feca" testName="DINOForge.Tests.DependencyResolverTests.CheckFrameworkCompatibility_ExactMatch_ReturnsTrue" computerName="KOOSHAPARI-DESK" duration="00:00:00.0005107" startTime="2026-03-10T03:00:55.3928880-07:00" endTime="2026-03-10T03:00:55.3928881-07:00" testType="13cdc9d9-ddb5-4fa4-a97d-d965ccfc6d4b" outcome="Passed" testListId="8c84fa94-04c1-424b-9868-57a2d4851a1d" relativeResultsDirectory="a637e1ee-02a0-4e9f-acdb-cd1665730a22" />
    <UnitTestResult executionId="dcbbf166-fcc7-4a92-ae75-84fc89ece5e3" testId="d7d09f2c-42b5-2dc2-4f49-cc32fe0becf5" testName="DINOForge.Tests.SchemaValidationTests.ValidUnit_PassesValidation" computerName="KOOSHAPARI-DESK" duration="00:00:00.0057172" startTime="2026-03-10T03:00:55.5456846-07:00" endTime="2026-03-10T03:00:55.5456848-07:00" testType="13cdc9d9-ddb5-4fa4-a97d-d965ccfc6d4b" outcome="Passed" testListId="8c84fa94-04c1-424b-9868-57a2d4851a1d" relativeResultsDirectory="dcbbf166-fcc7-4a92-ae75-84fc89ece5e3" />
    <UnitTestResult executionId="782c4235-e3ed-46e4-b8b2-10fa00757947" testId="d042413e-788e-e433-9111-1ac09dd26512" testName="DINOForge.Tests.ModelSerializationTests.ProjectileDefinition_RoundTrip" computerName="KOOSHAPARI-DESK" duration="00:00:00.0023484" startTime="2026-03-10T03:00:55.4215807-07:00" endTime="2026-03-10T03:00:55.4215808-07:00" testType="13cdc9d9-ddb5-4fa4-a97d-d965ccfc6d4b" outcome="Passed" testListId="8c84fa94-04c1-424b-9868-57a2d4851a1d" relativeResultsDirectory="782c4235-e3ed-46e4-b8b2-10fa00757947" />
    <UnitTestResult executionId="eb4016bd-210d-47db-be6f-829e7c22fd35" testId="6cfc5943-ef4c-2ac9-222e-cddde53c63ff" testName="DINOForge.Tests.PackLoaderTests.LoadFromString_OverridesSection_ParsesCorrectly" computerName="KOOSHAPARI-DESK" duration="00:00:00.0011783" startTime="2026-03-10T03:00:55.3731196-07:00" endTime="2026-03-10T03:00:55.3731197-07:00" testType="13cdc9d9-ddb5-4fa4-a97d-d965ccfc6d4b" outcome="Passed" testListId="8c84fa94-04c1-424b-9868-57a2d4851a1d" relativeResultsDirectory="eb4016bd-210d-47db-be6f-829e7c22fd35" />
    <UnitTestResult executionId="83e5b16f-21c3-478c-86d4-614afcffab73" testId="3504ce56-0a52-7784-80ac-c07b58ca5a05" testName="DINOForge.Tests.PackLoaderTests.LoadFromString_VersionFormats_Accepted" computerName="KOOSHAPARI-DESK" duration="00:00:00.0005922" startTime="2026-03-10T03:00:55.3861509-07:00" endTime="2026-03-10T03:00:55.3861510-07:00" testType="13cdc9d9-ddb5-4fa4-a97d-d965ccfc6d4b" outcome="Passed" testListId="8c84fa94-04c1-424b-9868-57a2d4851a1d" relativeResultsDirectory="83e5b16f-21c3-478c-86d4-614afcffab73" />
    <UnitTestResult executionId="4a42aca6-e8e6-495a-8150-54d0011ab5c1" testId="f2951502-c1bd-836c-2eed-d6261a9ec56c" testName="DINOForge.Tests.ModelSerializationTests.WaveDefinition_RoundTrip" computerName="KOOSHAPARI-DESK" duration="00:00:00.0730170" startTime="2026-03-10T03:00:55.3830223-07:00" endTime="2026-03-10T03:00:55.3830225-07:00" testType="13cdc9d9-ddb5-4fa4-a97d-d965ccfc6d4b" outcome="Passed" testListId="8c84fa94-04c1-424b-9868-57a2d4851a1d" relativeResultsDirectory="4a42aca6-e8e6-495a-8150-54d0011ab5c1" />
    <UnitTestResult executionId="2a47d48b-a3d0-420b-874c-f77c1d5696e1" testId="f3a5b65e-ecc6-3e59-5274-db83b06fdf57" testName="DINOForge.Tests.BalanceComprehensiveTests.CompareFactions_ExtremeStatDifference_SignificantAdvantage" computerName="KOOSHAPARI-DESK" duration="00:00:00.0017272" startTime="2026-03-10T03:00:55.3465742-07:00" endTime="2026-03-10T03:00:55.3465743-07:00" testType="13cdc9d9-ddb5-4fa4-a97d-d965ccfc6d4b" outcome="Passed" testListId="8c84fa94-04c1-424b-9868-57a2d4851a1d" relativeResultsDirectory="2a47d48b-a3d0-420b-874c-f77c1d5696e1" />
    <UnitTestResult executionId="4e39efa1-9540-45b4-b924-d4da12cd82e8" testId="a4946ce7-2348-111e-c73f-1bc2cac7c33b" testName="DINOForge.Tests.DependencyResolverTests.ComputeLoadOrder_DiamondDependency_Resolves" computerName="KOOSHAPARI-DESK" duration="00:00:00.0013904" startTime="2026-03-10T03:00:55.3902365-07:00" endTime="2026-03-10T03:00:55.3902366-07:00" testType="13cdc9d9-ddb5-4fa4-a97d-d965ccfc6d4b" outcome="Passed" testListId="8c84fa94-04c1-424b-9868-57a2d4851a1d" relativeResultsDirectory="4e39efa1-9540-45b4-b924-d4da12cd82e8" />
    <UnitTestResult executionId="e4ed2e1a-3033-4d25-af25-667eb0f96ce8" testId="894bac8a-6546-2063-d15b-48c9eeb48197" testName="DINOForge.Tests.SchemaValidationTests.InvalidSquad_MissingUnitId_Fails" computerName="KOOSHAPARI-DESK" duration="00:00:00.0031698" startTime="2026-03-10T03:00:55.5349036-07:00" endTime="2026-03-10T03:00:55.5349038-07:00" testType="13cdc9d9-ddb5-4fa4-a97d-d965ccfc6d4b" outcome="Passed" testListId="8c84fa94-04c1-424b-9868-57a2d4851a1d" relativeResultsDirectory="e4ed2e1a-3033-4d25-af25-667eb0f96ce8" />
    <UnitTestResult executionId="8a030b44-1b59-4377-806b-cf8c35dccff0" testId="4fa72364-405d-ae11-6653-8ccd8134b76a" testName="DINOForge.Tests.DependencyResolverTests.DetectConflicts_NoConflicts_ReturnsEmpty" computerName="KOOSHAPARI-DESK" duration="00:00:00.0569553" startTime="2026-03-10T03:00:55.3669554-07:00" endTime="2026-03-10T03:00:55.3669556-07:00" testType="13cdc9d9-ddb5-4fa4-a97d-d965ccfc6d4b" outcome="Passed" testListId="8c84fa94-04c1-424b-9868-57a2d4851a1d" relativeResultsDirectory="8a030b44-1b59-4377-806b-cf8c35dccff0" />
    <UnitTestResult executionId="1f4bb85c-c0c4-4847-ac66-cd3f32de4193" testId="b0449d98-bfd9-63c0-b8c6-266758ed0d89" testName="DINOForge.Tests.PackLoaderTests.LoadFromString_VeryLongFieldValues_ParsesCorrectly" computerName="KOOSHAPARI-DESK" duration="00:00:00.0014975" startTime="2026-03-10T03:00:55.3832133-07:00" endTime="2026-03-10T03:00:55.3832135-07:00" testType="13cdc9d9-ddb5-4fa4-a97d-d965ccfc6d4b" outcome="Passed" testListId="8c84fa94-04c1-424b-9868-57a2d4851a1d" relativeResultsDirectory="1f4bb85c-c0c4-4847-ac66-cd3f32de4193" />
    <UnitTestResult executionId="c1bda856-0641-436b-b9a8-a76993846450" testId="50ecf4a6-9f0e-60cc-b360-c9e90b908395" testName="DINOForge.Tests.AssetServiceTests.AssetInfo_NullTypeName_Throws" computerName="KOOSHAPARI-DESK" duration="00:00:00.0008462" startTime="2026-03-10T03:00:55.3499716-07:00" endTime="2026-03-10T03:00:55.3499717-07:00" testType="13cdc9d9-ddb5-4fa4-a97d-d965ccfc6d4b" outcome="Passed" testListId="8c84fa94-04c1-424b-9868-57a2d4851a1d" relativeResultsDirectory="c1bda856-0641-436b-b9a8-a76993846450" />
    <UnitTestResult executionId="2055f42e-fe90-485b-8246-bfa5322d96e8" testId="eb018902-cf09-13e8-445c-57a72eb8c254" testName="DINOForge.Tests.WaveComposerTests.ComposeWaves_WaveNumbersAreSequential" computerName="KOOSHAPARI-DESK" duration="00:00:00.0008619" startTime="2026-03-10T03:00:55.3458645-07:00" endTime="2026-03-10T03:00:55.3458645-07:00" testType="13cdc9d9-ddb5-4fa4-a97d-d965ccfc6d4b" outcome="Passed" testListId="8c84fa94-04c1-424b-9868-57a2d4851a1d" relativeResultsDirectory="2055f42e-fe90-485b-8246-bfa5322d96e8" />
    <UnitTestResult executionId="854db39b-2acb-45c3-938e-ab73229cfbde" testId="6dce9165-9082-ce9b-525c-51db4f49f127" testName="DINOForge.Tests.SchemaValidationTests.ValidFaction_PassesValidation" computerName="KOOSHAPARI-DESK" duration="00:00:00.0059519" startTime="2026-03-10T03:00:55.5517067-07:00" endTime="2026-03-10T03:00:55.5517069-07:00" testType="13cdc9d9-ddb5-4fa4-a97d-d965ccfc6d4b" outcome="Passed" testListId="8c84fa94-04c1-424b-9868-57a2d4851a1d" relativeResultsDirectory="854db39b-2acb-45c3-938e-ab73229cfbde" />
    <UnitTestResult executionId="5c2b0cb2-a431-451b-a000-632e404dcec3" testId="e6b33b4a-35e2-89c0-3c61-db039939f0db" testName="DINOForge.Tests.ArchetypeTests.Asymmetric_HasCorrectModifiers" computerName="KOOSHAPARI-DESK" duration="00:00:00.0006173" startTime="2026-03-10T03:00:55.3467012-07:00" endTime="2026-03-10T03:00:55.3467013-07:00" testType="13cdc9d9-ddb5-4fa4-a97d-d965ccfc6d4b" outcome="Passed" testListId="8c84fa94-04c1-424b-9868-57a2d4851a1d" relativeResultsDirectory="5c2b0cb2-a431-451b-a000-632e404dcec3" />
    <UnitTestResult executionId="dbe3d630-dc98-4a92-b0db-3e390ac7812c" testId="a8a07765-e31f-6002-6726-1bc477905c75" testName="DINOForge.Tests.DoctrineComprehensiveTests.ApplyAll_ArchetypePlusDoctrine_AllCombinationsProduceValidStats(archetypeId: &quot;asymmetric&quot;, doctrineIndex: 3)" computerName="KOOSHAPARI-DESK" duration="00:00:00.0000347" startTime="2026-03-10T03:00:55.3511197-07:00" endTime="2026-03-10T03:00:55.3511197-07:00" testType="13cdc9d9-ddb5-4fa4-a97d-d965ccfc6d4b" outcome="Passed" testListId="8c84fa94-04c1-424b-9868-57a2d4851a1d" relativeResultsDirectory="dbe3d630-dc98-4a92-b0db-3e390ac7812c" />
    <UnitTestResult executionId="092efd7f-82bc-486f-aca2-e722f6a1a520" testId="9fbf0840-8d1c-7557-d8a6-c45d960ad16f" testName="DINOForge.Tests.RegistryStressTests.Registry_CaseInsensitiveLookup" computerName="KOOSHAPARI-DESK" duration="00:00:00.0002910" startTime="2026-03-10T03:00:55.3452241-07:00" endTime="2026-03-10T03:00:55.3452242-07:00" testType="13cdc9d9-ddb5-4fa4-a97d-d965ccfc6d4b" outcome="Passed" testListId="8c84fa94-04c1-424b-9868-57a2d4851a1d" relativeResultsDirectory="092efd7f-82bc-486f-aca2-e722f6a1a520" />
    <UnitTestResult executionId="283e4e6b-3194-48c4-aaf9-642c056c87c4" testId="eea87505-ab1a-53c9-0c1e-f56010191b16" testName="DINOForge.Tests.DoctrineComprehensiveTests.ApplyDoctrine_UnknownModifierKey_SilentlyIgnored" computerName="KOOSHAPARI-DESK" duration="00:00:00.0002645" startTime="2026-03-10T03:00:55.3621098-07:00" endTime="2026-03-10T03:00:55.3621099-07:00" testType="13cdc9d9-ddb5-4fa4-a97d-d965ccfc6d4b" outcome="Passed" testListId="8c84fa94-04c1-424b-9868-57a2d4851a1d" relativeResultsDirectory="283e4e6b-3194-48c4-aaf9-642c056c87c4" />
    <UnitTestResult executionId="8a4ca36c-2690-428d-9b32-a5b2e40dca75" testId="90494b67-8c82-892a-5280-3e3b99a672f2" testName="DINOForge.Tests.DependencyResolverTests.ComputeLoadOrder_SinglePack_ReturnsSingle" computerName="KOOSHAPARI-DESK" duration="00:00:00.0007609" startTime="2026-03-10T03:00:55.3828044-07:00" endTime="2026-03-10T03:00:55.3828046-07:00" testType="13cdc9d9-ddb5-4fa4-a97d-d965ccfc6d4b" outcome="Passed" testListId="8c84fa94-04c1-424b-9868-57a2d4851a1d" relativeResultsDirectory="8a4ca36c-2690-428d-9b32-a5b2e40dca75" />
    <UnitTestResult executionId="021570ed-42cd-468e-9e52-c7c1ae508d9d" testId="afb61d9f-0438-2541-98e4-725c27273e3f" testName="DINOForge.Tests.DoctrineTests.ApplyDoctrine_ModifiesStatsCorrectly" computerName="KOOSHAPARI-DESK" duration="00:00:00.0003858" startTime="2026-03-10T03:00:55.3525259-07:00" endTime="2026-03-10T03:00:55.3525259-07:00" testType="13cdc9d9-ddb5-4fa4-a97d-d965ccfc6d4b" outcome="Passed" testListId="8c84fa94-04c1-424b-9868-57a2d4851a1d" relativeResultsDirectory="021570ed-42cd-468e-9e52-c7c1ae508d9d" />
    <UnitTestResult executionId="21cacbcd-6669-45ed-a60e-4a608853a7b1" testId="5ff053cd-903e-0301-7242-ea968eff5504" testName="DINOForge.Tests.PackLoaderTests.LoadFromString_UnknownFields_IgnoredGracefully" computerName="KOOSHAPARI-DESK" duration="00:00:00.0007747" startTime="2026-03-10T03:00:55.3739484-07:00" endTime="2026-03-10T03:00:55.3739485-07:00" testType="13cdc9d9-ddb5-4fa4-a97d-d965ccfc6d4b" outcome="Passed" testListId="8c84fa94-04c1-424b-9868-57a2d4851a1d" relativeResultsDirectory="21cacbcd-6669-45ed-a60e-4a608853a7b1" />
    <UnitTestResult executionId="bc211a7d-2c50-4e8a-a79d-ad4e41ba4812" testId="db76d43f-9125-36f4-4842-047978a32143" testName="DINOForge.Tests.RegistryStressTests.SequentialAccess_SameKeys_ReturnsConsistentResults" computerName="KOOSHAPARI-DESK" duration="00:00:00.0010797" startTime="2026-03-10T03:00:55.3615005-07:00" endTime="2026-03-10T03:00:55.3615005-07:00" testType="13cdc9d9-ddb5-4fa4-a97d-d965ccfc6d4b" outcome="Passed" testListId="8c84fa94-04c1-424b-9868-57a2d4851a1d" relativeResultsDirectory="bc211a7d-2c50-4e8a-a79d-ad4e41ba4812" />
    <UnitTestResult executionId="5b61cb73-fd2f-4f0b-a0ff-fa2e57d2377b" testId="af87bca0-e335-36e0-23ae-4661f80a48b9" testName="DINOForge.Tests.DoctrineComprehensiveTests.ApplyAll_ArchetypePlusDoctrine_AllCombinationsProduceValidStats(archetypeId: &quot;industrial_swarm&quot;, doctrineIndex: 3)" computerName="KOOSHAPARI-DESK" duration="00:00:00.0000177" startTime="2026-03-10T03:00:55.3518927-07:00" endTime="2026-03-10T03:00:55.3518927-07:00" testType="13cdc9d9-ddb5-4fa4-a97d-d965ccfc6d4b" outcome="Passed" testListId="8c84fa94-04c1-424b-9868-57a2d4851a1d" relativeResultsDirectory="5b61cb73-fd2f-4f0b-a0ff-fa2e57d2377b" />
    <UnitTestResult executionId="601753bb-013f-4173-83df-0ba14c29edb1" testId="19ed5465-c7ab-906d-6dc9-67d2e22f8fe8" testName="DINOForge.Tests.DoctrineComprehensiveTests.ApplyAll_ArchetypePlusDoctrine_AllCombinationsProduceValidStats(archetypeId: &quot;order&quot;, doctrineIndex: 4)" computerName="KOOSHAPARI-DESK" duration="00:00:00.0000294" startTime="2026-03-10T03:00:55.3512014-07:00" endTime="2026-03-10T03:00:55.3512014-07:00" testType="13cdc9d9-ddb5-4fa4-a97d-d965ccfc6d4b" outcome="Passed" testListId="8c84fa94-04c1-424b-9868-57a2d4851a1d" relativeResultsDirectory="601753bb-013f-4173-83df-0ba14c29edb1" />
    <UnitTestResult executionId="096a9438-3dab-4f2a-a98a-da4e61f362cb" testId="8a377e08-c7a6-8352-05ef-34e47de9303c" testName="DINOForge.Tests.SkillWaveSquadTests.Wave_SamePriority_CreatesConflict" computerName="KOOSHAPARI-DESK" duration="00:00:00.0005537" startTime="2026-03-10T03:00:55.3472216-07:00" endTime="2026-03-10T03:00:55.3472217-07:00" testType="13cdc9d9-ddb5-4fa4-a97d-d965ccfc6d4b" outcome="Passed" testListId="8c84fa94-04c1-424b-9868-57a2d4851a1d" relativeResultsDirectory="096a9438-3dab-4f2a-a98a-da4e61f362cb" />
    <UnitTestResult executionId="9fae077e-733d-4ac2-9e42-5e6e687682af" testId="3750d309-857e-ebb7-1199-7a6b2927c712" testName="DINOForge.Tests.WaveComposerTests.ScaleWave_MinimumCountIsOne" computerName="KOOSHAPARI-DESK" duration="00:00:00.0014229" startTime="2026-03-10T03:00:55.3472925-07:00" endTime="2026-03-10T03:00:55.3472926-07:00" testType="13cdc9d9-ddb5-4fa4-a97d-d965ccfc6d4b" outcome="Passed" testListId="8c84fa94-04c1-424b-9868-57a2d4851a1d" relativeResultsDirectory="9fae077e-733d-4ac2-9e42-5e6e687682af" />
    <UnitTestResult executionId="d0e1be9d-5a5d-4ddd-becf-e06604103dd6" testId="a526f49c-8d20-d594-9ec3-ffeaf5e2e1b2" testName="DINOForge.Tests.ContentLoaderTests.LoadPack_NoLoadsSection_ScansConventionalDirs" computerName="KOOSHAPARI-DESK" duration="00:00:00.0056134" startTime="2026-03-10T03:00:55.3964848-07:00" endTime="2026-03-10T03:00:55.3964849-07:00" testType="13cdc9d9-ddb5-4fa4-a97d-d965ccfc6d4b" outcome="Passed" testListId="8c84fa94-04c1-424b-9868-57a2d4851a1d" relativeResultsDirectory="d0e1be9d-5a5d-4ddd-becf-e06604103dd6" />
    <UnitTestResult executionId="e1f56cc4-6888-4faa-8c15-3b455713c8b0" testId="7467ee7a-45fa-d663-5b3b-eb1b644db957" testName="DINOForge.Tests.DoctrineComprehensiveTests.ApplyAll_ArchetypePlusDoctrine_AllCombinationsProduceValidStats(archetypeId: &quot;order&quot;, doctrineIndex: 1)" computerName="KOOSHAPARI-DESK" duration="00:00:00.0013672" startTime="2026-03-10T03:00:55.3505257-07:00" endTime="2026-03-10T03:00:55.3505257-07:00" testType="13cdc9d9-ddb5-4fa4-a97d-d965ccfc6d4b" outcome="Passed" testListId="8c84fa94-04c1-424b-9868-57a2d4851a1d" relativeResultsDirectory="e1f56cc4-6888-4faa-8c15-3b455713c8b0" />
    <UnitTestResult executionId="48ed7676-9626-46b6-8802-c84d61370177" testId="d93e442a-e95b-dcc6-e65e-5ab3ee7c027f" testName="DINOForge.Tests.SchemaValidationTests.Unit_EmptyStringId_FailsValidation" computerName="KOOSHAPARI-DESK" duration="00:00:00.0061701" startTime="2026-03-10T03:00:55.5061175-07:00" endTime="2026-03-10T03:00:55.5061177-07:00" testType="13cdc9d9-ddb5-4fa4-a97d-d965ccfc6d4b" outcome="Passed" testListId="8c84fa94-04c1-424b-9868-57a2d4851a1d" relativeResultsDirectory="48ed7676-9626-46b6-8802-c84d61370177" />
    <UnitTestResult executionId="a8cbf4a6-8cdf-46da-ab5e-2adb3c6b4b0b" testId="8aa72ba9-2800-2d7b-1674-73c781bf1754" testName="DINOForge.Tests.WaveComposerComprehensiveTests.ComposeWaves_HighDifficulty_MoreUnitsThanNormal" computerName="KOOSHAPARI-DESK" duration="00:00:00.0004701" startTime="2026-03-10T03:00:55.3533126-07:00" endTime="2026-03-10T03:00:55.3533126-07:00" testType="13cdc9d9-ddb5-4fa4-a97d-d965ccfc6d4b" outcome="Passed" testListId="8c84fa94-04c1-424b-9868-57a2d4851a1d" relativeResultsDirectory="a8cbf4a6-8cdf-46da-ab5e-2adb3c6b4b0b" />
    <UnitTestResult executionId="ae5d2cb1-c4b4-4f00-a74a-b249c5da1392" testId="28a40fe2-7f37-9ba2-29db-ccff9575ada1" testName="DINOForge.Tests.ArchetypeTests.GetArchetype_ReturnsArchetype_ForAllCanonicalTypes(id: &quot;order&quot;)" computerName="KOOSHAPARI-DESK" duration="00:00:00.0002330" startTime="2026-03-10T03:00:55.3436334-07:00" endTime="2026-03-10T03:00:55.3436335-07:00" testType="13cdc9d9-ddb5-4fa4-a97d-d965ccfc6d4b" outcome="Passed" testListId="8c84fa94-04c1-424b-9868-57a2d4851a1d" relativeResultsDirectory="ae5d2cb1-c4b4-4f00-a74a-b249c5da1392" />
    <UnitTestResult executionId="e82fae11-7188-4659-a0fb-73a598ded298" testId="af3d88be-6a48-796d-be41-be8a5557e10f" testName="DINOForge.Tests.ArchetypeTests.All_ReturnsThreeCanonicalArchetypes" computerName="KOOSHAPARI-DESK" duration="00:00:00.0005170" startTime="2026-03-10T03:00:55.3485701-07:00" endTime="2026-03-10T03:00:55.3485701-07:00" testType="13cdc9d9-ddb5-4fa4-a97d-d965ccfc6d4b" outcome="Passed" testListId="8c84fa94-04c1-424b-9868-57a2d4851a1d" relativeResultsDirectory="e82fae11-7188-4659-a0fb-73a598ded298" />
    <UnitTestResult executionId="c6d3dd04-0a57-46fd-a037-487dbbe41bbb" testId="db848965-a529-6d1a-f130-3eacb4902285" testName="DINOForge.Tests.DoctrineComprehensiveTests.ApplyDoctrine_CostModifier_AffectsAllResources" computerName="KOOSHAPARI-DESK" duration="00:00:00.0004529" startTime="2026-03-10T03:00:55.3614474-07:00" endTime="2026-03-10T03:00:55.3614475-07:00" testType="13cdc9d9-ddb5-4fa4-a97d-d965ccfc6d4b" outcome="Passed" testListId="8c84fa94-04c1-424b-9868-57a2d4851a1d" relativeResultsDirectory="c6d3dd04-0a57-46fd-a037-487dbbe41bbb" />
    <UnitTestResult executionId="f5be7ec0-e5bd-4c6f-9b25-a709ebc46c02" testId="5929752b-2b41-e873-ac8e-1ae4fadd61eb" testName="DINOForge.Tests.PackLoaderTests.LoadFromString_UnicodePackName_ParsesCorrectly" computerName="KOOSHAPARI-DESK" duration="00:00:00.0007066" startTime="2026-03-10T03:00:55.3846672-07:00" endTime="2026-03-10T03:00:55.3846673-07:00" testType="13cdc9d9-ddb5-4fa4-a97d-d965ccfc6d4b" outcome="Passed" testListId="8c84fa94-04c1-424b-9868-57a2d4851a1d" relativeResultsDirectory="f5be7ec0-e5bd-4c6f-9b25-a709ebc46c02" />
    <UnitTestResult executionId="5c7de34f-c18e-4e58-b8b9-8ae72ea7bd00" testId="6773e43f-8f02-5d01-b78b-242feabc07ce" testName="DINOForge.Tests.ArchetypeTests.IndustrialSwarm_HasCorrectModifiers" computerName="KOOSHAPARI-DESK" duration="00:00:00.0002874" startTime="2026-03-10T03:00:55.3473085-07:00" endTime="2026-03-10T03:00:55.3473086-07:00" testType="13cdc9d9-ddb5-4fa4-a97d-d965ccfc6d4b" outcome="Passed" testListId="8c84fa94-04c1-424b-9868-57a2d4851a1d" relativeResultsDirectory="5c7de34f-c18e-4e58-b8b9-8ae72ea7bd00" />
    <UnitTestResult executionId="b438bd4e-c438-4d06-b86a-1f731ec0b47e" testId="b9d60a33-4e8b-577c-dbea-46408b02711c" testName="DINOForge.Tests.RegistryTests.DetectConflicts_SamePriority_ReturnsConflict" computerName="KOOSHAPARI-DESK" duration="00:00:00.0002486" startTime="2026-03-10T03:00:55.3471538-07:00" endTime="2026-03-10T03:00:55.3471539-07:00" testType="13cdc9d9-ddb5-4fa4-a97d-d965ccfc6d4b" outcome="Passed" testListId="8c84fa94-04c1-424b-9868-57a2d4851a1d" relativeResultsDirectory="b438bd4e-c438-4d06-b86a-1f731ec0b47e" />
    <UnitTestResult executionId="aabffb7b-69ca-435b-825e-9db4f935d92b" testId="eafb027d-b13e-412a-363d-afed8f968e3b" testName="DINOForge.Tests.RegistryTests.Get_NonExistent_ReturnsNull" computerName="KOOSHAPARI-DESK" duration="00:00:00.0002617" startTime="2026-03-10T03:00:55.3465931-07:00" endTime="2026-03-10T03:00:55.3465932-07:00" testType="13cdc9d9-ddb5-4fa4-a97d-d965ccfc6d4b" outcome="Passed" testListId="8c84fa94-04c1-424b-9868-57a2d4851a1d" relativeResultsDirectory="aabffb7b-69ca-435b-825e-9db4f935d92b" />
    <UnitTestResult executionId="aec20769-14ea-4beb-9357-3f1e701dd735" testId="732cab70-f4fc-9c80-6f0f-60c8a610eecc" testName="DINOForge.Tests.RoleValidatorTests.ValidateRoster_CompleteRoster_Passes" computerName="KOOSHAPARI-DESK" duration="00:00:00.0002799" startTime="2026-03-10T03:00:55.3478834-07:00" endTime="2026-03-10T03:00:55.3478835-07:00" testType="13cdc9d9-ddb5-4fa4-a97d-d965ccfc6d4b" outcome="Passed" testListId="8c84fa94-04c1-424b-9868-57a2d4851a1d" relativeResultsDirectory="aec20769-14ea-4beb-9357-3f1e701dd735" />
    <UnitTestResult executionId="849e35dd-2b61-45f8-89cb-8791119ea344" testId="db484504-e7a3-af3a-ff3b-bc44f654bea3" testName="DINOForge.Tests.DependencyResolverTests.ComputeLoadOrder_SelfDependency_FailsOrHandled" computerName="KOOSHAPARI-DESK" duration="00:00:00.0005918" startTime="2026-03-10T03:00:55.3917947-07:00" endTime="2026-03-10T03:00:55.3917948-07:00" testType="13cdc9d9-ddb5-4fa4-a97d-d965ccfc6d4b" outcome="Passed" testListId="8c84fa94-04c1-424b-9868-57a2d4851a1d" relativeResultsDirectory="849e35dd-2b61-45f8-89cb-8791119ea344" />
    <UnitTestResult executionId="bcadb69e-a801-4345-afc7-9aa051e9237f" testId="e8cba79b-7440-e751-1e1e-61bae6e95347" testName="DINOForge.Tests.RoleValidatorTests.ValidateRoster_EmptyRoster_AllMissing" computerName="KOOSHAPARI-DESK" duration="00:00:00.0116716" startTime="2026-03-10T03:00:55.3340703-07:00" endTime="2026-03-10T03:00:55.3340703-07:00" testType="13cdc9d9-ddb5-4fa4-a97d-d965ccfc6d4b" outcome="Passed" testListId="8c84fa94-04c1-424b-9868-57a2d4851a1d" relativeResultsDirectory="bcadb69e-a801-4345-afc7-9aa051e9237f" />
    <UnitTestResult executionId="dbee11e8-ee89-4a81-a77c-5f58dff4c2e1" testId="ea436b51-9866-c43c-8d8a-6d481b211edd" testName="DINOForge.Tests.RoleValidatorTests.ValidateRoster_UnitNotInRegistry_TreatedAsMissing" computerName="KOOSHAPARI-DESK" duration="00:00:00.0002591" startTime="2026-03-10T03:00:55.3471211-07:00" endTime="2026-03-10T03:00:55.3471212-07:00" testType="13cdc9d9-ddb5-4fa4-a97d-d965ccfc6d4b" outcome="Passed" testListId="8c84fa94-04c1-424b-9868-57a2d4851a1d" relativeResultsDirectory="dbee11e8-ee89-4a81-a77c-5f58dff4c2e1" />
    <UnitTestResult executionId="fe4f8183-8cbf-4b3d-96fd-f12ee93e12ea" testId="c4032593-6db5-04c2-1edf-bf5292c2c6a0" testName="DINOForge.Tests.SchemaValidationTests.Manifest_EmptyStringId_FailsValidation" computerName="KOOSHAPARI-DESK" duration="00:00:00.0065663" startTime="2026-03-10T03:00:55.5281035-07:00" endTime="2026-03-10T03:00:55.5281036-07:00" testType="13cdc9d9-ddb5-4fa4-a97d-d965ccfc6d4b" outcome="Passed" testListId="8c84fa94-04c1-424b-9868-57a2d4851a1d" relativeResultsDirectory="fe4f8183-8cbf-4b3d-96fd-f12ee93e12ea" />
    <UnitTestResult executionId="aa73b8b1-7219-4514-9bbf-cd9fafdb4e74" testId="10dcf2af-3be6-7d54-ba5c-6c9977227f33" testName="DINOForge.Tests.DoctrineComprehensiveTests.ApplyDoctrine_AllPredefined_NoNegativeStats(doctrineIndex: 3)" computerName="KOOSHAPARI-DESK" duration="00:00:00.0001778" startTime="2026-03-10T03:00:55.3526009-07:00" endTime="2026-03-10T03:00:55.3526010-07:00" testType="13cdc9d9-ddb5-4fa4-a97d-d965ccfc6d4b" outcome="Passed" testListId="8c84fa94-04c1-424b-9868-57a2d4851a1d" relativeResultsDirectory="aa73b8b1-7219-4514-9bbf-cd9fafdb4e74" />
    <UnitTestResult executionId="35faeac0-ff8e-432f-95d4-30b89586cae7" testId="8852f730-7203-7e03-711f-fa40fc852756" testName="DINOForge.Tests.DependencyResolverTests.CheckFrameworkCompatibility_VersionWithPrefix_StripsPrefix" computerName="KOOSHAPARI-DESK" duration="00:00:00.0009326" startTime="2026-03-10T03:00:55.3772843-07:00" endTime="2026-03-10T03:00:55.3772844-07:00" testType="13cdc9d9-ddb5-4fa4-a97d-d965ccfc6d4b" outcome="Passed" testListId="8c84fa94-04c1-424b-9868-57a2d4851a1d" relativeResultsDirectory="35faeac0-ff8e-432f-95d4-30b89586cae7" />
    <UnitTestResult executionId="8334dec1-78b5-4717-986e-d5f38fdcd6fd" testId="e27a020b-4261-e91c-2f1e-83b604c068cd" testName="DINOForge.Tests.DependencyResolverTests.ResolveDeps_SatisfiedDependency_Succeeds" computerName="KOOSHAPARI-DESK" duration="00:00:00.0016566" startTime="2026-03-10T03:00:55.3956415-07:00" endTime="2026-03-10T03:00:55.3956417-07:00" testType="13cdc9d9-ddb5-4fa4-a97d-d965ccfc6d4b" outcome="Passed" testListId="8c84fa94-04c1-424b-9868-57a2d4851a1d" relativeResultsDirectory="8334dec1-78b5-4717-986e-d5f38fdcd6fd" />
    <UnitTestResult executionId="b89ac1c2-46fa-4b07-b0a1-41f25170d451" testId="81633631-a64f-5770-e3c4-c82f6317a90c" testName="DINOForge.Tests.RegistryTests.Contains_NotRegistered_ReturnsFalse" computerName="KOOSHAPARI-DESK" duration="00:00:00.0112761" startTime="2026-03-10T03:00:55.3427971-07:00" endTime="2026-03-10T03:00:55.3427972-07:00" testType="13cdc9d9-ddb5-4fa4-a97d-d965ccfc6d4b" outcome="Passed" testListId="8c84fa94-04c1-424b-9868-57a2d4851a1d" relativeResultsDirectory="b89ac1c2-46fa-4b07-b0a1-41f25170d451" />
    <UnitTestResult executionId="08db0768-fd96-4555-b1eb-82e06e0a8bc0" testId="cf81f9c6-b694-eb35-9b2a-35a726bf0d5e" testName="DINOForge.Tests.AssetServiceTests.ListBundles_NonExistentDir_ReturnsEmpty" computerName="KOOSHAPARI-DESK" duration="00:00:00.0006912" startTime="2026-03-10T03:00:55.3639624-07:00" endTime="2026-03-10T03:00:55.3639625-07:00" testType="13cdc9d9-ddb5-4fa4-a97d-d965ccfc6d4b" outcome="Passed" testListId="8c84fa94-04c1-424b-9868-57a2d4851a1d" relativeResultsDirectory="08db0768-fd96-4555-b1eb-82e06e0a8bc0" />
    <UnitTestResult executionId="622bc209-d52f-4dd4-80fe-6edd5e318c7b" testId="af1cf6f6-ffb0-e87e-3807-70d1e7f11bcd" testName="DINOForge.Tests.DoctrineComprehensiveTests.ApplyDoctrine_AllPredefined_NoNegativeStats(doctrineIndex: 4)" computerName="KOOSHAPARI-DESK" duration="00:00:00.0003874" startTime="2026-03-10T03:00:55.3524759-07:00" endTime="2026-03-10T03:00:55.3524759-07:00" testType="13cdc9d9-ddb5-4fa4-a97d-d965ccfc6d4b" outcome="Passed" testListId="8c84fa94-04c1-424b-9868-57a2d4851a1d" relativeResultsDirectory="622bc209-d52f-4dd4-80fe-6edd5e318c7b" />
    <UnitTestResult executionId="d8bb1902-eb9c-4097-87c1-7f205f555e04" testId="de3f81df-939d-c169-d1df-dcc22df3c989" testName="DINOForge.Tests.BalanceCalculatorTests.CalculateFactionPower_AggregatesAllFactionUnits" computerName="KOOSHAPARI-DESK" duration="00:00:00.0029462" startTime="2026-03-10T03:00:55.3520329-07:00" endTime="2026-03-10T03:00:55.3520329-07:00" testType="13cdc9d9-ddb5-4fa4-a97d-d965ccfc6d4b" outcome="Passed" testListId="8c84fa94-04c1-424b-9868-57a2d4851a1d" relativeResultsDirectory="d8bb1902-eb9c-4097-87c1-7f205f555e04" />
    <UnitTestResult executionId="269d126d-309b-4779-b40d-9e4870fa233e" testId="70b273ca-5436-5de2-9444-2fd84db548a5" testName="DINOForge.Tests.AssetServiceTests.AssetValidationResult_ValidResult_HasNoErrors" computerName="KOOSHAPARI-DESK" duration="00:00:00.0003266" startTime="2026-03-10T03:00:55.3624188-07:00" endTime="2026-03-10T03:00:55.3624189-07:00" testType="13cdc9d9-ddb5-4fa4-a97d-d965ccfc6d4b" outcome="Passed" testListId="8c84fa94-04c1-424b-9868-57a2d4851a1d" relativeResultsDirectory="269d126d-309b-4779-b40d-9e4870fa233e" />
    <UnitTestResult executionId="4972774b-2710-4985-8ca2-8f8690dc3d2f" testId="c958bf81-a030-f8af-3653-2135acefd7c6" testName="DINOForge.Tests.DoctrineComprehensiveTests.ApplyAll_ArchetypePlusDoctrine_AllCombinationsProduceValidStats(archetypeId: &quot;industrial_swarm&quot;, doctrineIndex: 2)" computerName="KOOSHAPARI-DESK" duration="00:00:00.0000321" startTime="2026-03-10T03:00:55.3513252-07:00" endTime="2026-03-10T03:00:55.3513253-07:00" testType="13cdc9d9-ddb5-4fa4-a97d-d965ccfc6d4b" outcome="Passed" testListId="8c84fa94-04c1-424b-9868-57a2d4851a1d" relativeResultsDirectory="4972774b-2710-4985-8ca2-8f8690dc3d2f" />
    <UnitTestResult executionId="13eb7250-f94f-4ba3-bebf-104ab35f4df4" testId="3c03ad52-e70d-e9fc-810f-bffdf7b7de5d" testName="DINOForge.Tests.PackLoaderTests.LoadFromString_ValidManifest_DeserializesCorrectly" computerName="KOOSHAPARI-DESK" duration="00:00:00.0015735" startTime="2026-03-10T03:00:55.3755754-07:00" endTime="2026-03-10T03:00:55.3755756-07:00" testType="13cdc9d9-ddb5-4fa4-a97d-d965ccfc6d4b" outcome="Passed" testListId="8c84fa94-04c1-424b-9868-57a2d4851a1d" relativeResultsDirectory="13eb7250-f94f-4ba3-bebf-104ab35f4df4" />
    <UnitTestResult executionId="ba9a3671-450b-4585-9c02-fc987082e696" testId="4c0e2c8b-da18-b58b-c74f-665909d98a43" testName="DINOForge.Tests.SchemaValidationTests.ValidWave_PassesValidation" computerName="KOOSHAPARI-DESK" duration="00:00:00.0044282" startTime="2026-03-10T03:00:55.5606477-07:00" endTime="2026-03-10T03:00:55.5606479-07:00" testType="13cdc9d9-ddb5-4fa4-a97d-d965ccfc6d4b" outcome="Passed" testListId="8c84fa94-04c1-424b-9868-57a2d4851a1d" relativeResultsDirectory="ba9a3671-450b-4585-9c02-fc987082e696" />
    <UnitTestResult executionId="124f55f3-2240-436c-a8db-0575a500d004" testId="ae0684a6-f700-7852-2de4-eb1c47cfd326" testName="DINOForge.Tests.ModelSerializationTests.FactionDefinition_RoundTrip_AllFields" computerName="KOOSHAPARI-DESK" duration="00:00:00.0096442" startTime="2026-03-10T03:00:55.4191653-07:00" endTime="2026-03-10T03:00:55.4191655-07:00" testType="13cdc9d9-ddb5-4fa4-a97d-d965ccfc6d4b" outcome="Passed" testListId="8c84fa94-04c1-424b-9868-57a2d4851a1d" relativeResultsDirectory="124f55f3-2240-436c-a8db-0575a500d004" />
    <UnitTestResult executionId="217ede3a-0efa-4184-834b-46aadfa7b547" testId="72a120fb-0e77-1f29-e916-892ba588a5f8" testName="DINOForge.Tests.RegistryStressTests.Register_ManyKeys_NoConflicts" computerName="KOOSHAPARI-DESK" duration="00:00:00.0005614" startTime="2026-03-10T03:00:55.3624643-07:00" endTime="2026-03-10T03:00:55.3624644-07:00" testType="13cdc9d9-ddb5-4fa4-a97d-d965ccfc6d4b" outcome="Passed" testListId="8c84fa94-04c1-424b-9868-57a2d4851a1d" relativeResultsDirectory="217ede3a-0efa-4184-834b-46aadfa7b547" />
    <UnitTestResult executionId="e8646a78-aad1-4820-9524-1339223867f7" testId="b801991c-c252-d8a2-517f-b32c487df433" testName="DINOForge.Tests.RegistryTests.DetectConflicts_NoConflicts_ReturnsEmpty" computerName="KOOSHAPARI-DESK" duration="00:00:00.0004079" startTime="2026-03-10T03:00:55.3459970-07:00" endTime="2026-03-10T03:00:55.3459970-07:00" testType="13cdc9d9-ddb5-4fa4-a97d-d965ccfc6d4b" outcome="Passed" testListId="8c84fa94-04c1-424b-9868-57a2d4851a1d" relativeResultsDirectory="e8646a78-aad1-4820-9524-1339223867f7" />
    <UnitTestResult executionId="e15e7e22-cbdf-4941-82f7-0a406ce9859d" testId="1394cbb0-80ef-58c3-d677-4e2f443c3d64" testName="DINOForge.Tests.RegistryTests.Register_And_Get_ReturnsEntry" computerName="KOOSHAPARI-DESK" duration="00:00:00.0001780" startTime="2026-03-10T03:00:55.3477647-07:00" endTime="2026-03-10T03:00:55.3477648-07:00" testType="13cdc9d9-ddb5-4fa4-a97d-d965ccfc6d4b" outcome="Passed" testListId="8c84fa94-04c1-424b-9868-57a2d4851a1d" relativeResultsDirectory="e15e7e22-cbdf-4941-82f7-0a406ce9859d" />
    <UnitTestResult executionId="ef8c4fff-8f38-49b1-a6df-5bb5c54a9e2d" testId="3a0f5f42-dae6-f0e3-5db7-c8d052f98b3e" testName="DINOForge.Tests.ContentLoaderTests.LoadPack_MissingManifest_Fails" computerName="KOOSHAPARI-DESK" duration="00:00:00.0017217" startTime="2026-03-10T03:00:55.4105492-07:00" endTime="2026-03-10T03:00:55.4105494-07:00" testType="13cdc9d9-ddb5-4fa4-a97d-d965ccfc6d4b" outcome="Passed" testListId="8c84fa94-04c1-424b-9868-57a2d4851a1d" relativeResultsDirectory="ef8c4fff-8f38-49b1-a6df-5bb5c54a9e2d" />
    <UnitTestResult executionId="f4d1df9e-23d9-4ee6-a3c3-d080ad78045e" testId="7e6ed2c1-46cb-58a4-5f43-d25dd3800e09" testName="DINOForge.Tests.SchemaValidationTests.InvalidDoctrine_MissingId_Fails" computerName="KOOSHAPARI-DESK" duration="00:00:00.1442250" startTime="2026-03-10T03:00:55.4541629-07:00" endTime="2026-03-10T03:00:55.4541632-07:00" testType="13cdc9d9-ddb5-4fa4-a97d-d965ccfc6d4b" outcome="Passed" testListId="8c84fa94-04c1-424b-9868-57a2d4851a1d" relativeResultsDirectory="f4d1df9e-23d9-4ee6-a3c3-d080ad78045e" />
    <UnitTestResult executionId="9020aeef-6b24-49d4-9ab6-18135e54dd04" testId="80c8b235-31ab-3c4c-d0c1-2ee1f4105ac4" testName="DINOForge.Tests.ModelSerializationTests.BuildingDefinition_RoundTrip" computerName="KOOSHAPARI-DESK" duration="00:00:00.0076209" startTime="2026-03-10T03:00:55.3959634-07:00" endTime="2026-03-10T03:00:55.3959635-07:00" testType="13cdc9d9-ddb5-4fa4-a97d-d965ccfc6d4b" outcome="Passed" testListId="8c84fa94-04c1-424b-9868-57a2d4851a1d" relativeResultsDirectory="9020aeef-6b24-49d4-9ab6-18135e54dd04" />
    <UnitTestResult executionId="18d8ab7c-0d13-4b6f-bf10-a0efb7e4a5c0" testId="dffab3e1-0178-d00e-7983-f0b5d3596311" testName="DINOForge.Tests.BalanceCalculatorTests.CompareFactions_ImbalancedFactions_ReportsAdvantage" computerName="KOOSHAPARI-DESK" duration="00:00:00.0004380" startTime="2026-03-10T03:00:55.3612173-07:00" endTime="2026-03-10T03:00:55.3612173-07:00" testType="13cdc9d9-ddb5-4fa4-a97d-d965ccfc6d4b" outcome="Passed" testListId="8c84fa94-04c1-424b-9868-57a2d4851a1d" relativeResultsDirectory="18d8ab7c-0d13-4b6f-bf10-a0efb7e4a5c0" />
    <UnitTestResult executionId="1ceaefdd-9346-4bc2-b851-4693ddf3e165" testId="3fceb0c7-0f2b-bc14-eef1-49252c514ff0" testName="DINOForge.Tests.RegistryStressTests.OverrideChain_Framework_BeatsBaseGame" computerName="KOOSHAPARI-DESK" duration="00:00:00.0112288" startTime="2026-03-10T03:00:55.3275767-07:00" endTime="2026-03-10T03:00:55.3276005-07:00" testType="13cdc9d9-ddb5-4fa4-a97d-d965ccfc6d4b" outcome="Passed" testListId="8c84fa94-04c1-424b-9868-57a2d4851a1d" relativeResultsDirectory="1ceaefdd-9346-4bc2-b851-4693ddf3e165" />
    <UnitTestResult executionId="8f4583e0-460b-477f-bfc3-ca56c4e7ca04" testId="d2c82794-be96-f56a-e6ed-639c1c64f09f" testName="DINOForge.Tests.ContentLoaderTests.LoadPacks_ResolvesOrder" computerName="KOOSHAPARI-DESK" duration="00:00:00.0186588" startTime="2026-03-10T03:00:55.3903083-07:00" endTime="2026-03-10T03:00:55.3903084-07:00" testType="13cdc9d9-ddb5-4fa4-a97d-d965ccfc6d4b" outcome="Passed" testListId="8c84fa94-04c1-424b-9868-57a2d4851a1d" relativeResultsDirectory="8f4583e0-460b-477f-bfc3-ca56c4e7ca04" />
    <UnitTestResult executionId="12f1d1ee-df28-4686-9e8a-21adfd3610c8" testId="70c3cae7-0b18-84b6-ea4d-90a6bf5e2e50" testName="DINOForge.Tests.RegistryStressTests.RegistryManager_AllContentTypes_Populated" computerName="KOOSHAPARI-DESK" duration="00:00:00.0009460" startTime="2026-03-10T03:00:55.3623236-07:00" endTime="2026-03-10T03:00:55.3623237-07:00" testType="13cdc9d9-ddb5-4fa4-a97d-d965ccfc6d4b" outcome="Passed" testListId="8c84fa94-04c1-424b-9868-57a2d4851a1d" relativeResultsDirectory="12f1d1ee-df28-4686-9e8a-21adfd3610c8" />
    <UnitTestResult executionId="c244fde6-2cac-4d23-8b4b-5dd54ae15878" testId="b92e8402-a4ab-cc33-3d76-d7b26833aeae" testName="DINOForge.Tests.SkillWaveSquadTests.Skill_SamePriority_CreatesConflict" computerName="KOOSHAPARI-DESK" duration="00:00:00.0005823" startTime="2026-03-10T03:00:55.3490206-07:00" endTime="2026-03-10T03:00:55.3490207-07:00" testType="13cdc9d9-ddb5-4fa4-a97d-d965ccfc6d4b" outcome="Passed" testListId="8c84fa94-04c1-424b-9868-57a2d4851a1d" relativeResultsDirectory="c244fde6-2cac-4d23-8b4b-5dd54ae15878" />
    <UnitTestResult executionId="08474978-4b50-4a87-b8d0-5e8655fa69fd" testId="4c47292a-5009-7ada-5746-023e5d61815c" testName="DINOForge.Tests.DoctrineComprehensiveTests.ApplyDoctrine_EmptyModifiers_ReturnsUnchangedStats" computerName="KOOSHAPARI-DESK" duration="00:00:00.0004722" startTime="2026-03-10T03:00:55.3611260-07:00" endTime="2026-03-10T03:00:55.3611261-07:00" testType="13cdc9d9-ddb5-4fa4-a97d-d965ccfc6d4b" outcome="Passed" testListId="8c84fa94-04c1-424b-9868-57a2d4851a1d" relativeResultsDirectory="08474978-4b50-4a87-b8d0-5e8655fa69fd" />
    <UnitTestResult executionId="e24b9f7f-5fc2-478b-98ae-4b2ab51c1e0d" testId="30eb7314-8d0f-0a81-4c93-3b9e51f92962" testName="DINOForge.Tests.RegistryStressTests.OverrideChain_BaseGame_Framework_DomainPlugin_Pack_PriorityCascade" computerName="KOOSHAPARI-DESK" duration="00:00:00.0001410" startTime="2026-03-10T03:00:55.3621965-07:00" endTime="2026-03-10T03:00:55.3621965-07:00" testType="13cdc9d9-ddb5-4fa4-a97d-d965ccfc6d4b" outcome="Passed" testListId="8c84fa94-04c1-424b-9868-57a2d4851a1d" relativeResultsDirectory="e24b9f7f-5fc2-478b-98ae-4b2ab51c1e0d" />
    <UnitTestResult executionId="8051c945-c296-4ae6-9986-cb6506fd50d8" testId="537b8270-6d01-3251-225b-7e3a6f3291c0" testName="DINOForge.Tests.DoctrineTests.ApplyAll_AppliesArchetypeThenDoctrine" computerName="KOOSHAPARI-DESK" duration="00:00:00.0002299" startTime="2026-03-10T03:00:55.3503670-07:00" endTime="2026-03-10T03:00:55.3503671-07:00" testType="13cdc9d9-ddb5-4fa4-a97d-d965ccfc6d4b" outcome="Passed" testListId="8c84fa94-04c1-424b-9868-57a2d4851a1d" relativeResultsDirectory="8051c945-c296-4ae6-9986-cb6506fd50d8" />
    <UnitTestResult executionId="90d2d288-c6a9-4ca7-a07f-e41670db4188" testId="398bad3f-30f7-f220-0094-20f49d0e61df" testName="DINOForge.Tests.ContentLoaderIntegrationTests.LoadPack_ExampleBalancePack_PopulatesRegistries" computerName="KOOSHAPARI-DESK" duration="00:00:00.0130695" startTime="2026-03-10T03:00:55.3815739-07:00" endTime="2026-03-10T03:00:55.3815740-07:00" testType="13cdc9d9-ddb5-4fa4-a97d-d965ccfc6d4b" outcome="Passed" testListId="8c84fa94-04c1-424b-9868-57a2d4851a1d" relativeResultsDirectory="90d2d288-c6a9-4ca7-a07f-e41670db4188" />
    <UnitTestResult executionId="449dbdc0-9d85-4966-8e19-c62b2e922325" testId="20d9e1b4-94ce-aaf0-698d-4596bd62ecd8" testName="DINOForge.Tests.DoctrineTests.ApplyDoctrine_DoesNotMutateInput" computerName="KOOSHAPARI-DESK" duration="00:00:00.0003414" startTime="2026-03-10T03:00:55.3499213-07:00" endTime="2026-03-10T03:00:55.3499213-07:00" testType="13cdc9d9-ddb5-4fa4-a97d-d965ccfc6d4b" outcome="Passed" testListId="8c84fa94-04c1-424b-9868-57a2d4851a1d" relativeResultsDirectory="449dbdc0-9d85-4966-8e19-c62b2e922325" />
    <UnitTestResult executionId="b87c430a-a861-4ae8-9e11-a20babda19df" testId="3c1ec8dc-2d72-f8d0-9e45-607f972df56d" testName="DINOForge.Tests.ModelSerializationTests.SquadDefinition_RoundTrip" computerName="KOOSHAPARI-DESK" duration="00:00:00.0213495" startTime="2026-03-10T03:00:55.4430394-07:00" endTime="2026-03-10T03:00:55.4430395-07:00" testType="13cdc9d9-ddb5-4fa4-a97d-d965ccfc6d4b" outcome="Passed" testListId="8c84fa94-04c1-424b-9868-57a2d4851a1d" relativeResultsDirectory="b87c430a-a861-4ae8-9e11-a20babda19df" />
    <UnitTestResult executionId="b90efa65-365e-4d8f-ba9c-b5a539be8407" testId="a7e98d73-0c0e-0ce9-5753-80e6f753eb0d" testName="DINOForge.Tests.RegistryTests.Override_SamePriority_CreatesConflict" computerName="KOOSHAPARI-DESK" duration="00:00:00.0012969" startTime="2026-03-10T03:00:55.3458168-07:00" endTime="2026-03-10T03:00:55.3458169-07:00" testType="13cdc9d9-ddb5-4fa4-a97d-d965ccfc6d4b" outcome="Passed" testListId="8c84fa94-04c1-424b-9868-57a2d4851a1d" relativeResultsDirectory="b90efa65-365e-4d8f-ba9c-b5a539be8407" />
    <UnitTestResult executionId="39738a48-5166-4744-8a3e-5a932a4f6695" testId="8fde169f-e102-e2c5-193b-858fac39e19e" testName="DINOForge.Tests.WaveComposerTests.ScaleWave_AppliesMultiplier" computerName="KOOSHAPARI-DESK" duration="00:00:00.0004712" startTime="2026-03-10T03:00:55.3484331-07:00" endTime="2026-03-10T03:00:55.3484332-07:00" testType="13cdc9d9-ddb5-4fa4-a97d-d965ccfc6d4b" outcome="Passed" testListId="8c84fa94-04c1-424b-9868-57a2d4851a1d" relativeResultsDirectory="39738a48-5166-4744-8a3e-5a932a4f6695" />
    <UnitTestResult executionId="6eba4526-da27-4c4a-8b9a-eb8fcff4c954" testId="4d2fc2de-c3a4-5306-e502-d9da24cf5c29" testName="DINOForge.Tests.SchemaValidationTests.ValidBuilding_PassesValidation" computerName="KOOSHAPARI-DESK" duration="00:00:00.0033751" startTime="2026-03-10T03:00:55.4743735-07:00" endTime="2026-03-10T03:00:55.4743737-07:00" testType="13cdc9d9-ddb5-4fa4-a97d-d965ccfc6d4b" outcome="Passed" testListId="8c84fa94-04c1-424b-9868-57a2d4851a1d" relativeResultsDirectory="6eba4526-da27-4c4a-8b9a-eb8fcff4c954" />
    <UnitTestResult executionId="1f18477b-4353-4bf0-9bfd-7f8951a7e6a0" testId="85f665b5-43bc-fa67-e5db-db3fc4a5387e" testName="DINOForge.Tests.DependencyResolverTests.DetectConflicts_BidirectionalConflicts_BothDetected" computerName="KOOSHAPARI-DESK" duration="00:00:00.0035824" startTime="2026-03-10T03:00:55.3878148-07:00" endTime="2026-03-10T03:00:55.3878149-07:00" testType="13cdc9d9-ddb5-4fa4-a97d-d965ccfc6d4b" outcome="Passed" testListId="8c84fa94-04c1-424b-9868-57a2d4851a1d" relativeResultsDirectory="1f18477b-4353-4bf0-9bfd-7f8951a7e6a0" />
    <UnitTestResult executionId="6ce0326d-a8a5-4b8a-8ef7-04a90d5210a9" testId="3475a9be-3d42-7f91-4dbe-22ed623f53e8" testName="DINOForge.Tests.WarfarePluginIntegrationTests.ValidatePack_WithInvalidWaveUnit_ReportsError" computerName="KOOSHAPARI-DESK" duration="00:00:00.0018103" startTime="2026-03-10T03:00:55.3492339-07:00" endTime="2026-03-10T03:00:55.3492340-07:00" testType="13cdc9d9-ddb5-4fa4-a97d-d965ccfc6d4b" outcome="Passed" testListId="8c84fa94-04c1-424b-9868-57a2d4851a1d" relativeResultsDirectory="6ce0326d-a8a5-4b8a-8ef7-04a90d5210a9" />
    <UnitTestResult executionId="c6933fc0-a1af-4d25-bd18-62364ea2ca10" testId="e77cc632-5c7c-3c74-cc30-33262d22376c" testName="DINOForge.Tests.ContentLoaderIntegrationTests.LoadPack_EmptyLoadsSections_Succeeds" computerName="KOOSHAPARI-DESK" duration="00:00:00.0345875" startTime="2026-03-10T03:00:55.3684489-07:00" endTime="2026-03-10T03:00:55.3684490-07:00" testType="13cdc9d9-ddb5-4fa4-a97d-d965ccfc6d4b" outcome="Passed" testListId="8c84fa94-04c1-424b-9868-57a2d4851a1d" relativeResultsDirectory="c6933fc0-a1af-4d25-bd18-62364ea2ca10" />
    <UnitTestResult executionId="bd1876dd-2389-4adc-a36f-47a2407cd78e" testId="a6c3e432-ec8e-44d9-9977-a4a22fb7277c" testName="DINOForge.Tests.WaveComposerComprehensiveTests.ScaleWave_PreservesMetadata" computerName="KOOSHAPARI-DESK" duration="00:00:00.0004780" startTime="2026-03-10T03:00:55.3499955-07:00" endTime="2026-03-10T03:00:55.3499956-07:00" testType="13cdc9d9-ddb5-4fa4-a97d-d965ccfc6d4b" outcome="Passed" testListId="8c84fa94-04c1-424b-9868-57a2d4851a1d" relativeResultsDirectory="bd1876dd-2389-4adc-a36f-47a2407cd78e" />
    <UnitTestResult executionId="b86df7ee-3d58-483c-8ec8-30e3c8f9ee49" testId="b97d091c-acac-14de-f506-bce9eee6603a" testName="DINOForge.Tests.SchemaValidationTests.InvalidManifest_MissingRequiredFields_FailsValidation" computerName="KOOSHAPARI-DESK" duration="00:00:00.0053074" startTime="2026-03-10T03:00:55.4998583-07:00" endTime="2026-03-10T03:00:55.4998584-07:00" testType="13cdc9d9-ddb5-4fa4-a97d-d965ccfc6d4b" outcome="Passed" testListId="8c84fa94-04c1-424b-9868-57a2d4851a1d" relativeResultsDirectory="b86df7ee-3d58-483c-8ec8-30e3c8f9ee49" />
    <UnitTestResult executionId="4ed4c07f-74f4-498b-9cff-6b94eeb8d895" testId="b1cc4ff1-c18e-a176-88d6-c3bda72ae903" testName="DINOForge.Tests.DependencyResolverTests.ComputeLoadOrder_ThreePackCircle_Fails" computerName="KOOSHAPARI-DESK" duration="00:00:00.0009852" startTime="2026-03-10T03:00:55.3939206-07:00" endTime="2026-03-10T03:00:55.3939207-07:00" testType="13cdc9d9-ddb5-4fa4-a97d-d965ccfc6d4b" outcome="Passed" testListId="8c84fa94-04c1-424b-9868-57a2d4851a1d" relativeResultsDirectory="4ed4c07f-74f4-498b-9cff-6b94eeb8d895" />
    <UnitTestResult executionId="ff51fec4-5979-452a-bfda-79140a96a0f4" testId="04af224f-ded1-35ab-da31-4dae10eaffeb" testName="DINOForge.Tests.ContentLoaderTests.LoadPack_ValidPack_Succeeds" computerName="KOOSHAPARI-DESK" duration="00:00:00.0057819" startTime="2026-03-10T03:00:55.4087591-07:00" endTime="2026-03-10T03:00:55.4087593-07:00" testType="13cdc9d9-ddb5-4fa4-a97d-d965ccfc6d4b" outcome="Passed" testListId="8c84fa94-04c1-424b-9868-57a2d4851a1d" relativeResultsDirectory="ff51fec4-5979-452a-bfda-79140a96a0f4" />
    <UnitTestResult executionId="f9bd8707-ea5b-416c-be0b-a0f4ff9ec327" testId="f578835d-65f4-2c29-d97e-5501954b3b4d" testName="DINOForge.Tests.DoctrineComprehensiveTests.ApplyDoctrine_AllPredefined_NoNegativeStats(doctrineIndex: 0)" computerName="KOOSHAPARI-DESK" duration="00:00:00.0000328" startTime="2026-03-10T03:00:55.3532153-07:00" endTime="2026-03-10T03:00:55.3532153-07:00" testType="13cdc9d9-ddb5-4fa4-a97d-d965ccfc6d4b" outcome="Passed" testListId="8c84fa94-04c1-424b-9868-57a2d4851a1d" relativeResultsDirectory="f9bd8707-ea5b-416c-be0b-a0f4ff9ec327" />
    <UnitTestResult executionId="4bec5e60-87ff-4e00-b210-5006a7d4aa3d" testId="4c5c7d5d-92d3-1b14-a2a6-7fe4c90d3a85" testName="DINOForge.Tests.DoctrineComprehensiveTests.ApplyAll_ArchetypePlusDoctrine_AllCombinationsProduceValidStats(archetypeId: &quot;order&quot;, doctrineIndex: 3)" computerName="KOOSHAPARI-DESK" duration="00:00:00.0000167" startTime="2026-03-10T03:00:55.3519278-07:00" endTime="2026-03-10T03:00:55.3519278-07:00" testType="13cdc9d9-ddb5-4fa4-a97d-d965ccfc6d4b" outcome="Passed" testListId="8c84fa94-04c1-424b-9868-57a2d4851a1d" relativeResultsDirectory="4bec5e60-87ff-4e00-b210-5006a7d4aa3d" />
    <UnitTestResult executionId="d9867cc3-8c2f-4563-b18e-14072708a89e" testId="3dba0871-2713-4b79-28a0-b8a26f3f9d96" testName="DINOForge.Tests.PackLoaderTests.LoadFromString_MissingId_Throws" computerName="KOOSHAPARI-DESK" duration="00:00:00.0011253" startTime="2026-03-10T03:00:55.3794068-07:00" endTime="2026-03-10T03:00:55.3794069-07:00" testType="13cdc9d9-ddb5-4fa4-a97d-d965ccfc6d4b" outcome="Passed" testListId="8c84fa94-04c1-424b-9868-57a2d4851a1d" relativeResultsDirectory="d9867cc3-8c2f-4563-b18e-14072708a89e" />
    <UnitTestResult executionId="f1525db1-4592-4e75-be7a-3d11b19202d6" testId="1d21822f-2314-f7b4-86d1-f59babd307da" testName="DINOForge.Tests.DoctrineComprehensiveTests.ApplyAll_ArchetypePlusDoctrine_AllCombinationsProduceValidStats(archetypeId: &quot;asymmetric&quot;, doctrineIndex: 4)" computerName="KOOSHAPARI-DESK" duration="00:00:00.0000278" startTime="2026-03-10T03:00:55.3513671-07:00" endTime="2026-03-10T03:00:55.3513671-07:00" testType="13cdc9d9-ddb5-4fa4-a97d-d965ccfc6d4b" outcome="Passed" testListId="8c84fa94-04c1-424b-9868-57a2d4851a1d" relativeResultsDirectory="f1525db1-4592-4e75-be7a-3d11b19202d6" />
    <UnitTestResult executionId="d2a14007-a21d-4e7a-913d-474630618275" testId="1176f360-81e6-379a-f527-29d455c7e1c0" testName="DINOForge.Tests.PackLoaderTests.LoadFromString_EmptyString_Throws" computerName="KOOSHAPARI-DESK" duration="00:00:00.0006525" startTime="2026-03-10T03:00:55.3853709-07:00" endTime="2026-03-10T03:00:55.3853711-07:00" testType="13cdc9d9-ddb5-4fa4-a97d-d965ccfc6d4b" outcome="Passed" testListId="8c84fa94-04c1-424b-9868-57a2d4851a1d" relativeResultsDirectory="d2a14007-a21d-4e7a-913d-474630618275" />
    <UnitTestResult executionId="34fec1ca-ae8c-483d-8d76-81554f4efdb8" testId="122e13eb-c39e-b75a-6487-70035d2e6a34" testName="DINOForge.Tests.ArchetypeTests.GetArchetype_ReturnsArchetype_ForAllCanonicalTypes(id: &quot;asymmetric&quot;)" computerName="KOOSHAPARI-DESK" duration="00:00:00.0000267" startTime="2026-03-10T03:00:55.3438423-07:00" endTime="2026-03-10T03:00:55.3438424-07:00" testType="13cdc9d9-ddb5-4fa4-a97d-d965ccfc6d4b" outcome="Passed" testListId="8c84fa94-04c1-424b-9868-57a2d4851a1d" relativeResultsDirectory="34fec1ca-ae8c-483d-8d76-81554f4efdb8" />
    <UnitTestResult executionId="3e47bba4-2415-4809-bc5a-5fa9b5f131d9" testId="f349928a-b4c5-c847-0c39-d4e0e00a65ab" testName="DINOForge.Tests.WaveComposerTests.ComposeWaves_GeneratesCorrectCount" computerName="KOOSHAPARI-DESK" duration="00:00:00.0002890" startTime="2026-03-10T03:00:55.3459651-07:00" endTime="2026-03-10T03:00:55.3459652-07:00" testType="13cdc9d9-ddb5-4fa4-a97d-d965ccfc6d4b" outcome="Passed" testListId="8c84fa94-04c1-424b-9868-57a2d4851a1d" relativeResultsDirectory="3e47bba4-2415-4809-bc5a-5fa9b5f131d9" />
    <UnitTestResult executionId="31395c61-c4f9-4bc3-b97a-4a400e3a5eb7" testId="d6ba8bc5-220b-c482-7ad6-56b0f9c1146f" testName="DINOForge.Tests.DoctrineComprehensiveTests.ApplyAll_ArchetypePlusDoctrine_AllCombinationsProduceValidStats(archetypeId: &quot;asymmetric&quot;, doctrineIndex: 0)" computerName="KOOSHAPARI-DESK" duration="00:00:00.0000394" startTime="2026-03-10T03:00:55.3506665-07:00" endTime="2026-03-10T03:00:55.3506666-07:00" testType="13cdc9d9-ddb5-4fa4-a97d-d965ccfc6d4b" outcome="Passed" testListId="8c84fa94-04c1-424b-9868-57a2d4851a1d" relativeResultsDirectory="31395c61-c4f9-4bc3-b97a-4a400e3a5eb7" />
    <UnitTestResult executionId="55f7fab2-6bfd-4c16-92a8-378d7e8a66ea" testId="aea3789b-c080-bd0c-880a-f2947c7a015c" testName="DINOForge.Tests.ModelSerializationTests.DoctrineDefinition_RoundTrip" computerName="KOOSHAPARI-DESK" duration="00:00:00.0029952" startTime="2026-03-10T03:00:55.4094461-07:00" endTime="2026-03-10T03:00:55.4094462-07:00" testType="13cdc9d9-ddb5-4fa4-a97d-d965ccfc6d4b" outcome="Passed" testListId="8c84fa94-04c1-424b-9868-57a2d4851a1d" relativeResultsDirectory="55f7fab2-6bfd-4c16-92a8-378d7e8a66ea" />
    <UnitTestResult executionId="c7e82079-68bb-4955-b227-cdb0f97a7100" testId="bbb7b877-9b0f-cbfb-6473-c70e6e6c93eb" testName="DINOForge.Tests.ContentLoaderIntegrationTests.LoadPack_AllContentTypes_RegisteredCorrectly" computerName="KOOSHAPARI-DESK" duration="00:00:00.0171315" startTime="2026-03-10T03:00:55.4195533-07:00" endTime="2026-03-10T03:00:55.4195535-07:00" testType="13cdc9d9-ddb5-4fa4-a97d-d965ccfc6d4b" outcome="Passed" testListId="8c84fa94-04c1-424b-9868-57a2d4851a1d" relativeResultsDirectory="c7e82079-68bb-4955-b227-cdb0f97a7100" />
    <UnitTestResult executionId="f92227bd-e51d-47cb-b7d3-daaa1cfe8474" testId="1a767573-a3ac-755b-bc18-d5a3e7d9705a" testName="DINOForge.Tests.DoctrineComprehensiveTests.ApplyDoctrine_MultiplyByZero_ClampsToMinimum" computerName="KOOSHAPARI-DESK" duration="00:00:00.0003776" startTime="2026-03-10T03:00:55.3611911-07:00" endTime="2026-03-10T03:00:55.3611912-07:00" testType="13cdc9d9-ddb5-4fa4-a97d-d965ccfc6d4b" outcome="Passed" testListId="8c84fa94-04c1-424b-9868-57a2d4851a1d" relativeResultsDirectory="f92227bd-e51d-47cb-b7d3-daaa1cfe8474" />
    <UnitTestResult executionId="0730bf08-393c-4777-9d62-be985691b147" testId="5bb82daf-d1c7-1660-877e-77e0f4448141" testName="DINOForge.Tests.BalanceCalculatorTests.CalculatePowerRating_ReturnsPositiveValue" computerName="KOOSHAPARI-DESK" duration="00:00:00.0001943" startTime="2026-03-10T03:00:55.3534519-07:00" endTime="2026-03-10T03:00:55.3534519-07:00" testType="13cdc9d9-ddb5-4fa4-a97d-d965ccfc6d4b" outcome="Passed" testListId="8c84fa94-04c1-424b-9868-57a2d4851a1d" relativeResultsDirectory="0730bf08-393c-4777-9d62-be985691b147" />
    <UnitTestResult executionId="4155920b-8fc4-4433-8ca7-d9e2610b5abe" testId="e63c9123-33a5-4b03-aa55-f1f13829f7a2" testName="DINOForge.Tests.ArchetypeTests.GetArchetype_ThrowsForUnknown" computerName="KOOSHAPARI-DESK" duration="00:00:00.0020457" startTime="2026-03-10T03:00:55.3460327-07:00" endTime="2026-03-10T03:00:55.3460327-07:00" testType="13cdc9d9-ddb5-4fa4-a97d-d965ccfc6d4b" outcome="Passed" testListId="8c84fa94-04c1-424b-9868-57a2d4851a1d" relativeResultsDirectory="4155920b-8fc4-4433-8ca7-d9e2610b5abe" />
    <UnitTestResult executionId="7803eece-6622-45ed-802a-530ad044270c" testId="386178bd-e624-456a-873e-34207ba3d9cb" testName="DINOForge.Tests.ContentLoaderTests.LoadPack_FactionContent_RegistersByFactionId" computerName="KOOSHAPARI-DESK" duration="00:00:00.0068452" startTime="2026-03-10T03:00:55.4028926-07:00" endTime="2026-03-10T03:00:55.4028927-07:00" testType="13cdc9d9-ddb5-4fa4-a97d-d965ccfc6d4b" outcome="Passed" testListId="8c84fa94-04c1-424b-9868-57a2d4851a1d" relativeResultsDirectory="7803eece-6622-45ed-802a-530ad044270c" />
    <UnitTestResult executionId="956e0293-1532-4fc3-a46a-0bc934176d89" testId="61cbdd2a-09f0-fb75-ef2b-8eafba437a04" testName="DINOForge.Tests.DependencyResolverTests.ComputeLoadOrder_EmptyList_Succeeds" computerName="KOOSHAPARI-DESK" duration="00:00:00.0004585" startTime="2026-03-10T03:00:55.3923162-07:00" endTime="2026-03-10T03:00:55.3923163-07:00" testType="13cdc9d9-ddb5-4fa4-a97d-d965ccfc6d4b" outcome="Passed" testListId="8c84fa94-04c1-424b-9868-57a2d4851a1d" relativeResultsDirectory="956e0293-1532-4fc3-a46a-0bc934176d89" />
    <UnitTestResult executionId="83ad3941-f13c-4b43-a71e-ee477afa0be3" testId="47d97894-f0e4-800d-c476-38b6ca7e5ed8" testName="DINOForge.Tests.DoctrineComprehensiveTests.ApplyDoctrine_MultiplyByTen_ProducesLargeButValidStats" computerName="KOOSHAPARI-DESK" duration="00:00:00.0002652" startTime="2026-03-10T03:00:55.3615485-07:00" endTime="2026-03-10T03:00:55.3615485-07:00" testType="13cdc9d9-ddb5-4fa4-a97d-d965ccfc6d4b" outcome="Passed" testListId="8c84fa94-04c1-424b-9868-57a2d4851a1d" relativeResultsDirectory="83ad3941-f13c-4b43-a71e-ee477afa0be3" />
    <UnitTestResult executionId="66e86d7f-d07a-4fbd-b6d5-83c331ef55a4" testId="99d52aa4-8a67-9706-6b3f-8b6e047ae54d" testName="DINOForge.Tests.AssetServiceTests.ValidateModBundle_NonExistentFile_ReturnsErrors" computerName="KOOSHAPARI-DESK" duration="00:00:00.0007293" startTime="2026-03-10T03:00:55.3632708-07:00" endTime="2026-03-10T03:00:55.3632709-07:00" testType="13cdc9d9-ddb5-4fa4-a97d-d965ccfc6d4b" outcome="Passed" testListId="8c84fa94-04c1-424b-9868-57a2d4851a1d" relativeResultsDirectory="66e86d7f-d07a-4fbd-b6d5-83c331ef55a4" />
    <UnitTestResult executionId="d63e482b-9e61-4a89-a6db-73b857e61f78" testId="3b2ec5c9-41df-8c6d-1318-712ca4912c64" testName="DINOForge.Tests.WaveComposerComprehensiveTests.ScaleWave_ZeroMultiplier_MinCountIsOne" computerName="KOOSHAPARI-DESK" duration="00:00:00.0002935" startTime="2026-03-10T03:00:55.3511621-07:00" endTime="2026-03-10T03:00:55.3511622-07:00" testType="13cdc9d9-ddb5-4fa4-a97d-d965ccfc6d4b" outcome="Passed" testListId="8c84fa94-04c1-424b-9868-57a2d4851a1d" relativeResultsDirectory="d63e482b-9e61-4a89-a6db-73b857e61f78" />
    <UnitTestResult executionId="fff0e76b-128d-43d2-b0b8-d8ae52ccffe4" testId="3c4ef94e-887f-c42f-6967-b01a62d0d7ff" testName="DINOForge.Tests.DoctrineComprehensiveTests.ApplyAll_ArchetypePlusDoctrine_AllCombinationsProduceValidStats(archetypeId: &quot;asymmetric&quot;, doctrineIndex: 2)" computerName="KOOSHAPARI-DESK" duration="00:00:00.0000231" startTime="2026-03-10T03:00:55.3518596-07:00" endTime="2026-03-10T03:00:55.3518597-07:00" testType="13cdc9d9-ddb5-4fa4-a97d-d965ccfc6d4b" outcome="Passed" testListId="8c84fa94-04c1-424b-9868-57a2d4851a1d" relativeResultsDirectory="fff0e76b-128d-43d2-b0b8-d8ae52ccffe4" />
    <UnitTestResult executionId="d28e8c1a-9778-46ef-a176-1c6211b948b6" testId="b5260122-7387-ce4e-8ad7-714d40f723c6" testName="DINOForge.Tests.DoctrineComprehensiveTests.ApplyAll_ArchetypePlusDoctrine_AllCombinationsProduceValidStats(archetypeId: &quot;asymmetric&quot;, doctrineIndex: 1)" computerName="KOOSHAPARI-DESK" duration="00:00:00.0000337" startTime="2026-03-10T03:00:55.3512887-07:00" endTime="2026-03-10T03:00:55.3512887-07:00" testType="13cdc9d9-ddb5-4fa4-a97d-d965ccfc6d4b" outcome="Passed" testListId="8c84fa94-04c1-424b-9868-57a2d4851a1d" relativeResultsDirectory="d28e8c1a-9778-46ef-a176-1c6211b948b6" />
[...]
    <TestEntry testId="e27a020b-4261-e91c-2f1e-83b604c068cd" executionId="8334dec1-78b5-4717-986e-d5f38fdcd6fd" testListId="8c84fa94-04c1-424b-9868-57a2d4851a1d" />
    <TestEntry testId="81633631-a64f-5770-e3c4-c82f6317a90c" executionId="b89ac1c2-46fa-4b07-b0a1-41f25170d451" testListId="8c84fa94-04c1-424b-9868-57a2d4851a1d" />
    <TestEntry testId="cf81f9c6-b694-eb35-9b2a-35a726bf0d5e" executionId="08db0768-fd96-4555-b1eb-82e06e0a8bc0" testListId="8c84fa94-04c1-424b-9868-57a2d4851a1d" />
    <TestEntry testId="af1cf6f6-ffb0-e87e-3807-70d1e7f11bcd" executionId="622bc209-d52f-4dd4-80fe-6edd5e318c7b" testListId="8c84fa94-04c1-424b-9868-57a2d4851a1d" />
    <TestEntry testId="de3f81df-939d-c169-d1df-dcc22df3c989" executionId="d8bb1902-eb9c-4097-87c1-7f205f555e04" testListId="8c84fa94-04c1-424b-9868-57a2d4851a1d" />
    <TestEntry testId="70b273ca-5436-5de2-9444-2fd84db548a5" executionId="269d126d-309b-4779-b40d-9e4870fa233e" testListId="8c84fa94-04c1-424b-9868-57a2d4851a1d" />
    <TestEntry testId="c958bf81-a030-f8af-3653-2135acefd7c6" executionId="4972774b-2710-4985-8ca2-8f8690dc3d2f" testListId="8c84fa94-04c1-424b-9868-57a2d4851a1d" />
    <TestEntry testId="3c03ad52-e70d-e9fc-810f-bffdf7b7de5d" executionId="13eb7250-f94f-4ba3-bebf-104ab35f4df4" testListId="8c84fa94-04c1-424b-9868-57a2d4851a1d" />
    <TestEntry testId="4c0e2c8b-da18-b58b-c74f-665909d98a43" executionId="ba9a3671-450b-4585-9c02-fc987082e696" testListId="8c84fa94-04c1-424b-9868-57a2d4851a1d" />
    <TestEntry testId="ae0684a6-f700-7852-2de4-eb1c47cfd326" executionId="124f55f3-2240-436c-a8db-0575a500d004" testListId="8c84fa94-04c1-424b-9868-57a2d4851a1d" />
    <TestEntry testId="72a120fb-0e77-1f29-e916-892ba588a5f8" executionId="217ede3a-0efa-4184-834b-46aadfa7b547" testListId="8c84fa94-04c1-424b-9868-57a2d4851a1d" />
    <TestEntry testId="b801991c-c252-d8a2-517f-b32c487df433" executionId="e8646a78-aad1-4820-9524-1339223867f7" testListId="8c84fa94-04c1-424b-9868-57a2d4851a1d" />
    <TestEntry testId="1394cbb0-80ef-58c3-d677-4e2f443c3d64" executionId="e15e7e22-cbdf-4941-82f7-0a406ce9859d" testListId="8c84fa94-04c1-424b-9868-57a2d4851a1d" />
    <TestEntry testId="3a0f5f42-dae6-f0e3-5db7-c8d052f98b3e" executionId="ef8c4fff-8f38-49b1-a6df-5bb5c54a9e2d" testListId="8c84fa94-04c1-424b-9868-57a2d4851a1d" />
    <TestEntry testId="7e6ed2c1-46cb-58a4-5f43-d25dd3800e09" executionId="f4d1df9e-23d9-4ee6-a3c3-d080ad78045e" testListId="8c84fa94-04c1-424b-9868-57a2d4851a1d" />
    <TestEntry testId="80c8b235-31ab-3c4c-d0c1-2ee1f4105ac4" executionId="9020aeef-6b24-49d4-9ab6-18135e54dd04" testListId="8c84fa94-04c1-424b-9868-57a2d4851a1d" />
    <TestEntry testId="dffab3e1-0178-d00e-7983-f0b5d3596311" executionId="18d8ab7c-0d13-4b6f-bf10-a0efb7e4a5c0" testListId="8c84fa94-04c1-424b-9868-57a2d4851a1d" />
    <TestEntry testId="3fceb0c7-0f2b-bc14-eef1-49252c514ff0" executionId="1ceaefdd-9346-4bc2-b851-4693ddf3e165" testListId="8c84fa94-04c1-424b-9868-57a2d4851a1d" />
    <TestEntry testId="d2c82794-be96-f56a-e6ed-639c1c64f09f" executionId="8f4583e0-460b-477f-bfc3-ca56c4e7ca04" testListId="8c84fa94-04c1-424b-9868-57a2d4851a1d" />
    <TestEntry testId="70c3cae7-0b18-84b6-ea4d-90a6bf5e2e50" executionId="12f1d1ee-df28-4686-9e8a-21adfd3610c8" testListId="8c84fa94-04c1-424b-9868-57a2d4851a1d" />
    <TestEntry testId="b92e8402-a4ab-cc33-3d76-d7b26833aeae" executionId="c244fde6-2cac-4d23-8b4b-5dd54ae15878" testListId="8c84fa94-04c1-424b-9868-57a2d4851a1d" />
    <TestEntry testId="4c47292a-5009-7ada-5746-023e5d61815c" executionId="08474978-4b50-4a87-b8d0-5e8655fa69fd" testListId="8c84fa94-04c1-424b-9868-57a2d4851a1d" />
    <TestEntry testId="30eb7314-8d0f-0a81-4c93-3b9e51f92962" executionId="e24b9f7f-5fc2-478b-98ae-4b2ab51c1e0d" testListId="8c84fa94-04c1-424b-9868-57a2d4851a1d" />
    <TestEntry testId="537b8270-6d01-3251-225b-7e3a6f3291c0" executionId="8051c945-c296-4ae6-9986-cb6506fd50d8" testListId="8c84fa94-04c1-424b-9868-57a2d4851a1d" />
    <TestEntry testId="398bad3f-30f7-f220-0094-20f49d0e61df" executionId="90d2d288-c6a9-4ca7-a07f-e41670db4188" testListId="8c84fa94-04c1-424b-9868-57a2d4851a1d" />
    <TestEntry testId="20d9e1b4-94ce-aaf0-698d-4596bd62ecd8" executionId="449dbdc0-9d85-4966-8e19-c62b2e922325" testListId="8c84fa94-04c1-424b-9868-57a2d4851a1d" />
    <TestEntry testId="3c1ec8dc-2d72-f8d0-9e45-607f972df56d" executionId="b87c430a-a861-4ae8-9e11-a20babda19df" testListId="8c84fa94-04c1-424b-9868-57a2d4851a1d" />
    <TestEntry testId="a7e98d73-0c0e-0ce9-5753-80e6f753eb0d" executionId="b90efa65-365e-4d8f-ba9c-b5a539be8407" testListId="8c84fa94-04c1-424b-9868-57a2d4851a1d" />
    <TestEntry testId="8fde169f-e102-e2c5-193b-858fac39e19e" executionId="39738a48-5166-4744-8a3e-5a932a4f6695" testListId="8c84fa94-04c1-424b-9868-57a2d4851a1d" />
    <TestEntry testId="4d2fc2de-c3a4-5306-e502-d9da24cf5c29" executionId="6eba4526-da27-4c4a-8b9a-eb8fcff4c954" testListId="8c84fa94-04c1-424b-9868-57a2d4851a1d" />
    <TestEntry testId="85f665b5-43bc-fa67-e5db-db3fc4a5387e" executionId="1f18477b-4353-4bf0-9bfd-7f8951a7e6a0" testListId="8c84fa94-04c1-424b-9868-57a2d4851a1d" />
    <TestEntry testId="3475a9be-3d42-7f91-4dbe-22ed623f53e8" executionId="6ce0326d-a8a5-4b8a-8ef7-04a90d5210a9" testListId="8c84fa94-04c1-424b-9868-57a2d4851a1d" />
    <TestEntry testId="e77cc632-5c7c-3c74-cc30-33262d22376c" executionId="c6933fc0-a1af-4d25-bd18-62364ea2ca10" testListId="8c84fa94-04c1-424b-9868-57a2d4851a1d" />
    <TestEntry testId="a6c3e432-ec8e-44d9-9977-a4a22fb7277c" executionId="bd1876dd-2389-4adc-a36f-47a2407cd78e" testListId="8c84fa94-04c1-424b-9868-57a2d4851a1d" />
    <TestEntry testId="b97d091c-acac-14de-f506-bce9eee6603a" executionId="b86df7ee-3d58-483c-8ec8-30e3c8f9ee49" testListId="8c84fa94-04c1-424b-9868-57a2d4851a1d" />
    <TestEntry testId="b1cc4ff1-c18e-a176-88d6-c3bda72ae903" executionId="4ed4c07f-74f4-498b-9cff-6b94eeb8d895" testListId="8c84fa94-04c1-424b-9868-57a2d4851a1d" />
    <TestEntry testId="04af224f-ded1-35ab-da31-4dae10eaffeb" executionId="ff51fec4-5979-452a-bfda-79140a96a0f4" testListId="8c84fa94-04c1-424b-9868-57a2d4851a1d" />
    <TestEntry testId="f578835d-65f4-2c29-d97e-5501954b3b4d" executionId="f9bd8707-ea5b-416c-be0b-a0f4ff9ec327" testListId="8c84fa94-04c1-424b-9868-57a2d4851a1d" />
    <TestEntry testId="4c5c7d5d-92d3-1b14-a2a6-7fe4c90d3a85" executionId="4bec5e60-87ff-4e00-b210-5006a7d4aa3d" testListId="8c84fa94-04c1-424b-9868-57a2d4851a1d" />
    <TestEntry testId="3dba0871-2713-4b79-28a0-b8a26f3f9d96" executionId="d9867cc3-8c2f-4563-b18e-14072708a89e" testListId="8c84fa94-04c1-424b-9868-57a2d4851a1d" />
    <TestEntry testId="1d21822f-2314-f7b4-86d1-f59babd307da" executionId="f1525db1-4592-4e75-be7a-3d11b19202d6" testListId="8c84fa94-04c1-424b-9868-57a2d4851a1d" />
    <TestEntry testId="1176f360-81e6-379a-f527-29d455c7e1c0" executionId="d2a14007-a21d-4e7a-913d-474630618275" testListId="8c84fa94-04c1-424b-9868-57a2d4851a1d" />
    <TestEntry testId="122e13eb-c39e-b75a-6487-70035d2e6a34" executionId="34fec1ca-ae8c-483d-8d76-81554f4efdb8" testListId="8c84fa94-04c1-424b-9868-57a2d4851a1d" />
    <TestEntry testId="f349928a-b4c5-c847-0c39-d4e0e00a65ab" executionId="3e47bba4-2415-4809-bc5a-5fa9b5f131d9" testListId="8c84fa94-04c1-424b-9868-57a2d4851a1d" />
    <TestEntry testId="d6ba8bc5-220b-c482-7ad6-56b0f9c1146f" executionId="31395c61-c4f9-4bc3-b97a-4a400e3a5eb7" testListId="8c84fa94-04c1-424b-9868-57a2d4851a1d" />
    <TestEntry testId="aea3789b-c080-bd0c-880a-f2947c7a015c" executionId="55f7fab2-6bfd-4c16-92a8-378d7e8a66ea" testListId="8c84fa94-04c1-424b-9868-57a2d4851a1d" />
    <TestEntry testId="bbb7b877-9b0f-cbfb-6473-c70e6e6c93eb" executionId="c7e82079-68bb-4955-b227-cdb0f97a7100" testListId="8c84fa94-04c1-424b-9868-57a2d4851a1d" />
    <TestEntry testId="1a767573-a3ac-755b-bc18-d5a3e7d9705a" executionId="f92227bd-e51d-47cb-b7d3-daaa1cfe8474" testListId="8c84fa94-04c1-424b-9868-57a2d4851a1d" />
    <TestEntry testId="5bb82daf-d1c7-1660-877e-77e0f4448141" executionId="0730bf08-393c-4777-9d62-be985691b147" testListId="8c84fa94-04c1-424b-9868-57a2d4851a1d" />
    <TestEntry testId="e63c9123-33a5-4b03-aa55-f1f13829f7a2" executionId="4155920b-8fc4-4433-8ca7-d9e2610b5abe" testListId="8c84fa94-04c1-424b-9868-57a2d4851a1d" />
    <TestEntry testId="386178bd-e624-456a-873e-34207ba3d9cb" executionId="7803eece-6622-45ed-802a-530ad044270c" testListId="8c84fa94-04c1-424b-9868-57a2d4851a1d" />
    <TestEntry testId="61cbdd2a-09f0-fb75-ef2b-8eafba437a04" executionId="956e0293-1532-4fc3-a46a-0bc934176d89" testListId="8c84fa94-04c1-424b-9868-57a2d4851a1d" />
    <TestEntry testId="47d97894-f0e4-800d-c476-38b6ca7e5ed8" executionId="83ad3941-f13c-4b43-a71e-ee477afa0be3" testListId="8c84fa94-04c1-424b-9868-57a2d4851a1d" />
    <TestEntry testId="99d52aa4-8a67-9706-6b3f-8b6e047ae54d" executionId="66e86d7f-d07a-4fbd-b6d5-83c331ef55a4" testListId="8c84fa94-04c1-424b-9868-57a2d4851a1d" />
    <TestEntry testId="3b2ec5c9-41df-8c6d-1318-712ca4912c64" executionId="d63e482b-9e61-4a89-a6db-73b857e61f78" testListId="8c84fa94-04c1-424b-9868-57a2d4851a1d" />
    <TestEntry testId="3c4ef94e-887f-c42f-6967-b01a62d0d7ff" executionId="fff0e76b-128d-43d2-b0b8-d8ae52ccffe4" testListId="8c84fa94-04c1-424b-9868-57a2d4851a1d" />
    <TestEntry testId="b5260122-7387-ce4e-8ad7-714d40f723c6" executionId="d28e8c1a-9778-46ef-a176-1c6211b948b6" testListId="8c84fa94-04c1-424b-9868-57a2d4851a1d" />
    <TestEntry testId="6643817b-cea7-de8e-bc32-7f53e3b23dda" executionId="f902f02b-d243-4410-83bb-c0e52148ae0b" testListId="8c84fa94-04c1-424b-9868-57a2d4851a1d" />
    <TestEntry testId="bfd17e29-6f1d-bec5-a227-b4d1b4109029" executionId="75568207-144b-4f79-b3ca-8e32c015bf6c" testListId="8c84fa94-04c1-424b-9868-57a2d4851a1d" />
    <TestEntry testId="19330459-aae9-313c-2269-27291c14af33" executionId="117e12ce-233e-4b01-bdef-5676f69453bf" testListId="8c84fa94-04c1-424b-9868-57a2d4851a1d" />
    <TestEntry testId="dfe362f7-1473-82dc-9646-40697328c539" executionId="8d15effc-d7e1-42d3-9eb1-2cacfe8ec445" testListId="8c84fa94-04c1-424b-9868-57a2d4851a1d" />
    <TestEntry testId="f78a4521-0cd4-cebc-e7c1-ebe3d585ba3c" executionId="547f33e8-c0ba-4992-9bd7-3b44733af464" testListId="8c84fa94-04c1-424b-9868-57a2d4851a1d" />
    <TestEntry testId="0dc7ae87-4123-78aa-97bb-42dba60abb10" executionId="5c048ca4-ee07-4fc4-bb97-fb628ea90f7e" testListId="8c84fa94-04c1-424b-9868-57a2d4851a1d" />
    <TestEntry testId="6c0b255a-063e-69e0-fdf0-5914f730c7f0" executionId="52d615fe-c3b6-4518-bba7-8af1f92792c0" testListId="8c84fa94-04c1-424b-9868-57a2d4851a1d" />
    <TestEntry testId="443e3d8d-f587-2712-04d6-5a7f6bf2dde1" executionId="b0111106-b925-4f10-90bd-d3aed9b46e19" testListId="8c84fa94-04c1-424b-9868-57a2d4851a1d" />
    <TestEntry testId="b7687cf4-aab3-14de-af5d-4d67623c28a5" executionId="45f61358-405c-4f14-b93d-73d00b482d1b" testListId="8c84fa94-04c1-424b-9868-57a2d4851a1d" />
    <TestEntry testId="edb730bb-bf47-9e5e-eefa-112ae3d0715d" executionId="9480b463-866a-4d8c-bf11-b22c1b9374f3" testListId="8c84fa94-04c1-424b-9868-57a2d4851a1d" />
    <TestEntry testId="b888acb3-5ba2-2930-7be9-bae2f7fc899d" executionId="c5467583-95e1-4c69-bd69-724fdd3baaf6" testListId="8c84fa94-04c1-424b-9868-57a2d4851a1d" />
    <TestEntry testId="2abe8364-d7cb-cbf6-a667-68e47077ba03" executionId="3f3e2855-0682-46cd-90ec-77a18883c0ad" testListId="8c84fa94-04c1-424b-9868-57a2d4851a1d" />
    <TestEntry testId="52a5425f-85f7-8661-81ae-3d49d5f513f3" executionId="cf80c3a3-14c7-401f-9239-91ee509490c0" testListId="8c84fa94-04c1-424b-9868-57a2d4851a1d" />
    <TestEntry testId="9e5304c0-3c17-3cb0-e54e-f01412d9e5d8" executionId="26f4fb1f-4989-40cb-83f3-6b5fc65bfbf5" testListId="8c84fa94-04c1-424b-9868-57a2d4851a1d" />
    <TestEntry testId="d93e2199-ad30-4a7b-7a52-c86236de344a" executionId="046c205b-6823-4dcf-a003-fc93b438b15f" testListId="8c84fa94-04c1-424b-9868-57a2d4851a1d" />
    <TestEntry testId="22657bc7-0723-d251-bc1f-186af852e389" executionId="4a8c49d5-2d6e-41cd-8800-0e2633fb32f8" testListId="8c84fa94-04c1-424b-9868-57a2d4851a1d" />
    <TestEntry testId="cb957b68-9869-2b99-2137-24966fc0a7f3" executionId="8d094739-78b1-4cc0-a5e1-67a7d3211c5c" testListId="8c84fa94-04c1-424b-9868-57a2d4851a1d" />
    <TestEntry testId="38834f55-ea6c-e876-8d47-16d173fa4a00" executionId="32ad5b4f-42a0-4bb4-a625-0e64be2ef144" testListId="8c84fa94-04c1-424b-9868-57a2d4851a1d" />
    <TestEntry testId="a877cf2d-b27f-09ac-6153-dc730f0daa67" executionId="6784a1be-c233-4144-b26f-921eb3b0f77d" testListId="8c84fa94-04c1-424b-9868-57a2d4851a1d" />
    <TestEntry testId="ee977452-4937-a132-a90f-a18723807296" executionId="7ac88a19-5d13-4eed-adba-374133f317eb" testListId="8c84fa94-04c1-424b-9868-57a2d4851a1d" />
    <TestEntry testId="f33bd13e-c9e4-015b-9ac3-8b117a2aa0b9" executionId="c69c0e10-3a86-4447-9ee2-4798888ff409" testListId="8c84fa94-04c1-424b-9868-57a2d4851a1d" />
    <TestEntry testId="e170f1f3-1f75-4ab0-0987-7c2afcb1f39d" executionId="25e0b811-6289-40bc-93dc-7fe85ba16437" testListId="8c84fa94-04c1-424b-9868-57a2d4851a1d" />
    <TestEntry testId="b1a45ce5-f035-4cd9-07cf-3cb2a6256834" executionId="9307affa-230f-4bd9-9245-11a2ccc3f149" testListId="8c84fa94-04c1-424b-9868-57a2d4851a1d" />
    <TestEntry testId="d4b8a78e-c0fa-106e-4329-72fbaf615139" executionId="0ea5fc6b-16e0-4c22-9409-6eb2001f25d6" testListId="8c84fa94-04c1-424b-9868-57a2d4851a1d" />
    <TestEntry testId="60c0402e-5928-58ab-55f4-6deab1a65044" executionId="5cbf4201-3fcf-4c03-bbb6-57b97a27e6d0" testListId="8c84fa94-04c1-424b-9868-57a2d4851a1d" />
    <TestEntry testId="777d768a-ed22-ed76-1732-f2d94233dba9" executionId="88cc1189-bf25-4126-b9c7-1ef9babc9135" testListId="8c84fa94-04c1-424b-9868-57a2d4851a1d" />
    <TestEntry testId="f01e2543-d5d6-3727-fa68-4253875e1a26" executionId="4dbd8e82-7cc4-4302-ba63-8503e3747abc" testListId="8c84fa94-04c1-424b-9868-57a2d4851a1d" />
    <TestEntry testId="e33c0ea7-eea0-985f-532c-7c00f2267551" executionId="14f2b5f0-bf90-46f8-8a4f-cb1a30857867" testListId="8c84fa94-04c1-424b-9868-57a2d4851a1d" />
    <TestEntry testId="a8cbb8a4-cb77-1dce-6394-a397d1584ab6" executionId="583fe412-e854-44d4-9d39-7c5f07e4daf3" testListId="8c84fa94-04c1-424b-9868-57a2d4851a1d" />
    <TestEntry testId="eb7a3579-17c3-9e9c-e161-bc5178377a7d" executionId="4e5940c8-0b2e-4f67-b60c-e1b942a8b134" testListId="8c84fa94-04c1-424b-9868-57a2d4851a1d" />
    <TestEntry testId="2aae41af-ddc9-9ee2-0db7-a4254cf281ec" executionId="471b6f09-8036-4f7e-8aff-9028bf25bce9" testListId="8c84fa94-04c1-424b-9868-57a2d4851a1d" />
    <TestEntry testId="c546f273-fd31-f331-066d-4919af89aa85" executionId="dc48b1dd-6eff-4cf6-99c2-f238c136a10c" testListId="8c84fa94-04c1-424b-9868-57a2d4851a1d" />
    <TestEntry testId="44e31bb4-7bf1-ea94-24b4-e0127d910bd6" executionId="eb663a18-1399-4c83-8e47-4ff936f26dcf" testListId="8c84fa94-04c1-424b-9868-57a2d4851a1d" />
    <TestEntry testId="6f4b82e8-1407-c380-39e4-c1e04ab4fd77" executionId="b556369e-e4e1-426b-8b82-6d872e5cbe70" testListId="8c84fa94-04c1-424b-9868-57a2d4851a1d" />
    <TestEntry testId="238a56cd-66de-24ef-5341-b9a27d0e8fed" executionId="7b9b8219-8893-40a9-a837-c54b3c004272" testListId="8c84fa94-04c1-424b-9868-57a2d4851a1d" />
    <TestEntry testId="f657a748-53ec-8038-42cf-3a3d84bf8250" executionId="e610d704-001a-4b42-8178-97a2500cddce" testListId="8c84fa94-04c1-424b-9868-57a2d4851a1d" />
    <TestEntry testId="52bcd5ad-6aaa-edb1-3d5f-fec6cff40df7" executionId="b7eb88f1-c5ad-4e0f-a22a-387e813539cc" testListId="8c84fa94-04c1-424b-9868-57a2d4851a1d" />
    <TestEntry testId="2dad2197-6407-f0c3-9536-10269b17fcff" executionId="0ae1a2e5-a96e-4b50-af92-35a8f9bb872d" testListId="8c84fa94-04c1-424b-9868-57a2d4851a1d" />
    <TestEntry testId="d58f752f-c7b2-2b8f-bcdd-01763730709d" executionId="663953ff-1e96-4b87-88b2-e5d46dbd68ff" testListId="8c84fa94-04c1-424b-9868-57a2d4851a1d" />
    <TestEntry testId="e27b04e7-0604-1c6f-5260-c5e652bcfd4c" executionId="c273e4ac-2eae-4994-aa7d-2e5b11915569" testListId="8c84fa94-04c1-424b-9868-57a2d4851a1d" />
    <TestEntry testId="b6f206ef-1554-e544-ebba-df42f5d1aa99" executionId="aae9709b-f9a9-4401-b232-142bbd9dfefa" testListId="8c84fa94-04c1-424b-9868-57a2d4851a1d" />
    <TestEntry testId="2b727e91-8458-5bf4-065d-777ea9a24e4a" executionId="e38e1365-3ca4-4614-a90e-305bed317d26" testListId="8c84fa94-04c1-424b-9868-57a2d4851a1d" />
    <TestEntry testId="475e0006-9c4e-1fcf-f58d-0ab528e18ee3" executionId="73d09e5b-5cb7-4aae-9ca9-702151469544" testListId="8c84fa94-04c1-424b-9868-57a2d4851a1d" />
    <TestEntry testId="32a42ee9-1b32-800f-ab4f-25fb9592eb3a" executionId="1f19df19-abf6-4775-8b5a-f71e2a65ad15" testListId="8c84fa94-04c1-424b-9868-57a2d4851a1d" />
    <TestEntry testId="f5b9a049-4af5-e928-6614-821c76518da4" executionId="ce4703b4-1d44-495e-96c2-3ee8d47f24a9" testListId="8c84fa94-04c1-424b-9868-57a2d4851a1d" />
    <TestEntry testId="8c15ddf8-f24f-8180-4c73-07a6bf72b349" executionId="f102cafb-e12b-49f6-91b8-fd2e348b0578" testListId="8c84fa94-04c1-424b-9868-57a2d4851a1d" />
    <TestEntry testId="d46569f5-ff6c-de04-b8a7-db7867d89fa7" executionId="8a42df23-38c0-4960-ad85-412c3eaec102" testListId="8c84fa94-04c1-424b-9868-57a2d4851a1d" />
    <TestEntry testId="62850bdf-5022-47e2-410b-3cbf25f1fb00" executionId="3b345680-a042-44d1-a753-807f527f2808" testListId="8c84fa94-04c1-424b-9868-57a2d4851a1d" />
    <TestEntry testId="e31f6860-0755-f323-afb1-e47d5e344a33" executionId="38768a2e-d83d-43f9-a864-0c943aa16ab1" testListId="8c84fa94-04c1-424b-9868-57a2d4851a1d" />
    <TestEntry testId="3e793737-b758-e928-0336-b40a9db40a34" executionId="d570a2f7-b8b4-4c0a-bb3b-53cb0141b12f" testListId="8c84fa94-04c1-424b-9868-57a2d4851a1d" />
    <TestEntry testId="21722142-85e4-b909-54d5-4425b83d60c0" executionId="540a876f-61ec-4a4c-8e28-9894af6586cd" testListId="8c84fa94-04c1-424b-9868-57a2d4851a1d" />
    <TestEntry testId="3a27cef2-5841-a36a-4688-b0c11b270078" executionId="5f911d70-49b3-45a8-97b6-f45a9f998332" testListId="8c84fa94-04c1-424b-9868-57a2d4851a1d" />
    <TestEntry testId="2424ae80-1760-dd26-e735-ce4db73c5b1e" executionId="29570a0c-a8e2-4864-aa2a-81d59f04211d" testListId="8c84fa94-04c1-424b-9868-57a2d4851a1d" />
    <TestEntry testId="9fbd68f2-e6fe-cbf9-1628-6581e1187829" executionId="7ac15e39-b929-4f6a-bcba-22d75f235ea7" testListId="8c84fa94-04c1-424b-9868-57a2d4851a1d" />
    <TestEntry testId="2c67744d-5b99-0979-9798-05fa172520e9" executionId="9e8c5cec-1ec4-485d-a4a2-b8a48352818e" testListId="8c84fa94-04c1-424b-9868-57a2d4851a1d" />
  </TestEntries>
  <TestLists>
    <TestList name="Results Not in a List" id="8c84fa94-04c1-424b-9868-57a2d4851a1d" />
    <TestList name="All Loaded Results" id="19431567-8539-422a-85d7-44ee4e166bda" />
  </TestLists>
  <ResultSummary outcome="Completed">
    <Counters total="200" executed="200" passed="200" failed="0" error="0" timeout="0" aborted="0" inconclusive="0" passedButRunAborted="0" notRunnable="0" notExecuted="0" disconnected="0" warning="0" completed="0" inProgress="0" pending="0" />
    <Output>
      <StdOut>[xUnit.net 00:00:00.00] xUnit.net VSTest Adapter v2.8.2+699d445a1a (64-bit .NET 8.0.10)&#xD;
[xUnit.net 00:00:00.07]   Discovering: DINOForge.Tests&#xD;
[xUnit.net 00:00:00.13]   Discovered:  DINOForge.Tests&#xD;
[xUnit.net 00:00:00.13]   Starting:    DINOForge.Tests&#xD;
[Registry] Override: id=cavalry source=Pack pack=pack-b&#xD;
[Registry] Override: id=raptor source=Pack pack=pack-b&#xD;
[Registry] Override: id=raptor source=Pack pack=dino-pack&#xD;
[Registry] Override: id=boss-wave source=Pack pack=pack-b&#xD;
[Registry] Override: id=infantry source=Pack pack=warfare-pack&#xD;
[Registry] Override: id=wave-5 source=Pack pack=scenario-pack&#xD;
[Registry] Override: id=meteor source=Pack pack=pack-b&#xD;
[Registry] Override: id=rage source=Pack pack=warfare-pack&#xD;
[xUnit.net 00:00:00.43]   Finished:    DINOForge.Tests&#xD;
</StdOut>
    </Output>
  </ResultSummary>
</TestRun>