{"meta": {"format": 3, "version": "7.13.5", "timestamp": "2026-04-11T12:00:30.493597", "branch_coverage": false, "show_contexts": false}, "files": {"src\\Tools\\DinoforgeMcp\\dinoforge_mcp\\__init__.py": {"executed_lines": [2], "summary": {"covered_lines": 1, "num_statements": 1, "percent_covered": 100.0, "percent_covered_display": "100", "missing_lines": 0, "excluded_lines": 0, "percent_statements_covered": 100.0, "percent_statements_covered_display": "100"}, "missing_lines": [], "excluded_lines": [], "functions": {"": {"executed_lines": [2], "summary": {"covered_lines": 1, "num_statements": 1, "percent_covered": 100.0, "percent_covered_display": "100", "missing_lines": 0, "excluded_lines": 0, "percent_statements_covered": 100.0, "percent_statements_covered_display": "100"}, "missing_lines": [], "excluded_lines": [], "start_line": 1}}, "classes": {"": {"executed_lines": [2], "summary": {"covered_lines": 1, "num_statements": 1, "percent_covered": 100.0, "percent_covered_display": "100", "missing_lines": 0, "excluded_lines": 0, "percent_statements_covered": 100.0, "percent_statements_covered_display": "100"}, "missing_lines": [], "excluded_lines": [], "start_line": 1}}}, "src\\Tools\\DinoforgeMcp\\dinoforge_mcp\\server.py": {"executed_lines": [], "summary": {"covered_lines": 0, "num_statements": 595, "percent_covered": 0.0, "percent_covered_display": "0", "missing_lines": 595, "excluded_lines": 0, "percent_statements_covered": 0.0, "percent_statements_covered_display": "0"}, "missing_lines": [22, 24, 25, 26, 27, 28, 29, 30, 31, 32, 33, 34, 36, 37, 38, 39, 40, 42, 45, 46, 47, 48, 49, 51, 52, 53, 56, 59, 65, 66, 68, 72, 73, 74, 75, 77, 78, 79, 80, 83, 86, 93, 95, 104, 105, 106, 107, 108, 109, 110, 111, 112, 113, 114, 115, 116, 117, 120, 122, 123, 124, 125, 126, 127, 128, 129, 136, 138, 139, 140, 141, 144, 150, 153, 154, 155, 156, 157, 158, 159, 160, 162, 163, 164, 166, 168, 171, 173, 174, 175, 176, 177, 183, 184, 185, 188, 192, 193, 235, 236, 237, 243, 244, 245, 246, 247, 249, 250, 251, 252, 259, 274, 275, 277, 280, 281, 283, 286, 287, 289, 292, 293, 295, 298, 299, 301, 304, 305, 312, 313, 314, 315, 318, 319, 328, 331, 332, 339, 340, 341, 342, 345, 346, 353, 356, 357, 364, 367, 368, 370, 373, 374, 376, 379, 380, 387, 388, 389, 390, 393, 394, 402, 403, 404, 405, 407, 408, 409, 411, 412, 413, 414, 415, 418, 419, 428, 429, 430, 431, 436, 437, 438, 439, 440, 441, 442, 443, 447, 450, 451, 460, 461, 462, 469, 470, 477, 480, 481, 492, 493, 494, 495, 496, 506, 507, 508, 511, 512, 513, 515, 516, 519, 520, 531, 532, 533, 534, 535, 544, 545, 546, 549, 550, 551, 553, 554, 557, 558, 565, 568, 569, 576, 579, 580, 587, 590, 591, 593, 594, 599, 600, 601, 608, 609, 617, 618, 619, 620, 623, 624, 640, 641, 642, 643, 644, 645, 648, 649, 656, 657, 658, 659, 662, 663, 670, 671, 672, 673, 676, 677, 684, 687, 688, 695, 696, 697, 698, 701, 702, 718, 719, 720, 721, 723, 724, 725, 726, 727, 729, 745, 746, 750, 751, 755, 756, 758, 759, 761, 762, 763, 764, 765, 767, 768, 769, 770, 771, 773, 774, 775, 776, 778, 779, 780, 781, 782, 783, 785, 786, 787, 788, 789, 790, 791, 792, 793, 794, 795, 796, 797, 800, 801, 809, 810, 811, 812, 815, 816, 849, 850, 852, 853, 854, 855, 856, 857, 860, 861, 862, 863, 864, 865, 866, 869, 875, 878, 883, 884, 885, 886, 887, 889, 890, 891, 892, 893, 894, 896, 897, 899, 900, 901, 903, 904, 907, 908, 912, 913, 914, 916, 917, 918, 919, 920, 921, 930, 931, 932, 933, 934, 935, 936, 937, 938, 947, 953, 954, 955, 956, 957, 958, 959, 960, 969, 970, 971, 972, 973, 974, 975, 976, 977, 978, 979, 987, 988, 989, 990, 991, 992, 993, 994, 995, 1002, 1014, 1015, 1029, 1035, 1038, 1039, 1047, 1048, 1054, 1055, 1056, 1059, 1060, 1061, 1062, 1063, 1064, 1065, 1066, 1068, 1070, 1079, 1081, 1090, 1091, 1098, 1099, 1100, 1103, 1104, 1117, 1118, 1125, 1126, 1127, 1128, 1129, 1130, 1131, 1132, 1133, 1134, 1135, 1136, 1139, 1140, 1142, 1143, 1144, 1145, 1146, 1147, 1152, 1153, 1154, 1161, 1162, 1169, 1170, 1171, 1172, 1173, 1174, 1175, 1176, 1177, 1180, 1181, 1186, 1187, 1188, 1189, 1190, 1192, 1194, 1195, 1196, 1197, 1199, 1200, 1201, 1202, 1203, 1204, 1205, 1207, 1217, 1218, 1221, 1222, 1229, 1230, 1231, 1232, 1233, 1234, 1235, 1236, 1237, 1238, 1241, 1242, 1250, 1251, 1252, 1253, 1254, 1255, 1256, 1263, 1264, 1267, 1268, 1273, 1274, 1275, 1276, 1277, 1279, 1280, 1281, 1284, 1285, 1286, 1288, 1293, 1294, 1301, 1302, 1303, 1306, 1307, 1308, 1309, 1312, 1313, 1314, 1315, 1322, 1323, 1325, 1332, 1333, 1339, 1340, 1341, 1344, 1345, 1352, 1353, 1354, 1361, 1362, 1363, 1380, 1381, 1382, 1399, 1400, 1405, 1410, 1416, 1422, 1424, 1426, 1427, 1428, 1435, 1436, 1439, 1440], "excluded_lines": [], "functions": {"_run_game_cli": {"executed_lines": [], "summary": {"covered_lines": 0, "num_statements": 15, "percent_covered": 0.0, "percent_covered_display": "0", "missing_lines": 15, "excluded_lines": 0, "percent_statements_covered": 0.0, "percent_statements_covered_display": "0"}, "missing_lines": [95, 104, 105, 106, 107, 108, 109, 110, 111, 112, 113, 114, 115, 116, 117], "excluded_lines": [], "start_line": 93}, "_run_pack_compiler": {"executed_lines": [], "summary": {"covered_lines": 0, "num_statements": 8, "percent_covered": 0.0, "percent_covered_display": "0", "missing_lines": 8, "excluded_lines": 0, "percent_statements_covered": 0.0, "percent_statements_covered_display": "0"}, "missing_lines": [122, 123, 124, 125, 126, 127, 128, 129], "excluded_lines": [], "start_line": 120}, "_get_vdd_index": {"executed_lines": [], "summary": {"covered_lines": 0, "num_statements": 4, "percent_covered": 0.0, "percent_covered_display": "0", "missing_lines": 4, "excluded_lines": 0, "percent_statements_covered": 0.0, "percent_statements_covered_display": "0"}, "missing_lines": [138, 139, 140, 141], "excluded_lines": [], "start_line": 136}, "_get_test_instance_path": {"executed_lines": [], "summary": {"covered_lines": 0, "num_statements": 14, "percent_covered": 0.0, "percent_covered_display": "0", "missing_lines": 14, "excluded_lines": 0, "percent_statements_covered": 0.0, "percent_statements_covered_display": "0"}, "missing_lines": [150, 153, 154, 155, 156, 157, 158, 159, 160, 162, 163, 164, 166, 168], "excluded_lines": [], "start_line": 144}, "_launch_on_vdd": {"executed_lines": [], "summary": {"covered_lines": 0, "num_statements": 8, "percent_covered": 0.0, "percent_covered_display": "0", "missing_lines": 8, "excluded_lines": 0, "percent_statements_covered": 0.0, "percent_statements_covered_display": "0"}, "missing_lines": [173, 174, 175, 176, 177, 183, 184, 185], "excluded_lines": [], "start_line": 171}, "_launch_hidden": {"executed_lines": [], "summary": {"covered_lines": 0, "num_statements": 14, "percent_covered": 0.0, "percent_covered_display": "0", "missing_lines": 14, "excluded_lines": 0, "percent_statements_covered": 0.0, "percent_statements_covered_display": "0"}, "missing_lines": [192, 193, 235, 236, 237, 243, 244, 245, 246, 247, 249, 250, 251, 252], "excluded_lines": [], "start_line": 188}, "game_status": {"executed_lines": [], "summary": {"covered_lines": 0, "num_statements": 1, "percent_covered": 0.0, "percent_covered_display": "0", "missing_lines": 1, "excluded_lines": 0, "percent_statements_covered": 0.0, "percent_statements_covered_display": "0"}, "missing_lines": [277], "excluded_lines": [], "start_line": 275}, "game_wait_world": {"executed_lines": [], "summary": {"covered_lines": 0, "num_statements": 1, "percent_covered": 0.0, "percent_covered_display": "0", "missing_lines": 1, "excluded_lines": 0, "percent_statements_covered": 0.0, "percent_statements_covered_display": "0"}, "missing_lines": [283], "excluded_lines": [], "start_line": 281}, "game_wait_for_world": {"executed_lines": [], "summary": {"covered_lines": 0, "num_statements": 1, "percent_covered": 0.0, "percent_covered_display": "0", "missing_lines": 1, "excluded_lines": 0, "percent_statements_covered": 0.0, "percent_statements_covered_display": "0"}, "missing_lines": [289], "excluded_lines": [], "start_line": 287}, "game_resources": {"executed_lines": [], "summary": {"covered_lines": 0, "num_statements": 1, "percent_covered": 0.0, "percent_covered_display": "0", "missing_lines": 1, "excluded_lines": 0, "percent_statements_covered": 0.0, "percent_statements_covered_display": "0"}, "missing_lines": [295], "excluded_lines": [], "start_line": 293}, "game_get_resources": {"executed_lines": [], "summary": {"covered_lines": 0, "num_statements": 1, "percent_covered": 0.0, "percent_covered_display": "0", "missing_lines": 1, "excluded_lines": 0, "percent_statements_covered": 0.0, "percent_statements_covered_display": "0"}, "missing_lines": [301], "excluded_lines": [], "start_line": 299}, "game_screenshot": {"executed_lines": [], "summary": {"covered_lines": 0, "num_statements": 4, "percent_covered": 0.0, "percent_covered_display": "0", "missing_lines": 4, "excluded_lines": 0, "percent_statements_covered": 0.0, "percent_statements_covered_display": "0"}, "missing_lines": [312, 313, 314, 315], "excluded_lines": [], "start_line": 305}, "game_query_entities": {"executed_lines": [], "summary": {"covered_lines": 0, "num_statements": 1, "percent_covered": 0.0, "percent_covered_display": "0", "missing_lines": 1, "excluded_lines": 0, "percent_statements_covered": 0.0, "percent_statements_covered_display": "0"}, "missing_lines": [328], "excluded_lines": [], "start_line": 319}, "game_ui_tree": {"executed_lines": [], "summary": {"covered_lines": 0, "num_statements": 4, "percent_covered": 0.0, "percent_covered_display": "0", "missing_lines": 4, "excluded_lines": 0, "percent_statements_covered": 0.0, "percent_statements_covered_display": "0"}, "missing_lines": [339, 340, 341, 342], "excluded_lines": [], "start_line": 332}, "game_click_button": {"executed_lines": [], "summary": {"covered_lines": 0, "num_statements": 1, "percent_covered": 0.0, "percent_covered_display": "0", "missing_lines": 1, "excluded_lines": 0, "percent_statements_covered": 0.0, "percent_statements_covered_display": "0"}, "missing_lines": [353], "excluded_lines": [], "start_line": 346}, "game_load_scene": {"executed_lines": [], "summary": {"covered_lines": 0, "num_statements": 1, "percent_covered": 0.0, "percent_covered_display": "0", "missing_lines": 1, "excluded_lines": 0, "percent_statements_covered": 0.0, "percent_statements_covered_display": "0"}, "missing_lines": [364], "excluded_lines": [], "start_line": 357}, "game_start": {"executed_lines": [], "summary": {"covered_lines": 0, "num_statements": 1, "percent_covered": 0.0, "percent_covered_display": "0", "missing_lines": 1, "excluded_lines": 0, "percent_statements_covered": 0.0, "percent_statements_covered_display": "0"}, "missing_lines": [370], "excluded_lines": [], "start_line": 368}, "game_dismiss": {"executed_lines": [], "summary": {"covered_lines": 0, "num_statements": 1, "percent_covered": 0.0, "percent_covered_display": "0", "missing_lines": 1, "excluded_lines": 0, "percent_statements_covered": 0.0, "percent_statements_covered_display": "0"}, "missing_lines": [376], "excluded_lines": [], "start_line": 374}, "game_catalog": {"executed_lines": [], "summary": {"covered_lines": 0, "num_statements": 4, "percent_covered": 0.0, "percent_covered_display": "0", "missing_lines": 4, "excluded_lines": 0, "percent_statements_covered": 0.0, "percent_statements_covered_display": "0"}, "missing_lines": [387, 388, 389, 390], "excluded_lines": [], "start_line": 380}, "game_launch": {"executed_lines": [], "summary": {"covered_lines": 0, "num_statements": 12, "percent_covered": 0.0, "percent_covered_display": "0", "missing_lines": 12, "excluded_lines": 0, "percent_statements_covered": 0.0, "percent_statements_covered_display": "0"}, "missing_lines": [402, 403, 404, 405, 407, 408, 409, 411, 412, 413, 414, 415], "excluded_lines": [], "start_line": 394}, "game_launch_test": {"executed_lines": [], "summary": {"covered_lines": 0, "num_statements": 13, "percent_covered": 0.0, "percent_covered_display": "0", "missing_lines": 13, "excluded_lines": 0, "percent_statements_covered": 0.0, "percent_statements_covered_display": "0"}, "missing_lines": [428, 429, 430, 431, 436, 437, 438, 439, 440, 441, 442, 443, 447], "excluded_lines": [], "start_line": 419}, "game_launch_vdd": {"executed_lines": [], "summary": {"covered_lines": 0, "num_statements": 3, "percent_covered": 0.0, "percent_covered_display": "0", "missing_lines": 3, "excluded_lines": 0, "percent_statements_covered": 0.0, "percent_statements_covered_display": "0"}, "missing_lines": [460, 461, 462], "excluded_lines": [], "start_line": 451}, "asset_validate": {"executed_lines": [], "summary": {"covered_lines": 0, "num_statements": 1, "percent_covered": 0.0, "percent_covered_display": "0", "missing_lines": 1, "excluded_lines": 0, "percent_statements_covered": 0.0, "percent_statements_covered_display": "0"}, "missing_lines": [477], "excluded_lines": [], "start_line": 470}, "asset_import": {"executed_lines": [], "summary": {"covered_lines": 0, "num_statements": 13, "percent_covered": 0.0, "percent_covered_display": "0", "missing_lines": 13, "excluded_lines": 0, "percent_statements_covered": 0.0, "percent_statements_covered_display": "0"}, "missing_lines": [492, 493, 494, 495, 496, 506, 507, 508, 511, 512, 513, 515, 516], "excluded_lines": [], "start_line": 481}, "asset_optimize": {"executed_lines": [], "summary": {"covered_lines": 0, "num_statements": 13, "percent_covered": 0.0, "percent_covered_display": "0", "missing_lines": 13, "excluded_lines": 0, "percent_statements_covered": 0.0, "percent_statements_covered_display": "0"}, "missing_lines": [531, 532, 533, 534, 535, 544, 545, 546, 549, 550, 551, 553, 554], "excluded_lines": [], "start_line": 520}, "asset_build": {"executed_lines": [], "summary": {"covered_lines": 0, "num_statements": 1, "percent_covered": 0.0, "percent_covered_display": "0", "missing_lines": 1, "excluded_lines": 0, "percent_statements_covered": 0.0, "percent_statements_covered_display": "0"}, "missing_lines": [565], "excluded_lines": [], "start_line": 558}, "pack_validate": {"executed_lines": [], "summary": {"covered_lines": 0, "num_statements": 1, "percent_covered": 0.0, "percent_covered_display": "0", "missing_lines": 1, "excluded_lines": 0, "percent_statements_covered": 0.0, "percent_statements_covered_display": "0"}, "missing_lines": [576], "excluded_lines": [], "start_line": 569}, "pack_build": {"executed_lines": [], "summary": {"covered_lines": 0, "num_statements": 1, "percent_covered": 0.0, "percent_covered_display": "0", "missing_lines": 1, "excluded_lines": 0, "percent_statements_covered": 0.0, "percent_statements_covered_display": "0"}, "missing_lines": [587], "excluded_lines": [], "start_line": 580}, "pack_list": {"executed_lines": [], "summary": {"covered_lines": 0, "num_statements": 5, "percent_covered": 0.0, "percent_covered_display": "0", "missing_lines": 5, "excluded_lines": 0, "percent_statements_covered": 0.0, "percent_statements_covered_display": "0"}, "missing_lines": [593, 594, 599, 600, 601], "excluded_lines": [], "start_line": 591}, "game_get_stat": {"executed_lines": [], "summary": {"covered_lines": 0, "num_statements": 4, "percent_covered": 0.0, "percent_covered_display": "0", "missing_lines": 4, "excluded_lines": 0, "percent_statements_covered": 0.0, "percent_statements_covered_display": "0"}, "missing_lines": [617, 618, 619, 620], "excluded_lines": [], "start_line": 609}, "game_apply_override": {"executed_lines": [], "summary": {"covered_lines": 0, "num_statements": 6, "percent_covered": 0.0, "percent_covered_display": "0", "missing_lines": 6, "excluded_lines": 0, "percent_statements_covered": 0.0, "percent_statements_covered_display": "0"}, "missing_lines": [640, 641, 642, 643, 644, 645], "excluded_lines": [], "start_line": 624}, "game_get_component_map": {"executed_lines": [], "summary": {"covered_lines": 0, "num_statements": 4, "percent_covered": 0.0, "percent_covered_display": "0", "missing_lines": 4, "excluded_lines": 0, "percent_statements_covered": 0.0, "percent_statements_covered_display": "0"}, "missing_lines": [656, 657, 658, 659], "excluded_lines": [], "start_line": 649}, "game_reload_packs": {"executed_lines": [], "summary": {"covered_lines": 0, "num_statements": 4, "percent_covered": 0.0, "percent_covered_display": "0", "missing_lines": 4, "excluded_lines": 0, "percent_statements_covered": 0.0, "percent_statements_covered_display": "0"}, "missing_lines": [670, 671, 672, 673], "excluded_lines": [], "start_line": 663}, "game_verify_mod": {"executed_lines": [], "summary": {"covered_lines": 0, "num_statements": 1, "percent_covered": 0.0, "percent_covered_display": "0", "missing_lines": 1, "excluded_lines": 0, "percent_statements_covered": 0.0, "percent_statements_covered_display": "0"}, "missing_lines": [684], "excluded_lines": [], "start_line": 677}, "game_dump_state": {"executed_lines": [], "summary": {"covered_lines": 0, "num_statements": 4, "percent_covered": 0.0, "percent_covered_display": "0", "missing_lines": 4, "excluded_lines": 0, "percent_statements_covered": 0.0, "percent_statements_covered_display": "0"}, "missing_lines": [695, 696, 697, 698], "excluded_lines": [], "start_line": 688}, "game_input": {"executed_lines": [], "summary": {"covered_lines": 0, "num_statements": 35, "percent_covered": 0.0, "percent_covered_display": "0", "missing_lines": 35, "excluded_lines": 0, "percent_statements_covered": 0.0, "percent_statements_covered_display": "0"}, "missing_lines": [718, 719, 720, 721, 723, 724, 725, 726, 727, 729, 745, 746, 750, 751, 755, 756, 758, 759, 761, 767, 773, 778, 785, 786, 787, 788, 789, 790, 791, 792, 793, 794, 795, 796, 797], "excluded_lines": [], "start_line": 702}, "game_input._make_input": {"executed_lines": [], "summary": {"covered_lines": 0, "num_statements": 4, "percent_covered": 0.0, "percent_covered_display": "0", "missing_lines": 4, "excluded_lines": 0, "percent_statements_covered": 0.0, "percent_statements_covered_display": "0"}, "missing_lines": [762, 763, 764, 765], "excluded_lines": [], "start_line": 761}, "game_input._send_key": {"executed_lines": [], "summary": {"covered_lines": 0, "num_statements": 4, "percent_covered": 0.0, "percent_covered_display": "0", "missing_lines": 4, "excluded_lines": 0, "percent_statements_covered": 0.0, "percent_statements_covered_display": "0"}, "missing_lines": [768, 769, 770, 771], "excluded_lines": [], "start_line": 767}, "game_input._send_mouse_move": {"executed_lines": [], "summary": {"covered_lines": 0, "num_statements": 3, "percent_covered": 0.0, "percent_covered_display": "0", "missing_lines": 3, "excluded_lines": 0, "percent_statements_covered": 0.0, "percent_statements_covered_display": "0"}, "missing_lines": [774, 775, 776], "excluded_lines": [], "start_line": 773}, "game_input._send_click": {"executed_lines": [], "summary": {"covered_lines": 0, "num_statements": 5, "percent_covered": 0.0, "percent_covered_display": "0", "missing_lines": 5, "excluded_lines": 0, "percent_statements_covered": 0.0, "percent_statements_covered_display": "0"}, "missing_lines": [779, 780, 781, 782, 783], "excluded_lines": [], "start_line": 778}, "game_ui_automation": {"executed_lines": [], "summary": {"covered_lines": 0, "num_statements": 4, "percent_covered": 0.0, "percent_covered_display": "0", "missing_lines": 4, "excluded_lines": 0, "percent_statements_covered": 0.0, "percent_statements_covered_display": "0"}, "missing_lines": [809, 810, 811, 812], "excluded_lines": [], "start_line": 801}, "game_analyze_screen": {"executed_lines": [], "summary": {"covered_lines": 0, "num_statements": 17, "percent_covered": 0.0, "percent_covered_display": "0", "missing_lines": 17, "excluded_lines": 0, "percent_statements_covered": 0.0, "percent_statements_covered_display": "0"}, "missing_lines": [849, 850, 852, 853, 854, 855, 856, 857, 860, 861, 862, 863, 864, 865, 866, 869, 875], "excluded_lines": [], "start_line": 816}, "_analyze_screenshot_cv": {"executed_lines": [], "summary": {"covered_lines": 0, "num_statements": 68, "percent_covered": 0.0, "percent_covered_display": "0", "missing_lines": 68, "excluded_lines": 0, "percent_statements_covered": 0.0, "percent_statements_covered_display": "0"}, "missing_lines": [883, 884, 885, 886, 887, 889, 890, 891, 892, 893, 894, 896, 897, 899, 900, 901, 903, 904, 907, 908, 912, 913, 914, 916, 917, 918, 919, 920, 921, 930, 931, 932, 933, 934, 935, 936, 937, 938, 947, 953, 954, 955, 956, 957, 958, 959, 960, 969, 970, 971, 972, 973, 974, 975, 976, 977, 978, 979, 987, 988, 989, 990, 991, 992, 993, 994, 995, 1002], "excluded_lines": [], "start_line": 878}, "game_wait_and_screenshot": {"executed_lines": [], "summary": {"covered_lines": 0, "num_statements": 2, "percent_covered": 0.0, "percent_covered_display": "0", "missing_lines": 2, "excluded_lines": 0, "percent_statements_covered": 0.0, "percent_statements_covered_display": "0"}, "missing_lines": [1029, 1035], "excluded_lines": [], "start_line": 1015}, "game_navigate_to": {"executed_lines": [], "summary": {"covered_lines": 0, "num_statements": 24, "percent_covered": 0.0, "percent_covered_display": "0", "missing_lines": 24, "excluded_lines": 0, "percent_statements_covered": 0.0, "percent_statements_covered_display": "0"}, "missing_lines": [1047, 1048, 1054, 1055, 1056, 1059, 1060, 1061, 1062, 1063, 1064, 1065, 1066, 1068, 1070, 1079, 1081, 1090, 1091, 1098, 1099, 1100, 1103, 1104], "excluded_lines": [], "start_line": 1039}, "catalog_keys": {"executed_lines": [], "summary": {"covered_lines": 0, "num_statements": 12, "percent_covered": 0.0, "percent_covered_display": "0", "missing_lines": 12, "excluded_lines": 0, "percent_statements_covered": 0.0, "percent_statements_covered_display": "0"}, "missing_lines": [1125, 1126, 1127, 1128, 1129, 1130, 1131, 1132, 1133, 1134, 1135, 1136], "excluded_lines": [], "start_line": 1118}, "catalog_bundles": {"executed_lines": [], "summary": {"covered_lines": 0, "num_statements": 9, "percent_covered": 0.0, "percent_covered_display": "0", "missing_lines": 9, "excluded_lines": 0, "percent_statements_covered": 0.0, "percent_statements_covered_display": "0"}, "missing_lines": [1142, 1143, 1144, 1145, 1146, 1147, 1152, 1153, 1154], "excluded_lines": [], "start_line": 1140}, "log_tail": {"executed_lines": [], "summary": {"covered_lines": 0, "num_statements": 9, "percent_covered": 0.0, "percent_covered_display": "0", "missing_lines": 9, "excluded_lines": 0, "percent_statements_covered": 0.0, "percent_statements_covered_display": "0"}, "missing_lines": [1169, 1170, 1171, 1172, 1173, 1174, 1175, 1176, 1177], "excluded_lines": [], "start_line": 1162}, "log_swap_status": {"executed_lines": [], "summary": {"covered_lines": 0, "num_statements": 20, "percent_covered": 0.0, "percent_covered_display": "0", "missing_lines": 20, "excluded_lines": 0, "percent_statements_covered": 0.0, "percent_statements_covered_display": "0"}, "missing_lines": [1186, 1187, 1188, 1189, 1190, 1192, 1194, 1195, 1196, 1197, 1199, 1200, 1201, 1202, 1203, 1204, 1205, 1207, 1217, 1218], "excluded_lines": [], "start_line": 1181}, "log_bepinex": {"executed_lines": [], "summary": {"covered_lines": 0, "num_statements": 10, "percent_covered": 0.0, "percent_covered_display": "0", "missing_lines": 10, "excluded_lines": 0, "percent_statements_covered": 0.0, "percent_statements_covered_display": "0"}, "missing_lines": [1229, 1230, 1231, 1232, 1233, 1234, 1235, 1236, 1237, 1238], "excluded_lines": [], "start_line": 1222}, "log_debug_log": {"executed_lines": [], "summary": {"covered_lines": 0, "num_statements": 9, "percent_covered": 0.0, "percent_covered_display": "0", "missing_lines": 9, "excluded_lines": 0, "percent_statements_covered": 0.0, "percent_statements_covered_display": "0"}, "missing_lines": [1250, 1251, 1252, 1253, 1254, 1255, 1256, 1263, 1264], "excluded_lines": [], "start_line": 1242}, "log_packs_loaded": {"executed_lines": [], "summary": {"covered_lines": 0, "num_statements": 14, "percent_covered": 0.0, "percent_covered_display": "0", "missing_lines": 14, "excluded_lines": 0, "percent_statements_covered": 0.0, "percent_statements_covered_display": "0"}, "missing_lines": [1273, 1274, 1275, 1276, 1277, 1279, 1280, 1281, 1284, 1285, 1286, 1288, 1293, 1294], "excluded_lines": [], "start_line": 1268}, "status_resource": {"executed_lines": [], "summary": {"covered_lines": 0, "num_statements": 1, "percent_covered": 0.0, "percent_covered_display": "0", "missing_lines": 1, "excluded_lines": 0, "percent_statements_covered": 0.0, "percent_statements_covered_display": "0"}, "missing_lines": [1303], "excluded_lines": [], "start_line": 1302}, "debug_log_resource": {"executed_lines": [], "summary": {"covered_lines": 0, "num_statements": 2, "percent_covered": 0.0, "percent_covered_display": "0", "missing_lines": 2, "excluded_lines": 0, "percent_statements_covered": 0.0, "percent_statements_covered_display": "0"}, "missing_lines": [1308, 1309], "excluded_lines": [], "start_line": 1307}, "catalog_resource": {"executed_lines": [], "summary": {"covered_lines": 0, "num_statements": 2, "percent_covered": 0.0, "percent_covered_display": "0", "missing_lines": 2, "excluded_lines": 0, "percent_statements_covered": 0.0, "percent_statements_covered_display": "0"}, "missing_lines": [1314, 1315], "excluded_lines": [], "start_line": 1313}, "health_check": {"executed_lines": [], "summary": {"covered_lines": 0, "num_statements": 1, "percent_covered": 0.0, "percent_covered_display": "0", "missing_lines": 1, "excluded_lines": 0, "percent_statements_covered": 0.0, "percent_statements_covered_display": "0"}, "missing_lines": [1325], "excluded_lines": [], "start_line": 1323}, "hmr_route": {"executed_lines": [], "summary": {"covered_lines": 0, "num_statements": 3, "percent_covered": 0.0, "percent_covered_display": "0", "missing_lines": 3, "excluded_lines": 0, "percent_statements_covered": 0.0, "percent_statements_covered_display": "0"}, "missing_lines": [1339, 1340, 1341], "excluded_lines": [], "start_line": 1333}, "notify_hmr": {"executed_lines": [], "summary": {"covered_lines": 0, "num_statements": 3, "percent_covered": 0.0, "percent_covered_display": "0", "missing_lines": 3, "excluded_lines": 0, "percent_statements_covered": 0.0, "percent_statements_covered_display": "0"}, "missing_lines": [1352, 1353, 1354], "excluded_lines": [], "start_line": 1345}, "debug_asset_swap": {"executed_lines": [], "summary": {"covered_lines": 0, "num_statements": 1, "percent_covered": 0.0, "percent_covered_display": "0", "missing_lines": 1, "excluded_lines": 0, "percent_statements_covered": 0.0, "percent_statements_covered_display": "0"}, "missing_lines": [1363], "excluded_lines": [], "start_line": 1362}, "asset_pipeline_workflow": {"executed_lines": [], "summary": {"covered_lines": 0, "num_statements": 1, "percent_covered": 0.0, "percent_covered_display": "0", "missing_lines": 1, "excluded_lines": 0, "percent_statements_covered": 0.0, "percent_statements_covered_display": "0"}, "missing_lines": [1382], "excluded_lines": [], "start_line": 1381}, "main": {"executed_lines": [], "summary": {"covered_lines": 0, "num_statements": 11, "percent_covered": 0.0, "percent_covered_display": "0", "missing_lines": 11, "excluded_lines": 0, "percent_statements_covered": 0.0, "percent_statements_covered_display": "0"}, "missing_lines": [1400, 1405, 1410, 1416, 1422, 1424, 1426, 1427, 1428, 1435, 1436], "excluded_lines": [], "start_line": 1399}, "": {"executed_lines": [], "summary": {"covered_lines": 0, "num_statements": 150, "percent_covered": 0.0, "percent_covered_display": "0", "missing_lines": 150, "excluded_lines": 0, "percent_statements_covered": 0.0, "percent_statements_covered_display": "0"}, "missing_lines": [22, 24, 25, 26, 27, 28, 29, 30, 31, 32, 33, 34, 36, 37, 38, 39, 40, 42, 45, 46, 47, 48, 49, 51, 52, 53, 56, 59, 65, 66, 68, 72, 73, 74, 75, 77, 78, 79, 80, 83, 86, 93, 120, 136, 144, 171, 188, 259, 274, 275, 280, 281, 286, 287, 292, 293, 298, 299, 304, 305, 318, 319, 331, 332, 345, 346, 356, 357, 367, 368, 373, 374, 379, 380, 393, 394, 418, 419, 450, 451, 469, 470, 480, 481, 519, 520, 557, 558, 568, 569, 579, 580, 590, 591, 608, 609, 623, 624, 648, 649, 662, 663, 676, 677, 687, 688, 701, 702, 800, 801, 815, 816, 878, 1014, 1015, 1038, 1039, 1117, 1118, 1139, 1140, 1161, 1162, 1180, 1181, 1221, 1222, 1241, 1242, 1267, 1268, 1301, 1302, 1306, 1307, 1312, 1313, 1322, 1323, 1332, 1333, 1344, 1345, 1361, 1362, 1380, 1381, 1399, 1439, 1440], "excluded_lines": [], "start_line": 1}}, "classes": {"game_input._KEYBDINPUT": {"executed_lines": [], "summary": {"covered_lines": 0, "num_statements": 0, "percent_covered": 100.0, "percent_covered_display": "100", "missing_lines": 0, "excluded_lines": 0, "percent_statements_covered": 100.0, "percent_statements_covered_display": "100"}, "missing_lines": [], "excluded_lines": [], "start_line": 745}, "game_input._MOUSEINPUT": {"executed_lines": [], "summary": {"covered_lines": 0, "num_statements": 0, "percent_covered": 100.0, "percent_covered_display": "100", "missing_lines": 0, "excluded_lines": 0, "percent_statements_covered": 100.0, "percent_statements_covered_display": "100"}, "missing_lines": [], "excluded_lines": [], "start_line": 750}, "game_input._INPUT_UNION": {"executed_lines": [], "summary": {"covered_lines": 0, "num_statements": 0, "percent_covered": 100.0, "percent_covered_display": "100", "missing_lines": 0, "excluded_lines": 0, "percent_statements_covered": 100.0, "percent_statements_covered_display": "100"}, "missing_lines": [], "excluded_lines": [], "start_line": 755}, "game_input._INPUT": {"executed_lines": [], "summary": {"covered_lines": 0, "num_statements": 0, "percent_covered": 100.0, "percent_covered_display": "100", "missing_lines": 0, "excluded_lines": 0, "percent_statements_covered": 100.0, "percent_statements_covered_display": "100"}, "missing_lines": [], "excluded_lines": [], "start_line": 758}, "": {"executed_lines": [], "summary": {"covered_lines": 0, "num_statements": 595, "percent_covered": 0.0, "percent_covered_display": "0", "missing_lines": 595, "excluded_lines": 0, "percent_statements_covered": 0.0, "percent_statements_covered_display": "0"}, "missing_lines": [22, 24, 25, 26, 27, 28, 29, 30, 31, 32, 33, 34, 36, 37, 38, 39, 40, 42, 45, 46, 47, 48, 49, 51, 52, 53, 56, 59, 65, 66, 68, 72, 73, 74, 75, 77, 78, 79, 80, 83, 86, 93, 95, 104, 105, 106, 107, 108, 109, 110, 111, 112, 113, 114, 115, 116, 117, 120, 122, 123, 124, 125, 126, 127, 128, 129, 136, 138, 139, 140, 141, 144, 150, 153, 154, 155, 156, 157, 158, 159, 160, 162, 163, 164, 166, 168, 171, 173, 174, 175, 176, 177, 183, 184, 185, 188, 192, 193, 235, 236, 237, 243, 244, 245, 246, 247, 249, 250, 251, 252, 259, 274, 275, 277, 280, 281, 283, 286, 287, 289, 292, 293, 295, 298, 299, 301, 304, 305, 312, 313, 314, 315, 318, 319, 328, 331, 332, 339, 340, 341, 342, 345, 346, 353, 356, 357, 364, 367, 368, 370, 373, 374, 376, 379, 380, 387, 388, 389, 390, 393, 394, 402, 403, 404, 405, 407, 408, 409, 411, 412, 413, 414, 415, 418, 419, 428, 429, 430, 431, 436, 437, 438, 439, 440, 441, 442, 443, 447, 450, 451, 460, 461, 462, 469, 470, 477, 480, 481, 492, 493, 494, 495, 496, 506, 507, 508, 511, 512, 513, 515, 516, 519, 520, 531, 532, 533, 534, 535, 544, 545, 546, 549, 550, 551, 553, 554, 557, 558, 565, 568, 569, 576, 579, 580, 587, 590, 591, 593, 594, 599, 600, 601, 608, 609, 617, 618, 619, 620, 623, 624, 640, 641, 642, 643, 644, 645, 648, 649, 656, 657, 658, 659, 662, 663, 670, 671, 672, 673, 676, 677, 684, 687, 688, 695, 696, 697, 698, 701, 702, 718, 719, 720, 721, 723, 724, 725, 726, 727, 729, 745, 746, 750, 751, 755, 756, 758, 759, 761, 762, 763, 764, 765, 767, 768, 769, 770, 771, 773, 774, 775, 776, 778, 779, 780, 781, 782, 783, 785, 786, 787, 788, 789, 790, 791, 792, 793, 794, 795, 796, 797, 800, 801, 809, 810, 811, 812, 815, 816, 849, 850, 852, 853, 854, 855, 856, 857, 860, 861, 862, 863, 864, 865, 866, 869, 875, 878, 883, 884, 885, 886, 887, 889, 890, 891, 892, 893, 894, 896, 897, 899, 900, 901, 903, 904, 907, 908, 912, 913, 914, 916, 917, 918, 919, 920, 921, 930, 931, 932, 933, 934, 935, 936, 937, 938, 947, 953, 954, 955, 956, 957, 958, 959, 960, 969, 970, 971, 972, 973, 974, 975, 976, 977, 978, 979, 987, 988, 989, 990, 991, 992, 993, 994, 995, 1002, 1014, 1015, 1029, 1035, 1038, 1039, 1047, 1048, 1054, 1055, 1056, 1059, 1060, 1061, 1062, 1063, 1064, 1065, 1066, 1068, 1070, 1079, 1081, 1090, 1091, 1098, 1099, 1100, 1103, 1104, 1117, 1118, 1125, 1126, 1127, 1128, 1129, 1130, 1131, 1132, 1133, 1134, 1135, 1136, 1139, 1140, 1142, 1143, 1144, 1145, 1146, 1147, 1152, 1153, 1154, 1161, 1162, 1169, 1170, 1171, 1172, 1173, 1174, 1175, 1176, 1177, 1180, 1181, 1186, 1187, 1188, 1189, 1190, 1192, 1194, 1195, 1196, 1197, 1199, 1200, 1201, 1202, 1203, 1204, 1205, 1207, 1217, 1218, 1221, 1222, 1229, 1230, 1231, 1232, 1233, 1234, 1235, 1236, 1237, 1238, 1241, 1242, 1250, 1251, 1252, 1253, 1254, 1255, 1256, 1263, 1264, 1267, 1268, 1273, 1274, 1275, 1276, 1277, 1279, 1280, 1281, 1284, 1285, 1286, 1288, 1293, 1294, 1301, 1302, 1303, 1306, 1307, 1308, 1309, 1312, 1313, 1314, 1315, 1322, 1323, 1325, 1332, 1333, 1339, 1340, 1341, 1344, 1345, 1352, 1353, 1354, 1361, 1362, 1363, 1380, 1381, 1382, 1399, 1400, 1405, 1410, 1416, 1422, 1424, 1426, 1427, 1428, 1435, 1436, 1439, 1440], "excluded_lines": [], "start_line": 1}}}, "src\\Tools\\DinoforgeMcp\\dinoforge_mcp\\vision.py": {"executed_lines": [12, 14, 15, 16, 17, 19, 20, 24, 25, 29, 30, 31, 37, 38, 39, 45, 48, 58, 72, 73, 74, 75, 76, 77, 80, 82, 84, 88, 89, 90, 91, 92, 93, 94, 95, 96, 97, 99, 101, 105, 106, 107, 109, 110, 111, 112, 114, 116, 120, 121, 122, 123, 124, 125, 126, 128, 139, 140, 141, 142, 144, 145, 146, 148, 167, 168, 176, 177, 186, 187, 197, 198, 199, 200, 202, 218, 235, 236, 241, 247, 248, 249, 256, 257, 260, 261, 262, 265, 266, 269, 270, 273, 274, 276, 277, 279, 292, 307, 313, 314, 315, 322, 325, 326, 327, 329, 330, 331, 333, 336, 338, 339, 351, 363, 389, 390, 396, 397, 398, 399, 402, 409, 410, 411, 412, 414], "summary": {"covered_lines": 126, "num_statements": 167, "percent_covered": 75.44910179640719, "percent_covered_display": "75", "missing_lines": 41, "excluded_lines": 0, "percent_statements_covered": 75.44910179640719, "percent_statements_covered_display": "75"}, "missing_lines": [21, 22, 26, 27, 32, 33, 34, 35, 40, 41, 42, 85, 86, 102, 103, 108, 117, 118, 178, 188, 208, 209, 210, 242, 250, 285, 286, 287, 308, 316, 340, 341, 342, 343, 356, 357, 358, 403, 404, 405, 406], "excluded_lines": [], "functions": {"VisualValidator.__init__": {"executed_lines": [72, 73, 74, 75, 76, 77, 80], "summary": {"covered_lines": 7, "num_statements": 7, "percent_covered": 100.0, "percent_covered_display": "100", "missing_lines": 0, "excluded_lines": 0, "percent_statements_covered": 100.0, "percent_statements_covered_display": "100"}, "missing_lines": [], "excluded_lines": [], "start_line": 58}, "VisualValidator._load_clip": {"executed_lines": [84, 88, 89, 90, 91, 92, 93, 94, 95, 96, 97], "summary": {"covered_lines": 11, "num_statements": 13, "percent_covered": 84.61538461538461, "percent_covered_display": "85", "missing_lines": 2, "excluded_lines": 0, "percent_statements_covered": 84.61538461538461, "percent_statements_covered_display": "85"}, "missing_lines": [85, 86], "excluded_lines": [], "start_line": 82}, "VisualValidator._load_image": {"executed_lines": [101, 105, 106, 107, 109, 110, 111, 112], "summary": {"covered_lines": 8, "num_statements": 11, "percent_covered": 72.72727272727273, "percent_covered_display": "73", "missing_lines": 3, "excluded_lines": 0, "percent_statements_covered": 72.72727272727273, "percent_statements_covered_display": "73"}, "missing_lines": [102, 103, 108], "excluded_lines": [], "start_line": 99}, "VisualValidator._compute_phash": {"executed_lines": [116, 120, 121, 122, 123, 124, 125, 126], "summary": {"covered_lines": 8, "num_statements": 10, "percent_covered": 80.0, "percent_covered_display": "80", "missing_lines": 2, "excluded_lines": 0, "percent_statements_covered": 80.0, "percent_statements_covered_display": "80"}, "missing_lines": [117, 118], "excluded_lines": [], "start_line": 114}, "VisualValidator.register_golden": {"executed_lines": [139, 140, 141, 142, 144, 145, 146], "summary": {"covered_lines": 7, "num_statements": 7, "percent_covered": 100.0, "percent_covered_display": "100", "missing_lines": 0, "excluded_lines": 0, "percent_statements_covered": 100.0, "percent_statements_covered_display": "100"}, "missing_lines": [], "excluded_lines": [], "start_line": 128}, "VisualValidator.analyze_golden": {"executed_lines": [167, 168, 176, 177, 186, 187, 197, 198, 199, 200, 202], "summary": {"covered_lines": 11, "num_statements": 16, "percent_covered": 68.75, "percent_covered_display": "69", "missing_lines": 5, "excluded_lines": 0, "percent_statements_covered": 68.75, "percent_statements_covered_display": "69"}, "missing_lines": [178, 188, 208, 209, 210], "excluded_lines": [], "start_line": 148}, "VisualValidator.analyze_with_clip": {"executed_lines": [235, 236, 241, 247, 248, 249, 256, 257, 260, 261, 262, 265, 266, 269, 270, 273, 274, 276, 277, 279], "summary": {"covered_lines": 20, "num_statements": 25, "percent_covered": 80.0, "percent_covered_display": "80", "missing_lines": 5, "excluded_lines": 0, "percent_statements_covered": 80.0, "percent_statements_covered_display": "80"}, "missing_lines": [242, 250, 285, 286, 287], "excluded_lines": [], "start_line": 218}, "VisualValidator.analyze_with_opencv": {"executed_lines": [307, 313, 314, 315, 322, 325, 326, 327, 329, 330, 331, 333, 336, 338, 339, 351], "summary": {"covered_lines": 16, "num_statements": 25, "percent_covered": 64.0, "percent_covered_display": "64", "missing_lines": 9, "excluded_lines": 0, "percent_statements_covered": 64.0, "percent_statements_covered_display": "64"}, "missing_lines": [308, 316, 340, 341, 342, 343, 356, 357, 358], "excluded_lines": [], "start_line": 292}, "VisualValidator.analyze_screenshot": {"executed_lines": [389, 390, 396, 397, 398, 399, 402, 409, 410, 411, 412, 414], "summary": {"covered_lines": 12, "num_statements": 16, "percent_covered": 75.0, "percent_covered_display": "75", "missing_lines": 4, "excluded_lines": 0, "percent_statements_covered": 75.0, "percent_statements_covered_display": "75"}, "missing_lines": [403, 404, 405, 406], "excluded_lines": [], "start_line": 363}, "": {"executed_lines": [12, 14, 15, 16, 17, 19, 20, 24, 25, 29, 30, 31, 37, 38, 39, 45, 48, 58, 82, 99, 114, 128, 148, 218, 292, 363], "summary": {"covered_lines": 26, "num_statements": 37, "percent_covered": 70.27027027027027, "percent_covered_display": "70", "missing_lines": 11, "excluded_lines": 0, "percent_statements_covered": 70.27027027027027, "percent_statements_covered_display": "70"}, "missing_lines": [21, 22, 26, 27, 32, 33, 34, 35, 40, 41, 42], "excluded_lines": [], "start_line": 1}}, "classes": {"VisualValidator": {"executed_lines": [72, 73, 74, 75, 76, 77, 80, 84, 88, 89, 90, 91, 92, 93, 94, 95, 96, 97, 101, 105, 106, 107, 109, 110, 111, 112, 116, 120, 121, 122, 123, 124, 125, 126, 139, 140, 141, 142, 144, 145, 146, 167, 168, 176, 177, 186, 187, 197, 198, 199, 200, 202, 235, 236, 241, 247, 248, 249, 256, 257, 260, 261, 262, 265, 266, 269, 270, 273, 274, 276, 277, 279, 307, 313, 314, 315, 322, 325, 326, 327, 329, 330, 331, 333, 336, 338, 339, 351, 389, 390, 396, 397, 398, 399, 402, 409, 410, 411, 412, 414], "summary": {"covered_lines": 100, "num_statements": 130, "percent_covered": 76.92307692307692, "percent_covered_display": "77", "missing_lines": 30, "excluded_lines": 0, "percent_statements_covered": 76.92307692307692, "percent_statements_covered_display": "77"}, "missing_lines": [85, 86, 102, 103, 108, 117, 118, 178, 188, 208, 209, 210, 242, 250, 285, 286, 287, 308, 316, 340, 341, 342, 343, 356, 357, 358, 403, 404, 405, 406], "excluded_lines": [], "start_line": 48}, "": {"executed_lines": [12, 14, 15, 16, 17, 19, 20, 24, 25, 29, 30, 31, 37, 38, 39, 45, 48, 58, 82, 99, 114, 128, 148, 218, 292, 363], "summary": {"covered_lines": 26, "num_statements": 37, "percent_covered": 70.27027027027027, "percent_covered_display": "70", "missing_lines": 11, "excluded_lines": 0, "percent_statements_covered": 70.27027027027027, "percent_statements_covered_display": "70"}, "missing_lines": [21, 22, 26, 27, 32, 33, 34, 35, 40, 41, 42], "excluded_lines": [], "start_line": 1}}}}, "totals": {"covered_lines": 127, "num_statements": 763, "percent_covered": 16.644823066841415, "percent_covered_display": "17", "missing_lines": 636, "excluded_lines": 0, "percent_statements_covered": 16.644823066841415, "percent_statements_covered_display": "17"}}