<?xml version="1.0" encoding="utf-8"?>
<TestRun id="a7fc7054-2acc-4e76-8376-49f346f79267" name="koosh@KOOSHAPARI-DESK 2026-05-27 15:58:24" runUser="KOOSHAPARI-DESK\koosh" xmlns="http://microsoft.com/schemas/VisualStudio/TeamTest/2010">
  <Times creation="2026-05-27T15:58:24.2874519-07:00" queuing="2026-05-27T15:58:24.2874524-07:00" start="2026-05-27T15:57:07.4260996-07:00" finish="2026-05-27T15:59:49.5992607-07:00" />
  <TestSettings name="default" id="ffaab16c-62b4-494d-a5bb-140fe1f7532e">
    <Deployment runDeploymentRoot="koosh_KOOSHAPARI-DESK_2026-05-27_15_58_24" />
  </TestSettings>
  <Results>
    <UnitTestResult executionId="9cccc74d-c5e1-486a-ac97-dd173c15f090" testId="7b432cb4-f1e7-b862-0787-9dcb46b88290" testName="DINOForge.Tests.GameLaunch.GameLaunchEconomyTests.EconomyPack_Resources_AvailableViaSnapshot" computerName="KOOSHAPARI-DESK" duration="00:00:00.2349515" startTime="2026-05-27T15:58:36.7311260-07:00" endTime="2026-05-27T15:58:36.7311263-07:00" testType="13cdc9d9-ddb5-4fa4-a97d-d965ccfc6d4b" outcome="Passed" testListId="8c84fa94-04c1-424b-9868-57a2d4851a1d" relativeResultsDirectory="9cccc74d-c5e1-486a-ac97-dd173c15f090" />
    <UnitTestResult executionId="aef3f086-9575-41c1-ac50-51a417442b14" testId="a29646bf-bdca-cb17-3e31-d42c71764a91" testName="DINOForge.Tests.GameLaunch.GameLaunchNativeMenuTests.MainMenu_ModsButton_StyleMatchesSettings_AfterInjection" computerName="KOOSHAPARI-DESK" duration="00:00:01.7410123" startTime="2026-05-27T15:59:08.4765427-07:00" endTime="2026-05-27T15:59:08.4765431-07:00" testType="13cdc9d9-ddb5-4fa4-a97d-d965ccfc6d4b" outcome="Passed" testListId="8c84fa94-04c1-424b-9868-57a2d4851a1d" relativeResultsDirectory="aef3f086-9575-41c1-ac50-51a417442b14" />
    <UnitTestResult executionId="11f65052-a1da-4285-bd52-3310689d2d39" testId="b9963d05-2ae1-701b-9a3e-7c1aae8b21fb" testName="DINOForge.Tests.GameLaunch.GameLaunchEconomyTests.EconomyPack_ResourceValues_AreReasonable" computerName="KOOSHAPARI-DESK" duration="00:00:00.2162194" startTime="2026-05-27T15:58:37.6374005-07:00" endTime="2026-05-27T15:58:37.6374011-07:00" testType="13cdc9d9-ddb5-4fa4-a97d-d965ccfc6d4b" outcome="Passed" testListId="8c84fa94-04c1-424b-9868-57a2d4851a1d" relativeResultsDirectory="11f65052-a1da-4285-bd52-3310689d2d39" />
    <UnitTestResult executionId="996fdee4-1532-4c77-a430-034db4228d21" testId="c7eecb30-0708-9d50-e9a6-7d415a46b1a2" testName="DINOForge.Tests.GameLaunch.GameLaunchNativeMenuTests.PauseMenu_HasModsButton_WhenOpened" computerName="KOOSHAPARI-DESK" duration="00:00:09.9553616" startTime="2026-05-27T15:58:50.3812833-07:00" endTime="2026-05-27T15:58:50.3812837-07:00" testType="13cdc9d9-ddb5-4fa4-a97d-d965ccfc6d4b" outcome="Passed" testListId="8c84fa94-04c1-424b-9868-57a2d4851a1d" relativeResultsDirectory="996fdee4-1532-4c77-a430-034db4228d21" />
    <UnitTestResult executionId="fcd4a463-f0c6-4135-b771-ab42e44e09f2" testId="dc113434-9dfb-f205-15cc-79f2acb2b0eb" testName="DINOForge.Tests.GameLaunch.GameLaunchOverlayTests.Overlay_Panels_HiddenByDefault_AtMainMenu" computerName="KOOSHAPARI-DESK" duration="00:00:06.5574636" startTime="2026-05-27T15:59:35.3169181-07:00" endTime="2026-05-27T15:59:35.3169185-07:00" testType="13cdc9d9-ddb5-4fa4-a97d-d965ccfc6d4b" outcome="Passed" testListId="8c84fa94-04c1-424b-9868-57a2d4851a1d" relativeResultsDirectory="fcd4a463-f0c6-4135-b771-ab42e44e09f2" />
    <UnitTestResult executionId="8ff7f46e-a571-4c17-9e00-a4bbc4938f8f" testId="0be5e9e0-f0f0-669c-5348-b2a8d12861bf" testName="DINOForge.Tests.GameLaunch.GameLaunchUiTests.Overlay_F10_TogglesModMenu" computerName="KOOSHAPARI-DESK" duration="00:00:00.9835496" startTime="2026-05-27T15:59:49.3257720-07:00" endTime="2026-05-27T15:59:49.3257722-07:00" testType="13cdc9d9-ddb5-4fa4-a97d-d965ccfc6d4b" outcome="Passed" testListId="8c84fa94-04c1-424b-9868-57a2d4851a1d" relativeResultsDirectory="8ff7f46e-a571-4c17-9e00-a4bbc4938f8f" />
    <UnitTestResult executionId="a671bb46-8f1c-4e83-a401-93c7c4dec464" testId="3abab9ce-a256-a605-5686-93aa7e4ad07f" testName="DINOForge.Tests.GameLaunch.GameLaunchUiTests.Overlay_SecondToggle_ClosesModMenu" computerName="KOOSHAPARI-DESK" duration="00:00:00.6568104" startTime="2026-05-27T15:59:48.3414336-07:00" endTime="2026-05-27T15:59:48.3414344-07:00" testType="13cdc9d9-ddb5-4fa4-a97d-d965ccfc6d4b" outcome="Passed" testListId="8c84fa94-04c1-424b-9868-57a2d4851a1d" relativeResultsDirectory="a671bb46-8f1c-4e83-a401-93c7c4dec464" />
    <UnitTestResult executionId="492ac504-889c-4403-b446-0f313db2d937" testId="d71bf745-158c-0c17-1282-3dceacaf8565" testName="DINOForge.Tests.GameLaunch.GameLaunchAssetSwapTests.AssetVisualAcceptance_WarfareStarwarsLoaded_CapturesScreenshotWithReceipt" computerName="KOOSHAPARI-DESK" duration="00:00:00.9430971" startTime="2026-05-27T15:58:25.1923655-07:00" endTime="2026-05-27T15:58:25.1923658-07:00" testType="13cdc9d9-ddb5-4fa4-a97d-d965ccfc6d4b" outcome="Passed" testListId="8c84fa94-04c1-424b-9868-57a2d4851a1d" relativeResultsDirectory="492ac504-889c-4403-b446-0f313db2d937" />
    <UnitTestResult executionId="7d8b03dd-3073-4b90-8149-0e5082f1db07" testId="09bfd48e-fb49-5822-f887-fd392625518e" testName="DINOForge.Tests.GameLaunch.GameLaunchSmokeTests.Bridge_Ping_RoundTripUnderOneSecond" computerName="KOOSHAPARI-DESK" duration="00:00:00.2426505" startTime="2026-05-27T15:59:43.1287823-07:00" endTime="2026-05-27T15:59:43.1287827-07:00" testType="13cdc9d9-ddb5-4fa4-a97d-d965ccfc6d4b" outcome="Passed" testListId="8c84fa94-04c1-424b-9868-57a2d4851a1d" relativeResultsDirectory="7d8b03dd-3073-4b90-8149-0e5082f1db07" />
    <UnitTestResult executionId="9007d50a-3775-4224-af0a-7e41ba12b72b" testId="49ee8b7d-b16a-841b-1627-2be00de2e14f" testName="DINOForge.Tests.GameLaunch.GameLaunchPackTests.WarfareStarwars_IsListedInLoadedPacks" computerName="KOOSHAPARI-DESK" duration="00:00:00.2142778" startTime="2026-05-27T15:59:42.8803142-07:00" endTime="2026-05-27T15:59:42.8803146-07:00" testType="13cdc9d9-ddb5-4fa4-a97d-d965ccfc6d4b" outcome="Passed" testListId="8c84fa94-04c1-424b-9868-57a2d4851a1d" relativeResultsDirectory="9007d50a-3775-4224-af0a-7e41ba12b72b" />
    <UnitTestResult executionId="8ca4eded-0e48-4184-8813-4ef3f616f7e3" testId="71a673b5-8c85-5a4e-3137-ade452d40135" testName="DINOForge.Tests.GameLaunch.GameLaunchNativeMenuTests.MainMenu_ModsButton_PersistsAcrossSceneChanges" computerName="KOOSHAPARI-DESK" duration="00:00:16.3508076" startTime="2026-05-27T15:59:06.7335722-07:00" endTime="2026-05-27T15:59:06.7335726-07:00" testType="13cdc9d9-ddb5-4fa4-a97d-d965ccfc6d4b" outcome="Passed" testListId="8c84fa94-04c1-424b-9868-57a2d4851a1d" relativeResultsDirectory="8ca4eded-0e48-4184-8813-4ef3f616f7e3" />
    <UnitTestResult executionId="0fb1b17c-ecbe-408e-a58d-fbf7a7006b43" testId="ad2fd79d-022a-14da-8ae5-6bbc0c32c254" testName="DINOForge.Tests.GameLaunch.GameLaunchPackTests.Bootstrap_LoadedPackCount_IsGreaterThanZero_ViaStatusAndHud" computerName="KOOSHAPARI-DESK" duration="00:00:00.4307308" startTime="2026-05-27T15:59:42.6653549-07:00" endTime="2026-05-27T15:59:42.6653554-07:00" testType="13cdc9d9-ddb5-4fa4-a97d-d965ccfc6d4b" outcome="Passed" testListId="8c84fa94-04c1-424b-9868-57a2d4851a1d" relativeResultsDirectory="0fb1b17c-ecbe-408e-a58d-fbf7a7006b43" />
    <UnitTestResult executionId="4eac5112-8a83-409c-89b7-92a95fb9b37a" testId="7d950aa4-56ce-eec7-a542-de896a7d306f" testName="DINOForge.Tests.GameLaunch.GameLaunchOverlayTests.RuntimeDriver_Survives600FramesAndBeyond" computerName="KOOSHAPARI-DESK" duration="00:00:10.5286068" startTime="2026-05-27T15:59:20.9542804-07:00" endTime="2026-05-27T15:59:20.9542810-07:00" testType="13cdc9d9-ddb5-4fa4-a97d-d965ccfc6d4b" outcome="Passed" testListId="8c84fa94-04c1-424b-9868-57a2d4851a1d" relativeResultsDirectory="4eac5112-8a83-409c-89b7-92a95fb9b37a" />
    <UnitTestResult executionId="2d23e739-edbf-4535-956f-804e49334aa7" testId="00f9c59a-87a0-bd94-b1fb-a5b8f2cba9fb" testName="DINOForge.Tests.GameLaunch.GameLaunchAssetSwapTests.Phase2_CloneTrooper_EntityRegistered" computerName="KOOSHAPARI-DESK" duration="00:00:07.2327967" startTime="2026-05-27T15:58:24.2446760-07:00" endTime="2026-05-27T15:58:24.2447237-07:00" testType="13cdc9d9-ddb5-4fa4-a97d-d965ccfc6d4b" outcome="Passed" testListId="8c84fa94-04c1-424b-9868-57a2d4851a1d" relativeResultsDirectory="2d23e739-edbf-4535-956f-804e49334aa7" />
    <UnitTestResult executionId="6efa4ed8-ee25-4230-bd14-450cf282206f" testId="8a8109e2-72a2-1b3a-d1a3-0733baee50dd" testName="DINOForge.Tests.GameLaunch.GameLaunchHotReloadTests.HotReload_PackYamlChange_TriggersReloadWithin5Seconds" computerName="KOOSHAPARI-DESK" duration="00:00:01.8879285" startTime="2026-05-27T15:58:39.5265027-07:00" endTime="2026-05-27T15:58:39.5265029-07:00" testType="13cdc9d9-ddb5-4fa4-a97d-d965ccfc6d4b" outcome="Passed" testListId="8c84fa94-04c1-424b-9868-57a2d4851a1d" relativeResultsDirectory="6efa4ed8-ee25-4230-bd14-450cf282206f" />
    <UnitTestResult executionId="eeee90c5-2fa9-412f-a108-439344802376" testId="856eabde-ce66-bb7d-3490-db0a9500ccfe" testName="DINOForge.Tests.GameLaunch.GameLaunchOverlayTests.Overlay_F9_AssertDebugPanelVisible_AtMainMenu" computerName="KOOSHAPARI-DESK" duration="00:00:00.8857519" startTime="2026-05-27T15:59:36.2071821-07:00" endTime="2026-05-27T15:59:36.2071852-07:00" testType="13cdc9d9-ddb5-4fa4-a97d-d965ccfc6d4b" outcome="Passed" testListId="8c84fa94-04c1-424b-9868-57a2d4851a1d" relativeResultsDirectory="eeee90c5-2fa9-412f-a108-439344802376" />
    <UnitTestResult executionId="13e91a2f-2e9d-4ada-afae-f9693ddf8342" testId="7dcd5b9b-09fa-98c7-3371-d8fa7a7d0fc1" testName="DINOForge.Tests.GameLaunch.GameLaunchAssetSwapTests.Phase1_PatchedBundleExistsOnDisk_BeforeEntityLoad" computerName="KOOSHAPARI-DESK" duration="00:00:11.2738566" startTime="2026-05-27T15:58:36.4738009-07:00" endTime="2026-05-27T15:58:36.4738013-07:00" testType="13cdc9d9-ddb5-4fa4-a97d-d965ccfc6d4b" outcome="Passed" testListId="8c84fa94-04c1-424b-9868-57a2d4851a1d" relativeResultsDirectory="13e91a2f-2e9d-4ada-afae-f9693ddf8342" />
    <UnitTestResult executionId="67d85262-2dde-4d48-96b4-48313bd19a8e" testId="4af19047-0b7e-8929-dcb6-3d2422e56b5e" testName="DINOForge.Tests.GameLaunch.GameLaunchOverlayTests.Overlay_F9_TogglesPersistentDebugOverlay" computerName="KOOSHAPARI-DESK" duration="00:00:01.5038781" startTime="2026-05-27T15:59:10.4176868-07:00" endTime="2026-05-27T15:59:10.4176872-07:00" testType="13cdc9d9-ddb5-4fa4-a97d-d965ccfc6d4b" outcome="Passed" testListId="8c84fa94-04c1-424b-9868-57a2d4851a1d" relativeResultsDirectory="67d85262-2dde-4d48-96b4-48313bd19a8e" />
    <UnitTestResult executionId="7297b0c4-1663-4bbb-aa66-521ce07896a4" testId="5dfefce0-c114-bf77-84fb-68d86603ef0e" testName="DINOForge.Tests.GameLaunch.GameLaunchEconomyTests.EconomyPack_ManifestIsValid_AndLoadable" computerName="KOOSHAPARI-DESK" duration="00:00:00.4467647" startTime="2026-05-27T15:58:37.4205377-07:00" endTime="2026-05-27T15:58:37.4205379-07:00" testType="13cdc9d9-ddb5-4fa4-a97d-d965ccfc6d4b" outcome="Passed" testListId="8c84fa94-04c1-424b-9868-57a2d4851a1d" relativeResultsDirectory="7297b0c4-1663-4bbb-aa66-521ce07896a4" />
    <UnitTestResult executionId="f8125a4b-a6c3-4799-9b63-2a655df5a209" testId="e4b094bf-8b5e-f27c-7d5f-39ffe4bf89f1" testName="DINOForge.Tests.GameLaunch.GameLaunchNativeMenuTests.MainMenu_HasModsButton_AfterInjection" computerName="KOOSHAPARI-DESK" duration="00:00:00.4329345" startTime="2026-05-27T15:59:08.9100668-07:00" endTime="2026-05-27T15:59:08.9100670-07:00" testType="13cdc9d9-ddb5-4fa4-a97d-d965ccfc6d4b" outcome="Passed" testListId="8c84fa94-04c1-424b-9868-57a2d4851a1d" relativeResultsDirectory="f8125a4b-a6c3-4799-9b63-2a655df5a209" />
    <UnitTestResult executionId="9a21f508-d6f2-4c7f-941e-373032833a11" testId="b722a10b-7812-6586-879d-5715017a358f" testName="DINOForge.Tests.GameLaunch.GameLaunchStatTests.StatOverride_HP_PersistsAfterReload" computerName="KOOSHAPARI-DESK" duration="00:00:04.3210060" startTime="2026-05-27T15:59:47.6832577-07:00" endTime="2026-05-27T15:59:47.6832581-07:00" testType="13cdc9d9-ddb5-4fa4-a97d-d965ccfc6d4b" outcome="Passed" testListId="8c84fa94-04c1-424b-9868-57a2d4851a1d" relativeResultsDirectory="9a21f508-d6f2-4c7f-941e-373032833a11" />
    <UnitTestResult executionId="13d609af-ad51-4927-a6d1-f96d9827718f" testId="f9b55eea-e6de-e4e9-5ab2-2666b69616e0" testName="DINOForge.Tests.GameLaunch.GameLaunchOverlayTests.Overlay_F9_F10_ToggleDuringGameplay" computerName="KOOSHAPARI-DESK" duration="00:00:04.9218532" startTime="2026-05-27T15:59:41.1361458-07:00" endTime="2026-05-27T15:59:41.1361462-07:00" testType="13cdc9d9-ddb5-4fa4-a97d-d965ccfc6d4b" outcome="Passed" testListId="8c84fa94-04c1-424b-9868-57a2d4851a1d" relativeResultsDirectory="13d609af-ad51-4927-a6d1-f96d9827718f" />
    <UnitTestResult executionId="b641ccdb-a693-4bb4-8d9f-21aeb7705752" testId="835fe2be-04c6-6e60-06ab-7b9f2fdd1446" testName="DINOForge.Tests.GameLaunch.GameLaunchOverlayTests.Overlay_F9_SecondToggle_ClosesDebugPanel_AtMainMenu" computerName="KOOSHAPARI-DESK" duration="00:00:05.8861278" startTime="2026-05-27T15:59:28.7586629-07:00" endTime="2026-05-27T15:59:28.7586664-07:00" testType="13cdc9d9-ddb5-4fa4-a97d-d965ccfc6d4b" outcome="Passed" testListId="8c84fa94-04c1-424b-9868-57a2d4851a1d" relativeResultsDirectory="b641ccdb-a693-4bb4-8d9f-21aeb7705752" />
    <UnitTestResult executionId="8458e451-e13d-4ff1-9d1b-6a5d86b544ad" testId="530b0340-3d20-7373-b082-1bffafff12a8" testName="DINOForge.Tests.GameLaunch.GameLaunchPackTests.WarfareStarwars_Loads28Units_InLiveCatalog" computerName="KOOSHAPARI-DESK" duration="00:00:01.0866753" startTime="2026-05-27T15:59:42.2241357-07:00" endTime="2026-05-27T15:59:42.2241360-07:00" testType="13cdc9d9-ddb5-4fa4-a97d-d965ccfc6d4b" outcome="Passed" testListId="8c84fa94-04c1-424b-9868-57a2d4851a1d" relativeResultsDirectory="8458e451-e13d-4ff1-9d1b-6a5d86b544ad" />
    <UnitTestResult executionId="7d3bc286-daab-47f4-8526-04cacd9fa74f" testId="c1d8318d-3c22-3a50-4750-578c9bc25ada" testName="DINOForge.Tests.GameLaunch.GameLaunchEconomyTests.EconomyPack_IsLoaded_AfterBootstrap" computerName="KOOSHAPARI-DESK" duration="00:00:00.2398978" startTime="2026-05-27T15:58:36.9726804-07:00" endTime="2026-05-27T15:58:36.9726810-07:00" testType="13cdc9d9-ddb5-4fa4-a97d-d965ccfc6d4b" outcome="Passed" testListId="8c84fa94-04c1-424b-9868-57a2d4851a1d" relativeResultsDirectory="7d3bc286-daab-47f4-8526-04cacd9fa74f" />
    <UnitTestResult executionId="58d18b6d-3e2e-4bae-a66c-afcc2bfe3cce" testId="9c5bfdf4-7756-938f-fc92-7ca5a8bae788" testName="DINOForge.Tests.GameLaunch.GameLaunchOverlayTests.Overlay_F10_ModMenuToggle_PreservesRuntime" computerName="KOOSHAPARI-DESK" duration="00:00:01.9144116" startTime="2026-05-27T15:59:22.8716053-07:00" endTime="2026-05-27T15:59:22.8716056-07:00" testType="13cdc9d9-ddb5-4fa4-a97d-d965ccfc6d4b" outcome="Passed" testListId="8c84fa94-04c1-424b-9868-57a2d4851a1d" relativeResultsDirectory="58d18b6d-3e2e-4bae-a66c-afcc2bfe3cce" />
    <UnitTestResult executionId="4d0578eb-83ad-44d1-a076-2779b5678fe3" testId="8a733c79-5976-37fb-6d66-5dccf67e3f9b" testName="DINOForge.Tests.GameLaunch.GameLaunchSmokeTests.Bridge_IsHealthy_AfterBootstrap" computerName="KOOSHAPARI-DESK" duration="00:00:00.2156855" startTime="2026-05-27T15:59:43.3497081-07:00" endTime="2026-05-27T15:59:43.3497085-07:00" testType="13cdc9d9-ddb5-4fa4-a97d-d965ccfc6d4b" outcome="Passed" testListId="8c84fa94-04c1-424b-9868-57a2d4851a1d" relativeResultsDirectory="4d0578eb-83ad-44d1-a076-2779b5678fe3" />
    <UnitTestResult executionId="e2d11c9a-6251-4c70-a46b-305d68946a78" testId="51156138-f581-0063-c5f2-316a88ee88e2" testName="DINOForge.Tests.GameLaunch.GameLaunchNativeMenuTests.MainMenu_ModsButton_OpensOverlay" computerName="KOOSHAPARI-DESK" duration="00:00:00.8661283" startTime="2026-05-27T15:58:40.4049887-07:00" endTime="2026-05-27T15:58:40.4049892-07:00" testType="13cdc9d9-ddb5-4fa4-a97d-d965ccfc6d4b" outcome="Passed" testListId="8c84fa94-04c1-424b-9868-57a2d4851a1d" relativeResultsDirectory="e2d11c9a-6251-4c70-a46b-305d68946a78" />
  </Results>
  <TestDefinitions>
    <UnitTest name="DINOForge.Tests.GameLaunch.GameLaunchPackTests.Bootstrap_LoadedPackCount_IsGreaterThanZero_ViaStatusAndHud" storage="c:\users\koosh\dino\src\tests\gamelaunch\bin\release\net11.0\dinoforge.tests.gamelaunch.dll" id="ad2fd79d-022a-14da-8ae5-6bbc0c32c254">
      <Execution id="0fb1b17c-ecbe-408e-a58d-fbf7a7006b43" />
      <TestMethod codeBase="C:\Users\koosh\Dino\src\Tests\GameLaunch\bin\Release\net11.0\DINOForge.Tests.GameLaunch.dll" adapterTypeName="executor://xunit/VsTestRunner2/netcoreapp" className="DINOForge.Tests.GameLaunch.GameLaunchPackTests" name="Bootstrap_LoadedPackCount_IsGreaterThanZero_ViaStatusAndHud" />
    </UnitTest>
    <UnitTest name="DINOForge.Tests.GameLaunch.GameLaunchNativeMenuTests.MainMenu_ModsButton_StyleMatchesSettings_AfterInjection" storage="c:\users\koosh\dino\src\tests\gamelaunch\bin\release\net11.0\dinoforge.tests.gamelaunch.dll" id="a29646bf-bdca-cb17-3e31-d42c71764a91">
      <Execution id="aef3f086-9575-41c1-ac50-51a417442b14" />
      <TestMethod codeBase="C:\Users\koosh\Dino\src\Tests\GameLaunch\bin\Release\net11.0\DINOForge.Tests.GameLaunch.dll" adapterTypeName="executor://xunit/VsTestRunner2/netcoreapp" className="DINOForge.Tests.GameLaunch.GameLaunchNativeMenuTests" name="MainMenu_ModsButton_StyleMatchesSettings_AfterInjection" />
    </UnitTest>
    <UnitTest name="DINOForge.Tests.GameLaunch.GameLaunchNativeMenuTests.MainMenu_ModsButton_OpensOverlay" storage="c:\users\koosh\dino\src\tests\gamelaunch\bin\release\net11.0\dinoforge.tests.gamelaunch.dll" id="51156138-f581-0063-c5f2-316a88ee88e2">
      <Execution id="e2d11c9a-6251-4c70-a46b-305d68946a78" />
      <TestMethod codeBase="C:\Users\koosh\Dino\src\Tests\GameLaunch\bin\Release\net11.0\DINOForge.Tests.GameLaunch.dll" adapterTypeName="executor://xunit/VsTestRunner2/netcoreapp" className="DINOForge.Tests.GameLaunch.GameLaunchNativeMenuTests" name="MainMenu_ModsButton_OpensOverlay" />
    </UnitTest>
    <UnitTest name="DINOForge.Tests.GameLaunch.GameLaunchPackTests.WarfareStarwars_Loads28Units_InLiveCatalog" storage="c:\users\koosh\dino\src\tests\gamelaunch\bin\release\net11.0\dinoforge.tests.gamelaunch.dll" id="530b0340-3d20-7373-b082-1bffafff12a8">
      <Execution id="8458e451-e13d-4ff1-9d1b-6a5d86b544ad" />
      <TestMethod codeBase="C:\Users\koosh\Dino\src\Tests\GameLaunch\bin\Release\net11.0\DINOForge.Tests.GameLaunch.dll" adapterTypeName="executor://xunit/VsTestRunner2/netcoreapp" className="DINOForge.Tests.GameLaunch.GameLaunchPackTests" name="WarfareStarwars_Loads28Units_InLiveCatalog" />
    </UnitTest>
    <UnitTest name="DINOForge.Tests.GameLaunch.GameLaunchNativeMenuTests.MainMenu_ModsButton_PersistsAcrossSceneChanges" storage="c:\users\koosh\dino\src\tests\gamelaunch\bin\release\net11.0\dinoforge.tests.gamelaunch.dll" id="71a673b5-8c85-5a4e-3137-ade452d40135">
      <Execution id="8ca4eded-0e48-4184-8813-4ef3f616f7e3" />
      <TestMethod codeBase="C:\Users\koosh\Dino\src\Tests\GameLaunch\bin\Release\net11.0\DINOForge.Tests.GameLaunch.dll" adapterTypeName="executor://xunit/VsTestRunner2/netcoreapp" className="DINOForge.Tests.GameLaunch.GameLaunchNativeMenuTests" name="MainMenu_ModsButton_PersistsAcrossSceneChanges" />
    </UnitTest>
    <UnitTest name="DINOForge.Tests.GameLaunch.GameLaunchOverlayTests.Overlay_F9_SecondToggle_ClosesDebugPanel_AtMainMenu" storage="c:\users\koosh\dino\src\tests\gamelaunch\bin\release\net11.0\dinoforge.tests.gamelaunch.dll" id="835fe2be-04c6-6e60-06ab-7b9f2fdd1446">
      <Execution id="b641ccdb-a693-4bb4-8d9f-21aeb7705752" />
      <TestMethod codeBase="C:\Users\koosh\Dino\src\Tests\GameLaunch\bin\Release\net11.0\DINOForge.Tests.GameLaunch.dll" adapterTypeName="executor://xunit/VsTestRunner2/netcoreapp" className="DINOForge.Tests.GameLaunch.GameLaunchOverlayTests" name="Overlay_F9_SecondToggle_ClosesDebugPanel_AtMainMenu" />
    </UnitTest>
    <UnitTest name="DINOForge.Tests.GameLaunch.GameLaunchEconomyTests.EconomyPack_IsLoaded_AfterBootstrap" storage="c:\users\koosh\dino\src\tests\gamelaunch\bin\release\net11.0\dinoforge.tests.gamelaunch.dll" id="c1d8318d-3c22-3a50-4750-578c9bc25ada">
      <Execution id="7d3bc286-daab-47f4-8526-04cacd9fa74f" />
      <TestMethod codeBase="C:\Users\koosh\Dino\src\Tests\GameLaunch\bin\Release\net11.0\DINOForge.Tests.GameLaunch.dll" adapterTypeName="executor://xunit/VsTestRunner2/netcoreapp" className="DINOForge.Tests.GameLaunch.GameLaunchEconomyTests" name="EconomyPack_IsLoaded_AfterBootstrap" />
    </UnitTest>
    <UnitTest name="DINOForge.Tests.GameLaunch.GameLaunchAssetSwapTests.Phase1_PatchedBundleExistsOnDisk_BeforeEntityLoad" storage="c:\users\koosh\dino\src\tests\gamelaunch\bin\release\net11.0\dinoforge.tests.gamelaunch.dll" id="7dcd5b9b-09fa-98c7-3371-d8fa7a7d0fc1">
      <Execution id="13e91a2f-2e9d-4ada-afae-f9693ddf8342" />
      <TestMethod codeBase="C:\Users\koosh\Dino\src\Tests\GameLaunch\bin\Release\net11.0\DINOForge.Tests.GameLaunch.dll" adapterTypeName="executor://xunit/VsTestRunner2/netcoreapp" className="DINOForge.Tests.GameLaunch.GameLaunchAssetSwapTests" name="Phase1_PatchedBundleExistsOnDisk_BeforeEntityLoad" />
    </UnitTest>
    <UnitTest name="DINOForge.Tests.GameLaunch.GameLaunchEconomyTests.EconomyPack_ManifestIsValid_AndLoadable" storage="c:\users\koosh\dino\src\tests\gamelaunch\bin\release\net11.0\dinoforge.tests.gamelaunch.dll" id="5dfefce0-c114-bf77-84fb-68d86603ef0e">
      <Execution id="7297b0c4-1663-4bbb-aa66-521ce07896a4" />
      <TestMethod codeBase="C:\Users\koosh\Dino\src\Tests\GameLaunch\bin\Release\net11.0\DINOForge.Tests.GameLaunch.dll" adapterTypeName="executor://xunit/VsTestRunner2/netcoreapp" className="DINOForge.Tests.GameLaunch.GameLaunchEconomyTests" name="EconomyPack_ManifestIsValid_AndLoadable" />
    </UnitTest>
    <UnitTest name="DINOForge.Tests.GameLaunch.GameLaunchUiTests.Overlay_F10_TogglesModMenu" storage="c:\users\koosh\dino\src\tests\gamelaunch\bin\release\net11.0\dinoforge.tests.gamelaunch.dll" id="0be5e9e0-f0f0-669c-5348-b2a8d12861bf">
      <Execution id="8ff7f46e-a571-4c17-9e00-a4bbc4938f8f" />
      <TestMethod codeBase="C:\Users\koosh\Dino\src\Tests\GameLaunch\bin\Release\net11.0\DINOForge.Tests.GameLaunch.dll" adapterTypeName="executor://xunit/VsTestRunner2/netcoreapp" className="DINOForge.Tests.GameLaunch.GameLaunchUiTests" name="Overlay_F10_TogglesModMenu" />
    </UnitTest>
    <UnitTest name="DINOForge.Tests.GameLaunch.GameLaunchUiTests.Overlay_SecondToggle_ClosesModMenu" storage="c:\users\koosh\dino\src\tests\gamelaunch\bin\release\net11.0\dinoforge.tests.gamelaunch.dll" id="3abab9ce-a256-a605-5686-93aa7e4ad07f">
      <Execution id="a671bb46-8f1c-4e83-a401-93c7c4dec464" />
      <TestMethod codeBase="C:\Users\koosh\Dino\src\Tests\GameLaunch\bin\Release\net11.0\DINOForge.Tests.GameLaunch.dll" adapterTypeName="executor://xunit/VsTestRunner2/netcoreapp" className="DINOForge.Tests.GameLaunch.GameLaunchUiTests" name="Overlay_SecondToggle_ClosesModMenu" />
    </UnitTest>
    <UnitTest name="DINOForge.Tests.GameLaunch.GameLaunchHotReloadTests.HotReload_PackYamlChange_TriggersReloadWithin5Seconds" storage="c:\users\koosh\dino\src\tests\gamelaunch\bin\release\net11.0\dinoforge.tests.gamelaunch.dll" id="8a8109e2-72a2-1b3a-d1a3-0733baee50dd">
      <Execution id="6efa4ed8-ee25-4230-bd14-450cf282206f" />
      <TestMethod codeBase="C:\Users\koosh\Dino\src\Tests\GameLaunch\bin\Release\net11.0\DINOForge.Tests.GameLaunch.dll" adapterTypeName="executor://xunit/VsTestRunner2/netcoreapp" className="DINOForge.Tests.GameLaunch.GameLaunchHotReloadTests" name="HotReload_PackYamlChange_TriggersReloadWithin5Seconds" />
    </UnitTest>
    <UnitTest name="DINOForge.Tests.GameLaunch.GameLaunchEconomyTests.EconomyPack_Resources_AvailableViaSnapshot" storage="c:\users\koosh\dino\src\tests\gamelaunch\bin\release\net11.0\dinoforge.tests.gamelaunch.dll" id="7b432cb4-f1e7-b862-0787-9dcb46b88290">
      <Execution id="9cccc74d-c5e1-486a-ac97-dd173c15f090" />
      <TestMethod codeBase="C:\Users\koosh\Dino\src\Tests\GameLaunch\bin\Release\net11.0\DINOForge.Tests.GameLaunch.dll" adapterTypeName="executor://xunit/VsTestRunner2/netcoreapp" className="DINOForge.Tests.GameLaunch.GameLaunchEconomyTests" name="EconomyPack_Resources_AvailableViaSnapshot" />
    </UnitTest>
    <UnitTest name="DINOForge.Tests.GameLaunch.GameLaunchNativeMenuTests.PauseMenu_HasModsButton_WhenOpened" storage="c:\users\koosh\dino\src\tests\gamelaunch\bin\release\net11.0\dinoforge.tests.gamelaunch.dll" id="c7eecb30-0708-9d50-e9a6-7d415a46b1a2">
      <Execution id="996fdee4-1532-4c77-a430-034db4228d21" />
      <TestMethod codeBase="C:\Users\koosh\Dino\src\Tests\GameLaunch\bin\Release\net11.0\DINOForge.Tests.GameLaunch.dll" adapterTypeName="executor://xunit/VsTestRunner2/netcoreapp" className="DINOForge.Tests.GameLaunch.GameLaunchNativeMenuTests" name="PauseMenu_HasModsButton_WhenOpened" />
    </UnitTest>
    <UnitTest name="DINOForge.Tests.GameLaunch.GameLaunchOverlayTests.RuntimeDriver_Survives600FramesAndBeyond" storage="c:\users\koosh\dino\src\tests\gamelaunch\bin\release\net11.0\dinoforge.tests.gamelaunch.dll" id="7d950aa4-56ce-eec7-a542-de896a7d306f">
      <Execution id="4eac5112-8a83-409c-89b7-92a95fb9b37a" />
      <TestMethod codeBase="C:\Users\koosh\Dino\src\Tests\GameLaunch\bin\Release\net11.0\DINOForge.Tests.GameLaunch.dll" adapterTypeName="executor://xunit/VsTestRunner2/netcoreapp" className="DINOForge.Tests.GameLaunch.GameLaunchOverlayTests" name="RuntimeDriver_Survives600FramesAndBeyond" />
    </UnitTest>
    <UnitTest name="DINOForge.Tests.GameLaunch.GameLaunchNativeMenuTests.MainMenu_HasModsButton_AfterInjection" storage="c:\users\koosh\dino\src\tests\gamelaunch\bin\release\net11.0\dinoforge.tests.gamelaunch.dll" id="e4b094bf-8b5e-f27c-7d5f-39ffe4bf89f1">
      <Execution id="f8125a4b-a6c3-4799-9b63-2a655df5a209" />
      <TestMethod codeBase="C:\Users\koosh\Dino\src\Tests\GameLaunch\bin\Release\net11.0\DINOForge.Tests.GameLaunch.dll" adapterTypeName="executor://xunit/VsTestRunner2/netcoreapp" className="DINOForge.Tests.GameLaunch.GameLaunchNativeMenuTests" name="MainMenu_HasModsButton_AfterInjection" />
    </UnitTest>
    <UnitTest name="DINOForge.Tests.GameLaunch.GameLaunchAssetSwapTests.AssetVisualAcceptance_WarfareStarwarsLoaded_CapturesScreenshotWithReceipt" storage="c:\users\koosh\dino\src\tests\gamelaunch\bin\release\net11.0\dinoforge.tests.gamelaunch.dll" id="d71bf745-158c-0c17-1282-3dceacaf8565">
      <Execution id="492ac504-889c-4403-b446-0f313db2d937" />
      <TestMethod codeBase="C:\Users\koosh\Dino\src\Tests\GameLaunch\bin\Release\net11.0\DINOForge.Tests.GameLaunch.dll" adapterTypeName="executor://xunit/VsTestRunner2/netcoreapp" className="DINOForge.Tests.GameLaunch.GameLaunchAssetSwapTests" name="AssetVisualAcceptance_WarfareStarwarsLoaded_CapturesScreenshotWithReceipt" />
    </UnitTest>
    <UnitTest name="DINOForge.Tests.GameLaunch.GameLaunchOverlayTests.Overlay_F9_AssertDebugPanelVisible_AtMainMenu" storage="c:\users\koosh\dino\src\tests\gamelaunch\bin\release\net11.0\dinoforge.tests.gamelaunch.dll" id="856eabde-ce66-bb7d-3490-db0a9500ccfe">
      <Execution id="eeee90c5-2fa9-412f-a108-439344802376" />
      <TestMethod codeBase="C:\Users\koosh\Dino\src\Tests\GameLaunch\bin\Release\net11.0\DINOForge.Tests.GameLaunch.dll" adapterTypeName="executor://xunit/VsTestRunner2/netcoreapp" className="DINOForge.Tests.GameLaunch.GameLaunchOverlayTests" name="Overlay_F9_AssertDebugPanelVisible_AtMainMenu" />
    </UnitTest>
    <UnitTest name="DINOForge.Tests.GameLaunch.GameLaunchStatTests.StatOverride_HP_PersistsAfterReload" storage="c:\users\koosh\dino\src\tests\gamelaunch\bin\release\net11.0\dinoforge.tests.gamelaunch.dll" id="b722a10b-7812-6586-879d-5715017a358f">
      <Execution id="9a21f508-d6f2-4c7f-941e-373032833a11" />
      <TestMethod codeBase="C:\Users\koosh\Dino\src\Tests\GameLaunch\bin\Release\net11.0\DINOForge.Tests.GameLaunch.dll" adapterTypeName="executor://xunit/VsTestRunner2/netcoreapp" className="DINOForge.Tests.GameLaunch.GameLaunchStatTests" name="StatOverride_HP_PersistsAfterReload" />
    </UnitTest>
    <UnitTest name="DINOForge.Tests.GameLaunch.GameLaunchAssetSwapTests.Phase2_CloneTrooper_EntityRegistered" storage="c:\users\koosh\dino\src\tests\gamelaunch\bin\release\net11.0\dinoforge.tests.gamelaunch.dll" id="00f9c59a-87a0-bd94-b1fb-a5b8f2cba9fb">
      <Execution id="2d23e739-edbf-4535-956f-804e49334aa7" />
      <TestMethod codeBase="C:\Users\koosh\Dino\src\Tests\GameLaunch\bin\Release\net11.0\DINOForge.Tests.GameLaunch.dll" adapterTypeName="executor://xunit/VsTestRunner2/netcoreapp" className="DINOForge.Tests.GameLaunch.GameLaunchAssetSwapTests" name="Phase2_CloneTrooper_EntityRegistered" />
    </UnitTest>
    <UnitTest name="DINOForge.Tests.GameLaunch.GameLaunchPackTests.WarfareStarwars_IsListedInLoadedPacks" storage="c:\users\koosh\dino\src\tests\gamelaunch\bin\release\net11.0\dinoforge.tests.gamelaunch.dll" id="49ee8b7d-b16a-841b-1627-2be00de2e14f">
      <Execution id="9007d50a-3775-4224-af0a-7e41ba12b72b" />
      <TestMethod codeBase="C:\Users\koosh\Dino\src\Tests\GameLaunch\bin\Release\net11.0\DINOForge.Tests.GameLaunch.dll" adapterTypeName="executor://xunit/VsTestRunner2/netcoreapp" className="DINOForge.Tests.GameLaunch.GameLaunchPackTests" name="WarfareStarwars_IsListedInLoadedPacks" />
    </UnitTest>
    <UnitTest name="DINOForge.Tests.GameLaunch.GameLaunchOverlayTests.Overlay_F10_ModMenuToggle_PreservesRuntime" storage="c:\users\koosh\dino\src\tests\gamelaunch\bin\release\net11.0\dinoforge.tests.gamelaunch.dll" id="9c5bfdf4-7756-938f-fc92-7ca5a8bae788">
      <Execution id="58d18b6d-3e2e-4bae-a66c-afcc2bfe3cce" />
      <TestMethod codeBase="C:\Users\koosh\Dino\src\Tests\GameLaunch\bin\Release\net11.0\DINOForge.Tests.GameLaunch.dll" adapterTypeName="executor://xunit/VsTestRunner2/netcoreapp" className="DINOForge.Tests.GameLaunch.GameLaunchOverlayTests" name="Overlay_F10_ModMenuToggle_PreservesRuntime" />
    </UnitTest>
    <UnitTest name="DINOForge.Tests.GameLaunch.GameLaunchOverlayTests.Overlay_Panels_HiddenByDefault_AtMainMenu" storage="c:\users\koosh\dino\src\tests\gamelaunch\bin\release\net11.0\dinoforge.tests.gamelaunch.dll" id="dc113434-9dfb-f205-15cc-79f2acb2b0eb">
      <Execution id="fcd4a463-f0c6-4135-b771-ab42e44e09f2" />
      <TestMethod codeBase="C:\Users\koosh\Dino\src\Tests\GameLaunch\bin\Release\net11.0\DINOForge.Tests.GameLaunch.dll" adapterTypeName="executor://xunit/VsTestRunner2/netcoreapp" className="DINOForge.Tests.GameLaunch.GameLaunchOverlayTests" name="Overlay_Panels_HiddenByDefault_AtMainMenu" />
    </UnitTest>
    <UnitTest name="DINOForge.Tests.GameLaunch.GameLaunchSmokeTests.Bridge_Ping_RoundTripUnderOneSecond" storage="c:\users\koosh\dino\src\tests\gamelaunch\bin\release\net11.0\dinoforge.tests.gamelaunch.dll" id="09bfd48e-fb49-5822-f887-fd392625518e">
      <Execution id="7d8b03dd-3073-4b90-8149-0e5082f1db07" />
      <TestMethod codeBase="C:\Users\koosh\Dino\src\Tests\GameLaunch\bin\Release\net11.0\DINOForge.Tests.GameLaunch.dll" adapterTypeName="executor://xunit/VsTestRunner2/netcoreapp" className="DINOForge.Tests.GameLaunch.GameLaunchSmokeTests" name="Bridge_Ping_RoundTripUnderOneSecond" />
    </UnitTest>
    <UnitTest name="DINOForge.Tests.GameLaunch.GameLaunchSmokeTests.Bridge_IsHealthy_AfterBootstrap" storage="c:\users\koosh\dino\src\tests\gamelaunch\bin\release\net11.0\dinoforge.tests.gamelaunch.dll" id="8a733c79-5976-37fb-6d66-5dccf67e3f9b">
      <Execution id="4d0578eb-83ad-44d1-a076-2779b5678fe3" />
      <TestMethod codeBase="C:\Users\koosh\Dino\src\Tests\GameLaunch\bin\Release\net11.0\DINOForge.Tests.GameLaunch.dll" adapterTypeName="executor://xunit/VsTestRunner2/netcoreapp" className="DINOForge.Tests.GameLaunch.GameLaunchSmokeTests" name="Bridge_IsHealthy_AfterBootstrap" />
    </UnitTest>
    <UnitTest name="DINOForge.Tests.GameLaunch.GameLaunchOverlayTests.Overlay_F9_TogglesPersistentDebugOverlay" storage="c:\users\koosh\dino\src\tests\gamelaunch\bin\release\net11.0\dinoforge.tests.gamelaunch.dll" id="4af19047-0b7e-8929-dcb6-3d2422e56b5e">
      <Execution id="67d85262-2dde-4d48-96b4-48313bd19a8e" />
      <TestMethod codeBase="C:\Users\koosh\Dino\src\Tests\GameLaunch\bin\Release\net11.0\DINOForge.Tests.GameLaunch.dll" adapterTypeName="executor://xunit/VsTestRunner2/netcoreapp" className="DINOForge.Tests.GameLaunch.GameLaunchOverlayTests" name="Overlay_F9_TogglesPersistentDebugOverlay" />
    </UnitTest>
    <UnitTest name="DINOForge.Tests.GameLaunch.GameLaunchEconomyTests.EconomyPack_ResourceValues_AreReasonable" storage="c:\users\koosh\dino\src\tests\gamelaunch\bin\release\net11.0\dinoforge.tests.gamelaunch.dll" id="b9963d05-2ae1-701b-9a3e-7c1aae8b21fb">
      <Execution id="11f65052-a1da-4285-bd52-3310689d2d39" />
      <TestMethod codeBase="C:\Users\koosh\Dino\src\Tests\GameLaunch\bin\Release\net11.0\DINOForge.Tests.GameLaunch.dll" adapterTypeName="executor://xunit/VsTestRunner2/netcoreapp" className="DINOForge.Tests.GameLaunch.GameLaunchEconomyTests" name="EconomyPack_ResourceValues_AreReasonable" />
    </UnitTest>
    <UnitTest name="DINOForge.Tests.GameLaunch.GameLaunchOverlayTests.Overlay_F9_F10_ToggleDuringGameplay" storage="c:\users\koosh\dino\src\tests\gamelaunch\bin\release\net11.0\dinoforge.tests.gamelaunch.dll" id="f9b55eea-e6de-e4e9-5ab2-2666b69616e0">
      <Execution id="13d609af-ad51-4927-a6d1-f96d9827718f" />
      <TestMethod codeBase="C:\Users\koosh\Dino\src\Tests\GameLaunch\bin\Release\net11.0\DINOForge.Tests.GameLaunch.dll" adapterTypeName="executor://xunit/VsTestRunner2/netcoreapp" className="DINOForge.Tests.GameLaunch.GameLaunchOverlayTests" name="Overlay_F9_F10_ToggleDuringGameplay" />
    </UnitTest>
  </TestDefinitions>
  <TestEntries>
    <TestEntry testId="7b432cb4-f1e7-b862-0787-9dcb46b88290" executionId="9cccc74d-c5e1-486a-ac97-dd173c15f090" testListId="8c84fa94-04c1-424b-9868-57a2d4851a1d" />
    <TestEntry testId="a29646bf-bdca-cb17-3e31-d42c71764a91" executionId="aef3f086-9575-41c1-ac50-51a417442b14" testListId="8c84fa94-04c1-424b-9868-57a2d4851a1d" />
    <TestEntry testId="b9963d05-2ae1-701b-9a3e-7c1aae8b21fb" executionId="11f65052-a1da-4285-bd52-3310689d2d39" testListId="8c84fa94-04c1-424b-9868-57a2d4851a1d" />
    <TestEntry testId="c7eecb30-0708-9d50-e9a6-7d415a46b1a2" executionId="996fdee4-1532-4c77-a430-034db4228d21" testListId="8c84fa94-04c1-424b-9868-57a2d4851a1d" />
    <TestEntry testId="dc113434-9dfb-f205-15cc-79f2acb2b0eb" executionId="fcd4a463-f0c6-4135-b771-ab42e44e09f2" testListId="8c84fa94-04c1-424b-9868-57a2d4851a1d" />
    <TestEntry testId="0be5e9e0-f0f0-669c-5348-b2a8d12861bf" executionId="8ff7f46e-a571-4c17-9e00-a4bbc4938f8f" testListId="8c84fa94-04c1-424b-9868-57a2d4851a1d" />
    <TestEntry testId="3abab9ce-a256-a605-5686-93aa7e4ad07f" executionId="a671bb46-8f1c-4e83-a401-93c7c4dec464" testListId="8c84fa94-04c1-424b-9868-57a2d4851a1d" />
    <TestEntry testId="d71bf745-158c-0c17-1282-3dceacaf8565" executionId="492ac504-889c-4403-b446-0f313db2d937" testListId="8c84fa94-04c1-424b-9868-57a2d4851a1d" />
    <TestEntry testId="09bfd48e-fb49-5822-f887-fd392625518e" executionId="7d8b03dd-3073-4b90-8149-0e5082f1db07" testListId="8c84fa94-04c1-424b-9868-57a2d4851a1d" />
    <TestEntry testId="49ee8b7d-b16a-841b-1627-2be00de2e14f" executionId="9007d50a-3775-4224-af0a-7e41ba12b72b" testListId="8c84fa94-04c1-424b-9868-57a2d4851a1d" />
    <TestEntry testId="71a673b5-8c85-5a4e-3137-ade452d40135" executionId="8ca4eded-0e48-4184-8813-4ef3f616f7e3" testListId="8c84fa94-04c1-424b-9868-57a2d4851a1d" />
    <TestEntry testId="ad2fd79d-022a-14da-8ae5-6bbc0c32c254" executionId="0fb1b17c-ecbe-408e-a58d-fbf7a7006b43" testListId="8c84fa94-04c1-424b-9868-57a2d4851a1d" />
    <TestEntry testId="7d950aa4-56ce-eec7-a542-de896a7d306f" executionId="4eac5112-8a83-409c-89b7-92a95fb9b37a" testListId="8c84fa94-04c1-424b-9868-57a2d4851a1d" />
    <TestEntry testId="00f9c59a-87a0-bd94-b1fb-a5b8f2cba9fb" executionId="2d23e739-edbf-4535-956f-804e49334aa7" testListId="8c84fa94-04c1-424b-9868-57a2d4851a1d" />
    <TestEntry testId="8a8109e2-72a2-1b3a-d1a3-0733baee50dd" executionId="6efa4ed8-ee25-4230-bd14-450cf282206f" testListId="8c84fa94-04c1-424b-9868-57a2d4851a1d" />
    <TestEntry testId="856eabde-ce66-bb7d-3490-db0a9500ccfe" executionId="eeee90c5-2fa9-412f-a108-439344802376" testListId="8c84fa94-04c1-424b-9868-57a2d4851a1d" />
    <TestEntry testId="7dcd5b9b-09fa-98c7-3371-d8fa7a7d0fc1" executionId="13e91a2f-2e9d-4ada-afae-f9693ddf8342" testListId="8c84fa94-04c1-424b-9868-57a2d4851a1d" />
    <TestEntry testId="4af19047-0b7e-8929-dcb6-3d2422e56b5e" executionId="67d85262-2dde-4d48-96b4-48313bd19a8e" testListId="8c84fa94-04c1-424b-9868-57a2d4851a1d" />
    <TestEntry testId="5dfefce0-c114-bf77-84fb-68d86603ef0e" executionId="7297b0c4-1663-4bbb-aa66-521ce07896a4" testListId="8c84fa94-04c1-424b-9868-57a2d4851a1d" />
    <TestEntry testId="e4b094bf-8b5e-f27c-7d5f-39ffe4bf89f1" executionId="f8125a4b-a6c3-4799-9b63-2a655df5a209" testListId="8c84fa94-04c1-424b-9868-57a2d4851a1d" />
    <TestEntry testId="b722a10b-7812-6586-879d-5715017a358f" executionId="9a21f508-d6f2-4c7f-941e-373032833a11" testListId="8c84fa94-04c1-424b-9868-57a2d4851a1d" />
    <TestEntry testId="f9b55eea-e6de-e4e9-5ab2-2666b69616e0" executionId="13d609af-ad51-4927-a6d1-f96d9827718f" testListId="8c84fa94-04c1-424b-9868-57a2d4851a1d" />
    <TestEntry testId="835fe2be-04c6-6e60-06ab-7b9f2fdd1446" executionId="b641ccdb-a693-4bb4-8d9f-21aeb7705752" testListId="8c84fa94-04c1-424b-9868-57a2d4851a1d" />
    <TestEntry testId="530b0340-3d20-7373-b082-1bffafff12a8" executionId="8458e451-e13d-4ff1-9d1b-6a5d86b544ad" testListId="8c84fa94-04c1-424b-9868-57a2d4851a1d" />
    <TestEntry testId="c1d8318d-3c22-3a50-4750-578c9bc25ada" executionId="7d3bc286-daab-47f4-8526-04cacd9fa74f" testListId="8c84fa94-04c1-424b-9868-57a2d4851a1d" />
    <TestEntry testId="9c5bfdf4-7756-938f-fc92-7ca5a8bae788" executionId="58d18b6d-3e2e-4bae-a66c-afcc2bfe3cce" testListId="8c84fa94-04c1-424b-9868-57a2d4851a1d" />
    <TestEntry testId="8a733c79-5976-37fb-6d66-5dccf67e3f9b" executionId="4d0578eb-83ad-44d1-a076-2779b5678fe3" testListId="8c84fa94-04c1-424b-9868-57a2d4851a1d" />
    <TestEntry testId="51156138-f581-0063-c5f2-316a88ee88e2" executionId="e2d11c9a-6251-4c70-a46b-305d68946a78" testListId="8c84fa94-04c1-424b-9868-57a2d4851a1d" />
  </TestEntries>
  <TestLists>
    <TestList name="Results Not in a List" id="8c84fa94-04c1-424b-9868-57a2d4851a1d" />
    <TestList name="All Loaded Results" id="19431567-8539-422a-85d7-44ee4e166bda" />
  </TestLists>
  <ResultSummary outcome="Completed">
    <Counters total="28" executed="28" passed="28" failed="0" error="0" timeout="0" aborted="0" inconclusive="0" passedButRunAborted="0" notRunnable="0" notExecuted="0" disconnected="0" warning="0" completed="0" inProgress="0" pending="0" />
    <Output>
      <StdOut>[xUnit.net 00:00:00.00] xUnit.net VSTest Adapter v2.8.2+699d445a1a (64-bit .NET 11.0.0-preview.2.26159.112)&#xD;
[xUnit.net 00:00:00.15]   Discovering: DINOForge.Tests.GameLaunch&#xD;
[xUnit.net 00:00:00.25]   Discovered:  DINOForge.Tests.GameLaunch&#xD;
[xUnit.net 00:00:00.26]   Starting:    DINOForge.Tests.GameLaunch&#xD;
[15:57:11 INF] Connecting to pipe 'dinoforge-game-bridge' with timeout 10000ms&#xD;
[15:57:21 ERR] Failed to connect to pipe 'dinoforge-game-bridge'&#xD;
System.TimeoutException: Connection timeout after 10s&#xD;
 ---&gt; System.OperationCanceledException: The operation was canceled.&#xD;
   at System.Threading.CancellationToken.ThrowOperationCanceledException()&#xD;
   at System.Threading.CancellationToken.ThrowIfCancellationRequested()&#xD;
   at System.IO.Pipes.NamedPipeClientStream.ConnectInternal(Int32 timeout, CancellationToken cancellationToken, Int32 startTime)&#xD;
   at System.Threading.ExecutionContext.RunFromThreadPoolDispatchLoop(Thread threadPoolThread, ExecutionContext executionContext, ContextCallback callback, Object state)&#xD;
--- End of stack trace from previous location ---&#xD;
   at System.Threading.ExecutionContext.RunFromThreadPoolDispatchLoop(Thread threadPoolThread, ExecutionContext executionContext, ContextCallback callback, Object state)&#xD;
   at System.Threading.Tasks.Task.ExecuteWithThreadLocal(Task&amp; currentTaskSlot, Thread threadPoolThread)&#xD;
--- End of stack trace from previous location ---&#xD;
   at DINOForge.Bridge.Client.GameClient.ConnectAsync(Nullable`1 connectTimeout, CancellationToken ct) in C:\Users\koosh\Dino\src\Bridge\Client\GameClient.cs:line 192&#xD;
   --- End of inner exception stack trace ---&#xD;
   at DINOForge.Bridge.Client.GameClient.ConnectAsync(Nullable`1 connectTimeout, CancellationToken ct) in C:\Users\koosh\Dino\src\Bridge\Client\GameClient.cs:line 196&#xD;
[15:57:21 INF] Connecting to pipe 'dinoforge-game-bridge' with timeout 10000ms&#xD;
[15:57:31 ERR] Failed to connect to pipe 'dinoforge-game-bridge'&#xD;
System.TimeoutException: Connection timeout after 10s&#xD;
 ---&gt; System.OperationCanceledException: The operation was canceled.&#xD;
   at System.Threading.CancellationToken.ThrowOperationCanceledException()&#xD;
   at System.Threading.CancellationToken.ThrowIfCancellationRequested()&#xD;
   at System.IO.Pipes.NamedPipeClientStream.ConnectInternal(Int32 timeout, CancellationToken cancellationToken, Int32 startTime)&#xD;
   at System.Threading.ExecutionContext.RunFromThreadPoolDispatchLoop(Thread threadPoolThread, ExecutionContext executionContext, ContextCallback callback, Object state)&#xD;
--- End of stack trace from previous location ---&#xD;
   at System.Threading.ExecutionContext.RunFromThreadPoolDispatchLoop(Thread threadPoolThread, ExecutionContext executionContext, ContextCallback callback, Object state)&#xD;
   at System.Threading.Tasks.Task.ExecuteWithThreadLocal(Task&amp; currentTaskSlot, Thread threadPoolThread)&#xD;
--- End of stack trace from previous location ---&#xD;
   at DINOForge.Bridge.Client.GameClient.ConnectAsync(Nullable`1 connectTimeout, CancellationToken ct) in C:\Users\koosh\Dino\src\Bridge\Client\GameClient.cs:line 192&#xD;
   --- End of inner exception stack trace ---&#xD;
   at DINOForge.Bridge.Client.GameClient.ConnectAsync(Nullable`1 connectTimeout, CancellationToken ct) in C:\Users\koosh\Dino\src\Bridge\Client\GameClient.cs:line 196&#xD;
[15:57:32 INF] Connecting to pipe 'dinoforge-game-bridge' with timeout 10000ms&#xD;
[15:57:42 ERR] Failed to connect to pipe 'dinoforge-game-bridge'&#xD;
System.TimeoutException: Connection timeout after 10s&#xD;
   at DINOForge.Bridge.Client.GameClient.ConnectAsync(Nullable`1 connectTimeout, CancellationToken ct) in C:\Users\koosh\Dino\src\Bridge\Client\GameClient.cs:line 189&#xD;
[15:57:42 INF] Connecting to pipe 'dinoforge-game-bridge' with timeout 10000ms&#xD;
[15:57:53 ERR] Failed to connect to pipe 'dinoforge-game-bridge'&#xD;
System.TimeoutException: Connection timeout after 10s&#xD;
   at DINOForge.Bridge.Client.GameClient.ConnectAsync(Nullable`1 connectTimeout, CancellationToken ct) in C:\Users\koosh\Dino\src\Bridge\Client\GameClient.cs:line 189&#xD;
[15:57:53 INF] Connecting to pipe 'dinoforge-game-bridge' with timeout 10000ms&#xD;
[15:58:03 ERR] Failed to connect to pipe 'dinoforge-game-bridge'&#xD;
System.TimeoutException: Connection timeout after 10s&#xD;
   at DINOForge.Bridge.Client.GameClient.ConnectAsync(Nullable`1 connectTimeout, CancellationToken ct) in C:\Users\koosh\Dino\src\Bridge\Client\GameClient.cs:line 189&#xD;
[15:58:04 INF] Connecting to pipe 'dinoforge-game-bridge' with timeout 10000ms&#xD;
[15:58:14 ERR] Failed to connect to pipe 'dinoforge-game-bridge'&#xD;
System.TimeoutException: Connection timeout after 10s&#xD;
   at DINOForge.Bridge.Client.GameClient.ConnectAsync(Nullable`1 connectTimeout, CancellationToken ct) in C:\Users\koosh\Dino\src\Bridge\Client\GameClient.cs:line 189&#xD;
[15:58:14 INF] Connecting to pipe 'dinoforge-game-bridge' with timeout 10000ms&#xD;
[15:58:15 INF] Successfully connected to pipe 'dinoforge-game-bridge'&#xD;
[15:58:15 DBG] Sending request 'connect' to pipe 'dinoforge-game-bridge' (attempt 1/4)&#xD;
[15:58:16 INF] Request 'connect' completed successfully in 236ms&#xD;
[15:58:16 INF] Captured session_id ddcee19eeeeb48e0b46e7d988f4a9e81 from connect handshake&#xD;
[15:58:16 DBG] Sending request 'waitForWorld' to pipe 'dinoforge-game-bridge' (attempt 1/4)&#xD;
[15:58:16 INF] Request 'waitForWorld' completed successfully in 643ms&#xD;
[15:58:16 DBG] Sending request 'queryEntities' to pipe 'dinoforge-game-bridge' (attempt 1/4)&#xD;
[15:58:21 INF] Request 'queryEntities' completed successfully in 5053ms&#xD;
[15:58:22 DBG] Sending request 'queryEntities' to pipe 'dinoforge-game-bridge' (attempt 1/4)&#xD;
[15:58:24 INF] Request 'queryEntities' completed successfully in 2115ms&#xD;
[15:58:24 DBG] Sending request 'status' to pipe 'dinoforge-game-bridge' (attempt 1/4)&#xD;
[15:58:24 INF] Request 'status' completed successfully in 213ms&#xD;
[15:58:24 DBG] Sending request 'status' to pipe 'dinoforge-game-bridge' (attempt 1/4)&#xD;
[15:58:24 INF] Request 'status' completed successfully in 207ms&#xD;
[15:58:24 DBG] Sending request 'queryEntities' to pipe 'dinoforge-game-bridge' (attempt 1/4)&#xD;
[15:58:24 INF] Request 'queryEntities' completed successfully in 226ms&#xD;
[15:58:24 DBG] Sending request 'screenshot' to pipe 'dinoforge-game-bridge' (attempt 1/4)&#xD;
[15:58:25 INF] Request 'screenshot' completed successfully in 212ms&#xD;
[15:58:36 DBG] Sending request 'getResources' to pipe 'dinoforge-game-bridge' (attempt 1/4)&#xD;
[15:58:36 INF] Request 'getResources' completed successfully in 220ms&#xD;
[15:58:36 DBG] Sending request 'status' to pipe 'dinoforge-game-bridge' (attempt 1/4)&#xD;
[15:58:36 INF] Request 'status' completed successfully in 219ms&#xD;
[15:58:36 DBG] Sending request 'getCatalog' to pipe 'dinoforge-game-bridge' (attempt 1/4)&#xD;
[15:58:37 INF] Request 'getCatalog' completed successfully in 219ms&#xD;
[15:58:37 DBG] Sending request 'status' to pipe 'dinoforge-game-bridge' (attempt 1/4)&#xD;
[15:58:37 INF] Request 'status' completed successfully in 208ms&#xD;
[15:58:37 DBG] Sending request 'getResources' to pipe 'dinoforge-game-bridge' (attempt 1/4)&#xD;
[15:58:37 INF] Request 'getResources' completed successfully in 211ms&#xD;
[15:58:37 DBG] Sending request 'status' to pipe 'dinoforge-game-bridge' (attempt 1/4)&#xD;
[15:58:37 INF] Request 'status' completed successfully in 210ms&#xD;
[15:58:38 DBG] Sending request 'status' to pipe 'dinoforge-game-bridge' (attempt 1/4)&#xD;
[15:58:39 INF] Request 'status' completed successfully in 216ms&#xD;
[15:58:39 DBG] Sending request 'queryUi' to pipe 'dinoforge-game-bridge' (attempt 1/4)&#xD;
[15:58:39 INF] Request 'queryUi' completed successfully in 222ms&#xD;
[15:58:39 DBG] Sending request 'queryUi' to pipe 'dinoforge-game-bridge' (attempt 1/4)&#xD;
[15:58:39 INF] Request 'queryUi' completed successfully in 203ms&#xD;
[15:58:39 DBG] Sending request 'clickUi' to pipe 'dinoforge-game-bridge' (attempt 1/4)&#xD;
[15:58:40 INF] Request 'clickUi' completed successfully in 202ms&#xD;
[15:58:40 DBG] Sending request 'waitForUi' to pipe 'dinoforge-game-bridge' (attempt 1/4)&#xD;
[15:58:40 INF] Request 'waitForUi' completed successfully in 220ms&#xD;
[15:58:40 DBG] Sending request 'startGame' to pipe 'dinoforge-game-bridge' (attempt 1/4)&#xD;
[15:58:40 INF] Request 'startGame' completed successfully in 215ms&#xD;
[15:58:43 DBG] Sending request 'status' to pipe 'dinoforge-game-bridge' (attempt 1/4)&#xD;
[15:58:43 INF] Request 'status' completed successfully in 216ms&#xD;
[15:58:43 DBG] Sending request 'togglePauseMenu' to pipe 'dinoforge-game-bridge' (attempt 1/4)&#xD;
[15:58:44 INF] Request 'togglePauseMenu' completed successfully in 1038ms&#xD;
[15:58:45 DBG] Sending request 'queryUi' to pipe 'dinoforge-game-bridge' (attempt 1/4)&#xD;
[15:58:46 INF] Request 'queryUi' completed successfully in 841ms&#xD;
[15:58:46 DBG] Sending request 'queryUi' to pipe 'dinoforge-game-bridge' (attempt 1/4)&#xD;
[15:58:46 INF] Request 'queryUi' completed successfully in 217ms&#xD;
[15:58:46 DBG] Sending request 'invokeMethod' to pipe 'dinoforge-game-bridge' (attempt 1/4)&#xD;
[15:58:47 INF] Request 'invokeMethod' completed successfully in 427ms&#xD;
[15:58:49 DBG] Sending request 'queryUi' to pipe 'dinoforge-game-bridge' (attempt 1/4)&#xD;
[15:58:49 INF] Request 'queryUi' completed successfully in 213ms&#xD;
[15:58:49 DBG] Sending request 'queryUi' to pipe 'dinoforge-game-bridge' (attempt 1/4)&#xD;
[15:58:50 INF] Request 'queryUi' completed successfully in 231ms&#xD;
[15:58:50 DBG] Sending request 'queryUi' to pipe 'dinoforge-game-bridge' (attempt 1/4)&#xD;
[15:58:50 INF] Request 'queryUi' completed successfully in 216ms&#xD;
[15:58:50 DBG] Sending request 'queryUi' to pipe 'dinoforge-game-bridge' (attempt 1/4)&#xD;
[15:58:50 INF] Request 'queryUi' completed successfully in 221ms&#xD;
[15:58:50 DBG] Sending request 'queryUi' to pipe 'dinoforge-game-bridge' (attempt 1/4)&#xD;
[15:58:50 INF] Request 'queryUi' completed successfully in 222ms&#xD;
[15:58:50 DBG] Sending request 'startGame' to pipe 'dinoforge-game-bridge' (attempt 1/4)&#xD;
[15:58:51 INF] Request 'startGame' completed successfully in 205ms&#xD;
[15:58:54 DBG] Sending request 'status' to pipe 'dinoforge-game-bridge' (attempt 1/4)&#xD;
[15:58:54 INF] Request 'status' completed successfully in 220ms&#xD;
[15:58:54 DBG] Sending request 'loadScene' to pipe 'dinoforge-game-bridge' (attempt 1/4)&#xD;
[15:58:54 INF] Request 'loadScene' completed successfully in 215ms&#xD;
[15:58:57 DBG] Sending request 'waitForWorld' to pipe 'dinoforge-game-bridge' (attempt 1/4)&#xD;
[15:58:58 INF] Request 'waitForWorld' completed successfully in 203ms&#xD;
[15:58:58 DBG] Sending request 'waitForUi' to pipe 'dinoforge-game-bridge' (attempt 1/4)&#xD;
[15:58:58 INF] Request 'waitForUi' completed successfully in 225ms&#xD;
[15:58:58 DBG] Sending request 'invokeMethod' to pipe 'dinoforge-game-bridge' (attempt 1/4)&#xD;
[15:58:58 INF] Request 'invokeMethod' completed successfully in 411ms&#xD;
[15:58:59 DBG] Sending request 'invokeMethod' to pipe 'dinoforge-game-bridge' (attempt 1/4)&#xD;
[15:58:59 INF] Request 'invokeMethod' completed successfully in 419ms&#xD;
[15:59:00 DBG] Sending request 'loadScene' to pipe 'dinoforge-game-bridge' (attempt 1/4)&#xD;
[15:59:00 INF] Request 'loadScene' completed successfully in 217ms&#xD;
[15:59:03 DBG] Sending request 'waitForWorld' to pipe 'dinoforge-game-bridge' (attempt 1/4)&#xD;
[15:59:04 INF] Request 'waitForWorld' completed successfully in 214ms&#xD;
[15:59:04 DBG] Sending request 'waitForUi' to pipe 'dinoforge-game-bridge' (attempt 1/4)&#xD;
[15:59:04 INF] Request 'waitForUi' completed successfully in 207ms&#xD;
[15:59:04 DBG] Sending request 'invokeMethod' to pipe 'dinoforge-game-bridge' (attempt 1/4)&#xD;
[15:59:04 INF] Request 'invokeMethod' completed successfully in 415ms&#xD;
[15:59:05 DBG] Sending request 'invokeMethod' to pipe 'dinoforge-game-bridge' (attempt 1/4)&#xD;
[15:59:05 INF] Request 'invokeMethod' completed successfully in 422ms&#xD;
[15:59:06 DBG] Sending request 'waitForUi' to pipe 'dinoforge-game-bridge' (attempt 1/4)&#xD;
[15:59:06 INF] Request 'waitForUi' completed successfully in 213ms&#xD;
[15:59:06 DBG] Sending request 'queryUi' to pipe 'dinoforge-game-bridge' (attempt 1/4)&#xD;
[15:59:06 INF] Request 'queryUi' completed successfully in 217ms&#xD;
[15:59:06 DBG] Sending request 'queryUi' to pipe 'dinoforge-game-bridge' (attempt 1/4)&#xD;
[15:59:06 INF] Request 'queryUi' completed successfully in 208ms&#xD;
[15:59:06 DBG] Sending request 'queryUi' to pipe 'dinoforge-game-bridge' (attempt 1/4)&#xD;
[15:59:07 INF] Request 'queryUi' completed successfully in 1027ms&#xD;
[15:59:07 DBG] Sending request 'getUiTree' to pipe 'dinoforge-game-bridge' (attempt 1/4)&#xD;
[15:59:08 INF] Request 'getUiTree' completed successfully in 486ms&#xD;
[15:59:08 DBG] Sending request 'queryUi' to pipe 'dinoforge-game-bridge' (attempt 1/4)&#xD;
[15:59:08 INF] Request 'queryUi' completed successfully in 213ms&#xD;
[15:59:08 DBG] Sending request 'queryUi' to pipe 'dinoforge-game-bridge' (attempt 1/4)&#xD;
[15:59:08 INF] Request 'queryUi' completed successfully in 213ms&#xD;
[15:59:08 DBG] Sending request 'toggleUi' to pipe 'dinoforge-game-bridge' (attempt 1/4)&#xD;
[15:59:09 INF] Request 'toggleUi' completed successfully in 213ms&#xD;
[15:59:09 DBG] Sending request 'status' to pipe 'dinoforge-game-bridge' (attempt 1/4)&#xD;
[15:59:09 INF] Request 'status' completed successfully in 214ms&#xD;
[15:59:09 DBG] Sending request 'toggleUi' to pipe 'dinoforge-game-bridge' (attempt 1/4)&#xD;
[15:59:09 INF] Request 'toggleUi' completed successfully in 223ms&#xD;
[15:59:10 DBG] Sending request 'status' to pipe 'dinoforge-game-bridge' (attempt 1/4)&#xD;
[15:59:10 INF] Request 'status' completed successfully in 203ms&#xD;
[15:59:10 DBG] Sending request 'status' to pipe 'dinoforge-game-bridge' (attempt 1/4)&#xD;
[15:59:10 INF] Request 'status' completed successfully in 208ms&#xD;
[15:59:10 DBG] Sending request 'status' to pipe 'dinoforge-game-bridge' (attempt 1/4)&#xD;
[15:59:10 INF] Request 'status' completed successfully in 207ms&#xD;
[15:59:11 DBG] Sending request 'status' to pipe 'dinoforge-game-bridge' (attempt 1/4)&#xD;
[15:59:11 INF] Request 'status' completed successfully in 201ms&#xD;
[15:59:12 DBG] Sending request 'status' to pipe 'dinoforge-game-bridge' (attempt 1/4)&#xD;
[15:59:12 INF] Request 'status' completed successfully in 203ms&#xD;
[15:59:12 DBG] Sending request 'status' to pipe 'dinoforge-game-bridge' (attempt 1/4)&#xD;
[15:59:12 INF] Request 'status' completed successfully in 216ms&#xD;
[15:59:13 DBG] Sending request 'status' to pipe 'dinoforge-game-bridge' (attempt 1/4)&#xD;
[15:59:13 INF] Request 'status' completed successfully in 213ms&#xD;
[15:59:14 DBG] Sending request 'status' to pipe 'dinoforge-game-bridge' (attempt 1/4)&#xD;
[15:59:14 INF] Request 'status' completed successfully in 217ms&#xD;
[15:59:14 DBG] Sending request 'status' to pipe 'dinoforge-game-bridge' (attempt 1/4)&#xD;
[15:59:15 INF] Request 'status' completed successfully in 219ms&#xD;
[15:59:15 DBG] Sending request 'status' to pipe 'dinoforge-game-bridge' (attempt 1/4)&#xD;
[15:59:15 INF] Request 'status' completed successfully in 216ms&#xD;
[15:59:16 DBG] Sending request 'status' to pipe 'dinoforge-game-bridge' (attempt 1/4)&#xD;
[15:59:16 INF] Request 'status' completed successfully in 216ms&#xD;
[15:59:17 DBG] Sending request 'status' to pipe 'dinoforge-game-bridge' (attempt 1/4)&#xD;
[15:59:17 INF] Request 'status' completed successfully in 211ms&#xD;
[15:59:17 DBG] Sending request 'status' to pipe 'dinoforge-game-bridge' (attempt 1/4)&#xD;
[15:59:18 INF] Request 'status' completed successfully in 202ms&#xD;
[15:59:18 DBG] Sending request 'status' to pipe 'dinoforge-game-bridge' (attempt 1/4)&#xD;
[15:59:18 INF] Request 'status' completed successfully in 219ms&#xD;
[15:59:19 DBG] Sending request 'status' to pipe 'dinoforge-game-bridge' (attempt 1/4)&#xD;
[15:59:19 INF] Request 'status' completed successfully in 206ms&#xD;
[15:59:20 DBG] Sending request 'status' to pipe 'dinoforge-game-bridge' (attempt 1/4)&#xD;
[15:59:20 INF] Request 'status' completed successfully in 214ms&#xD;
[15:59:20 DBG] Sending request 'status' to pipe 'dinoforge-game-bridge' (attempt 1/4)&#xD;
[15:59:20 INF] Request 'status' completed successfully in 202ms&#xD;
[15:59:20 DBG] Sending request 'status' to pipe 'dinoforge-game-bridge' (attempt 1/4)&#xD;
[15:59:21 INF] Request 'status' completed successfully in 207ms&#xD;
[15:59:21 DBG] Sending request 'toggleUi' to pipe 'dinoforge-game-bridge' (attempt 1/4)&#xD;
[15:59:21 INF] Request 'toggleUi' completed successfully in 422ms&#xD;
[15:59:21 DBG] Sending request 'status' to pipe 'dinoforge-game-bridge' (attempt 1/4)&#xD;
[15:59:22 INF] Request 'status' completed successfully in 203ms&#xD;
[15:59:22 DBG] Sending request 'toggleUi' to pipe 'dinoforge-game-bridge' (attempt 1/4)&#xD;
[15:59:22 INF] Request 'toggleUi' completed successfully in 214ms&#xD;
[15:59:22 DBG] Sending request 'status' to pipe 'dinoforge-game-bridge' (attempt 1/4)&#xD;
[15:59:22 INF] Request 'status' completed successfully in 213ms&#xD;
[15:59:22 DBG] Sending request 'loadScene' to pipe 'dinoforge-game-bridge' (attempt 1/4)&#xD;
[15:59:23 INF] Request 'loadScene' completed successfully in 207ms&#xD;
[15:59:26 DBG] Sending request 'queryUi' to pipe 'dinoforge-game-bridge' (attempt 1/4)&#xD;
[15:59:26 INF] Request 'queryUi' completed successfully in 215ms&#xD;
[15:59:26 DBG] Sending request 'queryUi' to pipe 'dinoforge-game-bridge' (attempt 1/4)&#xD;
[15:59:26 INF] Request 'queryUi' completed successfully in 216ms&#xD;
[15:59:26 DBG] Sending request 'toggleUi' to pipe 'dinoforge-game-bridge' (attempt 1/4)&#xD;
[15:59:26 INF] Request 'toggleUi' completed successfully in 215ms&#xD;
[15:59:27 DBG] Sending request 'queryUi' to pipe 'dinoforge-game-bridge' (attempt 1/4)&#xD;
[15:59:27 INF] Request 'queryUi' completed successfully in 215ms&#xD;
[15:59:27 DBG] Sending request 'toggleUi' to pipe 'dinoforge-game-bridge' (attempt 1/4)&#xD;
[15:59:27 INF] Request 'toggleUi' completed successfully in 416ms&#xD;
[15:59:27 DBG] Sending request 'waitForUi' to pipe 'dinoforge-game-bridge' (attempt 1/4)&#xD;
[15:59:28 INF] Request 'waitForUi' completed successfully in 223ms&#xD;
[15:59:28 DBG] Sending request 'toggleUi' to pipe 'dinoforge-game-bridge' (attempt 1/4)&#xD;
[15:59:28 INF] Request 'toggleUi' completed successfully in 215ms&#xD;
[15:59:28 DBG] Sending request 'waitForUi' to pipe 'dinoforge-game-bridge' (attempt 1/4)&#xD;
[15:59:28 INF] Request 'waitForUi' completed successfully in 231ms&#xD;
[15:59:28 DBG] Sending request 'loadScene' to pipe 'dinoforge-game-bridge' (attempt 1/4)&#xD;
[15:59:28 INF] Request 'loadScene' completed successfully in 217ms&#xD;
[15:59:31 DBG] Sending request 'queryUi' to pipe 'dinoforge-game-bridge' (attempt 1/4)&#xD;
[15:59:32 INF] Request 'queryUi' completed successfully in 219ms&#xD;
[15:59:32 DBG] Sending request 'toggleUi' to pipe 'dinoforge-game-bridge' (attempt 1/4)&#xD;
[15:59:32 INF] Request 'toggleUi' completed successfully in 214ms&#xD;
[15:59:32 DBG] Sending request 'queryUi' to pipe 'dinoforge-game-bridge' (attempt 1/4)&#xD;
[15:59:33 INF] Request 'queryUi' completed successfully in 236ms&#xD;
[15:59:33 DBG] Sending request 'queryUi' to pipe 'dinoforge-game-bridge' (attempt 1/4)&#xD;
[15:59:33 INF] Request 'queryUi' completed successfully in 211ms&#xD;
[15:59:33 DBG] Sending request 'queryUi' to pipe 'dinoforge-game-bridge' (attempt 1/4)&#xD;
[15:59:33 INF] Request 'queryUi' completed successfully in 214ms&#xD;
[15:59:33 DBG] Sending request 'toggleUi' to pipe 'dinoforge-game-bridge' (attempt 1/4)&#xD;
[15:59:34 INF] Request 'toggleUi' completed successfully in 1430ms&#xD;
[15:59:35 DBG] Sending request 'toggleUi' to pipe 'dinoforge-game-bridge' (attempt 1/4)&#xD;
[15:59:35 INF] Request 'toggleUi' completed successfully in 434ms&#xD;
[15:59:35 DBG] Sending request 'waitForUi' to pipe 'dinoforge-game-bridge' (attempt 1/4)&#xD;
[15:59:36 INF] Request 'waitForUi' completed successfully in 441ms&#xD;
[15:59:36 DBG] Sending request 'startGame' to pipe 'dinoforge-game-bridge' (attempt 1/4)&#xD;
[15:59:36 INF] Request 'startGame' completed successfully in 208ms&#xD;
[15:59:39 DBG] Sending request 'status' to pipe 'dinoforge-game-bridge' (attempt 1/4)&#xD;
[15:59:39 INF] Request 'status' completed successfully in 213ms&#xD;
[15:59:39 DBG] Sending request 'toggleUi' to pipe 'dinoforge-game-bridge' (attempt 1/4)&#xD;
[15:59:40 INF] Request 'toggleUi' completed successfully in 418ms&#xD;
[15:59:40 DBG] Sending request 'waitForUi' to pipe 'dinoforge-game-bridge' (attempt 1/4)&#xD;
[15:59:40 INF] Request 'waitForUi' completed successfully in 430ms&#xD;
[15:59:40 DBG] Sending request 'toggleUi' to pipe 'dinoforge-game-bridge' (attempt 1/4)&#xD;
[15:59:40 INF] Request 'toggleUi' completed successfully in 430ms&#xD;
[15:59:40 DBG] Sending request 'waitForUi' to pipe 'dinoforge-game-bridge' (attempt 1/4)&#xD;
[15:59:41 INF] Request 'waitForUi' completed successfully in 207ms&#xD;
[15:59:41 DBG] Sending request 'status' to pipe 'dinoforge-game-bridge' (attempt 1/4)&#xD;
[15:59:41 INF] Request 'status' completed successfully in 218ms&#xD;
[15:59:41 DBG] Sending request 'getCatalog' to pipe 'dinoforge-game-bridge' (attempt 1/4)&#xD;
[15:59:41 INF] Request 'getCatalog' completed successfully in 216ms&#xD;
[15:59:42 DBG] Sending request 'status' to pipe 'dinoforge-game-bridge' (attempt 1/4)&#xD;
[15:59:42 INF] Request 'status' completed successfully in 205ms&#xD;
[15:59:42 DBG] Sending request 'queryUi' to pipe 'dinoforge-game-bridge' (attempt 1/4)&#xD;
[15:59:42 INF] Request 'queryUi' completed successfully in 212ms&#xD;
[15:59:42 DBG] Sending request 'status' to pipe 'dinoforge-game-bridge' (attempt 1/4)&#xD;
[15:59:42 INF] Request 'status' completed successfully in 209ms&#xD;
[15:59:42 DBG] Sending request 'ping' to pipe 'dinoforge-game-bridge' (attempt 1/4)&#xD;
[15:59:43 INF] Request 'ping' completed successfully in 216ms&#xD;
[15:59:43 DBG] Sending request 'status' to pipe 'dinoforge-game-bridge' (attempt 1/4)&#xD;
[15:59:43 INF] Request 'status' completed successfully in 209ms&#xD;
[15:59:43 DBG] Sending request 'applyOverride' to pipe 'dinoforge-game-bridge' (attempt 1/4)&#xD;
[15:59:43 INF] Request 'applyOverride' completed successfully in 225ms&#xD;
[15:59:43 DBG] Sending request 'reloadPacks' to pipe 'dinoforge-game-bridge' (attempt 1/4)&#xD;
[15:59:44 INF] Request 'reloadPacks' completed successfully in 831ms&#xD;
[15:59:47 DBG] Sending request 'applyOverride' to pipe 'dinoforge-game-bridge' (attempt 1/4)&#xD;
[15:59:47 INF] Request 'applyOverride' completed successfully in 217ms&#xD;
[15:59:47 DBG] Sending request 'toggleUi' to pipe 'dinoforge-game-bridge' (attempt 1/4)&#xD;
[15:59:47 INF] Request 'toggleUi' completed successfully in 212ms&#xD;
[15:59:47 DBG] Sending request 'toggleUi' to pipe 'dinoforge-game-bridge' (attempt 1/4)&#xD;
[15:59:48 INF] Request 'toggleUi' completed successfully in 428ms&#xD;
[15:59:48 DBG] Sending request 'toggleUi' to pipe 'dinoforge-game-bridge' (attempt 1/4)&#xD;
[15:59:48 INF] Request 'toggleUi' completed successfully in 217ms&#xD;
[15:59:48 DBG] Sending request 'getUiTree' to pipe 'dinoforge-game-bridge' (attempt 1/4)&#xD;
[15:59:49 INF] Request 'getUiTree' completed successfully in 760ms&#xD;
[xUnit.net 00:02:38.78]   Finished:    DINOForge.Tests.GameLaunch&#xD;
</StdOut>
    </Output>
  </ResultSummary>
</TestRun>