{"meta": {"format": 3, "version": "7.13.5", "timestamp": "2026-05-20T17:23:31.664972", "branch_coverage": false, "show_contexts": false}, "files": {"dinoforge_mcp\\__init__.py": {"executed_lines": [2], "summary": {"covered_lines": 1, "num_statements": 1, "percent_covered": 100.0, "percent_covered_display": "100", "missing_lines": 0, "excluded_lines": 0, "percent_statements_covered": 100.0, "percent_statements_covered_display": "100"}, "missing_lines": [], "excluded_lines": [], "functions": {"": {"executed_lines": [2], "summary": {"covered_lines": 1, "num_statements": 1, "percent_covered": 100.0, "percent_covered_display": "100", "missing_lines": 0, "excluded_lines": 0, "percent_statements_covered": 100.0, "percent_statements_covered_display": "100"}, "missing_lines": [], "excluded_lines": [], "start_line": 1}}, "classes": {"": {"executed_lines": [2], "summary": {"covered_lines": 1, "num_statements": 1, "percent_covered": 100.0, "percent_covered_display": "100", "missing_lines": 0, "excluded_lines": 0, "percent_statements_covered": 100.0, "percent_statements_covered_display": "100"}, "missing_lines": [], "excluded_lines": [], "start_line": 1}}}, "dinoforge_mcp\\ai_stack\\__init__.py": {"executed_lines": [6, 16, 18], "summary": {"covered_lines": 3, "num_statements": 3, "percent_covered": 100.0, "percent_covered_display": "100", "missing_lines": 0, "excluded_lines": 0, "percent_statements_covered": 100.0, "percent_statements_covered_display": "100"}, "missing_lines": [], "excluded_lines": [], "functions": {"": {"executed_lines": [6, 16, 18], "summary": {"covered_lines": 3, "num_statements": 3, "percent_covered": 100.0, "percent_covered_display": "100", "missing_lines": 0, "excluded_lines": 0, "percent_statements_covered": 100.0, "percent_statements_covered_display": "100"}, "missing_lines": [], "excluded_lines": [], "start_line": 1}}, "classes": {"": {"executed_lines": [6, 16, 18], "summary": {"covered_lines": 3, "num_statements": 3, "percent_covered": 100.0, "percent_covered_display": "100", "missing_lines": 0, "excluded_lines": 0, "percent_statements_covered": 100.0, "percent_statements_covered_display": "100"}, "missing_lines": [], "excluded_lines": [], "start_line": 1}}}, "dinoforge_mcp\\ai_stack\\bifrost_bridge.py": {"executed_lines": [3, 5, 6, 8, 11, 13, 20], "summary": {"covered_lines": 7, "num_statements": 10, "percent_covered": 70.0, "percent_covered_display": "70", "missing_lines": 3, "excluded_lines": 0, "percent_statements_covered": 70.0, "percent_statements_covered_display": "70"}, "missing_lines": [25, 26, 34], "excluded_lines": [], "functions": {"is_configured": {"executed_lines": [13], "summary": {"covered_lines": 1, "num_statements": 1, "percent_covered": 100.0, "percent_covered_display": "100", "missing_lines": 0, "excluded_lines": 0, "percent_statements_covered": 100.0, "percent_statements_covered_display": "100"}, "missing_lines": [], "excluded_lines": [], "start_line": 11}, "route": {"executed_lines": [], "summary": {"covered_lines": 0, "num_statements": 3, "percent_covered": 0.0, "percent_covered_display": "0", "missing_lines": 3, "excluded_lines": 0, "percent_statements_covered": 0.0, "percent_statements_covered_display": "0"}, "missing_lines": [25, 26, 34], "excluded_lines": [], "start_line": 20}, "": {"executed_lines": [3, 5, 6, 8, 11, 20], "summary": {"covered_lines": 6, "num_statements": 6, "percent_covered": 100.0, "percent_covered_display": "100", "missing_lines": 0, "excluded_lines": 0, "percent_statements_covered": 100.0, "percent_statements_covered_display": "100"}, "missing_lines": [], "excluded_lines": [], "start_line": 1}}, "classes": {"": {"executed_lines": [3, 5, 6, 8, 11, 13, 20], "summary": {"covered_lines": 7, "num_statements": 10, "percent_covered": 70.0, "percent_covered_display": "70", "missing_lines": 3, "excluded_lines": 0, "percent_statements_covered": 70.0, "percent_statements_covered_display": "70"}, "missing_lines": [25, 26, 34], "excluded_lines": [], "start_line": 1}}}, "dinoforge_mcp\\ai_stack\\preferences.py": {"executed_lines": [3, 5, 6, 7, 10, 12, 13, 14, 15, 21, 32, 33, 36, 37, 38, 40, 49, 51, 54, 55, 57, 58, 61, 63, 64, 67, 68, 69, 71, 72, 73, 76, 77, 78, 79, 80, 83, 92, 93, 95, 96, 97, 99, 102], "summary": {"covered_lines": 44, "num_statements": 50, "percent_covered": 88.0, "percent_covered_display": "88", "missing_lines": 6, "excluded_lines": 0, "percent_statements_covered": 88.0, "percent_statements_covered_display": "88"}, "missing_lines": [42, 52, 56, 65, 70, 100], "excluded_lines": [], "functions": {"StackPreferences.as_dict": {"executed_lines": [], "summary": {"covered_lines": 0, "num_statements": 1, "percent_covered": 0.0, "percent_covered_display": "0", "missing_lines": 1, "excluded_lines": 0, "percent_statements_covered": 0.0, "percent_statements_covered_display": "0"}, "missing_lines": [42], "excluded_lines": [], "start_line": 40}, "normalize_provider": {"executed_lines": [51, 54, 55, 57, 58], "summary": {"covered_lines": 5, "num_statements": 7, "percent_covered": 71.42857142857143, "percent_covered_display": "71", "missing_lines": 2, "excluded_lines": 0, "percent_statements_covered": 71.42857142857143, "percent_statements_covered_display": "71"}, "missing_lines": [52, 56], "excluded_lines": [], "start_line": 49}, "normalize_provider_list": {"executed_lines": [63, 64, 67, 68, 69, 71, 72, 73], "summary": {"covered_lines": 8, "num_statements": 10, "percent_covered": 80.0, "percent_covered_display": "80", "missing_lines": 2, "excluded_lines": 0, "percent_statements_covered": 80.0, "percent_statements_covered_display": "80"}, "missing_lines": [65, 70], "excluded_lines": [], "start_line": 61}, "_parse_env_value": {"executed_lines": [77, 78, 79, 80], "summary": {"covered_lines": 4, "num_statements": 4, "percent_covered": 100.0, "percent_covered_display": "100", "missing_lines": 0, "excluded_lines": 0, "percent_statements_covered": 100.0, "percent_statements_covered_display": "100"}, "missing_lines": [], "excluded_lines": [], "start_line": 76}, "get_preference_order": {"executed_lines": [92, 93, 95, 96, 97, 99, 102], "summary": {"covered_lines": 7, "num_statements": 8, "percent_covered": 87.5, "percent_covered_display": "88", "missing_lines": 1, "excluded_lines": 0, "percent_statements_covered": 87.5, "percent_statements_covered_display": "88"}, "missing_lines": [100], "excluded_lines": [], "start_line": 83}, "": {"executed_lines": [3, 5, 6, 7, 10, 12, 13, 14, 15, 21, 32, 33, 36, 37, 38, 40, 49, 61, 76, 83], "summary": {"covered_lines": 20, "num_statements": 20, "percent_covered": 100.0, "percent_covered_display": "100", "missing_lines": 0, "excluded_lines": 0, "percent_statements_covered": 100.0, "percent_statements_covered_display": "100"}, "missing_lines": [], "excluded_lines": [], "start_line": 1}}, "classes": {"StackPreferences": {"executed_lines": [], "summary": {"covered_lines": 0, "num_statements": 1, "percent_covered": 0.0, "percent_covered_display": "0", "missing_lines": 1, "excluded_lines": 0, "percent_statements_covered": 0.0, "percent_statements_covered_display": "0"}, "missing_lines": [42], "excluded_lines": [], "start_line": 33}, "": {"executed_lines": [3, 5, 6, 7, 10, 12, 13, 14, 15, 21, 32, 33, 36, 37, 38, 40, 49, 51, 54, 55, 57, 58, 61, 63, 64, 67, 68, 69, 71, 72, 73, 76, 77, 78, 79, 80, 83, 92, 93, 95, 96, 97, 99, 102], "summary": {"covered_lines": 44, "num_statements": 49, "percent_covered": 89.79591836734694, "percent_covered_display": "90", "missing_lines": 5, "excluded_lines": 0, "percent_statements_covered": 89.79591836734694, "percent_statements_covered_display": "90"}, "missing_lines": [52, 56, 65, 70, 100], "excluded_lines": [], "start_line": 1}}}, "dinoforge_mcp\\ai_stack\\routing.py": {"executed_lines": [3, 5, 7, 17, 20, 27, 29, 36, 37, 38, 49, 50, 63, 68, 74, 75, 76, 77, 79, 85, 87, 90, 104, 105, 106, 112, 113, 114, 115, 117, 118, 119, 121, 122], "summary": {"covered_lines": 34, "num_statements": 47, "percent_covered": 72.34042553191489, "percent_covered_display": "72", "missing_lines": 13, "excluded_lines": 0, "percent_statements_covered": 72.34042553191489, "percent_statements_covered_display": "72"}, "missing_lines": [51, 52, 54, 69, 70, 71, 72, 73, 78, 81, 86, 116, 137], "excluded_lines": [], "functions": {"get_provider_status": {"executed_lines": [29], "summary": {"covered_lines": 1, "num_statements": 1, "percent_covered": 100.0, "percent_covered_display": "100", "missing_lines": 0, "excluded_lines": 0, "percent_statements_covered": 100.0, "percent_statements_covered_display": "100"}, "missing_lines": [], "excluded_lines": [], "start_line": 27}, "_dispatch": {"executed_lines": [37, 38, 49, 50], "summary": {"covered_lines": 4, "num_statements": 7, "percent_covered": 57.142857142857146, "percent_covered_display": "57", "missing_lines": 3, "excluded_lines": 0, "percent_statements_covered": 57.142857142857146, "percent_statements_covered_display": "57"}, "missing_lines": [51, 52, 54], "excluded_lines": [], "start_line": 36}, "_select_candidates": {"executed_lines": [68, 74, 75, 76, 77, 79, 85, 87], "summary": {"covered_lines": 8, "num_statements": 16, "percent_covered": 50.0, "percent_covered_display": "50", "missing_lines": 8, "excluded_lines": 0, "percent_statements_covered": 50.0, "percent_statements_covered_display": "50"}, "missing_lines": [69, 70, 71, 72, 73, 78, 81, 86], "excluded_lines": [], "start_line": 63}, "route_ai_request": {"executed_lines": [104, 105, 106, 112, 113, 114, 115, 117, 118, 119, 121, 122], "summary": {"covered_lines": 12, "num_statements": 14, "percent_covered": 85.71428571428571, "percent_covered_display": "86", "missing_lines": 2, "excluded_lines": 0, "percent_statements_covered": 85.71428571428571, "percent_statements_covered_display": "86"}, "missing_lines": [116, 137], "excluded_lines": [], "start_line": 90}, "": {"executed_lines": [3, 5, 7, 17, 20, 27, 36, 63, 90], "summary": {"covered_lines": 9, "num_statements": 9, "percent_covered": 100.0, "percent_covered_display": "100", "missing_lines": 0, "excluded_lines": 0, "percent_statements_covered": 100.0, "percent_statements_covered_display": "100"}, "missing_lines": [], "excluded_lines": [], "start_line": 1}}, "classes": {"": {"executed_lines": [3, 5, 7, 17, 20, 27, 29, 36, 37, 38, 49, 50, 63, 68, 74, 75, 76, 77, 79, 85, 87, 90, 104, 105, 106, 112, 113, 114, 115, 117, 118, 119, 121, 122], "summary": {"covered_lines": 34, "num_statements": 47, "percent_covered": 72.34042553191489, "percent_covered_display": "72", "missing_lines": 13, "excluded_lines": 0, "percent_statements_covered": 72.34042553191489, "percent_statements_covered_display": "72"}, "missing_lines": [51, 52, 54, 69, 70, 71, 72, 73, 78, 81, 86, 116, 137], "excluded_lines": [], "start_line": 1}}}, "dinoforge_mcp\\ai_stack\\vercel_bridge.py": {"executed_lines": [3, 5, 6, 8, 11, 13, 20, 25, 34], "summary": {"covered_lines": 9, "num_statements": 10, "percent_covered": 90.0, "percent_covered_display": "90", "missing_lines": 1, "excluded_lines": 0, "percent_statements_covered": 90.0, "percent_statements_covered_display": "90"}, "missing_lines": [26], "excluded_lines": [], "functions": {"is_configured": {"executed_lines": [13], "summary": {"covered_lines": 1, "num_statements": 1, "percent_covered": 100.0, "percent_covered_display": "100", "missing_lines": 0, "excluded_lines": 0, "percent_statements_covered": 100.0, "percent_statements_covered_display": "100"}, "missing_lines": [], "excluded_lines": [], "start_line": 11}, "route": {"executed_lines": [25, 34], "summary": {"covered_lines": 2, "num_statements": 3, "percent_covered": 66.66666666666667, "percent_covered_display": "67", "missing_lines": 1, "excluded_lines": 0, "percent_statements_covered": 66.66666666666667, "percent_statements_covered_display": "67"}, "missing_lines": [26], "excluded_lines": [], "start_line": 20}, "": {"executed_lines": [3, 5, 6, 8, 11, 20], "summary": {"covered_lines": 6, "num_statements": 6, "percent_covered": 100.0, "percent_covered_display": "100", "missing_lines": 0, "excluded_lines": 0, "percent_statements_covered": 100.0, "percent_statements_covered_display": "100"}, "missing_lines": [], "excluded_lines": [], "start_line": 1}}, "classes": {"": {"executed_lines": [3, 5, 6, 8, 11, 13, 20, 25, 34], "summary": {"covered_lines": 9, "num_statements": 10, "percent_covered": 90.0, "percent_covered_display": "90", "missing_lines": 1, "excluded_lines": 0, "percent_statements_covered": 90.0, "percent_statements_covered_display": "90"}, "missing_lines": [26], "excluded_lines": [], "start_line": 1}}}, "dinoforge_mcp\\bridge_receipt_aggregator.py": {"executed_lines": [], "summary": {"covered_lines": 0, "num_statements": 130, "percent_covered": 0.0, "percent_covered_display": "0", "missing_lines": 130, "excluded_lines": 1, "percent_statements_covered": 0.0, "percent_statements_covered_display": "0"}, "missing_lines": [40, 42, 43, 44, 45, 46, 47, 48, 51, 52, 55, 62, 65, 66, 69, 70, 73, 75, 76, 77, 78, 79, 80, 81, 82, 83, 84, 85, 88, 89, 91, 92, 93, 95, 102, 103, 117, 129, 130, 131, 132, 133, 134, 135, 136, 137, 143, 144, 145, 147, 148, 149, 151, 158, 159, 160, 161, 165, 166, 167, 172, 173, 175, 177, 178, 180, 182, 183, 185, 197, 198, 201, 202, 203, 205, 206, 207, 208, 209, 210, 211, 212, 213, 214, 215, 217, 218, 219, 221, 233, 234, 235, 236, 237, 238, 239, 241, 247, 248, 249, 253, 258, 265, 267, 268, 269, 270, 276, 283, 284, 285, 286, 288, 299, 306, 307, 308, 309, 310, 311, 312, 313, 314, 315, 316, 319, 333, 334, 335, 336], "excluded_lines": [1], "functions": {"_canonicalize": {"executed_lines": [], "summary": {"covered_lines": 0, "num_statements": 1, "percent_covered": 0.0, "percent_covered_display": "0", "missing_lines": 1, "excluded_lines": 0, "percent_statements_covered": 0.0, "percent_statements_covered_display": "0"}, "missing_lines": [62], "excluded_lines": [], "start_line": 55}, "_sha256_hex": {"executed_lines": [], "summary": {"covered_lines": 0, "num_statements": 1, "percent_covered": 0.0, "percent_covered_display": "0", "missing_lines": 1, "excluded_lines": 0, "percent_statements_covered": 0.0, "percent_statements_covered_display": "0"}, "missing_lines": [66], "excluded_lines": [], "start_line": 65}, "_short_sha": {"executed_lines": [], "summary": {"covered_lines": 0, "num_statements": 1, "percent_covered": 0.0, "percent_covered_display": "0", "missing_lines": 1, "excluded_lines": 0, "percent_statements_covered": 0.0, "percent_statements_covered_display": "0"}, "missing_lines": [70], "excluded_lines": [], "start_line": 69}, "_validate_receipt": {"executed_lines": [], "summary": {"covered_lines": 0, "num_statements": 11, "percent_covered": 0.0, "percent_covered_display": "0", "missing_lines": 11, "excluded_lines": 0, "percent_statements_covered": 0.0, "percent_statements_covered_display": "0"}, "missing_lines": [75, 76, 77, 78, 79, 80, 81, 82, 83, 84, 85], "excluded_lines": [], "start_line": 73}, "_BufferedReceipt.to_disk_dict": {"executed_lines": [], "summary": {"covered_lines": 0, "num_statements": 2, "percent_covered": 0.0, "percent_covered_display": "0", "missing_lines": 2, "excluded_lines": 0, "percent_statements_covered": 0.0, "percent_statements_covered_display": "0"}, "missing_lines": [102, 103], "excluded_lines": [], "start_line": 95}, "BridgeReceiptAggregator.__init__": {"executed_lines": [], "summary": {"covered_lines": 0, "num_statements": 8, "percent_covered": 0.0, "percent_covered_display": "0", "missing_lines": 8, "excluded_lines": 0, "percent_statements_covered": 0.0, "percent_statements_covered_display": "0"}, "missing_lines": [130, 131, 132, 133, 134, 135, 136, 137], "excluded_lines": [], "start_line": 129}, "BridgeReceiptAggregator.bundle_dir": {"executed_lines": [], "summary": {"covered_lines": 0, "num_statements": 1, "percent_covered": 0.0, "percent_covered_display": "0", "missing_lines": 1, "excluded_lines": 0, "percent_statements_covered": 0.0, "percent_statements_covered_display": "0"}, "missing_lines": [145], "excluded_lines": [], "start_line": 144}, "BridgeReceiptAggregator.receipts_dir": {"executed_lines": [], "summary": {"covered_lines": 0, "num_statements": 1, "percent_covered": 0.0, "percent_covered_display": "0", "missing_lines": 1, "excluded_lines": 0, "percent_statements_covered": 0.0, "percent_statements_covered_display": "0"}, "missing_lines": [149], "excluded_lines": [], "start_line": 148}, "BridgeReceiptAggregator.record": {"executed_lines": [], "summary": {"covered_lines": 0, "num_statements": 9, "percent_covered": 0.0, "percent_covered_display": "0", "missing_lines": 9, "excluded_lines": 0, "percent_statements_covered": 0.0, "percent_statements_covered_display": "0"}, "missing_lines": [158, 159, 160, 161, 165, 166, 167, 172, 173], "excluded_lines": [], "start_line": 151}, "BridgeReceiptAggregator.buffer_size": {"executed_lines": [], "summary": {"covered_lines": 0, "num_statements": 2, "percent_covered": 0.0, "percent_covered_display": "0", "missing_lines": 2, "excluded_lines": 0, "percent_statements_covered": 0.0, "percent_statements_covered_display": "0"}, "missing_lines": [177, 178], "excluded_lines": [], "start_line": 175}, "BridgeReceiptAggregator.total_seen": {"executed_lines": [], "summary": {"covered_lines": 0, "num_statements": 2, "percent_covered": 0.0, "percent_covered_display": "0", "missing_lines": 2, "excluded_lines": 0, "percent_statements_covered": 0.0, "percent_statements_covered_display": "0"}, "missing_lines": [182, 183], "excluded_lines": [], "start_line": 180}, "BridgeReceiptAggregator.flush": {"executed_lines": [], "summary": {"covered_lines": 0, "num_statements": 19, "percent_covered": 0.0, "percent_covered_display": "0", "missing_lines": 19, "excluded_lines": 0, "percent_statements_covered": 0.0, "percent_statements_covered_display": "0"}, "missing_lines": [197, 198, 201, 202, 203, 205, 206, 207, 208, 209, 210, 211, 212, 213, 214, 215, 217, 218, 219], "excluded_lines": [], "start_line": 185}, "BridgeReceiptAggregator.get_root": {"executed_lines": [], "summary": {"covered_lines": 0, "num_statements": 7, "percent_covered": 0.0, "percent_covered_display": "0", "missing_lines": 7, "excluded_lines": 0, "percent_statements_covered": 0.0, "percent_statements_covered_display": "0"}, "missing_lines": [233, 234, 235, 236, 237, 238, 239], "excluded_lines": [], "start_line": 221}, "BridgeReceiptAggregator.manifest_summary": {"executed_lines": [], "summary": {"covered_lines": 0, "num_statements": 5, "percent_covered": 0.0, "percent_covered_display": "0", "missing_lines": 5, "excluded_lines": 0, "percent_statements_covered": 0.0, "percent_statements_covered_display": "0"}, "missing_lines": [247, 248, 249, 253, 258], "excluded_lines": [], "start_line": 241}, "BridgeReceiptAggregator.clear": {"executed_lines": [], "summary": {"covered_lines": 0, "num_statements": 4, "percent_covered": 0.0, "percent_covered_display": "0", "missing_lines": 4, "excluded_lines": 0, "percent_statements_covered": 0.0, "percent_statements_covered_display": "0"}, "missing_lines": [267, 268, 269, 270], "excluded_lines": [], "start_line": 265}, "BridgeReceiptAggregator._write_index": {"executed_lines": [], "summary": {"covered_lines": 0, "num_statements": 5, "percent_covered": 0.0, "percent_covered_display": "0", "missing_lines": 5, "excluded_lines": 0, "percent_statements_covered": 0.0, "percent_statements_covered_display": "0"}, "missing_lines": [283, 284, 285, 286, 288], "excluded_lines": [], "start_line": 276}, "_merkle_root_from_leaves": {"executed_lines": [], "summary": {"covered_lines": 0, "num_statements": 11, "percent_covered": 0.0, "percent_covered_display": "0", "missing_lines": 11, "excluded_lines": 0, "percent_statements_covered": 0.0, "percent_statements_covered_display": "0"}, "missing_lines": [306, 307, 308, 309, 310, 311, 312, 313, 314, 315, 316], "excluded_lines": [], "start_line": 299}, "compute_bridge_receipts_root": {"executed_lines": [], "summary": {"covered_lines": 0, "num_statements": 4, "percent_covered": 0.0, "percent_covered_display": "0", "missing_lines": 4, "excluded_lines": 0, "percent_statements_covered": 0.0, "percent_statements_covered_display": "0"}, "missing_lines": [333, 334, 335, 336], "excluded_lines": [], "start_line": 319}, "": {"executed_lines": [], "summary": {"covered_lines": 0, "num_statements": 36, "percent_covered": 0.0, "percent_covered_display": "0", "missing_lines": 36, "excluded_lines": 1, "percent_statements_covered": 0.0, "percent_statements_covered_display": "0"}, "missing_lines": [40, 42, 43, 44, 45, 46, 47, 48, 51, 52, 55, 65, 69, 73, 88, 89, 91, 92, 93, 95, 117, 129, 143, 144, 147, 148, 151, 175, 180, 185, 221, 241, 265, 276, 299, 319], "excluded_lines": [1], "start_line": 1}}, "classes": {"_BufferedReceipt": {"executed_lines": [], "summary": {"covered_lines": 0, "num_statements": 2, "percent_covered": 0.0, "percent_covered_display": "0", "missing_lines": 2, "excluded_lines": 0, "percent_statements_covered": 0.0, "percent_statements_covered_display": "0"}, "missing_lines": [102, 103], "excluded_lines": [], "start_line": 89}, "BridgeReceiptAggregator": {"executed_lines": [], "summary": {"covered_lines": 0, "num_statements": 63, "percent_covered": 0.0, "percent_covered_display": "0", "missing_lines": 63, "excluded_lines": 0, "percent_statements_covered": 0.0, "percent_statements_covered_display": "0"}, "missing_lines": [130, 131, 132, 133, 134, 135, 136, 137, 145, 149, 158, 159, 160, 161, 165, 166, 167, 172, 173, 177, 178, 182, 183, 197, 198, 201, 202, 203, 205, 206, 207, 208, 209, 210, 211, 212, 213, 214, 215, 217, 218, 219, 233, 234, 235, 236, 237, 238, 239, 247, 248, 249, 253, 258, 267, 268, 269, 270, 283, 284, 285, 286, 288], "excluded_lines": [], "start_line": 117}, "": {"executed_lines": [], "summary": {"covered_lines": 0, "num_statements": 65, "percent_covered": 0.0, "percent_covered_display": "0", "missing_lines": 65, "excluded_lines": 1, "percent_statements_covered": 0.0, "percent_statements_covered_display": "0"}, "missing_lines": [40, 42, 43, 44, 45, 46, 47, 48, 51, 52, 55, 62, 65, 66, 69, 70, 73, 75, 76, 77, 78, 79, 80, 81, 82, 83, 84, 85, 88, 89, 91, 92, 93, 95, 117, 129, 143, 144, 147, 148, 151, 175, 180, 185, 221, 241, 265, 276, 299, 306, 307, 308, 309, 310, 311, 312, 313, 314, 315, 316, 319, 333, 334, 335, 336], "excluded_lines": [1], "start_line": 1}}}, "dinoforge_mcp\\capture_wgc.py": {"executed_lines": [], "summary": {"covered_lines": 0, "num_statements": 77, "percent_covered": 0.0, "percent_covered_display": "0", "missing_lines": 77, "excluded_lines": 0, "percent_statements_covered": 0.0, "percent_statements_covered_display": "0"}, "missing_lines": [31, 33, 34, 35, 36, 37, 38, 39, 41, 45, 50, 57, 60, 61, 64, 65, 66, 67, 68, 69, 70, 72, 74, 85, 94, 95, 96, 97, 98, 99, 100, 106, 107, 108, 109, 112, 125, 128, 130, 132, 133, 134, 135, 138, 161, 163, 164, 165, 177, 178, 179, 180, 186, 188, 189, 193, 194, 199, 200, 205, 209, 210, 211, 212, 222, 223, 224, 225, 226, 229, 230, 231, 232, 233, 234, 240, 249], "excluded_lines": [], "functions": {"WgcCaptureResult.to_dict": {"executed_lines": [], "summary": {"covered_lines": 0, "num_statements": 1, "percent_covered": 0.0, "percent_covered_display": "0", "missing_lines": 1, "excluded_lines": 0, "percent_statements_covered": 0.0, "percent_statements_covered_display": "0"}, "missing_lines": [74], "excluded_lines": [], "start_line": 72}, "_resolve_bare_cua_path": {"executed_lines": [], "summary": {"covered_lines": 0, "num_statements": 11, "percent_covered": 0.0, "percent_covered_display": "0", "missing_lines": 11, "excluded_lines": 0, "percent_statements_covered": 0.0, "percent_statements_covered_display": "0"}, "missing_lines": [94, 95, 96, 97, 98, 99, 100, 106, 107, 108, 109], "excluded_lines": [], "start_line": 85}, "check_wgc_available": {"executed_lines": [], "summary": {"covered_lines": 0, "num_statements": 1, "percent_covered": 0.0, "percent_covered_display": "0", "missing_lines": 1, "excluded_lines": 0, "percent_statements_covered": 0.0, "percent_statements_covered_display": "0"}, "missing_lines": [125], "excluded_lines": [], "start_line": 112}, "_default_temp_path": {"executed_lines": [], "summary": {"covered_lines": 0, "num_statements": 5, "percent_covered": 0.0, "percent_covered_display": "0", "missing_lines": 5, "excluded_lines": 0, "percent_statements_covered": 0.0, "percent_statements_covered_display": "0"}, "missing_lines": [130, 132, 133, 134, 135], "excluded_lines": [], "start_line": 128}, "capture_window_via_wgc": {"executed_lines": [], "summary": {"covered_lines": 0, "num_statements": 32, "percent_covered": 0.0, "percent_covered_display": "0", "missing_lines": 32, "excluded_lines": 0, "percent_statements_covered": 0.0, "percent_statements_covered_display": "0"}, "missing_lines": [161, 163, 164, 165, 177, 178, 179, 180, 186, 188, 189, 193, 194, 199, 200, 205, 209, 210, 211, 212, 222, 223, 224, 225, 226, 229, 230, 231, 232, 233, 234, 240], "excluded_lines": [], "start_line": 138}, "": {"executed_lines": [], "summary": {"covered_lines": 0, "num_statements": 27, "percent_covered": 0.0, "percent_covered_display": "0", "missing_lines": 27, "excluded_lines": 0, "percent_statements_covered": 0.0, "percent_statements_covered_display": "0"}, "missing_lines": [31, 33, 34, 35, 36, 37, 38, 39, 41, 45, 50, 57, 60, 61, 64, 65, 66, 67, 68, 69, 70, 72, 85, 112, 128, 138, 249], "excluded_lines": [], "start_line": 1}}, "classes": {"WgcCaptureResult": {"executed_lines": [], "summary": {"covered_lines": 0, "num_statements": 1, "percent_covered": 0.0, "percent_covered_display": "0", "missing_lines": 1, "excluded_lines": 0, "percent_statements_covered": 0.0, "percent_statements_covered_display": "0"}, "missing_lines": [74], "excluded_lines": [], "start_line": 61}, "": {"executed_lines": [], "summary": {"covered_lines": 0, "num_statements": 76, "percent_covered": 0.0, "percent_covered_display": "0", "missing_lines": 76, "excluded_lines": 0, "percent_statements_covered": 0.0, "percent_statements_covered_display": "0"}, "missing_lines": [31, 33, 34, 35, 36, 37, 38, 39, 41, 45, 50, 57, 60, 61, 64, 65, 66, 67, 68, 69, 70, 72, 85, 94, 95, 96, 97, 98, 99, 100, 106, 107, 108, 109, 112, 125, 128, 130, 132, 133, 134, 135, 138, 161, 163, 164, 165, 177, 178, 179, 180, 186, 188, 189, 193, 194, 199, 200, 205, 209, 210, 211, 212, 222, 223, 224, 225, 226, 229, 230, 231, 232, 233, 234, 240, 249], "excluded_lines": [], "start_line": 1}}}, "dinoforge_mcp\\docker_backend.py": {"executed_lines": [], "summary": {"covered_lines": 0, "num_statements": 117, "percent_covered": 0.0, "percent_covered_display": "0", "missing_lines": 117, "excluded_lines": 0, "percent_statements_covered": 0.0, "percent_statements_covered_display": "0"}, "missing_lines": [35, 37, 38, 39, 40, 41, 43, 45, 48, 49, 50, 53, 54, 56, 57, 58, 60, 61, 68, 88, 94, 95, 96, 97, 103, 105, 106, 107, 108, 109, 113, 114, 115, 116, 117, 118, 119, 125, 132, 133, 136, 140, 141, 149, 156, 157, 159, 160, 161, 162, 163, 165, 166, 168, 169, 170, 172, 173, 174, 175, 177, 179, 180, 181, 182, 183, 184, 188, 189, 190, 191, 192, 193, 194, 195, 196, 202, 215, 216, 217, 224, 229, 231, 236, 238, 244, 260, 261, 262, 264, 270, 272, 285, 287, 289, 290, 292, 293, 295, 296, 298, 299, 301, 302, 304, 306, 307, 308, 315, 318, 319, 321, 324, 326, 327, 328, 329], "excluded_lines": [], "functions": {"DockerLaunchHandle.docker_id_short": {"executed_lines": [], "summary": {"covered_lines": 0, "num_statements": 1, "percent_covered": 0.0, "percent_covered_display": "0", "missing_lines": 1, "excluded_lines": 0, "percent_statements_covered": 0.0, "percent_statements_covered_display": "0"}, "missing_lines": [61], "excluded_lines": [], "start_line": 60}, "DockerBackend.__init__": {"executed_lines": [], "summary": {"covered_lines": 0, "num_statements": 4, "percent_covered": 0.0, "percent_covered_display": "0", "missing_lines": 4, "excluded_lines": 0, "percent_statements_covered": 0.0, "percent_statements_covered_display": "0"}, "missing_lines": [94, 95, 96, 97], "excluded_lines": [], "start_line": 88}, "DockerBackend.is_available": {"executed_lines": [], "summary": {"covered_lines": 0, "num_statements": 12, "percent_covered": 0.0, "percent_covered_display": "0", "missing_lines": 12, "excluded_lines": 0, "percent_statements_covered": 0.0, "percent_statements_covered_display": "0"}, "missing_lines": [105, 106, 107, 108, 109, 113, 114, 115, 116, 117, 118, 119], "excluded_lines": [], "start_line": 103}, "DockerBackend.launch_container": {"executed_lines": [], "summary": {"covered_lines": 0, "num_statements": 22, "percent_covered": 0.0, "percent_covered_display": "0", "missing_lines": 22, "excluded_lines": 0, "percent_statements_covered": 0.0, "percent_statements_covered_display": "0"}, "missing_lines": [132, 133, 136, 140, 141, 149, 156, 157, 159, 160, 161, 162, 163, 165, 166, 168, 169, 170, 172, 173, 174, 175], "excluded_lines": [], "start_line": 125}, "DockerBackend.terminate_container": {"executed_lines": [], "summary": {"covered_lines": 0, "num_statements": 15, "percent_covered": 0.0, "percent_covered_display": "0", "missing_lines": 15, "excluded_lines": 0, "percent_statements_covered": 0.0, "percent_statements_covered_display": "0"}, "missing_lines": [179, 180, 181, 182, 183, 184, 188, 189, 190, 191, 192, 193, 194, 195, 196], "excluded_lines": [], "start_line": 177}, "DockerBackend.capture_frame": {"executed_lines": [], "summary": {"covered_lines": 0, "num_statements": 6, "percent_covered": 0.0, "percent_covered_display": "0", "missing_lines": 6, "excluded_lines": 0, "percent_statements_covered": 0.0, "percent_statements_covered_display": "0"}, "missing_lines": [215, 216, 217, 224, 229, 231], "excluded_lines": [], "start_line": 202}, "DockerBackend.capture_screen": {"executed_lines": [], "summary": {"covered_lines": 0, "num_statements": 1, "percent_covered": 0.0, "percent_covered_display": "0", "missing_lines": 1, "excluded_lines": 0, "percent_statements_covered": 0.0, "percent_statements_covered_display": "0"}, "missing_lines": [238], "excluded_lines": [], "start_line": 236}, "DockerBackend.inject_input": {"executed_lines": [], "summary": {"covered_lines": 0, "num_statements": 6, "percent_covered": 0.0, "percent_covered_display": "0", "missing_lines": 6, "excluded_lines": 0, "percent_statements_covered": 0.0, "percent_statements_covered_display": "0"}, "missing_lines": [260, 261, 262, 264, 270, 272], "excluded_lines": [], "start_line": 244}, "DockerBackend.capture_window": {"executed_lines": [], "summary": {"covered_lines": 0, "num_statements": 1, "percent_covered": 0.0, "percent_covered_display": "0", "missing_lines": 1, "excluded_lines": 0, "percent_statements_covered": 0.0, "percent_statements_covered_display": "0"}, "missing_lines": [287], "excluded_lines": [], "start_line": 285}, "DockerBackend.capture_display": {"executed_lines": [], "summary": {"covered_lines": 0, "num_statements": 1, "percent_covered": 0.0, "percent_covered_display": "0", "missing_lines": 1, "excluded_lines": 0, "percent_statements_covered": 0.0, "percent_statements_covered_display": "0"}, "missing_lines": [290], "excluded_lines": [], "start_line": 289}, "DockerBackend.inject_key": {"executed_lines": [], "summary": {"covered_lines": 0, "num_statements": 1, "percent_covered": 0.0, "percent_covered_display": "0", "missing_lines": 1, "excluded_lines": 0, "percent_statements_covered": 0.0, "percent_statements_covered_display": "0"}, "missing_lines": [293], "excluded_lines": [], "start_line": 292}, "DockerBackend.type_text": {"executed_lines": [], "summary": {"covered_lines": 0, "num_statements": 1, "percent_covered": 0.0, "percent_covered_display": "0", "missing_lines": 1, "excluded_lines": 0, "percent_statements_covered": 0.0, "percent_statements_covered_display": "0"}, "missing_lines": [296], "excluded_lines": [], "start_line": 295}, "DockerBackend.mouse_click": {"executed_lines": [], "summary": {"covered_lines": 0, "num_statements": 1, "percent_covered": 0.0, "percent_covered_display": "0", "missing_lines": 1, "excluded_lines": 0, "percent_statements_covered": 0.0, "percent_statements_covered_display": "0"}, "missing_lines": [299], "excluded_lines": [], "start_line": 298}, "DockerBackend.mouse_scroll": {"executed_lines": [], "summary": {"covered_lines": 0, "num_statements": 1, "percent_covered": 0.0, "percent_covered_display": "0", "missing_lines": 1, "excluded_lines": 0, "percent_statements_covered": 0.0, "percent_statements_covered_display": "0"}, "missing_lines": [302], "excluded_lines": [], "start_line": 301}, "DockerBackend.list_windows": {"executed_lines": [], "summary": {"covered_lines": 0, "num_statements": 3, "percent_covered": 0.0, "percent_covered_display": "0", "missing_lines": 3, "excluded_lines": 0, "percent_statements_covered": 0.0, "percent_statements_covered_display": "0"}, "missing_lines": [306, 307, 308], "excluded_lines": [], "start_line": 304}, "DockerBackend.focus_window": {"executed_lines": [], "summary": {"covered_lines": 0, "num_statements": 2, "percent_covered": 0.0, "percent_covered_display": "0", "missing_lines": 2, "excluded_lines": 0, "percent_statements_covered": 0.0, "percent_statements_covered_display": "0"}, "missing_lines": [318, 319], "excluded_lines": [], "start_line": 315}, "DockerBackend.launch_process": {"executed_lines": [], "summary": {"covered_lines": 0, "num_statements": 5, "percent_covered": 0.0, "percent_covered_display": "0", "missing_lines": 5, "excluded_lines": 0, "percent_statements_covered": 0.0, "percent_statements_covered_display": "0"}, "missing_lines": [324, 326, 327, 328, 329], "excluded_lines": [], "start_line": 321}, "": {"executed_lines": [], "summary": {"covered_lines": 0, "num_statements": 34, "percent_covered": 0.0, "percent_covered_display": "0", "missing_lines": 34, "excluded_lines": 0, "percent_statements_covered": 0.0, "percent_statements_covered_display": "0"}, "missing_lines": [35, 37, 38, 39, 40, 41, 43, 45, 48, 49, 50, 53, 54, 56, 57, 58, 60, 68, 88, 103, 125, 177, 202, 236, 244, 285, 289, 292, 295, 298, 301, 304, 315, 321], "excluded_lines": [], "start_line": 1}}, "classes": {"DockerLaunchHandle": {"executed_lines": [], "summary": {"covered_lines": 0, "num_statements": 1, "percent_covered": 0.0, "percent_covered_display": "0", "missing_lines": 1, "excluded_lines": 0, "percent_statements_covered": 0.0, "percent_statements_covered_display": "0"}, "missing_lines": [61], "excluded_lines": [], "start_line": 54}, "DockerBackend": {"executed_lines": [], "summary": {"covered_lines": 0, "num_statements": 82, "percent_covered": 0.0, "percent_covered_display": "0", "missing_lines": 82, "excluded_lines": 0, "percent_statements_covered": 0.0, "percent_statements_covered_display": "0"}, "missing_lines": [94, 95, 96, 97, 105, 106, 107, 108, 109, 113, 114, 115, 116, 117, 118, 119, 132, 133, 136, 140, 141, 149, 156, 157, 159, 160, 161, 162, 163, 165, 166, 168, 169, 170, 172, 173, 174, 175, 179, 180, 181, 182, 183, 184, 188, 189, 190, 191, 192, 193, 194, 195, 196, 215, 216, 217, 224, 229, 231, 238, 260, 261, 262, 264, 270, 272, 287, 290, 293, 296, 299, 302, 306, 307, 308, 318, 319, 324, 326, 327, 328, 329], "excluded_lines": [], "start_line": 68}, "": {"executed_lines": [], "summary": {"covered_lines": 0, "num_statements": 34, "percent_covered": 0.0, "percent_covered_display": "0", "missing_lines": 34, "excluded_lines": 0, "percent_statements_covered": 0.0, "percent_statements_covered_display": "0"}, "missing_lines": [35, 37, 38, 39, 40, 41, 43, 45, 48, 49, 50, 53, 54, 56, 57, 58, 60, 68, 88, 103, 125, 177, 202, 236, 244, 285, 289, 292, 295, 298, 301, 304, 315, 321], "excluded_lines": [], "start_line": 1}}}, "dinoforge_mcp\\external_judge.py": {"executed_lines": [], "summary": {"covered_lines": 0, "num_statements": 157, "percent_covered": 0.0, "percent_covered_display": "0", "missing_lines": 157, "excluded_lines": 0, "percent_statements_covered": 0.0, "percent_statements_covered_display": "0"}, "missing_lines": [17, 18, 19, 20, 21, 22, 23, 24, 26, 29, 32, 36, 37, 39, 40, 42, 43, 46, 47, 50, 51, 52, 53, 54, 55, 56, 57, 59, 61, 64, 73, 95, 96, 97, 100, 101, 102, 104, 105, 106, 108, 109, 121, 122, 123, 124, 125, 128, 129, 130, 131, 132, 135, 136, 139, 144, 146, 147, 148, 150, 151, 152, 154, 160, 179, 180, 181, 182, 184, 185, 188, 189, 196, 199, 200, 204, 216, 218, 220, 227, 228, 230, 241, 243, 244, 246, 247, 252, 254, 263, 267, 287, 289, 291, 292, 298, 300, 302, 303, 304, 305, 306, 309, 310, 314, 316, 317, 319, 323, 324, 328, 330, 332, 333, 334, 335, 336, 338, 345, 347, 349, 356, 358, 359, 361, 362, 363, 364, 366, 367, 368, 369, 370, 371, 372, 373, 374, 375, 376, 378, 380, 387, 388, 389, 390, 391, 393, 395, 396, 398, 399, 400, 401, 403, 404, 405, 407], "excluded_lines": [], "functions": {"JudgeReceipt.to_dict": {"executed_lines": [], "summary": {"covered_lines": 0, "num_statements": 1, "percent_covered": 0.0, "percent_covered_display": "0", "missing_lines": 1, "excluded_lines": 0, "percent_statements_covered": 0.0, "percent_statements_covered_display": "0"}, "missing_lines": [61], "excluded_lines": [], "start_line": 59}, "KimiJudgeTier.__init__": {"executed_lines": [], "summary": {"covered_lines": 0, "num_statements": 9, "percent_covered": 0.0, "percent_covered_display": "0", "missing_lines": 9, "excluded_lines": 0, "percent_statements_covered": 0.0, "percent_statements_covered_display": "0"}, "missing_lines": [95, 96, 97, 100, 101, 102, 104, 105, 106], "excluded_lines": [], "start_line": 73}, "KimiJudgeTier._resolve_provider": {"executed_lines": [], "summary": {"covered_lines": 0, "num_statements": 21, "percent_covered": 0.0, "percent_covered_display": "0", "missing_lines": 21, "excluded_lines": 0, "percent_statements_covered": 0.0, "percent_statements_covered_display": "0"}, "missing_lines": [121, 122, 123, 124, 125, 128, 129, 130, 131, 132, 135, 136, 139, 144, 146, 147, 148, 150, 151, 152, 154], "excluded_lines": [], "start_line": 109}, "KimiJudgeTier.judge": {"executed_lines": [], "summary": {"covered_lines": 0, "num_statements": 14, "percent_covered": 0.0, "percent_covered_display": "0", "missing_lines": 14, "excluded_lines": 0, "percent_statements_covered": 0.0, "percent_statements_covered_display": "0"}, "missing_lines": [179, 180, 181, 182, 184, 185, 188, 189, 196, 199, 200, 204, 216, 218], "excluded_lines": [], "start_line": 160}, "KimiJudgeTier.judge_text": {"executed_lines": [], "summary": {"covered_lines": 0, "num_statements": 3, "percent_covered": 0.0, "percent_covered_display": "0", "missing_lines": 3, "excluded_lines": 0, "percent_statements_covered": 0.0, "percent_statements_covered_display": "0"}, "missing_lines": [227, 228, 230], "excluded_lines": [], "start_line": 220}, "KimiJudgeTier._build_url_and_headers": {"executed_lines": [], "summary": {"covered_lines": 0, "num_statements": 5, "percent_covered": 0.0, "percent_covered_display": "0", "missing_lines": 5, "excluded_lines": 0, "percent_statements_covered": 0.0, "percent_statements_covered_display": "0"}, "missing_lines": [243, 244, 246, 247, 252], "excluded_lines": [], "start_line": 241}, "KimiJudgeTier._call_api": {"executed_lines": [], "summary": {"covered_lines": 0, "num_statements": 3, "percent_covered": 0.0, "percent_covered_display": "0", "missing_lines": 3, "excluded_lines": 0, "percent_statements_covered": 0.0, "percent_statements_covered_display": "0"}, "missing_lines": [263, 267, 287], "excluded_lines": [], "start_line": 254}, "KimiJudgeTier._call_api_text": {"executed_lines": [], "summary": {"covered_lines": 0, "num_statements": 3, "percent_covered": 0.0, "percent_covered_display": "0", "missing_lines": 3, "excluded_lines": 0, "percent_statements_covered": 0.0, "percent_statements_covered_display": "0"}, "missing_lines": [291, 292, 298], "excluded_lines": [], "start_line": 289}, "KimiJudgeTier._post_with_retry": {"executed_lines": [], "summary": {"covered_lines": 0, "num_statements": 21, "percent_covered": 0.0, "percent_covered_display": "0", "missing_lines": 21, "excluded_lines": 0, "percent_statements_covered": 0.0, "percent_statements_covered_display": "0"}, "missing_lines": [302, 303, 304, 305, 306, 309, 310, 314, 316, 317, 319, 323, 324, 328, 330, 332, 333, 334, 335, 336, 338], "excluded_lines": [], "start_line": 300}, "KimiJudgeTier._call_moonshot": {"executed_lines": [], "summary": {"covered_lines": 0, "num_statements": 1, "percent_covered": 0.0, "percent_covered_display": "0", "missing_lines": 1, "excluded_lines": 0, "percent_statements_covered": 0.0, "percent_statements_covered_display": "0"}, "missing_lines": [347], "excluded_lines": [], "start_line": 345}, "KimiJudgeTier._parse_verdict": {"executed_lines": [], "summary": {"covered_lines": 0, "num_statements": 19, "percent_covered": 0.0, "percent_covered_display": "0", "missing_lines": 19, "excluded_lines": 0, "percent_statements_covered": 0.0, "percent_statements_covered_display": "0"}, "missing_lines": [356, 358, 359, 361, 362, 363, 364, 366, 367, 368, 369, 370, 371, 372, 373, 374, 375, 376, 378], "excluded_lines": [], "start_line": 349}, "KimiJudgeTier._persist": {"executed_lines": [], "summary": {"covered_lines": 0, "num_statements": 16, "percent_covered": 0.0, "percent_covered_display": "0", "missing_lines": 16, "excluded_lines": 0, "percent_statements_covered": 0.0, "percent_statements_covered_display": "0"}, "missing_lines": [387, 388, 389, 390, 391, 393, 395, 396, 398, 399, 400, 401, 403, 404, 405, 407], "excluded_lines": [], "start_line": 380}, "": {"executed_lines": [], "summary": {"covered_lines": 0, "num_statements": 41, "percent_covered": 0.0, "percent_covered_display": "0", "missing_lines": 41, "excluded_lines": 0, "percent_statements_covered": 0.0, "percent_statements_covered_display": "0"}, "missing_lines": [17, 18, 19, 20, 21, 22, 23, 24, 26, 29, 32, 36, 37, 39, 40, 42, 43, 46, 47, 50, 51, 52, 53, 54, 55, 56, 57, 59, 64, 73, 108, 109, 160, 220, 241, 254, 289, 300, 345, 349, 380], "excluded_lines": [], "start_line": 1}}, "classes": {"ExternalJudgeUnavailable": {"executed_lines": [], "summary": {"covered_lines": 0, "num_statements": 0, "percent_covered": 100.0, "percent_covered_display": "100", "missing_lines": 0, "excluded_lines": 0, "percent_statements_covered": 100.0, "percent_statements_covered_display": "100"}, "missing_lines": [], "excluded_lines": [], "start_line": 29}, "JudgeReceipt": {"executed_lines": [], "summary": {"covered_lines": 0, "num_statements": 1, "percent_covered": 0.0, "percent_covered_display": "0", "missing_lines": 1, "excluded_lines": 0, "percent_statements_covered": 0.0, "percent_statements_covered_display": "0"}, "missing_lines": [61], "excluded_lines": [], "start_line": 47}, "KimiJudgeTier": {"executed_lines": [], "summary": {"covered_lines": 0, "num_statements": 115, "percent_covered": 0.0, "percent_covered_display": "0", "missing_lines": 115, "excluded_lines": 0, "percent_statements_covered": 0.0, "percent_statements_covered_display": "0"}, "missing_lines": [95, 96, 97, 100, 101, 102, 104, 105, 106, 121, 122, 123, 124, 125, 128, 129, 130, 131, 132, 135, 136, 139, 144, 146, 147, 148, 150, 151, 152, 154, 179, 180, 181, 182, 184, 185, 188, 189, 196, 199, 200, 204, 216, 218, 227, 228, 230, 243, 244, 246, 247, 252, 263, 267, 287, 291, 292, 298, 302, 303, 304, 305, 306, 309, 310, 314, 316, 317, 319, 323, 324, 328, 330, 332, 333, 334, 335, 336, 338, 347, 356, 358, 359, 361, 362, 363, 364, 366, 367, 368, 369, 370, 371, 372, 373, 374, 375, 376, 378, 387, 388, 389, 390, 391, 393, 395, 396, 398, 399, 400, 401, 403, 404, 405, 407], "excluded_lines": [], "start_line": 64}, "": {"executed_lines": [], "summary": {"covered_lines": 0, "num_statements": 41, "percent_covered": 0.0, "percent_covered_display": "0", "missing_lines": 41, "excluded_lines": 0, "percent_statements_covered": 0.0, "percent_statements_covered_display": "0"}, "missing_lines": [17, 18, 19, 20, 21, 22, 23, 24, 26, 29, 32, 36, 37, 39, 40, 42, 43, 46, 47, 50, 51, 52, 53, 54, 55, 56, 57, 59, 64, 73, 108, 109, 160, 220, 241, 254, 289, 300, 345, 349, 380], "excluded_lines": [], "start_line": 1}}}, "dinoforge_mcp\\isolation_layer.py": {"executed_lines": [], "summary": {"covered_lines": 0, "num_statements": 710, "percent_covered": 0.0, "percent_covered_display": "0", "missing_lines": 710, "excluded_lines": 0, "percent_statements_covered": 0.0, "percent_statements_covered_display": "0"}, "missing_lines": [25, 26, 27, 28, 29, 30, 31, 32, 33, 34, 35, 36, 37, 38, 40, 47, 48, 50, 51, 52, 55, 56, 58, 59, 60, 61, 68, 71, 72, 74, 76, 77, 79, 81, 82, 84, 86, 87, 89, 91, 92, 94, 96, 97, 99, 101, 102, 104, 106, 107, 109, 111, 112, 114, 121, 128, 132, 134, 135, 136, 138, 145, 146, 147, 148, 149, 151, 152, 153, 156, 157, 158, 159, 160, 162, 164, 165, 166, 167, 168, 174, 176, 177, 178, 181, 182, 185, 186, 187, 189, 190, 191, 192, 194, 195, 196, 197, 200, 201, 204, 205, 206, 207, 209, 211, 212, 214, 215, 216, 217, 218, 219, 222, 223, 224, 226, 227, 228, 229, 230, 231, 232, 233, 236, 237, 238, 240, 241, 243, 244, 245, 246, 248, 250, 251, 252, 254, 255, 256, 257, 259, 260, 261, 262, 264, 265, 266, 267, 268, 269, 271, 272, 273, 274, 275, 276, 277, 278, 279, 280, 281, 282, 283, 284, 285, 286, 287, 288, 289, 290, 292, 293, 294, 296, 297, 298, 299, 301, 303, 304, 305, 306, 307, 309, 313, 315, 316, 317, 318, 319, 320, 322, 324, 325, 326, 327, 328, 330, 332, 333, 334, 335, 336, 337, 338, 339, 341, 343, 344, 345, 346, 347, 349, 351, 352, 353, 354, 355, 357, 359, 360, 361, 362, 363, 365, 367, 368, 369, 371, 372, 374, 375, 377, 378, 379, 380, 381, 382, 383, 384, 385, 386, 387, 389, 390, 391, 392, 394, 395, 401, 403, 404, 405, 406, 407, 408, 410, 412, 413, 414, 415, 416, 418, 420, 421, 422, 423, 424, 430, 441, 442, 444, 447, 448, 449, 450, 453, 454, 455, 456, 458, 459, 461, 462, 463, 464, 465, 466, 469, 470, 471, 472, 473, 474, 476, 486, 487, 488, 491, 492, 493, 495, 497, 499, 500, 501, 503, 504, 505, 506, 507, 508, 509, 512, 513, 514, 517, 518, 519, 520, 521, 523, 524, 526, 527, 528, 529, 530, 532, 533, 534, 536, 537, 539, 540, 542, 544, 545, 546, 547, 548, 549, 550, 551, 552, 553, 555, 557, 558, 567, 568, 569, 570, 573, 575, 576, 578, 579, 583, 584, 586, 587, 590, 591, 592, 593, 596, 597, 598, 599, 601, 602, 604, 605, 606, 607, 608, 610, 613, 614, 615, 617, 619, 621, 623, 624, 625, 626, 628, 629, 633, 634, 636, 637, 640, 641, 642, 643, 644, 647, 648, 649, 650, 651, 654, 655, 656, 657, 658, 660, 661, 662, 663, 665, 667, 669, 671, 672, 674, 675, 679, 680, 682, 683, 685, 686, 687, 688, 689, 691, 692, 693, 694, 696, 703, 705, 707, 708, 709, 710, 712, 713, 714, 715, 716, 717, 718, 719, 721, 723, 724, 725, 727, 770, 771, 778, 779, 780, 781, 782, 784, 785, 786, 787, 788, 790, 791, 792, 793, 800, 806, 807, 808, 809, 810, 811, 812, 814, 816, 817, 819, 820, 821, 830, 831, 832, 834, 836, 838, 839, 841, 842, 843, 844, 845, 846, 847, 848, 849, 851, 852, 853, 854, 855, 856, 857, 859, 861, 862, 863, 864, 865, 866, 868, 869, 870, 871, 872, 873, 874, 875, 876, 877, 879, 881, 882, 884, 885, 886, 888, 895, 896, 898, 899, 902, 903, 904, 905, 907, 908, 909, 910, 911, 913, 920, 923, 924, 925, 926, 927, 929, 931, 932, 933, 934, 936, 938, 939, 940, 942, 943, 945, 946, 947, 948, 950, 951, 953, 954, 955, 956, 957, 959, 961, 962, 963, 965, 966, 968, 969, 970, 971, 973, 974, 976, 977, 978, 979, 980, 982, 984, 985, 986, 988, 989, 990, 992, 993, 994, 995, 997, 999, 1000, 1001, 1003, 1004, 1005, 1007, 1008, 1009, 1010, 1012, 1014, 1015, 1016, 1020, 1021, 1022, 1024, 1025, 1026, 1027, 1029, 1031, 1032, 1033, 1037, 1038, 1039, 1041, 1042, 1043, 1044, 1046, 1048, 1049, 1050, 1052, 1053, 1054, 1056, 1057, 1058, 1059, 1065, 1066, 1067, 1068, 1070, 1072, 1073, 1074, 1076, 1077, 1078, 1080, 1081, 1082, 1083, 1085, 1087, 1088, 1089, 1090, 1091, 1092, 1093, 1095, 1097, 1098, 1100, 1101, 1102, 1103, 1105, 1106, 1107, 1108, 1115, 1118, 1119, 1120, 1122, 1133, 1134, 1135, 1136, 1137, 1138, 1140, 1141, 1143, 1145, 1146, 1148, 1149, 1150, 1151, 1152, 1153, 1154, 1155, 1156, 1157, 1161, 1164, 1166, 1169, 1171, 1172], "excluded_lines": [], "functions": {"IsolationBackend.capture_window": {"executed_lines": [], "summary": {"covered_lines": 0, "num_statements": 1, "percent_covered": 0.0, "percent_covered_display": "0", "missing_lines": 1, "excluded_lines": 0, "percent_statements_covered": 0.0, "percent_statements_covered_display": "0"}, "missing_lines": [74], "excluded_lines": [], "start_line": 72}, "IsolationBackend.capture_display": {"executed_lines": [], "summary": {"covered_lines": 0, "num_statements": 1, "percent_covered": 0.0, "percent_covered_display": "0", "missing_lines": 1, "excluded_lines": 0, "percent_statements_covered": 0.0, "percent_statements_covered_display": "0"}, "missing_lines": [79], "excluded_lines": [], "start_line": 77}, "IsolationBackend.inject_key": {"executed_lines": [], "summary": {"covered_lines": 0, "num_statements": 1, "percent_covered": 0.0, "percent_covered_display": "0", "missing_lines": 1, "excluded_lines": 0, "percent_statements_covered": 0.0, "percent_statements_covered_display": "0"}, "missing_lines": [84], "excluded_lines": [], "start_line": 82}, "IsolationBackend.type_text": {"executed_lines": [], "summary": {"covered_lines": 0, "num_statements": 1, "percent_covered": 0.0, "percent_covered_display": "0", "missing_lines": 1, "excluded_lines": 0, "percent_statements_covered": 0.0, "percent_statements_covered_display": "0"}, "missing_lines": [89], "excluded_lines": [], "start_line": 87}, "IsolationBackend.mouse_click": {"executed_lines": [], "summary": {"covered_lines": 0, "num_statements": 1, "percent_covered": 0.0, "percent_covered_display": "0", "missing_lines": 1, "excluded_lines": 0, "percent_statements_covered": 0.0, "percent_statements_covered_display": "0"}, "missing_lines": [94], "excluded_lines": [], "start_line": 92}, "IsolationBackend.mouse_scroll": {"executed_lines": [], "summary": {"covered_lines": 0, "num_statements": 1, "percent_covered": 0.0, "percent_covered_display": "0", "missing_lines": 1, "excluded_lines": 0, "percent_statements_covered": 0.0, "percent_statements_covered_display": "0"}, "missing_lines": [99], "excluded_lines": [], "start_line": 97}, "IsolationBackend.list_windows": {"executed_lines": [], "summary": {"covered_lines": 0, "num_statements": 1, "percent_covered": 0.0, "percent_covered_display": "0", "missing_lines": 1, "excluded_lines": 0, "percent_statements_covered": 0.0, "percent_statements_covered_display": "0"}, "missing_lines": [104], "excluded_lines": [], "start_line": 102}, "IsolationBackend.focus_window": {"executed_lines": [], "summary": {"covered_lines": 0, "num_statements": 1, "percent_covered": 0.0, "percent_covered_display": "0", "missing_lines": 1, "excluded_lines": 0, "percent_statements_covered": 0.0, "percent_statements_covered_display": "0"}, "missing_lines": [109], "excluded_lines": [], "start_line": 107}, "IsolationBackend.launch_process": {"executed_lines": [], "summary": {"covered_lines": 0, "num_statements": 1, "percent_covered": 0.0, "percent_covered_display": "0", "missing_lines": 1, "excluded_lines": 0, "percent_statements_covered": 0.0, "percent_statements_covered_display": "0"}, "missing_lines": [114], "excluded_lines": [], "start_line": 112}, "HiddenDesktopBackend.__init__": {"executed_lines": [], "summary": {"covered_lines": 0, "num_statements": 2, "percent_covered": 0.0, "percent_covered_display": "0", "missing_lines": 2, "excluded_lines": 0, "percent_statements_covered": 0.0, "percent_statements_covered_display": "0"}, "missing_lines": [135, 136], "excluded_lines": [], "start_line": 134}, "HiddenDesktopBackend.capture_window": {"executed_lines": [], "summary": {"covered_lines": 0, "num_statements": 13, "percent_covered": 0.0, "percent_covered_display": "0", "missing_lines": 13, "excluded_lines": 0, "percent_statements_covered": 0.0, "percent_statements_covered_display": "0"}, "missing_lines": [145, 146, 147, 148, 149, 151, 152, 153, 156, 157, 158, 159, 160], "excluded_lines": [], "start_line": 138}, "HiddenDesktopBackend.capture_display": {"executed_lines": [], "summary": {"covered_lines": 0, "num_statements": 5, "percent_covered": 0.0, "percent_covered_display": "0", "missing_lines": 5, "excluded_lines": 0, "percent_statements_covered": 0.0, "percent_statements_covered_display": "0"}, "missing_lines": [164, 165, 166, 167, 168], "excluded_lines": [], "start_line": 162}, "HiddenDesktopBackend._printwindow_capture": {"executed_lines": [], "summary": {"covered_lines": 0, "num_statements": 51, "percent_covered": 0.0, "percent_covered_display": "0", "missing_lines": 51, "excluded_lines": 0, "percent_statements_covered": 0.0, "percent_statements_covered_display": "0"}, "missing_lines": [176, 177, 178, 181, 182, 185, 186, 187, 189, 190, 191, 192, 194, 195, 196, 197, 200, 201, 204, 205, 206, 207, 209, 211, 212, 214, 215, 216, 217, 218, 219, 222, 223, 224, 226, 227, 228, 229, 230, 231, 232, 233, 236, 237, 238, 240, 241, 243, 244, 245, 246], "excluded_lines": [], "start_line": 174}, "HiddenDesktopBackend._bitblt_capture_screen": {"executed_lines": [], "summary": {"covered_lines": 0, "num_statements": 44, "percent_covered": 0.0, "percent_covered_display": "0", "missing_lines": 44, "excluded_lines": 0, "percent_statements_covered": 0.0, "percent_statements_covered_display": "0"}, "missing_lines": [250, 251, 252, 254, 255, 256, 257, 259, 260, 261, 262, 264, 265, 266, 267, 268, 269, 271, 272, 273, 274, 275, 276, 277, 278, 279, 280, 281, 282, 283, 284, 285, 286, 287, 288, 289, 290, 292, 293, 294, 296, 297, 298, 299], "excluded_lines": [], "start_line": 248}, "HiddenDesktopBackend._barecua_capture": {"executed_lines": [], "summary": {"covered_lines": 0, "num_statements": 13, "percent_covered": 0.0, "percent_covered_display": "0", "missing_lines": 13, "excluded_lines": 0, "percent_statements_covered": 0.0, "percent_statements_covered_display": "0"}, "missing_lines": [303, 304, 305, 306, 307, 309, 313, 315, 316, 317, 318, 319, 320], "excluded_lines": [], "start_line": 301}, "HiddenDesktopBackend.inject_key": {"executed_lines": [], "summary": {"covered_lines": 0, "num_statements": 5, "percent_covered": 0.0, "percent_covered_display": "0", "missing_lines": 5, "excluded_lines": 0, "percent_statements_covered": 0.0, "percent_statements_covered_display": "0"}, "missing_lines": [324, 325, 326, 327, 328], "excluded_lines": [], "start_line": 322}, "HiddenDesktopBackend.type_text": {"executed_lines": [], "summary": {"covered_lines": 0, "num_statements": 8, "percent_covered": 0.0, "percent_covered_display": "0", "missing_lines": 8, "excluded_lines": 0, "percent_statements_covered": 0.0, "percent_statements_covered_display": "0"}, "missing_lines": [332, 333, 334, 335, 336, 337, 338, 339], "excluded_lines": [], "start_line": 330}, "HiddenDesktopBackend.mouse_click": {"executed_lines": [], "summary": {"covered_lines": 0, "num_statements": 5, "percent_covered": 0.0, "percent_covered_display": "0", "missing_lines": 5, "excluded_lines": 0, "percent_statements_covered": 0.0, "percent_statements_covered_display": "0"}, "missing_lines": [343, 344, 345, 346, 347], "excluded_lines": [], "start_line": 341}, "HiddenDesktopBackend.mouse_scroll": {"executed_lines": [], "summary": {"covered_lines": 0, "num_statements": 5, "percent_covered": 0.0, "percent_covered_display": "0", "missing_lines": 5, "excluded_lines": 0, "percent_statements_covered": 0.0, "percent_statements_covered_display": "0"}, "missing_lines": [351, 352, 353, 354, 355], "excluded_lines": [], "start_line": 349}, "HiddenDesktopBackend.list_windows": {"executed_lines": [], "summary": {"covered_lines": 0, "num_statements": 5, "percent_covered": 0.0, "percent_covered_display": "0", "missing_lines": 5, "excluded_lines": 0, "percent_statements_covered": 0.0, "percent_statements_covered_display": "0"}, "missing_lines": [359, 360, 361, 362, 363], "excluded_lines": [], "start_line": 357}, "HiddenDesktopBackend._enum_hidden_desktop_windows": {"executed_lines": [], "summary": {"covered_lines": 0, "num_statements": 14, "percent_covered": 0.0, "percent_covered_display": "0", "missing_lines": 14, "excluded_lines": 0, "percent_statements_covered": 0.0, "percent_statements_covered_display": "0"}, "missing_lines": [367, 368, 369, 371, 372, 374, 375, 377, 403, 404, 405, 406, 407, 408], "excluded_lines": [], "start_line": 365}, "HiddenDesktopBackend._enum_hidden_desktop_windows._cb": {"executed_lines": [], "summary": {"covered_lines": 0, "num_statements": 17, "percent_covered": 0.0, "percent_covered_display": "0", "missing_lines": 17, "excluded_lines": 0, "percent_statements_covered": 0.0, "percent_statements_covered_display": "0"}, "missing_lines": [378, 379, 380, 381, 382, 383, 384, 385, 386, 387, 389, 390, 391, 392, 394, 395, 401], "excluded_lines": [], "start_line": 377}, "HiddenDesktopBackend.focus_window": {"executed_lines": [], "summary": {"covered_lines": 0, "num_statements": 5, "percent_covered": 0.0, "percent_covered_display": "0", "missing_lines": 5, "excluded_lines": 0, "percent_statements_covered": 0.0, "percent_statements_covered_display": "0"}, "missing_lines": [412, 413, 414, 415, 416], "excluded_lines": [], "start_line": 410}, "HiddenDesktopBackend.launch_process": {"executed_lines": [], "summary": {"covered_lines": 0, "num_statements": 5, "percent_covered": 0.0, "percent_covered_display": "0", "missing_lines": 5, "excluded_lines": 0, "percent_statements_covered": 0.0, "percent_statements_covered_display": "0"}, "missing_lines": [420, 421, 422, 423, 424], "excluded_lines": [], "start_line": 418}, "HiddenDesktopBackend._ensure_hidden_desktop_attached": {"executed_lines": [], "summary": {"covered_lines": 0, "num_statements": 25, "percent_covered": 0.0, "percent_covered_display": "0", "missing_lines": 25, "excluded_lines": 0, "percent_statements_covered": 0.0, "percent_statements_covered_display": "0"}, "missing_lines": [441, 442, 444, 447, 448, 449, 450, 453, 454, 455, 456, 458, 459, 461, 462, 463, 464, 465, 466, 469, 470, 471, 472, 473, 474], "excluded_lines": [], "start_line": 430}, "HiddenDesktopBackend._find_window_on_desktop": {"executed_lines": [], "summary": {"covered_lines": 0, "num_statements": 22, "percent_covered": 0.0, "percent_covered_display": "0", "missing_lines": 22, "excluded_lines": 0, "percent_statements_covered": 0.0, "percent_statements_covered_display": "0"}, "missing_lines": [486, 487, 488, 491, 492, 493, 495, 497, 499, 539, 540, 542, 544, 545, 546, 547, 548, 549, 550, 551, 552, 553], "excluded_lines": [], "start_line": 476}, "HiddenDesktopBackend._find_window_on_desktop._callback": {"executed_lines": [], "summary": {"covered_lines": 0, "num_statements": 29, "percent_covered": 0.0, "percent_covered_display": "0", "missing_lines": 29, "excluded_lines": 0, "percent_statements_covered": 0.0, "percent_statements_covered_display": "0"}, "missing_lines": [500, 501, 503, 504, 505, 506, 507, 508, 509, 512, 513, 514, 517, 518, 519, 520, 521, 523, 524, 526, 527, 528, 529, 530, 532, 533, 534, 536, 537], "excluded_lines": [], "start_line": 499}, "HiddenDesktopBackend._send_key": {"executed_lines": [], "summary": {"covered_lines": 0, "num_statements": 30, "percent_covered": 0.0, "percent_covered_display": "0", "missing_lines": 30, "excluded_lines": 0, "percent_statements_covered": 0.0, "percent_statements_covered_display": "0"}, "missing_lines": [557, 558, 567, 568, 569, 570, 573, 575, 576, 578, 579, 583, 584, 586, 587, 590, 591, 592, 593, 596, 597, 598, 599, 601, 602, 604, 605, 606, 607, 608], "excluded_lines": [], "start_line": 555}, "HiddenDesktopBackend._send_char": {"executed_lines": [], "summary": {"covered_lines": 0, "num_statements": 3, "percent_covered": 0.0, "percent_covered_display": "0", "missing_lines": 3, "excluded_lines": 0, "percent_statements_covered": 0.0, "percent_statements_covered_display": "0"}, "missing_lines": [613, 614, 615], "excluded_lines": [], "start_line": 610}, "HiddenDesktopBackend._send_click": {"executed_lines": [], "summary": {"covered_lines": 0, "num_statements": 31, "percent_covered": 0.0, "percent_covered_display": "0", "missing_lines": 31, "excluded_lines": 0, "percent_statements_covered": 0.0, "percent_statements_covered_display": "0"}, "missing_lines": [619, 621, 623, 624, 625, 626, 628, 629, 633, 634, 636, 637, 640, 641, 642, 643, 644, 647, 648, 649, 650, 651, 654, 655, 656, 657, 658, 660, 661, 662, 663], "excluded_lines": [], "start_line": 617}, "HiddenDesktopBackend._send_scroll": {"executed_lines": [], "summary": {"covered_lines": 0, "num_statements": 19, "percent_covered": 0.0, "percent_covered_display": "0", "missing_lines": 19, "excluded_lines": 0, "percent_statements_covered": 0.0, "percent_statements_covered_display": "0"}, "missing_lines": [667, 669, 671, 672, 674, 675, 679, 680, 682, 683, 685, 686, 687, 688, 689, 691, 692, 693, 694], "excluded_lines": [], "start_line": 665}, "HiddenDesktopBackend._focus_window": {"executed_lines": [], "summary": {"covered_lines": 0, "num_statements": 14, "percent_covered": 0.0, "percent_covered_display": "0", "missing_lines": 14, "excluded_lines": 0, "percent_statements_covered": 0.0, "percent_statements_covered_display": "0"}, "missing_lines": [703, 705, 707, 708, 709, 710, 712, 713, 714, 715, 716, 717, 718, 719], "excluded_lines": [], "start_line": 696}, "HiddenDesktopBackend._launch_hidden": {"executed_lines": [], "summary": {"covered_lines": 0, "num_statements": 20, "percent_covered": 0.0, "percent_covered_display": "0", "missing_lines": 20, "excluded_lines": 0, "percent_statements_covered": 0.0, "percent_statements_covered_display": "0"}, "missing_lines": [723, 724, 725, 727, 770, 771, 778, 779, 780, 781, 782, 784, 785, 786, 787, 788, 790, 791, 792, 793], "excluded_lines": [], "start_line": 721}, "PlayCUAClient.__init__": {"executed_lines": [], "summary": {"covered_lines": 0, "num_statements": 6, "percent_covered": 0.0, "percent_covered_display": "0", "missing_lines": 6, "excluded_lines": 0, "percent_statements_covered": 0.0, "percent_statements_covered_display": "0"}, "missing_lines": [807, 808, 809, 810, 811, 812], "excluded_lines": [], "start_line": 806}, "PlayCUAClient.start": {"executed_lines": [], "summary": {"covered_lines": 0, "num_statements": 9, "percent_covered": 0.0, "percent_covered_display": "0", "missing_lines": 9, "excluded_lines": 0, "percent_statements_covered": 0.0, "percent_statements_covered_display": "0"}, "missing_lines": [816, 817, 819, 820, 821, 830, 831, 832, 834], "excluded_lines": [], "start_line": 814}, "PlayCUAClient.stop": {"executed_lines": [], "summary": {"covered_lines": 0, "num_statements": 18, "percent_covered": 0.0, "percent_covered_display": "0", "missing_lines": 18, "excluded_lines": 0, "percent_statements_covered": 0.0, "percent_statements_covered_display": "0"}, "missing_lines": [838, 839, 841, 842, 843, 844, 845, 846, 847, 848, 849, 851, 852, 853, 854, 855, 856, 857], "excluded_lines": [], "start_line": 836}, "PlayCUAClient._read_responses": {"executed_lines": [], "summary": {"covered_lines": 0, "num_statements": 16, "percent_covered": 0.0, "percent_covered_display": "0", "missing_lines": 16, "excluded_lines": 0, "percent_statements_covered": 0.0, "percent_statements_covered_display": "0"}, "missing_lines": [861, 862, 863, 864, 865, 866, 868, 869, 870, 871, 872, 873, 874, 875, 876, 877], "excluded_lines": [], "start_line": 859}, "PlayCUAClient.call": {"executed_lines": [], "summary": {"covered_lines": 0, "num_statements": 20, "percent_covered": 0.0, "percent_covered_display": "0", "missing_lines": 20, "excluded_lines": 0, "percent_statements_covered": 0.0, "percent_statements_covered_display": "0"}, "missing_lines": [881, 882, 884, 885, 886, 888, 895, 896, 898, 899, 902, 903, 904, 905, 907, 908, 909, 910, 911, 913], "excluded_lines": [], "start_line": 879}, "PlayCUABackend.__init__": {"executed_lines": [], "summary": {"covered_lines": 0, "num_statements": 4, "percent_covered": 0.0, "percent_covered_display": "0", "missing_lines": 4, "excluded_lines": 0, "percent_statements_covered": 0.0, "percent_statements_covered_display": "0"}, "missing_lines": [924, 925, 926, 927], "excluded_lines": [], "start_line": 923}, "PlayCUABackend._ensure_client": {"executed_lines": [], "summary": {"covered_lines": 0, "num_statements": 4, "percent_covered": 0.0, "percent_covered_display": "0", "missing_lines": 4, "excluded_lines": 0, "percent_statements_covered": 0.0, "percent_statements_covered_display": "0"}, "missing_lines": [931, 932, 933, 934], "excluded_lines": [], "start_line": 929}, "PlayCUABackend.capture_window": {"executed_lines": [], "summary": {"covered_lines": 0, "num_statements": 16, "percent_covered": 0.0, "percent_covered_display": "0", "missing_lines": 16, "excluded_lines": 0, "percent_statements_covered": 0.0, "percent_statements_covered_display": "0"}, "missing_lines": [938, 939, 940, 942, 943, 945, 946, 947, 948, 950, 951, 953, 954, 955, 956, 957], "excluded_lines": [], "start_line": 936}, "PlayCUABackend.capture_display": {"executed_lines": [], "summary": {"covered_lines": 0, "num_statements": 16, "percent_covered": 0.0, "percent_covered_display": "0", "missing_lines": 16, "excluded_lines": 0, "percent_statements_covered": 0.0, "percent_statements_covered_display": "0"}, "missing_lines": [961, 962, 963, 965, 966, 968, 969, 970, 971, 973, 974, 976, 977, 978, 979, 980], "excluded_lines": [], "start_line": 959}, "PlayCUABackend.inject_key": {"executed_lines": [], "summary": {"covered_lines": 0, "num_statements": 10, "percent_covered": 0.0, "percent_covered_display": "0", "missing_lines": 10, "excluded_lines": 0, "percent_statements_covered": 0.0, "percent_statements_covered_display": "0"}, "missing_lines": [984, 985, 986, 988, 989, 990, 992, 993, 994, 995], "excluded_lines": [], "start_line": 982}, "PlayCUABackend.type_text": {"executed_lines": [], "summary": {"covered_lines": 0, "num_statements": 10, "percent_covered": 0.0, "percent_covered_display": "0", "missing_lines": 10, "excluded_lines": 0, "percent_statements_covered": 0.0, "percent_statements_covered_display": "0"}, "missing_lines": [999, 1000, 1001, 1003, 1004, 1005, 1007, 1008, 1009, 1010], "excluded_lines": [], "start_line": 997}, "PlayCUABackend.mouse_click": {"executed_lines": [], "summary": {"covered_lines": 0, "num_statements": 10, "percent_covered": 0.0, "percent_covered_display": "0", "missing_lines": 10, "excluded_lines": 0, "percent_statements_covered": 0.0, "percent_statements_covered_display": "0"}, "missing_lines": [1014, 1015, 1016, 1020, 1021, 1022, 1024, 1025, 1026, 1027], "excluded_lines": [], "start_line": 1012}, "PlayCUABackend.mouse_scroll": {"executed_lines": [], "summary": {"covered_lines": 0, "num_statements": 10, "percent_covered": 0.0, "percent_covered_display": "0", "missing_lines": 10, "excluded_lines": 0, "percent_statements_covered": 0.0, "percent_statements_covered_display": "0"}, "missing_lines": [1031, 1032, 1033, 1037, 1038, 1039, 1041, 1042, 1043, 1044], "excluded_lines": [], "start_line": 1029}, "PlayCUABackend.list_windows": {"executed_lines": [], "summary": {"covered_lines": 0, "num_statements": 14, "percent_covered": 0.0, "percent_covered_display": "0", "missing_lines": 14, "excluded_lines": 0, "percent_statements_covered": 0.0, "percent_statements_covered_display": "0"}, "missing_lines": [1048, 1049, 1050, 1052, 1053, 1054, 1056, 1057, 1058, 1059, 1065, 1066, 1067, 1068], "excluded_lines": [], "start_line": 1046}, "PlayCUABackend.focus_window": {"executed_lines": [], "summary": {"covered_lines": 0, "num_statements": 10, "percent_covered": 0.0, "percent_covered_display": "0", "missing_lines": 10, "excluded_lines": 0, "percent_statements_covered": 0.0, "percent_statements_covered_display": "0"}, "missing_lines": [1072, 1073, 1074, 1076, 1077, 1078, 1080, 1081, 1082, 1083], "excluded_lines": [], "start_line": 1070}, "PlayCUABackend.launch_process": {"executed_lines": [], "summary": {"covered_lines": 0, "num_statements": 18, "percent_covered": 0.0, "percent_covered_display": "0", "missing_lines": 18, "excluded_lines": 0, "percent_statements_covered": 0.0, "percent_statements_covered_display": "0"}, "missing_lines": [1087, 1088, 1089, 1090, 1091, 1092, 1093, 1095, 1097, 1098, 1100, 1101, 1102, 1103, 1105, 1106, 1107, 1108], "excluded_lines": [], "start_line": 1085}, "IsolationContextManager.__init__": {"executed_lines": [], "summary": {"covered_lines": 0, "num_statements": 2, "percent_covered": 0.0, "percent_covered_display": "0", "missing_lines": 2, "excluded_lines": 0, "percent_statements_covered": 0.0, "percent_statements_covered_display": "0"}, "missing_lines": [1119, 1120], "excluded_lines": [], "start_line": 1118}, "IsolationContextManager.get": {"executed_lines": [], "summary": {"covered_lines": 0, "num_statements": 8, "percent_covered": 0.0, "percent_covered_display": "0", "missing_lines": 8, "excluded_lines": 0, "percent_statements_covered": 0.0, "percent_statements_covered_display": "0"}, "missing_lines": [1133, 1134, 1135, 1136, 1137, 1138, 1140, 1141], "excluded_lines": [], "start_line": 1122}, "IsolationContextManager._auto_select": {"executed_lines": [], "summary": {"covered_lines": 0, "num_statements": 12, "percent_covered": 0.0, "percent_covered_display": "0", "missing_lines": 12, "excluded_lines": 0, "percent_statements_covered": 0.0, "percent_statements_covered_display": "0"}, "missing_lines": [1145, 1146, 1148, 1149, 1150, 1151, 1152, 1153, 1154, 1155, 1156, 1157], "excluded_lines": [], "start_line": 1143}, "get_isolation_context": {"executed_lines": [], "summary": {"covered_lines": 0, "num_statements": 1, "percent_covered": 0.0, "percent_covered_display": "0", "missing_lines": 1, "excluded_lines": 0, "percent_statements_covered": 0.0, "percent_statements_covered_display": "0"}, "missing_lines": [1166], "excluded_lines": [], "start_line": 1164}, "set_isolation_context": {"executed_lines": [], "summary": {"covered_lines": 0, "num_statements": 2, "percent_covered": 0.0, "percent_covered_display": "0", "missing_lines": 2, "excluded_lines": 0, "percent_statements_covered": 0.0, "percent_statements_covered_display": "0"}, "missing_lines": [1171, 1172], "excluded_lines": [], "start_line": 1169}, "": {"executed_lines": [], "summary": {"covered_lines": 0, "num_statements": 95, "percent_covered": 0.0, "percent_covered_display": "0", "missing_lines": 95, "excluded_lines": 0, "percent_statements_covered": 0.0, "percent_statements_covered_display": "0"}, "missing_lines": [25, 26, 27, 28, 29, 30, 31, 32, 33, 34, 35, 36, 37, 38, 40, 47, 48, 50, 51, 52, 55, 56, 58, 59, 60, 61, 68, 71, 72, 76, 77, 81, 82, 86, 87, 91, 92, 96, 97, 101, 102, 106, 107, 111, 112, 121, 128, 132, 134, 138, 162, 174, 248, 301, 322, 330, 341, 349, 357, 365, 410, 418, 430, 476, 555, 610, 617, 665, 696, 721, 800, 806, 814, 836, 859, 879, 920, 923, 929, 936, 959, 982, 997, 1012, 1029, 1046, 1070, 1085, 1115, 1118, 1122, 1143, 1161, 1164, 1169], "excluded_lines": [], "start_line": 1}}, "classes": {"Frame": {"executed_lines": [], "summary": {"covered_lines": 0, "num_statements": 0, "percent_covered": 100.0, "percent_covered_display": "100", "missing_lines": 0, "excluded_lines": 0, "percent_statements_covered": 100.0, "percent_statements_covered_display": "100"}, "missing_lines": [], "excluded_lines": [], "start_line": 48}, "WindowInfo": {"executed_lines": [], "summary": {"covered_lines": 0, "num_statements": 0, "percent_covered": 100.0, "percent_covered_display": "100", "missing_lines": 0, "excluded_lines": 0, "percent_statements_covered": 100.0, "percent_statements_covered_display": "100"}, "missing_lines": [], "excluded_lines": [], "start_line": 56}, "IsolationBackend": {"executed_lines": [], "summary": {"covered_lines": 0, "num_statements": 9, "percent_covered": 0.0, "percent_covered_display": "0", "missing_lines": 9, "excluded_lines": 0, "percent_statements_covered": 0.0, "percent_statements_covered_display": "0"}, "missing_lines": [74, 79, 84, 89, 94, 99, 104, 109, 114], "excluded_lines": [], "start_line": 68}, "HiddenDesktopBackend": {"executed_lines": [], "summary": {"covered_lines": 0, "num_statements": 390, "percent_covered": 0.0, "percent_covered_display": "0", "missing_lines": 390, "excluded_lines": 0, "percent_statements_covered": 0.0, "percent_statements_covered_display": "0"}, "missing_lines": [135, 136, 145, 146, 147, 148, 149, 151, 152, 153, 156, 157, 158, 159, 160, 164, 165, 166, 167, 168, 176, 177, 178, 181, 182, 185, 186, 187, 189, 190, 191, 192, 194, 195, 196, 197, 200, 201, 204, 205, 206, 207, 209, 211, 212, 214, 215, 216, 217, 218, 219, 222, 223, 224, 226, 227, 228, 229, 230, 231, 232, 233, 236, 237, 238, 240, 241, 243, 244, 245, 246, 250, 251, 252, 254, 255, 256, 257, 259, 260, 261, 262, 264, 265, 266, 267, 268, 269, 271, 272, 273, 274, 275, 276, 277, 278, 279, 280, 281, 282, 283, 284, 285, 286, 287, 288, 289, 290, 292, 293, 294, 296, 297, 298, 299, 303, 304, 305, 306, 307, 309, 313, 315, 316, 317, 318, 319, 320, 324, 325, 326, 327, 328, 332, 333, 334, 335, 336, 337, 338, 339, 343, 344, 345, 346, 347, 351, 352, 353, 354, 355, 359, 360, 361, 362, 363, 367, 368, 369, 371, 372, 374, 375, 377, 378, 379, 380, 381, 382, 383, 384, 385, 386, 387, 389, 390, 391, 392, 394, 395, 401, 403, 404, 405, 406, 407, 408, 412, 413, 414, 415, 416, 420, 421, 422, 423, 424, 441, 442, 444, 447, 448, 449, 450, 453, 454, 455, 456, 458, 459, 461, 462, 463, 464, 465, 466, 469, 470, 471, 472, 473, 474, 486, 487, 488, 491, 492, 493, 495, 497, 499, 500, 501, 503, 504, 505, 506, 507, 508, 509, 512, 513, 514, 517, 518, 519, 520, 521, 523, 524, 526, 527, 528, 529, 530, 532, 533, 534, 536, 537, 539, 540, 542, 544, 545, 546, 547, 548, 549, 550, 551, 552, 553, 557, 558, 567, 568, 569, 570, 573, 575, 576, 578, 579, 583, 584, 586, 587, 590, 591, 592, 593, 596, 597, 598, 599, 601, 602, 604, 605, 606, 607, 608, 613, 614, 615, 619, 621, 623, 624, 625, 626, 628, 629, 633, 634, 636, 637, 640, 641, 642, 643, 644, 647, 648, 649, 650, 651, 654, 655, 656, 657, 658, 660, 661, 662, 663, 667, 669, 671, 672, 674, 675, 679, 680, 682, 683, 685, 686, 687, 688, 689, 691, 692, 693, 694, 703, 705, 707, 708, 709, 710, 712, 713, 714, 715, 716, 717, 718, 719, 723, 724, 725, 727, 770, 771, 778, 779, 780, 781, 782, 784, 785, 786, 787, 788, 790, 791, 792, 793], "excluded_lines": [], "start_line": 121}, "HiddenDesktopBackend._printwindow_capture.RECT": {"executed_lines": [], "summary": {"covered_lines": 0, "num_statements": 0, "percent_covered": 100.0, "percent_covered_display": "100", "missing_lines": 0, "excluded_lines": 0, "percent_statements_covered": 100.0, "percent_statements_covered_display": "100"}, "missing_lines": [], "excluded_lines": [], "start_line": 181}, "HiddenDesktopBackend._send_key.KEYBDINPUT": {"executed_lines": [], "summary": {"covered_lines": 0, "num_statements": 0, "percent_covered": 100.0, "percent_covered_display": "100", "missing_lines": 0, "excluded_lines": 0, "percent_statements_covered": 100.0, "percent_statements_covered_display": "100"}, "missing_lines": [], "excluded_lines": [], "start_line": 578}, "HiddenDesktopBackend._send_key.INPUT_UNION": {"executed_lines": [], "summary": {"covered_lines": 0, "num_statements": 0, "percent_covered": 100.0, "percent_covered_display": "100", "missing_lines": 0, "excluded_lines": 0, "percent_statements_covered": 100.0, "percent_statements_covered_display": "100"}, "missing_lines": [], "excluded_lines": [], "start_line": 583}, "HiddenDesktopBackend._send_key.INPUT": {"executed_lines": [], "summary": {"covered_lines": 0, "num_statements": 0, "percent_covered": 100.0, "percent_covered_display": "100", "missing_lines": 0, "excluded_lines": 0, "percent_statements_covered": 100.0, "percent_statements_covered_display": "100"}, "missing_lines": [], "excluded_lines": [], "start_line": 586}, "HiddenDesktopBackend._send_click.MOUSEINPUT": {"executed_lines": [], "summary": {"covered_lines": 0, "num_statements": 0, "percent_covered": 100.0, "percent_covered_display": "100", "missing_lines": 0, "excluded_lines": 0, "percent_statements_covered": 100.0, "percent_statements_covered_display": "100"}, "missing_lines": [], "excluded_lines": [], "start_line": 628}, "HiddenDesktopBackend._send_click.INPUT_UNION": {"executed_lines": [], "summary": {"covered_lines": 0, "num_statements": 0, "percent_covered": 100.0, "percent_covered_display": "100", "missing_lines": 0, "excluded_lines": 0, "percent_statements_covered": 100.0, "percent_statements_covered_display": "100"}, "missing_lines": [], "excluded_lines": [], "start_line": 633}, "HiddenDesktopBackend._send_click.INPUT": {"executed_lines": [], "summary": {"covered_lines": 0, "num_statements": 0, "percent_covered": 100.0, "percent_covered_display": "100", "missing_lines": 0, "excluded_lines": 0, "percent_statements_covered": 100.0, "percent_statements_covered_display": "100"}, "missing_lines": [], "excluded_lines": [], "start_line": 636}, "HiddenDesktopBackend._send_scroll.MOUSEINPUT": {"executed_lines": [], "summary": {"covered_lines": 0, "num_statements": 0, "percent_covered": 100.0, "percent_covered_display": "100", "missing_lines": 0, "excluded_lines": 0, "percent_statements_covered": 100.0, "percent_statements_covered_display": "100"}, "missing_lines": [], "excluded_lines": [], "start_line": 674}, "HiddenDesktopBackend._send_scroll.INPUT_UNION": {"executed_lines": [], "summary": {"covered_lines": 0, "num_statements": 0, "percent_covered": 100.0, "percent_covered_display": "100", "missing_lines": 0, "excluded_lines": 0, "percent_statements_covered": 100.0, "percent_statements_covered_display": "100"}, "missing_lines": [], "excluded_lines": [], "start_line": 679}, "HiddenDesktopBackend._send_scroll.INPUT": {"executed_lines": [], "summary": {"covered_lines": 0, "num_statements": 0, "percent_covered": 100.0, "percent_covered_display": "100", "missing_lines": 0, "excluded_lines": 0, "percent_statements_covered": 100.0, "percent_statements_covered_display": "100"}, "missing_lines": [], "excluded_lines": [], "start_line": 682}, "PlayCUAClient": {"executed_lines": [], "summary": {"covered_lines": 0, "num_statements": 69, "percent_covered": 0.0, "percent_covered_display": "0", "missing_lines": 69, "excluded_lines": 0, "percent_statements_covered": 0.0, "percent_statements_covered_display": "0"}, "missing_lines": [807, 808, 809, 810, 811, 812, 816, 817, 819, 820, 821, 830, 831, 832, 834, 838, 839, 841, 842, 843, 844, 845, 846, 847, 848, 849, 851, 852, 853, 854, 855, 856, 857, 861, 862, 863, 864, 865, 866, 868, 869, 870, 871, 872, 873, 874, 875, 876, 877, 881, 882, 884, 885, 886, 888, 895, 896, 898, 899, 902, 903, 904, 905, 907, 908, 909, 910, 911, 913], "excluded_lines": [], "start_line": 800}, "PlayCUABackend": {"executed_lines": [], "summary": {"covered_lines": 0, "num_statements": 122, "percent_covered": 0.0, "percent_covered_display": "0", "missing_lines": 122, "excluded_lines": 0, "percent_statements_covered": 0.0, "percent_statements_covered_display": "0"}, "missing_lines": [924, 925, 926, 927, 931, 932, 933, 934, 938, 939, 940, 942, 943, 945, 946, 947, 948, 950, 951, 953, 954, 955, 956, 957, 961, 962, 963, 965, 966, 968, 969, 970, 971, 973, 974, 976, 977, 978, 979, 980, 984, 985, 986, 988, 989, 990, 992, 993, 994, 995, 999, 1000, 1001, 1003, 1004, 1005, 1007, 1008, 1009, 1010, 1014, 1015, 1016, 1020, 1021, 1022, 1024, 1025, 1026, 1027, 1031, 1032, 1033, 1037, 1038, 1039, 1041, 1042, 1043, 1044, 1048, 1049, 1050, 1052, 1053, 1054, 1056, 1057, 1058, 1059, 1065, 1066, 1067, 1068, 1072, 1073, 1074, 1076, 1077, 1078, 1080, 1081, 1082, 1083, 1087, 1088, 1089, 1090, 1091, 1092, 1093, 1095, 1097, 1098, 1100, 1101, 1102, 1103, 1105, 1106, 1107, 1108], "excluded_lines": [], "start_line": 920}, "IsolationContextManager": {"executed_lines": [], "summary": {"covered_lines": 0, "num_statements": 22, "percent_covered": 0.0, "percent_covered_display": "0", "missing_lines": 22, "excluded_lines": 0, "percent_statements_covered": 0.0, "percent_statements_covered_display": "0"}, "missing_lines": [1119, 1120, 1133, 1134, 1135, 1136, 1137, 1138, 1140, 1141, 1145, 1146, 1148, 1149, 1150, 1151, 1152, 1153, 1154, 1155, 1156, 1157], "excluded_lines": [], "start_line": 1115}, "": {"executed_lines": [], "summary": {"covered_lines": 0, "num_statements": 98, "percent_covered": 0.0
[...]
286, 1287, 1288, 1289, 1290, 1291, 1292, 1293, 1294, 1295, 1296, 1297], "excluded_lines": [], "start_line": 1279}, "catalog_bundles": {"executed_lines": [], "summary": {"covered_lines": 0, "num_statements": 9, "percent_covered": 0.0, "percent_covered_display": "0", "missing_lines": 9, "excluded_lines": 0, "percent_statements_covered": 0.0, "percent_statements_covered_display": "0"}, "missing_lines": [1303, 1304, 1305, 1306, 1307, 1308, 1313, 1314, 1315], "excluded_lines": [], "start_line": 1301}, "log_tail": {"executed_lines": [], "summary": {"covered_lines": 0, "num_statements": 9, "percent_covered": 0.0, "percent_covered_display": "0", "missing_lines": 9, "excluded_lines": 0, "percent_statements_covered": 0.0, "percent_statements_covered_display": "0"}, "missing_lines": [1330, 1331, 1332, 1333, 1334, 1335, 1336, 1337, 1338], "excluded_lines": [], "start_line": 1323}, "log_swap_status": {"executed_lines": [], "summary": {"covered_lines": 0, "num_statements": 20, "percent_covered": 0.0, "percent_covered_display": "0", "missing_lines": 20, "excluded_lines": 0, "percent_statements_covered": 0.0, "percent_statements_covered_display": "0"}, "missing_lines": [1347, 1348, 1349, 1350, 1351, 1353, 1355, 1356, 1357, 1358, 1360, 1361, 1362, 1363, 1364, 1365, 1366, 1368, 1378, 1379], "excluded_lines": [], "start_line": 1342}, "log_bepinex": {"executed_lines": [], "summary": {"covered_lines": 0, "num_statements": 10, "percent_covered": 0.0, "percent_covered_display": "0", "missing_lines": 10, "excluded_lines": 0, "percent_statements_covered": 0.0, "percent_statements_covered_display": "0"}, "missing_lines": [1390, 1391, 1392, 1393, 1394, 1395, 1396, 1397, 1398, 1399], "excluded_lines": [], "start_line": 1383}, "log_debug_log": {"executed_lines": [], "summary": {"covered_lines": 0, "num_statements": 9, "percent_covered": 0.0, "percent_covered_display": "0", "missing_lines": 9, "excluded_lines": 0, "percent_statements_covered": 0.0, "percent_statements_covered_display": "0"}, "missing_lines": [1411, 1412, 1413, 1414, 1415, 1416, 1417, 1424, 1425], "excluded_lines": [], "start_line": 1403}, "log_packs_loaded": {"executed_lines": [], "summary": {"covered_lines": 0, "num_statements": 14, "percent_covered": 0.0, "percent_covered_display": "0", "missing_lines": 14, "excluded_lines": 0, "percent_statements_covered": 0.0, "percent_statements_covered_display": "0"}, "missing_lines": [1434, 1435, 1436, 1437, 1438, 1440, 1441, 1442, 1445, 1446, 1447, 1449, 1454, 1455], "excluded_lines": [], "start_line": 1429}, "status_resource": {"executed_lines": [], "summary": {"covered_lines": 0, "num_statements": 1, "percent_covered": 0.0, "percent_covered_display": "0", "missing_lines": 1, "excluded_lines": 0, "percent_statements_covered": 0.0, "percent_statements_covered_display": "0"}, "missing_lines": [1464], "excluded_lines": [], "start_line": 1463}, "debug_log_resource": {"executed_lines": [], "summary": {"covered_lines": 0, "num_statements": 2, "percent_covered": 0.0, "percent_covered_display": "0", "missing_lines": 2, "excluded_lines": 0, "percent_statements_covered": 0.0, "percent_statements_covered_display": "0"}, "missing_lines": [1469, 1470], "excluded_lines": [], "start_line": 1468}, "catalog_resource": {"executed_lines": [], "summary": {"covered_lines": 0, "num_statements": 2, "percent_covered": 0.0, "percent_covered_display": "0", "missing_lines": 2, "excluded_lines": 0, "percent_statements_covered": 0.0, "percent_statements_covered_display": "0"}, "missing_lines": [1475, 1476], "excluded_lines": [], "start_line": 1474}, "health_check": {"executed_lines": [], "summary": {"covered_lines": 0, "num_statements": 1, "percent_covered": 0.0, "percent_covered_display": "0", "missing_lines": 1, "excluded_lines": 0, "percent_statements_covered": 0.0, "percent_statements_covered_display": "0"}, "missing_lines": [1486], "excluded_lines": [], "start_line": 1484}, "hmr_route": {"executed_lines": [], "summary": {"covered_lines": 0, "num_statements": 3, "percent_covered": 0.0, "percent_covered_display": "0", "missing_lines": 3, "excluded_lines": 0, "percent_statements_covered": 0.0, "percent_statements_covered_display": "0"}, "missing_lines": [1500, 1501, 1502], "excluded_lines": [], "start_line": 1494}, "ai_stack_preferences_route": {"executed_lines": [], "summary": {"covered_lines": 0, "num_statements": 2, "percent_covered": 0.0, "percent_covered_display": "0", "missing_lines": 2, "excluded_lines": 0, "percent_statements_covered": 0.0, "percent_statements_covered_display": "0"}, "missing_lines": [1508, 1509], "excluded_lines": [], "start_line": 1507}, "ai_stack_route": {"executed_lines": [], "summary": {"covered_lines": 0, "num_statements": 24, "percent_covered": 0.0, "percent_covered_display": "0", "missing_lines": 24, "excluded_lines": 0, "percent_statements_covered": 0.0, "percent_statements_covered_display": "0"}, "missing_lines": [1522, 1523, 1524, 1525, 1527, 1528, 1530, 1531, 1532, 1533, 1534, 1535, 1536, 1537, 1538, 1539, 1540, 1542, 1543, 1545, 1553, 1554, 1555, 1556], "excluded_lines": [], "start_line": 1520}, "notify_hmr": {"executed_lines": [], "summary": {"covered_lines": 0, "num_statements": 3, "percent_covered": 0.0, "percent_covered_display": "0", "missing_lines": 3, "excluded_lines": 0, "percent_statements_covered": 0.0, "percent_statements_covered_display": "0"}, "missing_lines": [1567, 1568, 1569], "excluded_lines": [], "start_line": 1560}, "debug_asset_swap": {"executed_lines": [], "summary": {"covered_lines": 0, "num_statements": 1, "percent_covered": 0.0, "percent_covered_display": "0", "missing_lines": 1, "excluded_lines": 0, "percent_statements_covered": 0.0, "percent_statements_covered_display": "0"}, "missing_lines": [1578], "excluded_lines": [], "start_line": 1577}, "asset_pipeline_workflow": {"executed_lines": [], "summary": {"covered_lines": 0, "num_statements": 1, "percent_covered": 0.0, "percent_covered_display": "0", "missing_lines": 1, "excluded_lines": 0, "percent_statements_covered": 0.0, "percent_statements_covered_display": "0"}, "missing_lines": [1597], "excluded_lines": [], "start_line": 1596}, "main": {"executed_lines": [], "summary": {"covered_lines": 0, "num_statements": 11, "percent_covered": 0.0, "percent_covered_display": "0", "missing_lines": 11, "excluded_lines": 0, "percent_statements_covered": 0.0, "percent_statements_covered_display": "0"}, "missing_lines": [1615, 1620, 1625, 1631, 1637, 1639, 1641, 1642, 1643, 1650, 1651], "excluded_lines": [], "start_line": 1614}, "": {"executed_lines": [], "summary": {"covered_lines": 0, "num_statements": 162, "percent_covered": 0.0, "percent_covered_display": "0", "missing_lines": 162, "excluded_lines": 0, "percent_statements_covered": 0.0, "percent_statements_covered_display": "0"}, "missing_lines": [22, 24, 25, 26, 27, 28, 29, 30, 31, 32, 33, 34, 36, 37, 38, 39, 40, 42, 43, 44, 47, 48, 49, 50, 51, 53, 54, 55, 58, 59, 62, 65, 71, 72, 74, 78, 79, 80, 81, 83, 84, 85, 86, 89, 92, 99, 139, 155, 163, 190, 207, 278, 293, 294, 304, 305, 316, 317, 328, 329, 339, 340, 350, 351, 416, 417, 451, 452, 465, 466, 480, 481, 492, 493, 504, 505, 515, 516, 526, 527, 541, 542, 566, 567, 598, 599, 617, 618, 628, 629, 667, 668, 705, 706, 716, 717, 727, 728, 738, 739, 756, 757, 772, 773, 799, 800, 814, 815, 829, 830, 841, 842, 856, 857, 955, 956, 971, 972, 1036, 1172, 1173, 1198, 1199, 1278, 1279, 1300, 1301, 1322, 1323, 1341, 1342, 1382, 1383, 1402, 1403, 1428, 1429, 1462, 1463, 1467, 1468, 1473, 1474, 1483, 1484, 1493, 1494, 1505, 1506, 1507, 1518, 1519, 1520, 1559, 1560, 1576, 1577, 1595, 1596, 1614, 1654, 1655], "excluded_lines": [], "start_line": 1}}, "classes": {"game_input._KEYBDINPUT": {"executed_lines": [], "summary": {"covered_lines": 0, "num_statements": 0, "percent_covered": 100.0, "percent_covered_display": "100", "missing_lines": 0, "excluded_lines": 0, "percent_statements_covered": 100.0, "percent_statements_covered_display": "100"}, "missing_lines": [], "excluded_lines": [], "start_line": 900}, "game_input._MOUSEINPUT": {"executed_lines": [], "summary": {"covered_lines": 0, "num_statements": 0, "percent_covered": 100.0, "percent_covered_display": "100", "missing_lines": 0, "excluded_lines": 0, "percent_statements_covered": 100.0, "percent_statements_covered_display": "100"}, "missing_lines": [], "excluded_lines": [], "start_line": 905}, "game_input._INPUT_UNION": {"executed_lines": [], "summary": {"covered_lines": 0, "num_statements": 0, "percent_covered": 100.0, "percent_covered_display": "100", "missing_lines": 0, "excluded_lines": 0, "percent_statements_covered": 100.0, "percent_statements_covered_display": "100"}, "missing_lines": [], "excluded_lines": [], "start_line": 910}, "game_input._INPUT": {"executed_lines": [], "summary": {"covered_lines": 0, "num_statements": 0, "percent_covered": 100.0, "percent_covered_display": "100", "missing_lines": 0, "excluded_lines": 0, "percent_statements_covered": 100.0, "percent_statements_covered_display": "100"}, "missing_lines": [], "excluded_lines": [], "start_line": 913}, "": {"executed_lines": [], "summary": {"covered_lines": 0, "num_statements": 665, "percent_covered": 0.0, "percent_covered_display": "0", "missing_lines": 665, "excluded_lines": 0, "percent_statements_covered": 0.0, "percent_statements_covered_display": "0"}, "missing_lines": [22, 24, 25, 26, 27, 28, 29, 30, 31, 32, 33, 34, 36, 37, 38, 39, 40, 42, 43, 44, 47, 48, 49, 50, 51, 53, 54, 55, 58, 59, 62, 65, 71, 72, 74, 78, 79, 80, 81, 83, 84, 85, 86, 89, 92, 99, 109, 118, 119, 121, 123, 124, 125, 126, 127, 128, 129, 130, 131, 132, 133, 134, 135, 136, 139, 141, 142, 143, 144, 145, 146, 147, 148, 155, 157, 158, 159, 160, 163, 169, 172, 173, 174, 175, 176, 177, 178, 179, 181, 182, 183, 185, 187, 190, 192, 193, 194, 195, 196, 202, 203, 204, 207, 211, 212, 254, 255, 256, 262, 263, 264, 265, 266, 268, 269, 270, 271, 278, 293, 294, 301, 304, 305, 313, 316, 317, 325, 328, 329, 336, 339, 340, 347, 350, 351, 374, 375, 380, 381, 382, 383, 388, 389, 390, 391, 392, 393, 394, 395, 396, 397, 398, 399, 400, 402, 403, 404, 407, 408, 409, 410, 411, 412, 413, 416, 417, 440, 442, 443, 448, 451, 452, 462, 465, 466, 474, 475, 476, 477, 480, 481, 489, 492, 493, 501, 504, 505, 512, 515, 516, 523, 526, 527, 535, 536, 537, 538, 541, 542, 550, 551, 552, 553, 555, 556, 557, 559, 560, 561, 562, 563, 566, 567, 576, 577, 578, 579, 584, 585, 586, 587, 588, 589, 590, 591, 595, 598, 599, 608, 609, 610, 617, 618, 625, 628, 629, 640, 641, 642, 643, 644, 654, 655, 656, 659, 660, 661, 663, 664, 667, 668, 679, 680, 681, 682, 683, 692, 693, 694, 697, 698, 699, 701, 702, 705, 706, 713, 716, 717, 724, 727, 728, 735, 738, 739, 741, 742, 747, 748, 749, 756, 757, 766, 767, 768, 769, 772, 773, 791, 792, 793, 794, 795, 796, 799, 800, 808, 809, 810, 811, 814, 815, 823, 824, 825, 826, 829, 830, 838, 841, 842, 850, 851, 852, 853, 856, 857, 873, 874, 875, 876, 878, 879, 880, 881, 882, 884, 900, 901, 905, 906, 910, 911, 913, 914, 916, 917, 918, 919, 920, 922, 923, 924, 925, 926, 928, 929, 930, 931, 933, 934, 935, 936, 937, 938, 940, 941, 942, 943, 944, 945, 946, 947, 948, 949, 950, 951, 952, 955, 956, 965, 966, 967, 968, 971, 972, 1007, 1008, 1010, 1011, 1012, 1013, 1014, 1015, 1018, 1019, 1020, 1021, 1022, 1023, 1024, 1027, 1033, 1036, 1041, 1042, 1043, 1044, 1045, 1047, 1048, 1049, 1050, 1051, 1052, 1054, 1055, 1057, 1058, 1059, 1061, 1062, 1065, 1066, 1070, 1071, 1072, 1074, 1075, 1076, 1077, 1078, 1079, 1088, 1089, 1090, 1091, 1092, 1093, 1094, 1095, 1096, 1105, 1111, 1112, 1113, 1114, 1115, 1116, 1117, 1118, 1127, 1128, 1129, 1130, 1131, 1132, 1133, 1134, 1135, 1136, 1137, 1145, 1146, 1147, 1148, 1149, 1150, 1151, 1152, 1153, 1160, 1172, 1173, 1189, 1195, 1198, 1199, 1208, 1209, 1215, 1216, 1217, 1220, 1221, 1222, 1223, 1224, 1225, 1226, 1227, 1229, 1231, 1240, 1242, 1251, 1252, 1259, 1260, 1261, 1264, 1265, 1278, 1279, 1286, 1287, 1288, 1289, 1290, 1291, 1292, 1293, 1294, 1295, 1296, 1297, 1300, 1301, 1303, 1304, 1305, 1306, 1307, 1308, 1313, 1314, 1315, 1322, 1323, 1330, 1331, 1332, 1333, 1334, 1335, 1336, 1337, 1338, 1341, 1342, 1347, 1348, 1349, 1350, 1351, 1353, 1355, 1356, 1357, 1358, 1360, 1361, 1362, 1363, 1364, 1365, 1366, 1368, 1378, 1379, 1382, 1383, 1390, 1391, 1392, 1393, 1394, 1395, 1396, 1397, 1398, 1399, 1402, 1403, 1411, 1412, 1413, 1414, 1415, 1416, 1417, 1424, 1425, 1428, 1429, 1434, 1435, 1436, 1437, 1438, 1440, 1441, 1442, 1445, 1446, 1447, 1449, 1454, 1455, 1462, 1463, 1464, 1467, 1468, 1469, 1470, 1473, 1474, 1475, 1476, 1483, 1484, 1486, 1493, 1494, 1500, 1501, 1502, 1505, 1506, 1507, 1508, 1509, 1518, 1519, 1520, 1522, 1523, 1524, 1525, 1527, 1528, 1530, 1531, 1532, 1533, 1534, 1535, 1536, 1537, 1538, 1539, 1540, 1542, 1543, 1545, 1553, 1554, 1555, 1556, 1559, 1560, 1567, 1568, 1569, 1576, 1577, 1578, 1595, 1596, 1597, 1614, 1615, 1620, 1625, 1631, 1637, 1639, 1641, 1642, 1643, 1650, 1651, 1654, 1655], "excluded_lines": [], "start_line": 1}}}, "dinoforge_mcp\\vision.py": {"executed_lines": [], "summary": {"covered_lines": 0, "num_statements": 167, "percent_covered": 0.0, "percent_covered_display": "0", "missing_lines": 167, "excluded_lines": 0, "percent_statements_covered": 0.0, "percent_statements_covered_display": "0"}, "missing_lines": [12, 14, 15, 16, 17, 19, 20, 21, 22, 24, 25, 26, 27, 29, 30, 31, 32, 33, 34, 35, 37, 38, 39, 40, 41, 42, 45, 48, 58, 72, 73, 74, 75, 76, 77, 80, 82, 84, 85, 86, 88, 89, 90, 91, 92, 93, 94, 95, 96, 97, 99, 101, 102, 103, 105, 106, 107, 108, 109, 110, 111, 112, 114, 116, 117, 118, 120, 121, 122, 123, 124, 125, 126, 128, 139, 140, 141, 142, 144, 145, 146, 148, 167, 168, 176, 177, 178, 186, 187, 188, 197, 198, 199, 200, 202, 208, 209, 210, 218, 235, 236, 241, 242, 247, 248, 249, 250, 256, 257, 260, 261, 262, 265, 266, 269, 270, 273, 274, 276, 277, 279, 285, 286, 287, 292, 307, 308, 313, 314, 315, 316, 322, 325, 326, 327, 329, 330, 331, 333, 336, 338, 339, 340, 341, 342, 343, 351, 356, 357, 358, 363, 389, 390, 396, 397, 398, 399, 402, 403, 404, 405, 406, 409, 410, 411, 412, 414], "excluded_lines": [], "functions": {"VisualValidator.__init__": {"executed_lines": [], "summary": {"covered_lines": 0, "num_statements": 7, "percent_covered": 0.0, "percent_covered_display": "0", "missing_lines": 7, "excluded_lines": 0, "percent_statements_covered": 0.0, "percent_statements_covered_display": "0"}, "missing_lines": [72, 73, 74, 75, 76, 77, 80], "excluded_lines": [], "start_line": 58}, "VisualValidator._load_clip": {"executed_lines": [], "summary": {"covered_lines": 0, "num_statements": 13, "percent_covered": 0.0, "percent_covered_display": "0", "missing_lines": 13, "excluded_lines": 0, "percent_statements_covered": 0.0, "percent_statements_covered_display": "0"}, "missing_lines": [84, 85, 86, 88, 89, 90, 91, 92, 93, 94, 95, 96, 97], "excluded_lines": [], "start_line": 82}, "VisualValidator._load_image": {"executed_lines": [], "summary": {"covered_lines": 0, "num_statements": 11, "percent_covered": 0.0, "percent_covered_display": "0", "missing_lines": 11, "excluded_lines": 0, "percent_statements_covered": 0.0, "percent_statements_covered_display": "0"}, "missing_lines": [101, 102, 103, 105, 106, 107, 108, 109, 110, 111, 112], "excluded_lines": [], "start_line": 99}, "VisualValidator._compute_phash": {"executed_lines": [], "summary": {"covered_lines": 0, "num_statements": 10, "percent_covered": 0.0, "percent_covered_display": "0", "missing_lines": 10, "excluded_lines": 0, "percent_statements_covered": 0.0, "percent_statements_covered_display": "0"}, "missing_lines": [116, 117, 118, 120, 121, 122, 123, 124, 125, 126], "excluded_lines": [], "start_line": 114}, "VisualValidator.register_golden": {"executed_lines": [], "summary": {"covered_lines": 0, "num_statements": 7, "percent_covered": 0.0, "percent_covered_display": "0", "missing_lines": 7, "excluded_lines": 0, "percent_statements_covered": 0.0, "percent_statements_covered_display": "0"}, "missing_lines": [139, 140, 141, 142, 144, 145, 146], "excluded_lines": [], "start_line": 128}, "VisualValidator.analyze_golden": {"executed_lines": [], "summary": {"covered_lines": 0, "num_statements": 16, "percent_covered": 0.0, "percent_covered_display": "0", "missing_lines": 16, "excluded_lines": 0, "percent_statements_covered": 0.0, "percent_statements_covered_display": "0"}, "missing_lines": [167, 168, 176, 177, 178, 186, 187, 188, 197, 198, 199, 200, 202, 208, 209, 210], "excluded_lines": [], "start_line": 148}, "VisualValidator.analyze_with_clip": {"executed_lines": [], "summary": {"covered_lines": 0, "num_statements": 25, "percent_covered": 0.0, "percent_covered_display": "0", "missing_lines": 25, "excluded_lines": 0, "percent_statements_covered": 0.0, "percent_statements_covered_display": "0"}, "missing_lines": [235, 236, 241, 242, 247, 248, 249, 250, 256, 257, 260, 261, 262, 265, 266, 269, 270, 273, 274, 276, 277, 279, 285, 286, 287], "excluded_lines": [], "start_line": 218}, "VisualValidator.analyze_with_opencv": {"executed_lines": [], "summary": {"covered_lines": 0, "num_statements": 25, "percent_covered": 0.0, "percent_covered_display": "0", "missing_lines": 25, "excluded_lines": 0, "percent_statements_covered": 0.0, "percent_statements_covered_display": "0"}, "missing_lines": [307, 308, 313, 314, 315, 316, 322, 325, 326, 327, 329, 330, 331, 333, 336, 338, 339, 340, 341, 342, 343, 351, 356, 357, 358], "excluded_lines": [], "start_line": 292}, "VisualValidator.analyze_screenshot": {"executed_lines": [], "summary": {"covered_lines": 0, "num_statements": 16, "percent_covered": 0.0, "percent_covered_display": "0", "missing_lines": 16, "excluded_lines": 0, "percent_statements_covered": 0.0, "percent_statements_covered_display": "0"}, "missing_lines": [389, 390, 396, 397, 398, 399, 402, 403, 404, 405, 406, 409, 410, 411, 412, 414], "excluded_lines": [], "start_line": 363}, "": {"executed_lines": [], "summary": {"covered_lines": 0, "num_statements": 37, "percent_covered": 0.0, "percent_covered_display": "0", "missing_lines": 37, "excluded_lines": 0, "percent_statements_covered": 0.0, "percent_statements_covered_display": "0"}, "missing_lines": [12, 14, 15, 16, 17, 19, 20, 21, 22, 24, 25, 26, 27, 29, 30, 31, 32, 33, 34, 35, 37, 38, 39, 40, 41, 42, 45, 48, 58, 82, 99, 114, 128, 148, 218, 292, 363], "excluded_lines": [], "start_line": 1}}, "classes": {"VisualValidator": {"executed_lines": [], "summary": {"covered_lines": 0, "num_statements": 130, "percent_covered": 0.0, "percent_covered_display": "0", "missing_lines": 130, "excluded_lines": 0, "percent_statements_covered": 0.0, "percent_statements_covered_display": "0"}, "missing_lines": [72, 73, 74, 75, 76, 77, 80, 84, 85, 86, 88, 89, 90, 91, 92, 93, 94, 95, 96, 97, 101, 102, 103, 105, 106, 107, 108, 109, 110, 111, 112, 116, 117, 118, 120, 121, 122, 123, 124, 125, 126, 139, 140, 141, 142, 144, 145, 146, 167, 168, 176, 177, 178, 186, 187, 188, 197, 198, 199, 200, 202, 208, 209, 210, 235, 236, 241, 242, 247, 248, 249, 250, 256, 257, 260, 261, 262, 265, 266, 269, 270, 273, 274, 276, 277, 279, 285, 286, 287, 307, 308, 313, 314, 315, 316, 322, 325, 326, 327, 329, 330, 331, 333, 336, 338, 339, 340, 341, 342, 343, 351, 356, 357, 358, 389, 390, 396, 397, 398, 399, 402, 403, 404, 405, 406, 409, 410, 411, 412, 414], "excluded_lines": [], "start_line": 48}, "": {"executed_lines": [], "summary": {"covered_lines": 0, "num_statements": 37, "percent_covered": 0.0, "percent_covered_display": "0", "missing_lines": 37, "excluded_lines": 0, "percent_statements_covered": 0.0, "percent_statements_covered_display": "0"}, "missing_lines": [12, 14, 15, 16, 17, 19, 20, 21, 22, 24, 25, 26, 27, 29, 30, 31, 32, 33, 34, 35, 37, 38, 39, 40, 41, 42, 45, 48, 58, 82, 99, 114, 128, 148, 218, 292, 363], "excluded_lines": [], "start_line": 1}}}}, "totals": {"covered_lines": 98, "num_statements": 2769, "percent_covered": 3.5391838208739617, "percent_covered_display": "4", "missing_lines": 2671, "excluded_lines": 12, "percent_statements_covered": 3.5391838208739617, "percent_statements_covered_display": "4"}}