{"meta": {"format": 3, "version": "7.13.5", "timestamp": "2026-04-07T23:57:11.742021", "branch_coverage": false, "show_contexts": false}, "files": {"dinoforge_mcp\\__init__.py": {"executed_lines": [], "summary": {"covered_lines": 0, "num_statements": 1, "percent_covered": 0.0, "percent_covered_display": "0", "missing_lines": 1, "excluded_lines": 0, "percent_statements_covered": 0.0, "percent_statements_covered_display": "0"}, "missing_lines": [2], "excluded_lines": [], "functions": {"": {"executed_lines": [], "summary": {"covered_lines": 0, "num_statements": 1, "percent_covered": 0.0, "percent_covered_display": "0", "missing_lines": 1, "excluded_lines": 0, "percent_statements_covered": 0.0, "percent_statements_covered_display": "0"}, "missing_lines": [2], "excluded_lines": [], "start_line": 1}}, "classes": {"": {"executed_lines": [], "summary": {"covered_lines": 0, "num_statements": 1, "percent_covered": 0.0, "percent_covered_display": "0", "missing_lines": 1, "excluded_lines": 0, "percent_statements_covered": 0.0, "percent_statements_covered_display": "0"}, "missing_lines": [2], "excluded_lines": [], "start_line": 1}}}, "dinoforge_mcp\\server.py": {"executed_lines": [], "summary": {"covered_lines": 0, "num_statements": 554, "percent_covered": 0.0, "percent_covered_display": "0", "missing_lines": 554, "excluded_lines": 0, "percent_statements_covered": 0.0, "percent_statements_covered_display": "0"}, "missing_lines": [16, 18, 19, 20, 21, 22, 23, 24, 25, 26, 27, 28, 30, 31, 32, 33, 34, 36, 37, 38, 41, 47, 48, 50, 54, 55, 56, 57, 59, 60, 61, 62, 65, 68, 75, 77, 86, 87, 88, 89, 90, 91, 92, 93, 94, 95, 96, 97, 98, 99, 102, 104, 105, 106, 107, 108, 109, 110, 111, 118, 120, 121, 122, 123, 126, 132, 135, 136, 137, 138, 139, 140, 141, 142, 144, 145, 146, 148, 150, 153, 155, 156, 157, 158, 159, 165, 166, 167, 170, 174, 175, 217, 218, 219, 225, 226, 227, 228, 229, 231, 232, 233, 234, 241, 256, 257, 259, 262, 263, 265, 268, 269, 271, 274, 275, 277, 280, 281, 283, 286, 287, 294, 295, 296, 297, 300, 301, 310, 313, 314, 321, 322, 323, 324, 327, 328, 335, 338, 339, 346, 349, 350, 352, 355, 356, 358, 361, 362, 369, 370, 371, 372, 375, 376, 384, 385, 386, 387, 389, 390, 391, 393, 394, 395, 396, 397, 400, 401, 410, 411, 412, 413, 418, 419, 420, 421, 422, 423, 424, 425, 429, 432, 433, 442, 443, 444, 451, 452, 459, 462, 463, 470, 473, 474, 481, 484, 485, 492, 495, 496, 503, 506, 507, 514, 517, 518, 520, 521, 526, 527, 528, 535, 536, 544, 545, 546, 547, 550, 551, 567, 568, 569, 570, 571, 572, 575, 576, 583, 584, 585, 586, 589, 590, 597, 598, 599, 600, 603, 604, 611, 614, 615, 622, 623, 624, 625, 628, 629, 645, 646, 647, 648, 650, 651, 652, 653, 654, 656, 672, 673, 677, 678, 682, 683, 685, 686, 688, 689, 690, 691, 692, 694, 695, 696, 697, 698, 700, 701, 702, 703, 705, 706, 707, 708, 709, 710, 712, 713, 714, 715, 716, 717, 718, 719, 720, 721, 722, 723, 724, 727, 728, 736, 737, 738, 739, 742, 743, 751, 752, 753, 754, 757, 762, 763, 764, 765, 766, 768, 769, 770, 771, 772, 773, 775, 776, 778, 779, 780, 782, 783, 786, 787, 791, 792, 793, 795, 796, 797, 798, 799, 800, 809, 810, 811, 812, 813, 814, 815, 816, 817, 826, 832, 833, 834, 835, 836, 837, 838, 839, 848, 849, 850, 851, 852, 853, 854, 855, 856, 857, 858, 866, 867, 868, 869, 870, 871, 872, 873, 874, 881, 891, 892, 901, 904, 905, 919, 925, 928, 929, 937, 938, 944, 945, 946, 949, 950, 951, 952, 953, 954, 955, 956, 958, 960, 969, 971, 980, 981, 988, 989, 990, 993, 994, 1007, 1008, 1015, 1016, 1017, 1018, 1019, 1020, 1021, 1022, 1023, 1024, 1025, 1026, 1029, 1030, 1032, 1033, 1034, 1035, 1036, 1037, 1042, 1043, 1044, 1051, 1052, 1059, 1060, 1061, 1062, 1063, 1064, 1065, 1066, 1067, 1070, 1071, 1076, 1077, 1078, 1079, 1080, 1082, 1084, 1085, 1086, 1087, 1089, 1090, 1091, 1092, 1093, 1094, 1095, 1097, 1107, 1108, 1111, 1112, 1119, 1120, 1121, 1122, 1123, 1124, 1125, 1126, 1127, 1128, 1131, 1132, 1140, 1141, 1142, 1143, 1144, 1145, 1146, 1153, 1154, 1157, 1158, 1163, 1164, 1165, 1166, 1167, 1169, 1170, 1171, 1174, 1175, 1176, 1178, 1183, 1184, 1191, 1192, 1193, 1196, 1197, 1198, 1199, 1202, 1203, 1204, 1205, 1212, 1213, 1215, 1222, 1223, 1229, 1230, 1231, 1234, 1235, 1242, 1243, 1244, 1251, 1252, 1253, 1270, 1271, 1272, 1289, 1290, 1295, 1300, 1306, 1312, 1314, 1316, 1317, 1318, 1325, 1326, 1329, 1330], "excluded_lines": [], "functions": {"_run_game_cli": {"executed_lines": [], "summary": {"covered_lines": 0, "num_statements": 15, "percent_covered": 0.0, "percent_covered_display": "0", "missing_lines": 15, "excluded_lines": 0, "percent_statements_covered": 0.0, "percent_statements_covered_display": "0"}, "missing_lines": [77, 86, 87, 88, 89, 90, 91, 92, 93, 94, 95, 96, 97, 98, 99], "excluded_lines": [], "start_line": 75}, "_run_pack_compiler": {"executed_lines": [], "summary": {"covered_lines": 0, "num_statements": 8, "percent_covered": 0.0, "percent_covered_display": "0", "missing_lines": 8, "excluded_lines": 0, "percent_statements_covered": 0.0, "percent_statements_covered_display": "0"}, "missing_lines": [104, 105, 106, 107, 108, 109, 110, 111], "excluded_lines": [], "start_line": 102}, "_get_vdd_index": {"executed_lines": [], "summary": {"covered_lines": 0, "num_statements": 4, "percent_covered": 0.0, "percent_covered_display": "0", "missing_lines": 4, "excluded_lines": 0, "percent_statements_covered": 0.0, "percent_statements_covered_display": "0"}, "missing_lines": [120, 121, 122, 123], "excluded_lines": [], "start_line": 118}, "_get_test_instance_path": {"executed_lines": [], "summary": {"covered_lines": 0, "num_statements": 14, "percent_covered": 0.0, "percent_covered_display": "0", "missing_lines": 14, "excluded_lines": 0, "percent_statements_covered": 0.0, "percent_statements_covered_display": "0"}, "missing_lines": [132, 135, 136, 137, 138, 139, 140, 141, 142, 144, 145, 146, 148, 150], "excluded_lines": [], "start_line": 126}, "_launch_on_vdd": {"executed_lines": [], "summary": {"covered_lines": 0, "num_statements": 8, "percent_covered": 0.0, "percent_covered_display": "0", "missing_lines": 8, "excluded_lines": 0, "percent_statements_covered": 0.0, "percent_statements_covered_display": "0"}, "missing_lines": [155, 156, 157, 158, 159, 165, 166, 167], "excluded_lines": [], "start_line": 153}, "_launch_hidden": {"executed_lines": [], "summary": {"covered_lines": 0, "num_statements": 14, "percent_covered": 0.0, "percent_covered_display": "0", "missing_lines": 14, "excluded_lines": 0, "percent_statements_covered": 0.0, "percent_statements_covered_display": "0"}, "missing_lines": [174, 175, 217, 218, 219, 225, 226, 227, 228, 229, 231, 232, 233, 234], "excluded_lines": [], "start_line": 170}, "game_status": {"executed_lines": [], "summary": {"covered_lines": 0, "num_statements": 1, "percent_covered": 0.0, "percent_covered_display": "0", "missing_lines": 1, "excluded_lines": 0, "percent_statements_covered": 0.0, "percent_statements_covered_display": "0"}, "missing_lines": [259], "excluded_lines": [], "start_line": 257}, "game_wait_world": {"executed_lines": [], "summary": {"covered_lines": 0, "num_statements": 1, "percent_covered": 0.0, "percent_covered_display": "0", "missing_lines": 1, "excluded_lines": 0, "percent_statements_covered": 0.0, "percent_statements_covered_display": "0"}, "missing_lines": [265], "excluded_lines": [], "start_line": 263}, "game_wait_for_world": {"executed_lines": [], "summary": {"covered_lines": 0, "num_statements": 1, "percent_covered": 0.0, "percent_covered_display": "0", "missing_lines": 1, "excluded_lines": 0, "percent_statements_covered": 0.0, "percent_statements_covered_display": "0"}, "missing_lines": [271], "excluded_lines": [], "start_line": 269}, "game_resources": {"executed_lines": [], "summary": {"covered_lines": 0, "num_statements": 1, "percent_covered": 0.0, "percent_covered_display": "0", "missing_lines": 1, "excluded_lines": 0, "percent_statements_covered": 0.0, "percent_statements_covered_display": "0"}, "missing_lines": [277], "excluded_lines": [], "start_line": 275}, "game_get_resources": {"executed_lines": [], "summary": {"covered_lines": 0, "num_statements": 1, "percent_covered": 0.0, "percent_covered_display": "0", "missing_lines": 1, "excluded_lines": 0, "percent_statements_covered": 0.0, "percent_statements_covered_display": "0"}, "missing_lines": [283], "excluded_lines": [], "start_line": 281}, "game_screenshot": {"executed_lines": [], "summary": {"covered_lines": 0, "num_statements": 4, "percent_covered": 0.0, "percent_covered_display": "0", "missing_lines": 4, "excluded_lines": 0, "percent_statements_covered": 0.0, "percent_statements_covered_display": "0"}, "missing_lines": [294, 295, 296, 297], "excluded_lines": [], "start_line": 287}, "game_query_entities": {"executed_lines": [], "summary": {"covered_lines": 0, "num_statements": 1, "percent_covered": 0.0, "percent_covered_display": "0", "missing_lines": 1, "excluded_lines": 0, "percent_statements_covered": 0.0, "percent_statements_covered_display": "0"}, "missing_lines": [310], "excluded_lines": [], "start_line": 301}, "game_ui_tree": {"executed_lines": [], "summary": {"covered_lines": 0, "num_statements": 4, "percent_covered": 0.0, "percent_covered_display": "0", "missing_lines": 4, "excluded_lines": 0, "percent_statements_covered": 0.0, "percent_statements_covered_display": "0"}, "missing_lines": [321, 322, 323, 324], "excluded_lines": [], "start_line": 314}, "game_click_button": {"executed_lines": [], "summary": {"covered_lines": 0, "num_statements": 1, "percent_covered": 0.0, "percent_covered_display": "0", "missing_lines": 1, "excluded_lines": 0, "percent_statements_covered": 0.0, "percent_statements_covered_display": "0"}, "missing_lines": [335], "excluded_lines": [], "start_line": 328}, "game_load_scene": {"executed_lines": [], "summary": {"covered_lines": 0, "num_statements": 1, "percent_covered": 0.0, "percent_covered_display": "0", "missing_lines": 1, "excluded_lines": 0, "percent_statements_covered": 0.0, "percent_statements_covered_display": "0"}, "missing_lines": [346], "excluded_lines": [], "start_line": 339}, "game_start": {"executed_lines": [], "summary": {"covered_lines": 0, "num_statements": 1, "percent_covered": 0.0, "percent_covered_display": "0", "missing_lines": 1, "excluded_lines": 0, "percent_statements_covered": 0.0, "percent_statements_covered_display": "0"}, "missing_lines": [352], "excluded_lines": [], "start_line": 350}, "game_dismiss": {"executed_lines": [], "summary": {"covered_lines": 0, "num_statements": 1, "percent_covered": 0.0, "percent_covered_display": "0", "missing_lines": 1, "excluded_lines": 0, "percent_statements_covered": 0.0, "percent_statements_covered_display": "0"}, "missing_lines": [358], "excluded_lines": [], "start_line": 356}, "game_catalog": {"executed_lines": [], "summary": {"covered_lines": 0, "num_statements": 4, "percent_covered": 0.0, "percent_covered_display": "0", "missing_lines": 4, "excluded_lines": 0, "percent_statements_covered": 0.0, "percent_statements_covered_display": "0"}, "missing_lines": [369, 370, 371, 372], "excluded_lines": [], "start_line": 362}, "game_launch": {"executed_lines": [], "summary": {"covered_lines": 0, "num_statements": 12, "percent_covered": 0.0, "percent_covered_display": "0", "missing_lines": 12, "excluded_lines": 0, "percent_statements_covered": 0.0, "percent_statements_covered_display": "0"}, "missing_lines": [384, 385, 386, 387, 389, 390, 391, 393, 394, 395, 396, 397], "excluded_lines": [], "start_line": 376}, "game_launch_test": {"executed_lines": [], "summary": {"covered_lines": 0, "num_statements": 13, "percent_covered": 0.0, "percent_covered_display": "0", "missing_lines": 13, "excluded_lines": 0, "percent_statements_covered": 0.0, "percent_statements_covered_display": "0"}, "missing_lines": [410, 411, 412, 413, 418, 419, 420, 421, 422, 423, 424, 425, 429], "excluded_lines": [], "start_line": 401}, "game_launch_vdd": {"executed_lines": [], "summary": {"covered_lines": 0, "num_statements": 3, "percent_covered": 0.0, "percent_covered_display": "0", "missing_lines": 3, "excluded_lines": 0, "percent_statements_covered": 0.0, "percent_statements_covered_display": "0"}, "missing_lines": [442, 443, 444], "excluded_lines": [], "start_line": 433}, "asset_validate": {"executed_lines": [], "summary": {"covered_lines": 0, "num_statements": 1, "percent_covered": 0.0, "percent_covered_display": "0", "missing_lines": 1, "excluded_lines": 0, "percent_statements_covered": 0.0, "percent_statements_covered_display": "0"}, "missing_lines": [459], "excluded_lines": [], "start_line": 452}, "asset_import": {"executed_lines": [], "summary": {"covered_lines": 0, "num_statements": 1, "percent_covered": 0.0, "percent_covered_display": "0", "missing_lines": 1, "excluded_lines": 0, "percent_statements_covered": 0.0, "percent_statements_covered_display": "0"}, "missing_lines": [470], "excluded_lines": [], "start_line": 463}, "asset_optimize": {"executed_lines": [], "summary": {"covered_lines": 0, "num_statements": 1, "percent_covered": 0.0, "percent_covered_display": "0", "missing_lines": 1, "excluded_lines": 0, "percent_statements_covered": 0.0, "percent_statements_covered_display": "0"}, "missing_lines": [481], "excluded_lines": [], "start_line": 474}, "asset_build": {"executed_lines": [], "summary": {"covered_lines": 0, "num_statements": 1, "percent_covered": 0.0, "percent_covered_display": "0", "missing_lines": 1, "excluded_lines": 0, "percent_statements_covered": 0.0, "percent_statements_covered_display": "0"}, "missing_lines": [492], "excluded_lines": [], "start_line": 485}, "pack_validate": {"executed_lines": [], "summary": {"covered_lines": 0, "num_statements": 1, "percent_covered": 0.0, "percent_covered_display": "0", "missing_lines": 1, "excluded_lines": 0, "percent_statements_covered": 0.0, "percent_statements_covered_display": "0"}, "missing_lines": [503], "excluded_lines": [], "start_line": 496}, "pack_build": {"executed_lines": [], "summary": {"covered_lines": 0, "num_statements": 1, "percent_covered": 0.0, "percent_covered_display": "0", "missing_lines": 1, "excluded_lines": 0, "percent_statements_covered": 0.0, "percent_statements_covered_display": "0"}, "missing_lines": [514], "excluded_lines": [], "start_line": 507}, "pack_list": {"executed_lines": [], "summary": {"covered_lines": 0, "num_statements": 5, "percent_covered": 0.0, "percent_covered_display": "0", "missing_lines": 5, "excluded_lines": 0, "percent_statements_covered": 0.0, "percent_statements_covered_display": "0"}, "missing_lines": [520, 521, 526, 527, 528], "excluded_lines": [], "start_line": 518}, "game_get_stat": {"executed_lines": [], "summary": {"covered_lines": 0, "num_statements": 4, "percent_covered": 0.0, "percent_covered_display": "0", "missing_lines": 4, "excluded_lines": 0, "percent_statements_covered": 0.0, "percent_statements_covered_display": "0"}, "missing_lines": [544, 545, 546, 547], "excluded_lines": [], "start_line": 536}, "game_apply_override": {"executed_lines": [], "summary": {"covered_lines": 0, "num_statements": 6, "percent_covered": 0.0, "percent_covered_display": "0", "missing_lines": 6, "excluded_lines": 0, "percent_statements_covered": 0.0, "percent_statements_covered_display": "0"}, "missing_lines": [567, 568, 569, 570, 571, 572], "excluded_lines": [], "start_line": 551}, "game_get_component_map": {"executed_lines": [], "summary": {"covered_lines": 0, "num_statements": 4, "percent_covered": 0.0, "percent_covered_display": "0", "missing_lines": 4, "excluded_lines": 0, "percent_statements_covered": 0.0, "percent_statements_covered_display": "0"}, "missing_lines": [583, 584, 585, 586], "excluded_lines": [], "start_line": 576}, "game_reload_packs": {"executed_lines": [], "summary": {"covered_lines": 0, "num_statements": 4, "percent_covered": 0.0, "percent_covered_display": "0", "missing_lines": 4, "excluded_lines": 0, "percent_statements_covered": 0.0, "percent_statements_covered_display": "0"}, "missing_lines": [597, 598, 599, 600], "excluded_lines": [], "start_line": 590}, "game_verify_mod": {"executed_lines": [], "summary": {"covered_lines": 0, "num_statements": 1, "percent_covered": 0.0, "percent_covered_display": "0", "missing_lines": 1, "excluded_lines": 0, "percent_statements_covered": 0.0, "percent_statements_covered_display": "0"}, "missing_lines": [611], "excluded_lines": [], "start_line": 604}, "game_dump_state": {"executed_lines": [], "summary": {"covered_lines": 0, "num_statements": 4, "percent_covered": 0.0, "percent_covered_display": "0", "missing_lines": 4, "excluded_lines": 0, "percent_statements_covered": 0.0, "percent_statements_covered_display": "0"}, "missing_lines": [622, 623, 624, 625], "excluded_lines": [], "start_line": 615}, "game_input": {"executed_lines": [], "summary": {"covered_lines": 0, "num_statements": 35, "percent_covered": 0.0, "percent_covered_display": "0", "missing_lines": 35, "excluded_lines": 0, "percent_statements_covered": 0.0, "percent_statements_covered_display": "0"}, "missing_lines": [645, 646, 647, 648, 650, 651, 652, 653, 654, 656, 672, 673, 677, 678, 682, 683, 685, 686, 688, 694, 700, 705, 712, 713, 714, 715, 716, 717, 718, 719, 720, 721, 722, 723, 724], "excluded_lines": [], "start_line": 629}, "game_input._make_input": {"executed_lines": [], "summary": {"covered_lines": 0, "num_statements": 4, "percent_covered": 0.0, "percent_covered_display": "0", "missing_lines": 4, "excluded_lines": 0, "percent_statements_covered": 0.0, "percent_statements_covered_display": "0"}, "missing_lines": [689, 690, 691, 692], "excluded_lines": [], "start_line": 688}, "game_input._send_key": {"executed_lines": [], "summary": {"covered_lines": 0, "num_statements": 4, "percent_covered": 0.0, "percent_covered_display": "0", "missing_lines": 4, "excluded_lines": 0, "percent_statements_covered": 0.0, "percent_statements_covered_display": "0"}, "missing_lines": [695, 696, 697, 698], "excluded_lines": [], "start_line": 694}, "game_input._send_mouse_move": {"executed_lines": [], "summary": {"covered_lines": 0, "num_statements": 3, "percent_covered": 0.0, "percent_covered_display": "0", "missing_lines": 3, "excluded_lines": 0, "percent_statements_covered": 0.0, "percent_statements_covered_display": "0"}, "missing_lines": [701, 702, 703], "excluded_lines": [], "start_line": 700}, "game_input._send_click": {"executed_lines": [], "summary": {"covered_lines": 0, "num_statements": 5, "percent_covered": 0.0, "percent_covered_display": "0", "missing_lines": 5, "excluded_lines": 0, "percent_statements_covered": 0.0, "percent_statements_covered_display": "0"}, "missing_lines": [706, 707, 708, 709, 710], "excluded_lines": [], "start_line": 705}, "game_ui_automation": {"executed_lines": [], "summary": {"covered_lines": 0, "num_statements": 4, "percent_covered": 0.0, "percent_covered_display": "0", "missing_lines": 4, "excluded_lines": 0, "percent_statements_covered": 0.0, "percent_statements_covered_display": "0"}, "missing_lines": [736, 737, 738, 739], "excluded_lines": [], "start_line": 728}, "game_analyze_screen": {"executed_lines": [], "summary": {"covered_lines": 0, "num_statements": 1, "percent_covered": 0.0, "percent_covered_display": "0", "missing_lines": 1, "excluded_lines": 0, "percent_statements_covered": 0.0, "percent_statements_covered_display": "0"}, "missing_lines": [901], "excluded_lines": [], "start_line": 892}, "_analyze_screenshot_cv": {"executed_lines": [], "summary": {"covered_lines": 0, "num_statements": 68, "percent_covered": 0.0, "percent_covered_display": "0", "missing_lines": 68, "excluded_lines": 0, "percent_statements_covered": 0.0, "percent_statements_covered_display": "0"}, "missing_lines": [762, 763, 764, 765, 766, 768, 769, 770, 771, 772, 773, 775, 776, 778, 779, 780, 782, 783, 786, 787, 791, 792, 793, 795, 796, 797, 798, 799, 800, 809, 810, 811, 812, 813, 814, 815, 816, 817, 826, 832, 833, 834, 835, 836, 837, 838, 839, 848, 849, 850, 851, 852, 853, 854, 855, 856, 857, 858, 866, 867, 868, 869, 870, 871, 872, 873, 874, 881], "excluded_lines": [], "start_line": 757}, "game_wait_and_screenshot": {"executed_lines": [], "summary": {"covered_lines": 0, "num_statements": 2, "percent_covered": 0.0, "percent_covered_display": "0", "missing_lines": 2, "excluded_lines": 0, "percent_statements_covered": 0.0, "percent_statements_covered_display": "0"}, "missing_lines": [919, 925], "excluded_lines": [], "start_line": 905}, "game_navigate_to": {"executed_lines": [], "summary": {"covered_lines": 0, "num_statements": 24, "percent_covered": 0.0, "percent_covered_display": "0", "missing_lines": 24, "excluded_lines": 0, "percent_statements_covered": 0.0, "percent_statements_covered_display": "0"}, "missing_lines": [937, 938, 944, 945, 946, 949, 950, 951, 952, 953, 954, 955, 956, 958, 960, 969, 971, 980, 981, 988, 989, 990, 993, 994], "excluded_lines": [], "start_line": 929}, "catalog_keys": {"executed_lines": [], "summary": {"covered_lines": 0, "num_statements": 12, "percent_covered": 0.0, "percent_covered_display": "0", "missing_lines": 12, "excluded_lines": 0, "percent_statements_covered": 0.0, "percent_statements_covered_display": "0"}, "missing_lines": [1015, 1016, 1017, 1018, 1019, 1020, 1021, 1022, 1023, 1024, 1025, 1026], "excluded_lines": [], "start_line": 1008}, "catalog_bundles": {"executed_lines": [], "summary": {"covered_lines": 0, "num_statements": 9, "percent_covered": 0.0, "percent_covered_display": "0", "missing_lines": 9, "excluded_lines": 0, "percent_statements_covered": 0.0, "percent_statements_covered_display": "0"}, "missing_lines": [1032, 1033, 1034, 1035, 1036, 1037, 1042, 1043, 1044], "excluded_lines": [], "start_line": 1030}, "log_tail": {"executed_lines": [], "summary": {"covered_lines": 0, "num_statements": 9, "percent_covered": 0.0, "percent_covered_display": "0", "missing_lines": 9, "excluded_lines": 0, "percent_statements_covered": 0.0, "percent_statements_covered_display": "0"}, "missing_lines": [1059, 1060, 1061, 1062, 1063, 1064, 1065, 1066, 1067], "excluded_lines": [], "start_line": 1052}, "log_swap_status": {"executed_lines": [], "summary": {"covered_lines": 0, "num_statements": 20, "percent_covered": 0.0, "percent_covered_display": "0", "missing_lines": 20, "excluded_lines": 0, "percent_statements_covered": 0.0, "percent_statements_covered_display": "0"}, "missing_lines": [1076, 1077, 1078, 1079, 1080, 1082, 1084, 1085, 1086, 1087, 1089, 1090, 1091, 1092, 1093, 1094, 1095, 1097, 1107, 1108], "excluded_lines": [], "start_line": 1071}, "log_bepinex": {"executed_lines": [], "summary": {"covered_lines": 0, "num_statements": 10, "percent_covered": 0.0, "percent_covered_display": "0", "missing_lines": 10, "excluded_lines": 0, "percent_statements_covered": 0.0, "percent_statements_covered_display": "0"}, "missing_lines": [1119, 1120, 1121, 1122, 1123, 1124, 1125, 1126, 1127, 1128], "excluded_lines": [], "start_line": 1112}, "log_debug_log": {"executed_lines": [], "summary": {"covered_lines": 0, "num_statements": 9, "percent_covered": 0.0, "percent_covered_display": "0", "missing_lines": 9, "excluded_lines": 0, "percent_statements_covered": 0.0, "percent_statements_covered_display": "0"}, "missing_lines": [1140, 1141, 1142, 1143, 1144, 1145, 1146, 1153, 1154], "excluded_lines": [], "start_line": 1132}, "log_packs_loaded": {"executed_lines": [], "summary": {"covered_lines": 0, "num_statements": 14, "percent_covered": 0.0, "percent_covered_display": "0", "missing_lines": 14, "excluded_lines": 0, "percent_statements_covered": 0.0, "percent_statements_covered_display": "0"}, "missing_lines": [1163, 1164, 1165, 1166, 1167, 1169, 1170, 1171, 1174, 1175, 1176, 1178, 1183, 1184], "excluded_lines": [], "start_line": 1158}, "status_resource": {"executed_lines": [], "summary": {"covered_lines": 0, "num_statements": 1, "percent_covered": 0.0, "percent_covered_display": "0", "missing_lines": 1, "excluded_lines": 0, "percent_statements_covered": 0.0, "percent_statements_covered_display": "0"}, "missing_lines": [1193], "excluded_lines": [], "start_line": 1192}, "debug_log_resource": {"executed_lines": [], "summary": {"covered_lines": 0, "num_statements": 2, "percent_covered": 0.0, "percent_covered_display": "0", "missing_lines": 2, "excluded_lines": 0, "percent_statements_covered": 0.0, "percent_statements_covered_display": "0"}, "missing_lines": [1198, 1199], "excluded_lines": [], "start_line": 1197}, "catalog_resource": {"executed_lines": [], "summary": {"covered_lines": 0, "num_statements": 2, "percent_covered": 0.0, "percent_covered_display": "0", "missing_lines": 2, "excluded_lines": 0, "percent_statements_covered": 0.0, "percent_statements_covered_display": "0"}, "missing_lines": [1204, 1205], "excluded_lines": [], "start_line": 1203}, "health_check": {"executed_lines": [], "summary": {"covered_lines": 0, "num_statements": 1, "percent_covered": 0.0, "percent_covered_display": "0", "missing_lines": 1, "excluded_lines": 0, "percent_statements_covered": 0.0, "percent_statements_covered_display": "0"}, "missing_lines": [1215], "excluded_lines": [], "start_line": 1213}, "hmr_route": {"executed_lines": [], "summary": {"covered_lines": 0, "num_statements": 3, "percent_covered": 0.0, "percent_covered_display": "0", "missing_lines": 3, "excluded_lines": 0, "percent_statements_covered": 0.0, "percent_statements_covered_display": "0"}, "missing_lines": [1229, 1230, 1231], "excluded_lines": [], "start_line": 1223}, "notify_hmr": {"executed_lines": [], "summary": {"covered_lines": 0, "num_statements": 3, "percent_covered": 0.0, "percent_covered_display": "0", "missing_lines": 3, "excluded_lines": 0, "percent_statements_covered": 0.0, "percent_statements_covered_display": "0"}, "missing_lines": [1242, 1243, 1244], "excluded_lines": [], "start_line": 1235}, "debug_asset_swap": {"executed_lines": [], "summary": {"covered_lines": 0, "num_statements": 1, "percent_covered": 0.0, "percent_covered_display": "0", "missing_lines": 1, "excluded_lines": 0, "percent_statements_covered": 0.0, "percent_statements_covered_display": "0"}, "missing_lines": [1253], "excluded_lines": [], "start_line": 1252}, "asset_pipeline_workflow": {"executed_lines": [], "summary": {"covered_lines": 0, "num_statements": 1, "percent_covered": 0.0, "percent_covered_display": "0", "missing_lines": 1, "excluded_lines": 0, "percent_statements_covered": 0.0, "percent_statements_covered_display": "0"}, "missing_lines": [1272], "excluded_lines": [], "start_line": 1271}, "main": {"executed_lines": [], "summary": {"covered_lines": 0, "num_statements": 11, "percent_covered": 0.0, "percent_covered_display": "0", "missing_lines": 11, "excluded_lines": 0, "percent_statements_covered": 0.0, "percent_statements_covered_display": "0"}, "missing_lines": [1290, 1295, 1300, 1306, 1312, 1314, 1316, 1317, 1318, 1325, 1326], "excluded_lines": [], "start_line": 1289}, "": {"executed_lines": [], "summary": {"covered_lines": 0, "num_statements": 145, "percent_covered": 0.0, "percent_covered_display": "0", "missing_lines": 145, "excluded_lines": 0, "percent_statements_covered": 0.0, "percent_statements_covered_display": "0"}, "missing_lines": [16, 18, 19, 20, 21, 22, 23, 24, 25, 26, 27, 28, 30, 31, 32, 33, 34, 36, 37, 38, 41, 47, 48, 50, 54, 55, 56, 57, 59, 60, 61, 62, 65, 68, 75, 102, 118, 126, 153, 170, 241, 256, 257, 262, 263, 268, 269, 274, 275, 280, 281, 286, 287, 300, 301, 313, 314, 327, 328, 338, 339, 349, 350, 355, 356, 361, 362, 375, 376, 400, 401, 432, 433, 451, 452, 462, 463, 473, 474, 484, 485, 495, 496, 506, 507, 517, 518, 535, 536, 550, 551, 575, 576, 589, 590, 603, 604, 614, 615, 628, 629, 727, 728, 742, 743, 757, 891, 892, 904, 905, 928, 929, 1007, 1008, 1029, 1030, 1051, 1052, 1070, 1071, 1111, 1112, 1131, 1132, 1157, 1158, 1191, 1192, 1196, 1197, 1202, 1203, 1212, 1213, 1222, 1223, 1234, 1235, 1251, 1252, 1270, 1271, 1289, 1329, 1330], "excluded_lines": [], "start_line": 1}}, "classes": {"game_input._KEYBDINPUT": {"executed_lines": [], "summary": {"covered_lines": 0, "num_statements": 0, "percent_covered": 100.0, "percent_covered_display": "100", "missing_lines": 0, "excluded_lines": 0, "percent_statements_covered": 100.0, "percent_statements_covered_display": "100"}, "missing_lines": [], "excluded_lines": [], "start_line": 672}, "game_input._MOUSEINPUT": {"executed_lines": [], "summary": {"covered_lines": 0, "num_statements": 0, "percent_covered": 100.0, "percent_covered_display": "100", "missing_lines": 0, "excluded_lines": 0, "percent_statements_covered": 100.0, "percent_statements_covered_display": "100"}, "missing_lines": [], "excluded_lines": [], "start_line": 677}, "game_input._INPUT_UNION": {"executed_lines": [], "summary": {"covered_lines": 0, "num_statements": 0, "percent_covered": 100.0, "percent_covered_display": "100", "missing_lines": 0, "excluded_lines": 0, "percent_statements_covered": 100.0, "percent_statements_covered_display": "100"}, "missing_lines": [], "excluded_lines": [], "start_line": 682}, "game_input._INPUT": {"executed_lines": [], "summary": {"covered_lines": 0, "num_statements": 0, "percent_covered": 100.0, "percent_covered_display": "100", "missing_lines": 0, "excluded_lines": 0, "percent_statements_covered": 100.0, "percent_statements_covered_display": "100"}, "missing_lines": [], "excluded_lines": [], "start_line": 685}, "": {"executed_lines": [], "summary": {"covered_lines": 0, "num_statements": 554, "percent_covered": 0.0, "percent_covered_display": "0", "missing_lines": 554, "excluded_lines": 0, "percent_statements_covered": 0.0, "percent_statements_covered_display": "0"}, "missing_lines": [16, 18, 19, 20, 21, 22, 23, 24, 25, 26, 27, 28, 30, 31, 32, 33, 34, 36, 37, 38, 41, 47, 48, 50, 54, 55, 56, 57, 59, 60, 61, 62, 65, 68, 75, 77, 86, 87, 88, 89, 90, 91, 92, 93, 94, 95, 96, 97, 98, 99, 102, 104, 105, 106, 107, 108, 109, 110, 111, 118, 120, 121, 122, 123, 126, 132, 135, 136, 137, 138, 139, 140, 141, 142, 144, 145, 146, 148, 150, 153, 155, 156, 157, 158, 159, 165, 166, 167, 170, 174, 175, 217, 218, 219, 225, 226, 227, 228, 229, 231, 232, 233, 234, 241, 256, 257, 259, 262, 263, 265, 268, 269, 271, 274, 275, 277, 280, 281, 283, 286, 287, 294, 295, 296, 297, 300, 301, 310, 313, 314, 321, 322, 323, 324, 327, 328, 335, 338, 339, 346, 349, 350, 352, 355, 356, 358, 361, 362, 369, 370, 371, 372, 375, 376, 384, 385, 386, 387, 389, 390, 391, 393, 394, 395, 396, 397, 400, 401, 410, 411, 412, 413, 418, 419, 420, 421, 422, 423, 424, 425, 429, 432, 433, 442, 443, 444, 451, 452, 459, 462, 463, 470, 473, 474, 481, 484, 485, 492, 495, 496, 503, 506, 507, 514, 517, 518, 520, 521, 526, 527, 528, 535, 536, 544, 545, 546, 547, 550, 551, 567, 568, 569, 570, 571, 572, 575, 576, 583, 584, 585, 586, 589, 590, 597, 598, 599, 600, 603, 604, 611, 614, 615, 622, 623, 624, 625, 628, 629, 645, 646, 647, 648, 650, 651, 652, 653, 654, 656, 672, 673, 677, 678, 682, 683, 685, 686, 688, 689, 690, 691, 692, 694, 695, 696, 697, 698, 700, 701, 702, 703, 705, 706, 707, 708, 709, 710, 712, 713, 714, 715, 716, 717, 718, 719, 720, 721, 722, 723, 724, 727, 728, 736, 737, 738, 739, 742, 743, 751, 752, 753, 754, 757, 762, 763, 764, 765, 766, 768, 769, 770, 771, 772, 773, 775, 776, 778, 779, 780, 782, 783, 786, 787, 791, 792, 793, 795, 796, 797, 798, 799, 800, 809, 810, 811, 812, 813, 814, 815, 816, 817, 826, 832, 833, 834, 835, 836, 837, 838, 839, 848, 849, 850, 851, 852, 853, 854, 855, 856, 857, 858, 866, 867, 868, 869, 870, 871, 872, 873, 874, 881, 891, 892, 901, 904, 905, 919, 925, 928, 929, 937, 938, 944, 945, 946, 949, 950, 951, 952, 953, 954, 955, 956, 958, 960, 969, 971, 980, 981, 988, 989, 990, 993, 994, 1007, 1008, 1015, 1016, 1017, 1018, 1019, 1020, 1021, 1022, 1023, 1024, 1025, 1026, 1029, 1030, 1032, 1033, 1034, 1035, 1036, 1037, 1042, 1043, 1044, 1051, 1052, 1059, 1060, 1061, 1062, 1063, 1064, 1065, 1066, 1067, 1070, 1071, 1076, 1077, 1078, 1079, 1080, 1082, 1084, 1085, 1086, 1087, 1089, 1090, 1091, 1092, 1093, 1094, 1095, 1097, 1107, 1108, 1111, 1112, 1119, 1120, 1121, 1122, 1123, 1124, 1125, 1126, 1127, 1128, 1131, 1132, 1140, 1141, 1142, 1143, 1144, 1145, 1146, 1153, 1154, 1157, 1158, 1163, 1164, 1165, 1166, 1167, 1169, 1170, 1171, 1174, 1175, 1176, 1178, 1183, 1184, 1191, 1192, 1193, 1196, 1197, 1198, 1199, 1202, 1203, 1204, 1205, 1212, 1213, 1215, 1222, 1223, 1229, 1230, 1231, 1234, 1235, 1242, 1243, 1244, 1251, 1252, 1253, 1270, 1271, 1272, 1289, 1290, 1295, 1300, 1306, 1312, 1314, 1316, 1317, 1318, 1325, 1326, 1329, 1330], "excluded_lines": [], "start_line": 1}}}}, "totals": {"covered_lines": 0, "num_statements": 555, "percent_covered": 0.0, "percent_covered_display": "0", "missing_lines": 555, "excluded_lines": 0, "percent_statements_covered": 0.0, "percent_statements_covered_display": "0"}}