<?xml version="1.0" encoding="utf-8"?><testsuites><testsuite name="pytest" errors="0" failures="0" skipped="0" tests="5" time="6.021" timestamp="2026-05-20T17:23:27.169801-07:00" hostname="kooshapari-desk"><testcase classname="test_ai_stack_routing" name="test_normalize_provider_aliases" time="0.011" /><testcase classname="test_ai_stack_routing" name="test_default_preference_order" time="0.002" /><testcase classname="test_ai_stack_routing" name="test_route_prefers_explicit_fastmcp" time="0.002" /><testcase classname="test_ai_stack_routing" name="test_route_falls_back_to_fastmcp_when_unavailable" time="0.003" /><testcase classname="test_ai_stack_routing" name="test_route_uses_vercel_stub_when_configured" time="0.007" /></testsuite></testsuites>