<?xml version="1.0" encoding="utf-8"?><testsuites><testsuite name="pytest" errors="0" failures="0" skipped="0" tests="31" time="1.092" timestamp="2026-04-11T12:01:41.979889-07:00" hostname="kooshapari-desk"><testcase classname="test_asset_pack_tools.TestAssetValidateTool" name="test_validate_success" time="0.005" /><testcase classname="test_asset_pack_tools.TestAssetValidateTool" name="test_validate_missing_file" time="0.002" /><testcase classname="test_asset_pack_tools.TestAssetValidateTool" name="test_validate_schema_errors" time="0.001" /><testcase classname="test_asset_pack_tools.TestAssetValidateTool" name="test_validate_model_references" time="0.002" /><testcase classname="test_asset_pack_tools.TestAssetImportTool" name="test_import_success" time="0.002" /><testcase classname="test_asset_pack_tools.TestAssetImportTool" name="test_import_partial_failure" time="0.002" /><testcase classname="test_asset_pack_tools.TestAssetImportTool" name="test_import_no_assets" time="0.002" /><testcase classname="test_asset_pack_tools.TestAssetImportTool" name="test_import_creates_directories" time="0.002" /><testcase classname="test_asset_pack_tools.TestAssetOptimizeTool" name="test_optimize_success" time="0.002" /><testcase classname="test_asset_pack_tools.TestAssetOptimizeTool" name="test_optimize_no_assets" time="0.002" /><testcase classname="test_asset_pack_tools.TestAssetOptimizeTool" name="test_optimize_lod_levels" time="0.002" /><testcase classname="test_asset_pack_tools.TestAssetOptimizeTool" name="test_optimize_preserves_materials" time="0.002" /><testcase classname="test_asset_pack_tools.TestAssetBuildTool" name="test_build_success" time="0.002" /><testcase classname="test_asset_pack_tools.TestAssetBuildTool" name="test_build_failure_on_validation" time="0.002" /><testcase classname="test_asset_pack_tools.TestAssetBuildTool" name="test_build_generates_bundles" time="0.001" /><testcase classname="test_asset_pack_tools.TestPackValidateTool" name="test_validate_success" time="0.001" /><testcase classname="test_asset_pack_tools.TestPackValidateTool" name="test_validate_missing_manifest" time="0.002" /><testcase classname="test_asset_pack_tools.TestPackValidateTool" name="test_validate_schema_violations" time="0.002" /><testcase classname="test_asset_pack_tools.TestPackValidateTool" name="test_validate_dependency_resolution" time="0.002" /><testcase classname="test_asset_pack_tools.TestPackValidateTool" name="test_validate_circular_dependency" time="0.001" /><testcase classname="test_asset_pack_tools.TestPackValidateTool" name="test_validate_conflict_detection" time="0.002" /><testcase classname="test_asset_pack_tools.TestPackBuildTool" name="test_build_success" time="0.001" /><testcase classname="test_asset_pack_tools.TestPackBuildTool" name="test_build_creates_checksum" time="0.002" /><testcase classname="test_asset_pack_tools.TestPackBuildTool" name="test_build_failure_validation" time="0.002" /><testcase classname="test_asset_pack_tools.TestPackBuildTool" name="test_build_includes_metadata" time="0.002" /><testcase classname="test_asset_pack_tools.TestPackListTool" name="test_list_success" time="0.002" /><testcase classname="test_asset_pack_tools.TestPackListTool" name="test_list_empty" time="0.002" /><testcase classname="test_asset_pack_tools.TestPackListTool" name="test_list_includes_metadata" time="0.002" /><testcase classname="test_asset_pack_tools.TestPackListTool" name="test_list_pack_paths_valid" time="0.002" /><testcase classname="test_asset_pack_tools.TestPackIntegration" name="test_validate_then_build_workflow" time="0.002" /><testcase classname="test_asset_pack_tools.TestPackIntegration" name="test_asset_and_pack_workflow" time="0.002" /></testsuite></testsuites>